37.0 APEX_CODE,FINEST;APEX_PROFILING,INFO;CALLOUT,INFO;DB,INFO;SYSTEM,DEBUG;VALIDATION,INFO;VISUALFORCE,INFO;WORKFLOW,INFO
17:37:19.0 (452836)|USER_INFO|[EXTERNAL]|00541000000Hq4o|gameize@jr.te|Eastern Standard Time|GMT-04:00
17:37:19.0 (979803)|HEAP_ALLOCATE|[72]|Bytes:3
17:37:19.0 (1061449)|HEAP_ALLOCATE|[77]|Bytes:152
17:37:19.0 (1091475)|HEAP_ALLOCATE|[342]|Bytes:408
17:37:19.0 (1119524)|HEAP_ALLOCATE|[355]|Bytes:408
17:37:19.0 (1146481)|HEAP_ALLOCATE|[467]|Bytes:48
17:37:19.2 (2500906)|USER_INFO|[EXTERNAL]|00541000000Hq4o|gameize@jr.te|Eastern Standard Time|GMT-04:00
17:37:19.2 (2753054)|STATEMENT_EXECUTE|[1]
17:37:19.2 (2768304)|METHOD_EXIT|[1]|ETLC_ApexBridge_Controller
17:37:19.2 (2776161)|HEAP_ALLOCATE|[EXTERNAL]|Bytes:86
17:37:19.2 (2793524)|SYSTEM_MODE_ENTER|false
17:37:19.2 (2823016)|VARIABLE_SCOPE_BEGIN|[3]|dataJson|String|false|false
17:37:19.2 (2872948)|VARIABLE_ASSIGNMENT|[3]|dataJson|"{\"operation\":\"Gameiz (66 more) ..."
17:37:19.2 (2891231)|STATEMENT_EXECUTE|[3]
17:37:19.2 (2893625)|STATEMENT_EXECUTE|[4]
17:37:19.2 (55033994)|VARIABLE_SCOPE_BEGIN|[4]|data|gameize.ETLC_ApexBridge_Data|true|false
17:37:19.2 (55067536)|VARIABLE_ASSIGNMENT|[4]|data|null|
17:37:19.2 (55073016)|STATEMENT_EXECUTE|[5]
17:37:19.2 (55074836)|STATEMENT_EXECUTE|[5]
17:37:19.2 (55075894)|STATEMENT_EXECUTE|[6]
17:37:19.2 (55134542)|HEAP_ALLOCATE|[6]|Bytes:11
17:37:19.2 (55153605)|HEAP_ALLOCATE|[6]|Bytes:248
17:37:19.2 (55158433)|HEAP_ALLOCATE|[6]|Bytes:39
17:37:19.2 (55234241)|METHOD_ENTRY|[2]|01p41000000CNQH|ETLC_ApexBridge_Data.ETLC_ApexBridge_Data()
17:37:19.2 (55244175)|STATEMENT_EXECUTE|[2]
17:37:19.2 (55255704)|STATEMENT_EXECUTE|[2]
17:37:19.2 (55275092)|METHOD_EXIT|[2]|ETLC_ApexBridge_Data
17:37:19.2 (55327736)|METHOD_ENTRY|[6]|01p41000000CNQH|gameize.ETLC_ApexBridge_Data.fromJSON(String)
17:37:19.2 (55388451)|VARIABLE_SCOPE_BEGIN|[60]|strJson|String|false|false
17:37:19.2 (55408895)|VARIABLE_ASSIGNMENT|[60]|strJson|"{\"operation\":\"Gameiz (66 more) ..."
17:37:19.2 (55416612)|STATEMENT_EXECUTE|[60]
17:37:19.2 (55417919)|STATEMENT_EXECUTE|[61]
17:37:19.2 (55428780)|HEAP_ALLOCATE|[61]|Bytes:28
17:37:19.2 (55465854)|HEAP_ALLOCATE|[50]|Bytes:5
17:37:19.2 (55518975)|HEAP_ALLOCATE|[56]|Bytes:5
17:37:19.2 (55531042)|HEAP_ALLOCATE|[64]|Bytes:7
17:37:19.2 (55704014)|HEAP_ALLOCATE|[61]|Bytes:24
17:37:19.2 (55721738)|SYSTEM_METHOD_ENTRY|[1]|Type.Type()
17:37:19.2 (55725533)|STATEMENT_EXECUTE|[1]
17:37:19.2 (55744617)|SYSTEM_METHOD_EXIT|[1]|Type
17:37:19.2 (55756173)|HEAP_ALLOCATE|[61]|Bytes:8
17:37:19.2 (55791198)|HEAP_ALLOCATE|[61]|Bytes:8
17:37:19.2 (55804370)|VARIABLE_SCOPE_BEGIN|[4]|this|System.Type|true|false
17:37:19.2 (55856926)|VARIABLE_ASSIGNMENT|[4]|this|{}|0x5d2dedd
17:37:19.2 (55878877)|VARIABLE_SCOPE_BEGIN|[4]|apextype|java:common.apex.runtime.ApexObjectType|true|false
17:37:19.2 (56059319)|VARIABLE_ASSIGNMENT|[4]|apextype|"gameize.ETLC_ApexBridge_Data"|0x5cc6ff95
17:37:19.2 (56138392)|HEAP_ALLOCATE|[61]|Bytes:8
17:37:19.2 (56206126)|HEAP_ALLOCATE|[61]|Bytes:24
17:37:19.2 (56222525)|SYSTEM_METHOD_ENTRY|[1]|JSON.JSON()
17:37:19.2 (56226120)|STATEMENT_EXECUTE|[1]
17:37:19.2 (56234688)|SYSTEM_METHOD_EXIT|[1]|JSON
17:37:19.2 (56247162)|METHOD_ENTRY|[61]||System.JSON.deserializeStrict(String, System.Type)
17:37:19.2 (57231417)|METHOD_EXIT|[61]||System.JSON.deserializeStrict(String, System.Type)
17:37:19.2 (57552273)|METHOD_EXIT|[6]|01p41000000CNQH|gameize.ETLC_ApexBridge_Data.fromJSON(String)
17:37:19.2 (57645420)|VARIABLE_ASSIGNMENT|[6]|data|{"debug":false,"input":"{\"mode\":\"fetchGameDa (4 more) ...","operation":"GameizeController"}|0x68870138
17:37:19.2 (57651911)|STATEMENT_EXECUTE|[7]
17:37:19.2 (57741488)|VARIABLE_ASSIGNMENT|[EXTERNAL]|this|{"debug":false,"input":"{\"mode\":\"fetchGameDa (4 more) ...","operation":"GameizeController"}|0x68870138
17:37:19.2 (57765263)|METHOD_ENTRY|[7]||System.Type.forName(String)
17:37:19.2 (140123101)|METHOD_EXIT|[7]||System.Type.forName(String)
17:37:19.2 (140152373)|METHOD_ENTRY|[7]||System.Type.newInstance()
17:37:19.2 (148597662)|STATEMENT_EXECUTE|[1]
17:37:19.2 (148614027)|HEAP_ALLOCATE|[33]|Bytes:5
17:37:19.2 (148635771)|METHOD_EXIT|[1]|GameizeController
17:37:19.2 (148657983)|HEAP_ALLOCATE|[33]|Bytes:4
17:37:19.2 (148676528)|VARIABLE_SCOPE_BEGIN|[1]|this|gameize.GameizeController|true|false
17:37:19.2 (148712096)|VARIABLE_ASSIGNMENT|[1]|this|{}|0xb4aa1cd
17:37:19.2 (148720304)|HEAP_ALLOCATE|[33]|Bytes:5
17:37:19.2 (148728807)|HEAP_ALLOCATE|[33]|Bytes:11
17:37:19.2 (148758410)|METHOD_ENTRY|[1]|01p41000000CNQC|ETLC_ApexBridge_Abstract.ETLC_ApexBridge_Abstract()
17:37:19.2 (148762969)|STATEMENT_EXECUTE|[1]
17:37:19.2 (148767771)|STATEMENT_EXECUTE|[1]
17:37:19.2 (148774289)|METHOD_EXIT|[1]|ETLC_ApexBridge_Abstract
17:37:19.2 (148800748)|CONSTRUCTOR_ENTRY|[EXTERNAL]|01p41000000CNQC|<init>()
17:37:19.2 (148836179)|VARIABLE_SCOPE_BEGIN|[1]|this|gameize.ETLC_ApexBridge_Abstract|true|false
17:37:19.2 (148859774)|VARIABLE_ASSIGNMENT|[1]|this|{}|0xb4aa1cd
17:37:19.2 (148882810)|STATEMENT_EXECUTE|[1]
17:37:19.2 (148897124)|CONSTRUCTOR_EXIT|[EXTERNAL]|01p41000000CNQC|<init>()
17:37:19.2 (148906773)|STATEMENT_EXECUTE|[1]
17:37:19.2 (148913636)|HEAP_ALLOCATE|[33]|Bytes:5
17:37:19.2 (148944079)|METHOD_EXIT|[7]||System.Type.newInstance()
17:37:19.2 (148961675)|VARIABLE_SCOPE_BEGIN|[7]|executor|gameize.ETLC_ApexBridge_Abstract|true|false
17:37:19.2 (148992223)|VARIABLE_ASSIGNMENT|[7]|executor|{}|0xb4aa1cd
17:37:19.2 (148997528)|STATEMENT_EXECUTE|[8]
17:37:19.2 (149068237)|METHOD_ENTRY|[8]|01p41000000CQtU|gameize.GameizeController.process(gameize.ETLC_ApexBridge_Data)
17:37:19.2 (149870182)|VARIABLE_SCOPE_BEGIN|[3]|this|gameize.GameizeController|true|false
17:37:19.2 (149890163)|VARIABLE_ASSIGNMENT|[3]|this|{}|0xb4aa1cd
17:37:19.2 (149895499)|VARIABLE_SCOPE_BEGIN|[3]|data|gameize.ETLC_ApexBridge_Data|true|false
17:37:19.2 (149936456)|VARIABLE_ASSIGNMENT|[3]|data|{"debug":false,"input":"{\"mode\":\"fetchGameDa (4 more) ...","operation":"GameizeController"}|0x68870138
17:37:19.2 (149946759)|HEAP_ALLOCATE|[4]|Bytes:5
17:37:19.2 (149951778)|STATEMENT_EXECUTE|[3]
17:37:19.2 (149953276)|STATEMENT_EXECUTE|[4]
17:37:19.2 (149998592)|VARIABLE_ASSIGNMENT|[4]|GameizeController.apexBridgedata|{"debug":false,"input":"{\"mode\":\"fetchGameDa (4 more) ...","operation":"GameizeController"}|0x68870138
17:37:19.2 (150090723)|VARIABLE_ASSIGNMENT|[EXTERNAL]|this|{"debug":false,"input":"{\"mode\":\"fetchGameDa (4 more) ...","operation":"GameizeController"}|0x68870138
17:37:19.2 (150109762)|STATEMENT_EXECUTE|[5]
17:37:19.2 (150117157)|STATEMENT_EXECUTE|[7]
17:37:19.2 (150122595)|HEAP_ALLOCATE|[7]|Bytes:4
17:37:19.2 (150153233)|METHOD_ENTRY|[7]|01p41000000CNQH|gameize.ETLC_ApexBridge_Data.getInputValue(String)
17:37:19.2 (150182290)|VARIABLE_SCOPE_BEGIN|[52]|this|gameize.ETLC_ApexBridge_Data|true|false
17:37:19.2 (150210791)|VARIABLE_ASSIGNMENT|[52]|this|{"debug":false,"input":"{\"mode\":\"fetchGameDa (4 more) ...","operation":"GameizeController"}|0x68870138
17:37:19.2 (150217467)|VARIABLE_SCOPE_BEGIN|[52]|key|String|false|false
17:37:19.2 (150221616)|VARIABLE_ASSIGNMENT|[52]|key|"mode"
17:37:19.2 (150226112)|STATEMENT_EXECUTE|[52]
17:37:19.2 (150227473)|STATEMENT_EXECUTE|[53]
17:37:19.2 (150287273)|VARIABLE_ASSIGNMENT|[EXTERNAL]|this|{"debug":false,"input":"{\"mode\":\"fetchGameDa (4 more) ...","operation":"GameizeController"}|0x68870138
17:37:19.2 (150309038)|METHOD_ENTRY|[53]||System.JSON.deserializeUntyped(String)
17:37:19.2 (150631477)|METHOD_EXIT|[53]||System.JSON.deserializeUntyped(String)
17:37:19.2 (150644326)|VARIABLE_SCOPE_BEGIN|[53]|inputMap|Map<String,ANY>|true|false
17:37:19.2 (150678053)|VARIABLE_ASSIGNMENT|[53]|inputMap|{"s":1,"v":{"mode":"fetchGameData"}}|0x3ce37336
17:37:19.2 (150682381)|STATEMENT_EXECUTE|[54]
17:37:19.2 (150716524)|ENTERING_MANAGED_PKG|
17:37:19.2 (150754088)|METHOD_EXIT|[7]|01p41000000CNQH|gameize.ETLC_ApexBridge_Data.getInputValue(String)
17:37:19.2 (150764201)|VARIABLE_SCOPE_BEGIN|[7]|mode|String|false|false
17:37:19.2 (150771810)|VARIABLE_ASSIGNMENT|[7]|mode|"fetchGameData"
17:37:19.2 (150777025)|HEAP_ALLOCATE|[8]|Bytes:13
17:37:19.2 (150801203)|HEAP_ALLOCATE|[11]|Bytes:12
17:37:19.2 (150814107)|HEAP_ALLOCATE|[13]|Bytes:13
17:37:19.2 (150830748)|STATEMENT_EXECUTE|[13]
17:37:19.2 (150832816)|STATEMENT_EXECUTE|[14]
17:37:19.2 (150849652)|METHOD_ENTRY|[14]|01p41000000CQtU|gameize.GameizeController.fetchGameData()
17:37:19.2 (150872996)|VARIABLE_SCOPE_BEGIN|[82]|this|gameize.GameizeController|true|false
17:37:19.2 (150888882)|VARIABLE_ASSIGNMENT|[82]|this|{}|0xb4aa1cd
17:37:19.2 (150897487)|HEAP_ALLOCATE|[83]|Bytes:5
17:37:19.2 (150901718)|STATEMENT_EXECUTE|[82]
17:37:19.2 (150902949)|STATEMENT_EXECUTE|[83]
17:37:19.2 (150915199)|VARIABLE_SCOPE_BEGIN|[83]|returnData|String|false|false
17:37:19.2 (150923471)|VARIABLE_ASSIGNMENT|[83]|returnData|null
17:37:19.2 (150925890)|STATEMENT_EXECUTE|[84]
17:37:19.2 (150926942)|STATEMENT_EXECUTE|[84]
17:37:19.2 (150928028)|STATEMENT_EXECUTE|[85]
17:37:19.2 (150933841)|HEAP_ALLOCATE|[85]|Bytes:63
17:37:19.2 (150940072)|HEAP_ALLOCATE|[85]|Bytes:4
17:37:19.2 (151173752)|SOQL_EXECUTE_BEGIN|[85]|Aggregations:0|SELECT Body FROM StaticResource WHERE Name = 'Gameize_GameList'
17:37:19.2 (160355612)|SOQL_EXECUTE_END|[85]|Rows:1
17:37:19.2 (160390006)|HEAP_ALLOCATE|[85]|Bytes:8
17:37:19.2 (160407948)|HEAP_ALLOCATE|[85]|Bytes:536
17:37:19.2 (160520156)|HEAP_ALLOCATE|[85]|Bytes:8
17:37:19.2 (160546445)|VARIABLE_SCOPE_BEGIN|[85]|records|List<StaticResource>|true|false
17:37:19.2 (160598383)|VARIABLE_ASSIGNMENT|[85]|records|{"s":1,"v":[{"s":2,"v":{"Body":BLOB(491 bytes),"Id":"081410000000JmSAAU"}}]}|0x41a66050
17:37:19.2 (160685408)|ENTERING_MANAGED_PKG|
17:37:19.2 (160729201)|STATEMENT_EXECUTE|[86]
17:37:19.2 (160731911)|STATEMENT_EXECUTE|[88]
17:37:19.2 (160770983)|HEAP_ALLOCATE|[88]|Bytes:12
17:37:19.2 (160848600)|ENTERING_MANAGED_PKG|
17:37:19.2 (160925315)|HEAP_ALLOCATE|[88]|Bytes:491
17:37:19.2 (160950622)|VARIABLE_ASSIGNMENT|[88]|returnData|"[{\"id\": 1, \"name\": \" (471 more) ..."
17:37:19.2 (160954712)|STATEMENT_EXECUTE|[89]
17:37:19.2 (160964961)|HEAP_ALLOCATE|[89]|Bytes:12
17:37:19.2 (160979965)|HEAP_ALLOCATE|[89]|Bytes:503
17:37:19.2 (161011994)|ENTERING_MANAGED_PKG|
17:37:19.2 (161048857)|USER_DEBUG|[89]|DEBUG|returnData::[{"id": 1, "name": "Age Counter", "auraid": "agecounter", "cmpname": "AgeCounter", "desc": "Count how long you've lived, in days+hours+minutes."},{"id": 2, "name": "Hangman", "auraid": "hangman", "cmpname": "Hangman", "desc": "Games are a good way to keep your visitors- and yourself- occupied on your site. Here's where this script comes in. It's the great JavaScript reincarnation of the classic Hang Man game. Play against the computer. The vocabulary to be used is configurable. Cool!"}]
17:37:19.2 (161129571)|VARIABLE_ASSIGNMENT|[EXTERNAL]|this|{"debug":false,"input":"{\"mode\":\"fetchGameDa (4 more) ...","operation":"GameizeController"}|0x68870138
17:37:19.2 (161144022)|STATEMENT_EXECUTE|[90]
17:37:19.2 (161152265)|STATEMENT_EXECUTE|[93]
17:37:19.2 (161162614)|METHOD_EXIT|[14]|01p41000000CQtU|gameize.GameizeController.fetchGameData()
17:37:19.2 (161220969)|VARIABLE_ASSIGNMENT|[EXTERNAL]|this|{"debug":false,"input":"{\"mode\":\"fetchGameDa (4 more) ...","operation":"GameizeController"}|0x68870138
17:37:19.2 (161232249)|VARIABLE_ASSIGNMENT|[EXTERNAL]|value|"[{\"id\": 1, \"name\": \" (471 more) ..."
17:37:19.2 (161247575)|VARIABLE_ASSIGNMENT|[12]|this.output|"[{\"id\": 1, \"name\": \" (471 more) ..."|0x68870138
17:37:19.2 (161255658)|STATEMENT_EXECUTE|[15]
17:37:19.2 (161315526)|VARIABLE_ASSIGNMENT|[EXTERNAL]|this|{"debug":false,"input":"{\"mode\":\"fetchGameDa (4 more) ...","operation":"GameizeController","output":"[{\"id\": 1, \"name\": \" (471 more) ..."}|0x68870138
17:37:19.2 (161368307)|VARIABLE_ASSIGNMENT|[EXTERNAL]|this|{"debug":false,"input":"{\"mode\":\"fetchGameDa (4 more) ...","operation":"GameizeController","output":"[{\"id\": 1, \"name\": \" (471 more) ..."}|0x68870138
17:37:19.2 (161379609)|VARIABLE_ASSIGNMENT|[EXTERNAL]|value|true
17:37:19.2 (161384922)|HEAP_ALLOCATE|[15]|Bytes:5
17:37:19.2 (161393072)|VARIABLE_ASSIGNMENT|[15]|this.outputFlag|true|0x68870138
17:37:19.2 (161406799)|METHOD_EXIT|[8]|01p41000000CQtU|gameize.GameizeController.process(gameize.ETLC_ApexBridge_Data)
17:37:19.2 (161411345)|STATEMENT_EXECUTE|[23]
17:37:19.2 (161432580)|METHOD_ENTRY|[23]|01p41000000CNQH|gameize.ETLC_ApexBridge_Data.toJSON()
17:37:19.2 (161455815)|VARIABLE_SCOPE_BEGIN|[57]|this|gameize.ETLC_ApexBridge_Data|true|false
17:37:19.2 (161485448)|VARIABLE_ASSIGNMENT|[57]|this|{"debug":false,"input":"{\"mode\":\"fetchGameDa (4 more) ...","operation":"GameizeController","output":"[{\"id\": 1, \"name\": \" (471 more) ...","outputFlag":true}|0x68870138
17:37:19.2 (161492137)|STATEMENT_EXECUTE|[57]
17:37:19.2 (161493460)|STATEMENT_EXECUTE|[58]
17:37:19.2 (161511288)|METHOD_ENTRY|[58]||System.JSON.serialize(Object)
17:37:19.2 (161648449)|STATEMENT_EXECUTE|[22]
17:37:19.2 (161653641)|STATEMENT_EXECUTE|[23]
17:37:19.2 (161663458)|HEAP_ALLOCATE|[23]|Bytes:5
17:37:19.2 (161672603)|VARIABLE_ASSIGNMENT|[23]|this.isSuccess|true|0x68870138
17:37:19.2 (161675292)|STATEMENT_EXECUTE|[24]
17:37:19.2 (161731551)|STATEMENT_EXECUTE|[31]
17:37:19.2 (161736291)|STATEMENT_EXECUTE|[32]
17:37:19.2 (161746992)|HEAP_ALLOCATE|[32]|Bytes:4
17:37:19.2 (161810893)|VARIABLE_ASSIGNMENT|[32]|this.messages|{"s":1,"v":{}}|0x68870138
17:37:19.2 (161815546)|STATEMENT_EXECUTE|[33]
17:37:19.2 (162237237)|METHOD_EXIT|[58]||System.JSON.serialize(Object)
17:37:19.2 (162244943)|METHOD_EXIT|[23]|01p41000000CNQH|gameize.ETLC_ApexBridge_Data.toJSON()
17:37:19.2 (162256875)|SYSTEM_MODE_EXIT|false
17:37:19.162 (162302638)|CUMULATIVE_LIMIT_USAGE
17:37:19.162 (162302638)|LIMIT_USAGE_FOR_NS|(default)|
  Number of SOQL queries: 0 out of 100
  Number of query rows: 0 out of 50000
  Number of SOSL queries: 0 out of 20
  Number of DML statements: 0 out of 150
  Number of DML rows: 0 out of 10000
  Maximum CPU time: 0 out of 10000
  Maximum heap size: 0 out of 6000000
  Number of callouts: 0 out of 100
  Number of Email Invocations: 0 out of 10
  Number of future calls: 0 out of 50
  Number of queueable jobs added to the queue: 0 out of 50
  Number of Mobile Apex push calls: 0 out of 10

17:37:19.162 (162302638)|LIMIT_USAGE_FOR_NS|gameize|
  Number of SOQL queries: 1 out of 100
  Number of query rows: 1 out of 50000
  Number of SOSL queries: 0 out of 20
  Number of DML statements: 0 out of 150
  Number of DML rows: 0 out of 10000
  Maximum CPU time: 0 out of 10000
  Maximum heap size: 0 out of 6000000
  Number of callouts: 0 out of 100
  Number of Email Invocations: 0 out of 10
  Number of future calls: 0 out of 50
  Number of queueable jobs added to the queue: 0 out of 50
  Number of Mobile Apex push calls: 0 out of 10

17:37:19.162 (162302638)|CUMULATIVE_LIMIT_USAGE_END

17:37:19.2 (162365169)|CODE_UNIT_FINISHED|ETLC_ApexBridge_Controller.execute
17:37:19.0 (162651156)|HEAP_ALLOCATE|[EXTERNAL]|Bytes:86
17:37:19.0 (162670446)|HEAP_ALLOCATE|[EXTERNAL]|Bytes:86
17:37:19.164 (164237286)|USER_INFO|[EXTERNAL]|00541000000Hq4o|gameize@jr.te|Eastern Standard Time|GMT-04:00
17:37:19.164 (164322863)|STATEMENT_EXECUTE|[3]
17:37:19.164 (164325878)|STATEMENT_EXECUTE|[4]
17:37:19.164 (164339337)|VARIABLE_SCOPE_BEGIN|[4]|data|gameize.ETLC_ApexBridge_Data|true|false
17:37:19.164 (164364904)|VARIABLE_ASSIGNMENT|[4]|data|null|
17:37:19.164 (164368307)|STATEMENT_EXECUTE|[5]
17:37:19.164 (164369523)|STATEMENT_EXECUTE|[5]
17:37:19.164 (164370543)|STATEMENT_EXECUTE|[6]
17:37:19.164 (164382374)|METHOD_ENTRY|[6]|01p41000000CNQH|gameize.ETLC_ApexBridge_Data.fromJSON(String)
17:37:19.164 (164388126)|VARIABLE_SCOPE_BEGIN|[60]|strJson|String|false|false
17:37:19.164 (164397265)|VARIABLE_ASSIGNMENT|[60]|strJson|"{\"operation\":\"Gameiz (66 more) ..."
17:37:19.164 (164400993)|STATEMENT_EXECUTE|[60]
17:37:19.164 (164402286)|STATEMENT_EXECUTE|[61]
17:37:19.164 (164459475)|HEAP_ALLOCATE|[61]|Bytes:8
17:37:19.164 (164467590)|HEAP_ALLOCATE|[61]|Bytes:8
17:37:19.164 (164476167)|VARIABLE_SCOPE_BEGIN|[4]|this|System.Type|true|false
17:37:19.164 (164500121)|VARIABLE_ASSIGNMENT|[4]|this|{}|0x37765698
17:37:19.164 (164507006)|VARIABLE_SCOPE_BEGIN|[4]|apextype|java:common.apex.runtime.ApexObjectType|true|false
17:37:19.164 (164619950)|VARIABLE_ASSIGNMENT|[4]|apextype|"gameize.ETLC_ApexBridge_Data"|0x5cc6ff95
17:37:19.164 (164656639)|HEAP_ALLOCATE|[61]|Bytes:8
17:37:19.164 (164668609)|METHOD_ENTRY|[61]||System.JSON.deserializeStrict(String, System.Type)
17:37:19.164 (164907765)|METHOD_EXIT|[61]||System.JSON.deserializeStrict(String, System.Type)
17:37:19.164 (164917140)|METHOD_EXIT|[6]|01p41000000CNQH|gameize.ETLC_ApexBridge_Data.fromJSON(String)
17:37:19.164 (164948751)|VARIABLE_ASSIGNMENT|[6]|data|{"debug":false,"input":"{\"mode\":\"fetchUserDa (4 more) ...","operation":"GameizeController"}|0x7afa9df5
17:37:19.164 (164953591)|STATEMENT_EXECUTE|[7]
17:37:19.164 (164996112)|VARIABLE_ASSIGNMENT|[EXTERNAL]|this|{"debug":false,"input":"{\"mode\":\"fetchUserDa (4 more) ...","operation":"GameizeController"}|0x7afa9df5
17:37:19.164 (165009330)|METHOD_ENTRY|[7]||System.Type.forName(String)
17:37:19.164 (165147525)|METHOD_EXIT|[7]||System.Type.forName(String)
17:37:19.164 (165155681)|METHOD_ENTRY|[7]||System.Type.newInstance()
17:37:19.164 (165206663)|HEAP_ALLOCATE|[33]|Bytes:5
17:37:19.164 (165220650)|CONSTRUCTOR_ENTRY|[EXTERNAL]|01p41000000CNQC|<init>()
17:37:19.164 (165226558)|VARIABLE_SCOPE_BEGIN|[1]|this|gameize.ETLC_ApexBridge_Abstract|true|false
17:37:19.164 (165242575)|VARIABLE_ASSIGNMENT|[1]|this|{}|0x6b50b887
17:37:19.164 (165254488)|STATEMENT_EXECUTE|[1]
17:37:19.164 (165261928)|CONSTRUCTOR_EXIT|[EXTERNAL]|01p41000000CNQC|<init>()
17:37:19.164 (165267256)|STATEMENT_EXECUTE|[1]
17:37:19.164 (165271564)|HEAP_ALLOCATE|[33]|Bytes:5
17:37:19.164 (165288123)|METHOD_EXIT|[7]||System.Type.newInstance()
17:37:19.164 (165298669)|VARIABLE_SCOPE_BEGIN|[7]|executor|gameize.ETLC_ApexBridge_Abstract|true|false
17:37:19.164 (165313261)|VARIABLE_ASSIGNMENT|[7]|executor|{}|0x6b50b887
17:37:19.164 (165316012)|STATEMENT_EXECUTE|[8]
17:37:19.164 (165328759)|METHOD_ENTRY|[8]|01p41000000CQtU|gameize.GameizeController.process(gameize.ETLC_ApexBridge_Data)
17:37:19.164 (165333733)|VARIABLE_SCOPE_BEGIN|[3]|this|gameize.GameizeController|true|false
17:37:19.164 (165344850)|VARIABLE_ASSIGNMENT|[3]|this|{}|0x6b50b887
17:37:19.164 (165347864)|VARIABLE_SCOPE_BEGIN|[3]|data|gameize.ETLC_ApexBridge_Data|true|false
17:37:19.164 (165370458)|VARIABLE_ASSIGNMENT|[3]|data|{"debug":false,"input":"{\"mode\":\"fetchUserDa (4 more) ...","operation":"GameizeController"}|0x7afa9df5
17:37:19.164 (165378719)|HEAP_ALLOCATE|[4]|Bytes:5
17:37:19.164 (165382978)|STATEMENT_EXECUTE|[3]
17:37:19.164 (165384171)|STATEMENT_EXECUTE|[4]
17:37:19.164 (165418316)|VARIABLE_ASSIGNMENT|[4]|GameizeController.apexBridgedata|{"debug":false,"input":"{\"mode\":\"fetchUserDa (4 more) ...","operation":"GameizeController"}|0x7afa9df5
17:37:19.164 (165447064)|VARIABLE_ASSIGNMENT|[EXTERNAL]|this|{"debug":false,"input":"{\"mode\":\"fetchUserDa (4 more) ...","operation":"GameizeController"}|0x7afa9df5
17:37:19.164 (165456740)|STATEMENT_EXECUTE|[5]
17:37:19.164 (165462336)|STATEMENT_EXECUTE|[7]
17:37:19.164 (165470157)|METHOD_ENTRY|[7]|01p41000000CNQH|gameize.ETLC_ApexBridge_Data.getInputValue(String)
17:37:19.164 (165474792)|VARIABLE_SCOPE_BEGIN|[52]|this|gameize.ETLC_ApexBridge_Data|true|false
17:37:19.164 (165497496)|VARIABLE_ASSIGNMENT|[52]|this|{"debug":false,"input":"{\"mode\":\"fetchUserDa (4 more) ...","operation":"GameizeController"}|0x7afa9df5
17:37:19.164 (165501542)|VARIABLE_SCOPE_BEGIN|[52]|key|String|false|false
17:37:19.164 (165505061)|VARIABLE_ASSIGNMENT|[52]|key|"mode"
17:37:19.164 (165508796)|STATEMENT_EXECUTE|[52]
17:37:19.164 (165510082)|STATEMENT_EXECUTE|[53]
17:37:19.164 (165541427)|VARIABLE_ASSIGNMENT|[EXTERNAL]|this|{"debug":false,"input":"{\"mode\":\"fetchUserDa (4 more) ...","operation":"GameizeController"}|0x7afa9df5
17:37:19.164 (165552808)|METHOD_ENTRY|[53]||System.JSON.deserializeUntyped(String)
17:37:19.164 (165709194)|METHOD_EXIT|[53]||System.JSON.deserializeUntyped(String)
17:37:19.164 (165721558)|VARIABLE_SCOPE_BEGIN|[53]|inputMap|Map<String,ANY>|true|false
17:37:19.164 (165745469)|VARIABLE_ASSIGNMENT|[53]|inputMap|{"s":1,"v":{"mode":"fetchUserData"}}|0x92dbbba
17:37:19.164 (165749418)|STATEMENT_EXECUTE|[54]
17:37:19.164 (165774785)|ENTERING_MANAGED_PKG|
17:37:19.164 (165796279)|METHOD_EXIT|[7]|01p41000000CNQH|gameize.ETLC_ApexBridge_Data.getInputValue(String)
17:37:19.164 (165810400)|VARIABLE_SCOPE_BEGIN|[7]|mode|String|false|false
17:37:19.164 (165823480)|VARIABLE_ASSIGNMENT|[7]|mode|"fetchUserData"
17:37:19.164 (165854416)|STATEMENT_EXECUTE|[8]
17:37:19.164 (165856985)|STATEMENT_EXECUTE|[9]
17:37:19.164 (165935442)|HEAP_ALLOCATE|[9]|Bytes:85
17:37:19.164 (165965719)|SYSTEM_METHOD_ENTRY|[1]|UserInfo.UserInfo()
17:37:19.164 (165977566)|STATEMENT_EXECUTE|[1]
17:37:19.164 (165997321)|SYSTEM_METHOD_EXIT|[1]|UserInfo
17:37:19.164 (166018155)|METHOD_ENTRY|[9]||System.UserInfo.getUserId()
17:37:19.164 (166080245)|METHOD_EXIT|[9]||System.UserInfo.getUserId()
17:37:19.164 (166104922)|HEAP_ALLOCATE|[9]|Bytes:4
17:37:19.164 (166133915)|METHOD_ENTRY|[9]|01p41000000CQtU|gameize.GameizeController.fetchUserData(Id)
17:37:19.164 (166147214)|VARIABLE_SCOPE_BEGIN|[21]|this|gameize.GameizeController|true|false
17:37:19.164 (166168759)|VARIABLE_ASSIGNMENT|[21]|this|{}|0x6b50b887
17:37:19.164 (166176646)|VARIABLE_SCOPE_BEGIN|[21]|userId|Id|false|false
17:37:19.164 (166255022)|VARIABLE_ASSIGNMENT|[21]|userId|"00541000000Hq4oAAC"
17:37:19.164 (166268289)|HEAP_ALLOCATE|[22]|Bytes:5
17:37:19.164 (166274828)|STATEMENT_EXECUTE|[21]
17:37:19.164 (166276736)|STATEMENT_EXECUTE|[22]
17:37:19.164 (166295243)|VARIABLE_SCOPE_BEGIN|[22]|returnData|String|false|false
17:37:19.164 (166306605)|VARIABLE_ASSIGNMENT|[22]|returnData|null
17:37:19.164 (166310078)|STATEMENT_EXECUTE|[23]
17:37:19.164 (166311585)|STATEMENT_EXECUTE|[23]
17:37:19.164 (166313083)|STATEMENT_EXECUTE|[24]
17:37:19.164 (166323376)|HEAP_ALLOCATE|[24]|Bytes:109
17:37:19.164 (166331688)|HEAP_ALLOCATE|[24]|Bytes:4
17:37:19.164 (166340869)|HEAP_ALLOCATE|[24]|Bytes:7
17:37:19.164 (166721792)|SOQL_EXECUTE_BEGIN|[24]|Aggregations:0|SELECT ID, gameize__dataFavorite__c, gameize__dataHistory__c FROM Gameize__c WHERE User__c = :tmpVar1 LIMIT 1
17:37:19.164 (174918812)|SOQL_EXECUTE_END|[24]|Rows:1
17:37:19.164 (174956079)|HEAP_ALLOCATE|[24]|Bytes:8
17:37:19.164 (174970064)|HEAP_ALLOCATE|[24]|Bytes:1347
17:37:19.164 (175082409)|HEAP_ALLOCATE|[24]|Bytes:8
17:37:19.164 (175108774)|VARIABLE_SCOPE_BEGIN|[24]|records|List<gameize__Gameize__c>|true|false
17:37:19.164 (175158220)|VARIABLE_ASSIGNMENT|[24]|records|{"s":1,"v":[{"s":2,"v":{"Id":"a0041000000j7nTAAQ","gameize__dataFavorit (4 more) ...":"[{\"name\":\"Hangman\",\" (27 more) ...","gameize__dataHistory (3 more) ...":"[{\"name\":\"Hangman\",\" (1192 more) ..."}}]}|0x417b68da
17:37:19.164 (175242134)|ENTERING_MANAGED_PKG|
17:37:19.164 (175285662)|STATEMENT_EXECUTE|[25]
17:37:19.164 (175288206)|STATEMENT_EXECUTE|[27]
17:37:19.164 (190796035)|HEAP_ALLOCATE|[27]|Bytes:9
17:37:19.164 (190810313)|HEAP_ALLOCATE|[27]|Bytes:29
17:37:19.164 (190814490)|HEAP_ALLOCATE|[27]|Bytes:21
17:37:19.164 (190866171)|METHOD_ENTRY|[7]|01p41000000CNQM|ETLC_SecuredDB.ETLC_SecuredDB()
17:37:19.164 (190873862)|STATEMENT_EXECUTE|[7]
17:37:19.164 (190882379)|STATEMENT_EXECUTE|[7]
17:37:19.164 (190893375)|HEAP_ALLOCATE|[27]|Bytes:5
17:37:19.164 (190911541)|METHOD_EXIT|[7]|ETLC_SecuredDB
17:37:19.164 (190955959)|METHOD_ENTRY|[27]|01p41000000CNQM|gameize.ETLC_SecuredDB.validateQuery(List<SObject>)
17:37:19.164 (191007296)|VARIABLE_SCOPE_BEGIN|[28]|dbRecords|List<SObject>|true|false
17:37:19.164 (191052287)|VARIABLE_ASSIGNMENT|[28]|dbRecords|{"s":1,"v":[{"s":2,"v":{"Id":"a0041000000j7nTAAQ","gameize__dataFavorit (4 more) ...":"[{\"name\":\"Hangman\",\" (27 more) ...","gameize__dataHistory (3 more) ...":"[{\"name\":\"Hangman\",\" (1192 more) ..."}}]}|0x417b68da
17:37:19.164 (191064039)|HEAP_ALLOCATE|[29]|Bytes:5
17:37:19.164 (191069767)|STATEMENT_EXECUTE|[28]
17:37:19.164 (191071022)|STATEMENT_EXECUTE|[29]
17:37:19.164 (191369052)|HEAP_ALLOCATE|[29]|Bytes:12
17:37:19.164 (191378805)|HEAP_ALLOCATE|[29]|Bytes:8
17:37:19.164 (191470962)|HEAP_ALLOCATE|[29]|Bytes:12
17:37:19.164 (191477457)|HEAP_ALLOCATE|[29]|Bytes:9
17:37:19.164 (191492134)|HEAP_ALLOCATE|[29]|Bytes:12
17:37:19.164 (191495329)|HEAP_ALLOCATE|[29]|Bytes:8
17:37:19.164 (191505456)|HEAP_ALLOCATE|[29]|Bytes:12
17:37:19.164 (191509202)|HEAP_ALLOCATE|[29]|Bytes:8
17:37:19.164 (191521362)|HEAP_ALLOCATE|[29]|Bytes:12
17:37:19.164 (191524425)|HEAP_ALLOCATE|[29]|Bytes:9
17:37:19.164 (191557025)|METHOD_ENTRY|[29]|01p41000000CNQM|gameize.ETLC_SecuredDB.findFields(List<SObject>)
17:37:19.164 (191625914)|VARIABLE_SCOPE_BEGIN|[108]|dbRecords|List<SObject>|true|false
17:37:19.164 (191652969)|VARIABLE_ASSIGNMENT|[108]|dbRecords|{"s":1,"v":[{"s":2,"v":{"Id":"a0041000000j7nTAAQ","gameize__dataFavorit (4 more) ...":"[{\"name\":\"Hangman\",\" (27 more) ...","gameize__dataHistory (3 more) ...":"[{\"name\":\"Hangman\",\" (1192 more) ..."}}]}|0x417b68da
17:37:19.164 (191663264)|HEAP_ALLOCATE|[109]|Bytes:5
17:37:19.164 (191667881)|STATEMENT_EXECUTE|[108]
17:37:19.164 (191669226)|STATEMENT_EXECUTE|[109]
17:37:19.164 (191685366)|VARIABLE_SCOPE_BEGIN|[109]|strJSON|String|false|false
17:37:19.164 (191694301)|VARIABLE_ASSIGNMENT|[109]|strJSON|null
17:37:19.164 (191696521)|STATEMENT_EXECUTE|[110]
17:37:19.164 (191704316)|VARIABLE_SCOPE_BEGIN|[110]|mapFields|Map<String,Set<String>>|true|false
17:37:19.164 (191709618)|VARIABLE_ASSIGNMENT|[110]|mapFields|null|
17:37:19.164 (191711886)|STATEMENT_EXECUTE|[112]
17:37:19.164 (191724633)|METHOD_ENTRY|[112]||System.JSON.serialize(Object)
17:37:19.164 (192270175)|METHOD_EXIT|[112]||System.JSON.serialize(Object)
17:37:19.164 (192286787)|VARIABLE_ASSIGNMENT|[112]|strJSON|"[{\"attributes\":{\"typ (1598 more) ..."
17:37:19.164 (192290538)|STATEMENT_EXECUTE|[113]
17:37:19.164 (192299838)|HEAP_ALLOCATE|[113]|Bytes:5
17:37:19.164 (192314825)|HEAP_ALLOCATE|[113]|Bytes:1623
17:37:19.164 (192342820)|ENTERING_MANAGED_PKG|
17:37:19.164 (192379397)|USER_DEBUG|[113]|DEBUG|JSON:[{"attributes":{"type":"gameize__Gameize__c","url":"/services/data/v37.0/sobjects/gameize__Gameize__c/a0041000000j7nTAAQ"},"Id":"a0041000000j7nTAAQ","gameize__dataFavorite__c":"[{\"name\":\"Hangman\",\"cmpname\":\"Hangman\",\"id\":2}]","gameize__dataHistory__c":"[{\"name\":\"Hangman\",\"cmpname\":\"Hangman\",\"datePlayed\":\"Mon Aug 08 2016 15:45:16 GMT-0400 (Eastern Daylight Time)\",\"id\":2},{\"name\":\"Hangman\",\"cmpname\":\"Hangman\",\"datePlayed\":\"Mon Aug 08 2016 15:45:23 GMT-0400 (Eastern Daylight Time)\",\"id\":2},{\"name\":\"Age Counter\",\"cmpname\":\"AgeCounter\",\"datePlayed\":\"Mon Aug 08 2016 15:45:26 GMT-0400 (Eastern Daylight Time)\",\"id\":1},{\"name\":\"Hangman\",\"cmpname\":\"Hangman\",\"datePlayed\":\"Mon Aug 08 2016 15:45:31 GMT-0400 (Eastern Daylight Time)\",\"id\":2},{\"name\":\"Age Counter\",\"cmpname\":\"AgeCounter\",\"datePlayed\":\"Mon Aug 08 2016 15:48:19 GMT-0400 (Eastern Daylight Time)\",\"id\":1},{\"name\":\"Hangman\",\"cmpname\":\"Hangman\",\"datePlayed\":\"Mon Aug 08 2016 15:48:22 GMT-0400 (Eastern Daylight Time)\",\"id\":2},{\"name\":\"Hangman\",\"cmpname\":\"Hangman\",\"datePlayed\":\"Mon Aug 08 2016 15:48:28 GMT-0400 (Eastern Daylight Time)\",\"id\":2},{\"name\":\"Hangman\",\"cmpname\":\"Hangman\",\"datePlayed\":\"Mon Aug 08 2016 15:48:31 GMT-0400 (Eastern Daylight Time)\",\"id\":2},{\"name\":\"Age Counter\",\"cmpname\":\"AgeCounter\",\"datePlayed\":\"Mon Aug 08 2016 15:48:34 GMT-0400 (Eastern Daylight Time)\",\"id\":1},{\"name\":\"Hangman\",\"cmpname\":\"Hangman\",\"datePlayed\":\"Mon Aug 08 2016 15:48:42 GMT-0400 (Eastern Daylight Time)\",\"id\":2}]"}]
17:37:19.164 (192397972)|STATEMENT_EXECUTE|[114]
17:37:19.164 (192410900)|HEAP_ALLOCATE|[114]|Bytes:4
17:37:19.164 (192447696)|VARIABLE_ASSIGNMENT|[114]|mapFields|{"s":1,"v":{}}|0x6f2a4759
17:37:19.164 (192451499)|STATEMENT_EXECUTE|[115]
17:37:19.164 (192464154)|METHOD_ENTRY|[115]||System.JSON.deserializeUntyped(String)
17:37:19.164 (193011800)|METHOD_EXIT|[115]||System.JSON.deserializeUntyped(String)
17:37:19.164 (193026985)|VARIABLE_SCOPE_BEGIN|[115]|records|List<ANY>|true|false
17:37:19.164 (193059948)|HEAP_ALLOCATE|[EXTERNAL]|Bytes:8
17:37:19.164 (193091953)|VARIABLE_ASSIGNMENT|[115]|records|{"s":1,"v":[{"s":2,"v":{"attributes":{"s":3,"v":{"type":"gameize__Gameize__c","url":"/services/data/v37.0 (48 more) ..."}},"Id":"a0041000000j7nTAAQ","gameize__dataFavorit (4 more) ...":"[{\"name\":\"Hangman\",\" (27 more) ...","gameize__dataHistory (3 more) ...":"[{\"name\":\"Hangman\",\" (1192 more) ..."}}]}|0x2272b069
17:37:19.164 (193118861)|ENTERING_MANAGED_PKG|
17:37:19.164 (193161131)|HEAP_ALLOCATE|[116]|Bytes:5
17:37:19.164 (193180126)|HEAP_ALLOCATE|[116]|Bytes:20
17:37:19.164 (193194631)|VARIABLE_SCOPE_BEGIN|[116]|record|Object|false|false
17:37:19.164 (193228564)|VARIABLE_ASSIGNMENT|[116]|record|{"s":1,"v":{"attributes":{"s":2,"v":{"type":"gameize__Gameize__c","url":"/services/data/v37.0 (48 more) ..."}},"Id":"a0041000000j7nTAAQ","gameize__dataFavorit (4 more) ...":"[{\"name\":\"Hangman\",\" (27 more) ...","gameize__dataHistory (3 more) ...":"[{\"name\":\"Hangman\",\" (1192 more) ..."}}
17:37:19.164 (193234280)|STATEMENT_EXECUTE|[116]
17:37:19.164 (193235609)|STATEMENT_EXECUTE|[117]
17:37:19.164 (193260527)|METHOD_ENTRY|[117]|01p41000000CNQM|gameize.ETLC_SecuredDB.findFieldsRecursive(Map<String,Set<String>>, Map<String,ANY>)
17:37:19.164 (193289738)|VARIABLE_SCOPE_BEGIN|[124]|mapFields|Map<String,Set<String>>|true|false
17:37:19.164 (193306867)|VARIABLE_ASSIGNMENT|[124]|mapFields|{"s":1,"v":{}}|0x6f2a4759
17:37:19.164 (193311716)|VARIABLE_SCOPE_BEGIN|[124]|record|Map<String,ANY>|true|false
17:37:19.164 (193334558)|VARIABLE_ASSIGNMENT|[124]|record|{"s":1,"v":{"attributes":{"s":2,"v":{"type":"gameize__Gameize__c","url":"/services/data/v37.0 (48 more) ..."}},"Id":"a0041000000j7nTAAQ","gameize__dataFavorit (4 more) ...":"[{\"name\":\"Hangman\",\" (27 more) ...","gameize__dataHistory (3 more) ...":"[{\"name\":\"Hangman\",\" (1192 more) ..."}}|0x12a4b03a
17:37:19.164 (193344678)|HEAP_ALLOCATE|[125]|Bytes:5
17:37:19.164 (193348798)|STATEMENT_EXECUTE|[124]
17:37:19.164 (193349927)|STATEMENT_EXECUTE|[125]
17:37:19.164 (193357417)|HEAP_ALLOCATE|[125]|Bytes:10
17:37:19.164 (193365966)|VARIABLE_SCOPE_BEGIN|[125]|strAttributes|String|false|false
17:37:19.164 (193372419)|VARIABLE_ASSIGNMENT|[125]|strAttributes|"attributes"
17:37:19.164 (193374440)|STATEMENT_EXECUTE|[126]
17:37:19.164 (193379544)|HEAP_ALLOCATE|[126]|Bytes:7
17:37:19.164 (193385187)|VARIABLE_SCOPE_BEGIN|[126]|strRecord|String|false|false
17:37:19.164 (193390055)|VARIABLE_ASSIGNMENT|[126]|strRecord|"records"
17:37:19.164 (193409839)|ENTERING_MANAGED_PKG|
17:37:19.164 (193445144)|STATEMENT_EXECUTE|[127]
17:37:19.164 (193447250)|STATEMENT_EXECUTE|[128]
17:37:19.164 (193466328)|ENTERING_MANAGED_PKG|
17:37:19.164 (193506359)|VARIABLE_SCOPE_BEGIN|[128]|attributes|Map<String,ANY>|true|false
17:37:19.164 (193528267)|VARIABLE_ASSIGNMENT|[128]|attributes|{"s":1,"v":{"type":"gameize__Gameize__c","url":"/services/data/v37.0 (48 more) ..."}}|0x1811b787
17:37:19.164 (193532567)|STATEMENT_EXECUTE|[129]
17:37:19.164 (193540666)|HEAP_ALLOCATE|[129]|Bytes:4
17:37:19.164 (193559553)|ENTERING_MANAGED_PKG|
17:37:19.164 (193595353)|VARIABLE_SCOPE_BEGIN|[129]|objectName|String|false|false
17:37:19.164 (193603351)|VARIABLE_ASSIGNMENT|[129]|objectName|"gameize__Gameize__c"
17:37:19.164 (193612315)|HEAP_ALLOCATE|[130]|Bytes:4
17:37:19.164 (193637266)|ENTERING_MANAGED_PKG|
17:37:19.164 (193677353)|ENTERING_MANAGED_PKG|
17:37:19.164 (193714494)|HEAP_ALLOCATE|[130]|Bytes:79
17:37:19.164 (193735353)|ENTERING_MANAGED_PKG|
17:37:19.164 (193741616)|HEAP_ALLOCATE|[130]|Bytes:16
17:37:19.164 (193754132)|ENTERING_MANAGED_PKG|
17:37:19.164 (193772375)|HEAP_ALLOCATE|[130]|Bytes:5
17:37:19.164 (193790372)|VARIABLE_SCOPE_BEGIN|[130]|fieldName|String|false|false
17:37:19.164 (193797558)|VARIABLE_ASSIGNMENT|[130]|fieldName|"attributes"
17:37:19.164 (193800561)|STATEMENT_EXECUTE|[130]
17:37:19.164 (193801603)|STATEMENT_EXECUTE|[131]
17:37:19.164 (193822603)|ENTERING_MANAGED_PKG|
17:37:19.164 (193870035)|VARIABLE_SCOPE_BEGIN|[131]|field|Object|false|false
17:37:19.164 (193893945)|VARIABLE_ASSIGNMENT|[131]|field|{"s":1,"v":{"type":"gameize__Gameize__c","url":"/services/data/v37.0 (48 more) ..."}}
17:37:19.164 (193921568)|STATEMENT_EXECUTE|[132]
17:37:19.164 (193938258)|HEAP_ALLOCATE|[130]|Bytes:5
17:37:19.164 (193954733)|VARIABLE_SCOPE_BEGIN|[130]|fieldName|String|false|false
17:37:19.164 (193961754)|VARIABLE_ASSIGNMENT|[130]|fieldName|"Id"
17:37:19.164 (193964498)|STATEMENT_EXECUTE|[130]
17:37:19.164 (193965599)|STATEMENT_EXECUTE|[131]
17:37:19.164 (193989010)|ENTERING_MANAGED_PKG|
17:37:19.164 (194006368)|VARIABLE_SCOPE_BEGIN|[131]|field|Object|false|false
17:37:19.164 (194017758)|VARIABLE_ASSIGNMENT|[131]|field|"a0041000000j7nTAAQ"
17:37:19.164 (194029223)|HEAP_ALLOCATE|[134]|Bytes:68
17:37:19.164 (194054595)|STATEMENT_EXECUTE|[136]
17:37:19.164 (194056443)|STATEMENT_EXECUTE|[137]
17:37:19.164 (194067332)|HEAP_ALLOCATE|[137]|Bytes:4
17:37:19.164 (194088766)|ENTERING_MANAGED_PKG|
17:37:19.164 (194119961)|VARIABLE_SCOPE_BEGIN|[137]|fieldNames|Set<String>|true|false
17:37:19.164 (194141288)|VARIABLE_ASSIGNMENT|[137]|fieldNames|{"s":1,"v":[]}|0x12fa2665
17:37:19.164 (194161145)|ENTERING_MANAGED_PKG|
17:37:19.164 (194194090)|STATEMENT_EXECUTE|[138]
17:37:19.164 (194200971)|STATEMENT_EXECUTE|[139]
17:37:19.164 (194218729)|ENTERING_MANAGED_PKG|
17:37:19.164 (194247869)|HEAP_ALLOCATE|[EXTERNAL]|Bytes:4
17:37:19.164 (194257919)|STATEMENT_EXECUTE|[140]
17:37:19.164 (194278379)|ENTERING_MANAGED_PKG|
17:37:19.164 (194307176)|HEAP_ALLOCATE|[EXTERNAL]|Bytes:-4
17:37:19.164 (194322474)|HEAP_ALLOCATE|[130]|Bytes:5
17:37:19.164 (194338014)|VARIABLE_SCOPE_BEGIN|[130]|fieldName|String|false|false
17:37:19.164 (194346855)|VARIABLE_ASSIGNMENT|[130]|fieldName|"gameize__dataFavorit (4 more) ..."
17:37:19.164 (194349881)|STATEMENT_EXECUTE|[130]
17:37:19.164 (194351074)|STATEMENT_EXECUTE|[131]
17:37:19.164 (194370797)|ENTERING_MANAGED_PKG|
17:37:19.164 (194387229)|VARIABLE_SCOPE_BEGIN|[131]|field|Object|false|false
17:37:19.164 (194399363)|VARIABLE_ASSIGNMENT|[131]|field|"[{\"name\":\"Hangman\",\" (27 more) ..."
17:37:19.164 (194417167)|STATEMENT_EXECUTE|[136]
17:37:19.164 (194418669)|STATEMENT_EXECUTE|[137]
17:37:19.164 (194427496)|HEAP_ALLOCATE|[137]|Bytes:4
17:37:19.164 (194444914)|ENTERING_MANAGED_PKG|
17:37:19.164 (194455807)|VARIABLE_SCOPE_BEGIN|[137]|fieldNames|Set<String>|true|false
17:37:19.164 (194473260)|VARIABLE_ASSIGNMENT|[137]|fieldNames|{"s":1,"v":[]}|0x25e86160
17:37:19.164 (194487246)|ENTERING_MANAGED_PKG|
17:37:19.164 (194496981)|STATEMENT_EXECUTE|[138]
17:37:19.164 (194513064)|ENTERING_MANAGED_PKG|
17:37:19.164 (194535177)|VARIABLE_ASSIGNMENT|[138]|fieldNames|{"s":1,"v":["Id"]}|0x12fa2665
17:37:19.164 (194539056)|STATEMENT_EXECUTE|[139]
17:37:19.164 (194554871)|ENTERING_MANAGED_PKG|
17:37:19.164 (194561432)|HEAP_ALLOCATE|[EXTERNAL]|Bytes:4
17:37:19.164 (194568776)|STATEMENT_EXECUTE|[140]
17:37:19.164 (194582425)|ENTERING_MANAGED_PKG|
17:37:19.164 (194600078)|HEAP_ALLOCATE|[130]|Bytes:5
17:37:19.164 (194616016)|VARIABLE_SCOPE_BEGIN|[130]|fieldName|String|false|false
17:37:19.164 (194624433)|VARIABLE_ASSIGNMENT|[130]|fieldName|"gameize__dataHistory (3 more) ..."
17:37:19.164 (194627301)|STATEMENT_EXECUTE|[130]
17:37:19.164 (194628417)|STATEMENT_EXECUTE|[131]
17:37:19.164 (194645457)|ENTERING_MANAGED_PKG|
17:37:19.164 (194661583)|VARIABLE_SCOPE_BEGIN|[131]|field|Object|false|false
17:37:19.164 (194673030)|VARIABLE_ASSIGNMENT|[131]|field|"[{\"name\":\"Hangman\",\" (1192 more) ..."
17:37:19.164 (194690457)|STATEMENT_EXECUTE|[136]
17:37:19.164 (194692037)|STATEMENT_EXECUTE|[137]
17:37:19.164 (194700636)|HEAP_ALLOCATE|[137]|Bytes:4
17:37:19.164 (194717466)|ENTERING_MANAGED_PKG|
17:37:19.164 (194728162)|VARIABLE_SCOPE_BEGIN|[137]|fieldNames|Set<String>|true|false
17:37:19.164 (194745068)|VARIABLE_ASSIGNMENT|[137]|fieldNames|{"s":1,"v":[]}|0x30d047d5
17:37:19.164 (194758924)|ENTERING_MANAGED_PKG|
17:37:19.164 (194768565)|STATEMENT_EXECUTE|[138]
17:37:19.164 (194782349)|ENTERING_MANAGED_PKG|
17:37:19.164 (194805261)|VARIABLE_ASSIGNMENT|[138]|fieldNames|{"s":1,"v":["Id","gameize__dataFavorit (4 more) ..."]}|0x12fa2665
17:37:19.164 (194809300)|STATEMENT_EXECUTE|[139]
17:37:19.164 (194828236)|ENTERING_MANAGED_PKG|
17:37:19.164 (194836635)|HEAP_ALLOCATE|[EXTERNAL]|Bytes:4
17:37:19.164 (194844763)|STATEMENT_EXECUTE|[140]
17:37:19.164 (194859767)|ENTERING_MANAGED_PKG|
17:37:19.164 (194877416)|HEAP_ALLOCATE|[130]|Bytes:5
17:37:19.164 (194890406)|VARIABLE_ASSIGNMENT|[130]|fieldName|null
17:37:19.164 (194899713)|METHOD_EXIT|[117]|01p41000000CNQM|gameize.ETLC_SecuredDB.findFieldsRecursive(Map<String,Set<String>>, Map<String,ANY>)
17:37:19.164 (194909456)|HEAP_ALLOCATE|[116]|Bytes:5
17:37:19.164 (194925193)|VARIABLE_ASSIGNMENT|[116]|record|null
17:37:19.164 (194931329)|HEAP_ALLOCATE|[119]|Bytes:4
17:37:19.164 (194947338)|ENTERING_MANAGED_PKG|
17:37:19.164 (194985223)|ENTERING_MANAGED_PKG|
17:37:19.164 (194996564)|HEAP_ALLOCATE|[119]|Bytes:27
17:37:19.164 (195014311)|ENTERING_MANAGED_PKG|
17:37:19.164 (195019507)|HEAP_ALLOCATE|[119]|Bytes:4
17:37:19.164 (195031945)|ENTERING_MANAGED_PKG|
17:37:19.164 (195046080)|HEAP_ALLOCATE|[119]|Bytes:5
17:37:19.164 (195081517)|VARIABLE_SCOPE_BEGIN|[119]|objectName|String|false|false
17:37:19.164 (195094980)|VARIABLE_ASSIGNMENT|[119]|objectName|"gameize__Gameize__c"
17:37:19.164 (195099784)|STATEMENT_EXECUTE|[119]
17:37:19.164 (195101778)|STATEMENT_EXECUTE|[120]
17:37:19.164 (195114167)|HEAP_ALLOCATE|[120]|Bytes:2
17:37:19.164 (195140569)|ENTERING_MANAGED_PKG|
17:37:19.164 (195216985)|ENTERING_MANAGED_PKG|
17:37:19.164 (195231197)|HEAP_ALLOCATE|[120]|Bytes:55
17:37:19.164 (195251785)|HEAP_ALLOCATE|[120]|Bytes:76
17:37:19.164 (195267375)|ENTERING_MANAGED_PKG|
17:37:19.164 (195277333)|USER_DEBUG|[120]|DEBUG|gameize__Gameize__c: {Id, gameize__dataFavorite__c, gameize__dataHistory__c}
17:37:19.164 (195292624)|HEAP_ALLOCATE|[119]|Bytes:5
17:37:19.164 (195306011)|VARIABLE_ASSIGNMENT|[119]|objectName|null
17:37:19.164 (195309520)|STATEMENT_EXECUTE|[122]
17:37:19.164 (195322224)|METHOD_EXIT|[29]|01p41000000CNQM|gameize.ETLC_SecuredDB.findFields(List<SObject>)
17:37:19.164 (195339470)|METHOD_ENTRY|[29]|01p41000000CNQM|gameize.ETLC_SecuredDB.validate(gameize.ETLC_SecuredDB.Operation, Map<String,Set<String>>)
17:37:19.164 (195348240)|VARIABLE_SCOPE_BEGIN|[55]|op|gameize.ETLC_SecuredDB.Operation|true|false
17:37:19.164 (195366985)|VARIABLE_ASSIGNMENT|[55]|op|"Querying"|0x37784dca
17:37:19.164 (195371491)|VARIABLE_SCOPE_BEGIN|[55]|mapFieldNames|Map<String,Set<String>>|true|false
17:37:19.164 (195394246)|VARIABLE_ASSIGNMENT|[55]|mapFieldNames|{"s":1,"v":{"gameize__Gameize__c":{"s":2,"v":["Id","gameize__dataFavorit (4 more) ...","gameize__dataHistory (3 more) ..."]}}}|0x6f2a4759
17:37:19.164 (195403285)|HEAP_ALLOCATE|[56]|Bytes:5
17:37:19.164 (195407534)|STATEMENT_EXECUTE|[55]
17:37:19.164 (195408806)|STATEMENT_EXECUTE|[56]
17:37:19.164 (195421314)|VARIABLE_SCOPE_BEGIN|[56]|securityMessage|String|false|false
17:37:19.164 (195427512)|VARIABLE_ASSIGNMENT|[56]|securityMessage|null
17:37:19.164 (195429611)|STATEMENT_EXECUTE|[57]
17:37:19.164 (195459486)|ENTERING_MANAGED_PKG|
17:37:19.164 (211335194)|HEAP_ALLOCATE|[57]|Bytes:1256
17:37:19.164 (211380094)|VARIABLE_SCOPE_BEGIN|[57]|mapObjects|Map<String,Schema.SObjectType>|true|false
17:37:19.164 (211599589)|VARIABLE_ASSIGNMENT|[57]|mapObjects|"{acceptedeventrelation=AcceptedEventRelation, account=Account, accountcontactrole=AccountContactRole, accounthistory=AccountHistory, accountpartner=AccountPartner, accountshare=AccountShare, actionlinkgrouptemplate=ActionLinkGroupTemplate, actionlinktemplate=ActionLinkTemplate, activityhistory=ActivityHistory, additionalnumber=AdditionalNumber, ...}"|0x573fd663
17:37:19.164 (211618486)|HEAP_ALLOCATE|[58]|Bytes:4
17:37:19.164 (211661396)|ENTERING_MANAGED_PKG|
17:37:19.164 (211743889)|ENTERING_MANAGED_PKG|
17:37:19.164 (211770361)|HEAP_ALLOCATE|[58]|Bytes:27
17:37:19.164 (211798658)|ENTERING_MANAGED_PKG|
17:37:19.164 (211805862)|HEAP_ALLOCATE|[58]|Bytes:4
17:37:19.164 (211819351)|ENTERING_MANAGED_PKG|
17:37:19.164 (211847004)|HEAP_ALLOCATE|[58]|Bytes:5
17:37:19.164 (211872077)|VARIABLE_SCOPE_BEGIN|[58]|sObjectName|String|false|false
17:37:19.164 (211882419)|VARIABLE_ASSIGNMENT|[58]|sObjectName|"gameize__Gameize__c"
17:37:19.164 (211891484)|STATEMENT_EXECUTE|[58]
17:37:19.164 (211893484)|STATEMENT_EXECUTE|[59]
17:37:19.164 (211914382)|HEAP_ALLOCATE|[59]|Bytes:9
17:37:19.164 (211919119)|HEAP_ALLOCATE|[59]|Bytes:7
17:37:19.164 (211949129)|ENTERING_MANAGED_PKG|
17:37:19.164 (212009058)|HEAP_ALLOCATE|[59]|Bytes:8
17:37:19.164 (212023982)|HEAP_ALLOCATE|[59]|Bytes:1
17:37:19.164 (212044714)|HEAP_ALLOCATE|[59]|Bytes:44
17:37:19.164 (212056167)|VARIABLE_ASSIGNMENT|[59]|securityMessage|"CRUD on [gameize__Ga (24 more) ..."
17:37:19.164 (212059835)|STATEMENT_EXECUTE|[60]
17:37:19.164 (212068637)|HEAP_ALLOCATE|[60]|Bytes:10
17:37:19.164 (212076049)|HEAP_ALLOCATE|[60]|Bytes:54
17:37:19.164 (212100926)|ENTERING_MANAGED_PKG|
17:37:19.164 (212141266)|USER_DEBUG|[60]|DEBUG|Checking: CRUD on [gameize__Gameize__c] for [Querying]
17:37:19.164 (212155989)|STATEMENT_EXECUTE|[61]
17:37:19.164 (212188060)|ENTERING_MANAGED_PKG|
17:37:19.164 (212632054)|HEAP_ALLOCATE|[61]|Bytes:4
17:37:19.164 (212679161)|VARIABLE_SCOPE_BEGIN|[61]|drSObj|Schema.DescribeSObjectResult|true|false
17:37:19.164 (212756537)|VARIABLE_ASSIGNMENT|[61]|drSObj|"common.api.soap.wsdl.DescribeSObjectResult@53f8aaa0"|0x222f773a
17:37:19.164 (213003799)|STATEMENT_EXECUTE|[64]
17:37:19.164 (213035170)|STATEMENT_EXECUTE|[65]
17:37:19.164 (213107177)|STATEMENT_EXECUTE|[77]
17:37:19.164 (213109892)|STATEMENT_EXECUTE|[79]
17:37:19.164 (213470681)|HEAP_ALLOCATE|[79]|Bytes:60
17:37:19.164 (213485725)|VARIABLE_SCOPE_BEGIN|[79]|mapFields|Map<String,Schema.SObjectField>|true|false
17:37:19.164 (213639981)|VARIABLE_ASSIGNMENT|[79]|mapFields|"{createdbyid=CreatedById, createddate=CreatedDate, gameize__datafavorite__c=gameize__dataFavorite__c, gameize__datahistory__c=gameize__dataHistory__c, gameize__user__c=gameize__User__c, id=Id, isdeleted=IsDeleted, lastmodifiedbyid=LastModifiedById, lastmodifieddate=LastModifiedDate, lastreferenceddate=LastReferencedDate, ...}"|0xf55cd61
17:37:19.164 (213650997)|HEAP_ALLOCATE|[80]|Bytes:4
17:37:19.164 (213671472)|ENTERING_MANAGED_PKG|
17:37:19.164 (213707130)|ENTERING_MANAGED_PKG|
17:37:19.164 (213730491)|ENTERING_MANAGED_PKG|
17:37:19.164 (213736702)|HEAP_ALLOCATE|[80]|Bytes:12
17:37:19.164 (213749808)|ENTERING_MANAGED_PKG|
17:37:19.164 (213765056)|HEAP_ALLOCATE|[80]|Bytes:5
17:37:19.164 (213782811)|VARIABLE_SCOPE_BEGIN|[80]|fieldName|String|false|false
17:37:19.164 (213790650)|VARIABLE_ASSIGNMENT|[80]|fieldName|"Id"
17:37:19.164 (213795004)|STATEMENT_EXECUTE|[80]
17:37:19.164 (213797426)|STATEMENT_EXECUTE|[81]
17:37:19.164 (213832147)|ENTERING_MANAGED_PKG|
17:37:19.164 (219190229)|HEAP_ALLOCATE|[81]|Bytes:8
17:37:19.164 (219228127)|VARIABLE_SCOPE_BEGIN|[81]|drField|Schema.DescribeFieldResult|true|false
17:37:19.164 (219295260)|VARIABLE_ASSIGNMENT|[81]|drField|"common.api.soap.wsdl.Field@7001862d"|0x55501bec
17:37:19.164 (219320667)|STATEMENT_EXECUTE|[99]
17:37:19.164 (219322525)|STATEMENT_EXECUTE|[100]
17:37:19.164 (219333154)|HEAP_ALLOCATE|[100]|Bytes:22
17:37:19.164 (219338068)|HEAP_ALLOCATE|[100]|Bytes:1
17:37:19.164 (219364549)|ENTERING_MANAGED_PKG|
17:37:19.164 (219400729)|HEAP_ALLOCATE|[100]|Bytes:8
17:37:19.164 (219433609)|HEAP_ALLOCATE|[100]|Bytes:59
17:37:19.164 (219438969)|HEAP_ALLOCATE|[100]|Bytes:35
17:37:19.164 (219443790)|HEAP_ALLOCATE|[100]|Bytes:94
17:37:19.164 (219463173)|ENTERING_MANAGED_PKG|
17:37:19.164 (219474501)|USER_DEBUG|[100]|DEBUG|Bypass Check: FLS on [gameize__Gameize__c.Id] for [Querying] since it's not isPermissionable()
17:37:19.164 (219490846)|HEAP_ALLOCATE|[80]|Bytes:5
17:37:19.164 (219507926)|VARIABLE_SCOPE_BEGIN|[80]|fieldName|String|false|false
17:37:19.164 (219517786)|VARIABLE_ASSIGNMENT|[80]|fieldName|"gameize__dataFavorit (4 more) ..."
17:37:19.164 (219521043)|STATEMENT_EXECUTE|[80]
17:37:19.164 (219522218)|STATEMENT_EXECUTE|[81]
17:37:19.164 (219541479)|ENTERING_MANAGED_PKG|
17:37:19.164 (222792773)|HEAP_ALLOCATE|[81]|Bytes:8
17:37:19.164 (222811964)|VARIABLE_SCOPE_BEGIN|[81]|drField|Schema.DescribeFieldResult|true|false
17:37:19.164 (222899467)|VARIABLE_ASSIGNMENT|[81]|drField|"common.api.soap.wsdl.Field@ee6b5d99"|0x7e2a27d4
17:37:19.164 (222916852)|STATEMENT_EXECUTE|[82]
17:37:19.164 (222919386)|STATEMENT_EXECUTE|[83]
17:37:19.164 (222931642)|HEAP_ALLOCATE|[83]|Bytes:8
17:37:19.164 (222964650)|ENTERING_MANAGED_PKG|
17:37:19.164 (223008962)|HEAP_ALLOCATE|[83]|Bytes:8
17:37:19.164 (223034819)|HEAP_ALLOCATE|[83]|Bytes:67
17:37:19.164 (223043530)|HEAP_ALLOCATE|[83]|Bytes:68
17:37:19.164 (223056586)|VARIABLE_ASSIGNMENT|[83]|securityMessage|"FLS on [gameize__Gam (48 more) ..."
17:37:19.164 (223061599)|STATEMENT_EXECUTE|[84]
17:37:19.164 (223075778)|HEAP_ALLOCATE|[84]|Bytes:78
17:37:19.164 (223100495)|ENTERING_MANAGED_PKG|
17:37:19.164 (223133263)|USER_DEBUG|[84]|DEBUG|Checking: FLS on [gameize__Gameize__c.gameize__dataFavorite__c] for [Querying]
17:37:19.164 (223287692)|STATEMENT_EXECUTE|[87]
17:37:19.164 (223306836)|STATEMENT_EXECUTE|[88]
17:37:19.164 (223328709)|HEAP_ALLOCATE|[80]|Bytes:5
17:37:19.164 (223352105)|VARIABLE_SCOPE_BEGIN|[80]|fieldName|String|false|false
17:37:19.164 (223366239)|VARIABLE_ASSIGNMENT|[80]|fieldName|"gameize__dataHistory (3 more) ..."
17:37:19.164 (223370456)|STATEMENT_EXECUTE|[80]
17:37:19.164 (223372282)|STATEMENT_EXECUTE|[81]
17:37:19.164 (223398087)|ENTERING_MANAGED_PKG|
17:37:19.164 (223571812)|HEAP_ALLOCATE|[81]|Bytes:8
17:37:19.164 (223588735)|VARIABLE_SCOPE_BEGIN|[81]|drField|Schema.DescribeFieldResult|true|false
17:37:19.164 (223669117)|VARIABLE_ASSIGNMENT|[81]|drField|"common.api.soap.wsdl.Field@ad0ae533"|0x342c8d62
17:37:19.164 (223684883)|STATEMENT_EXECUTE|[82]
17:37:19.164 (223687282)|STATEMENT_EXECUTE|[83]
17:37:19.164 (223721182)|ENTERING_MANAGED_PKG|
17:37:19.164 (223732431)|HEAP_ALLOCATE|[83]|Bytes:8
17:37:19.164 (223759082)|HEAP_ALLOCATE|[83]|Bytes:66
17:37:19.164 (223768955)|HEAP_ALLOCATE|[83]|Bytes:67
17:37:19.164 (223783140)|VARIABLE_ASSIGNMENT|[83]|securityMessage|"FLS on [gameize__Gam (47 more) ..."
17:37:19.164 (223787691)|STATEMENT_EXECUTE|[84]
17:37:19.164 (223800949)|HEAP_ALLOCATE|[84]|Bytes:77
17:37:19.164 (223827747)|ENTERING_MANAGED_PKG|
17:37:19.164 (223840371)|USER_DEBUG|[84]|DEBUG|Checking: FLS on [gameize__Gameize__c.gameize__dataHistory__c] for [Querying]
17:37:19.164 (223901926)|STATEMENT_EXECUTE|[87]
17:37:19.164 (223912349)|STATEMENT_EXECUTE|[88]
17:37:19.164 (223936147)|HEAP_ALLOCATE|[80]|Bytes:5
17:37:19.164 (223962639)|VARIABLE_ASSIGNMENT|[80]|fieldName|null
17:37:19.164 (223980911)|HEAP_ALLOCATE|[58]|Bytes:5
17:37:19.164 (223994525)|VARIABLE_ASSIGNMENT|[58]|sObjectName|null
17:37:19.164 (224011006)|METHOD_EXIT|[29]|01p41000000CNQM|gameize.ETLC_SecuredDB.validate(gameize.ETLC_SecuredDB.Operation, Map<String,Set<String>>)
17:37:19.164 (224025246)|METHOD_EXIT|[27]|01p41000000CNQM|gameize.ETLC_SecuredDB.validateQuery(List<SObject>)
17:37:19.164 (224030836)|STATEMENT_EXECUTE|[29]
17:37:19.164 (224059871)|HEAP_ALLOCATE|[29]|Bytes:16
17:37:19.164 (224075555)|METHOD_ENTRY|[29]||System.JSON.serialize(Object)
17:37:19.164 (224267194)|METHOD_EXIT|[29]||System.JSON.serialize(Object)
17:37:19.164 (224283028)|VARIABLE_ASSIGNMENT|[29]|returnData|"{\"attributes\":{\"type (1596 more) ..."
17:37:19.164 (224361557)|VARIABLE_ASSIGNMENT|[EXTERNAL]|this|{"debug":false,"input":"{\"mode\":\"fetchUserDa (4 more) ...","operation":"GameizeController"}|0x7afa9df5
17:37:19.164 (224375257)|STATEMENT_EXECUTE|[30]
17:37:19.164 (224382958)|STATEMENT_EXECUTE|[33]
17:37:19.164 (224393271)|METHOD_EXIT|[9]|01p41000000CQtU|gameize.GameizeController.fetchUserData(Id)
17:37:19.164 (224427444)|VARIABLE_ASSIGNMENT|[EXTERNAL]|this|{"debug":false,"input":"{\"mode\":\"fetchUserDa (4 more) ...","operation":"GameizeController"}|0x7afa9df5
17:37:19.164 (224435833)|VARIABLE_ASSIGNMENT|[EXTERNAL]|value|"{\"attributes\":{\"type (1596 more) ..."
17:37:19.164 (224448704)|VARIABLE_ASSIGNMENT|[12]|this.output|"{\"attributes\":{\"type (1596 more) ..."|0x7afa9df5
17:37:19.164 (224456159)|STATEMENT_EXECUTE|[10]
17:37:19.164 (224507968)|VARIABLE_ASSIGNMENT|[EXTERNAL]|this|{"debug":false,"input":"{\"mode\":\"fetchUserDa (4 more) ...","operation":"GameizeController","output":"{\"attributes\":{\"type (1596 more) ..."}|0x7afa9df5
17:37:19.164 (224544334)|VARIABLE_ASSIGNMENT|[EXTERNAL]|this|{"debug":false,"input":"{\"mode\":\"fetchUserDa (4 more) ...","operation":"GameizeController","output":"{\"attributes\":{\"type (1596 more) ..."}|0x7afa9df5
17:37:19.164 (224551386)|VARIABLE_ASSIGNMENT|[EXTERNAL]|value|true
17:37:19.164 (224555869)|HEAP_ALLOCATE|[15]|Bytes:5
17:37:19.164 (224562869)|VARIABLE_ASSIGNMENT|[15]|this.outputFlag|true|0x7afa9df5
17:37:19.164 (224575448)|METHOD_EXIT|[8]|01p41000000CQtU|gameize.GameizeController.process(gameize.ETLC_ApexBridge_Data)
17:37:19.164 (224579522)|STATEMENT_EXECUTE|[23]
17:37:19.164 (224592418)|METHOD_ENTRY|[23]|01p41000000CNQH|gameize.ETLC_ApexBridge_Data.toJSON()
17:37:19.164 (224597044)|VARIABLE_SCOPE_BEGIN|[57]|this|gameize.ETLC_ApexBridge_Data|true|false
17:37:19.164 (224623882)|VARIABLE_ASSIGNMENT|[57]|this|{"debug":false,"input":"{\"mode\":\"fetchUserDa (4 more) ...","operation":"GameizeController","output":"{\"attributes\":{\"type (1596 more) ...","outputFlag":true}|0x7afa9df5
17:37:19.164 (224629121)|STATEMENT_EXECUTE|[57]
17:37:19.164 (224630541)|STATEMENT_EXECUTE|[58]
17:37:19.164 (224640692)|METHOD_ENTRY|[58]||System.JSON.serialize(Object)
17:37:19.164 (224736569)|STATEMENT_EXECUTE|[22]
17:37:19.164 (224740223)|STATEMENT_EXECUTE|[23]
17:37:19.164 (224749260)|HEAP_ALLOCATE|[23]|Bytes:5
17:37:19.164 (224758092)|VARIABLE_ASSIGNMENT|[23]|this.isSuccess|true|0x7afa9df5
17:37:19.164 (224760734)|STATEMENT_EXECUTE|[24]
17:37:19.164 (224797772)|STATEMENT_EXECUTE|[31]
17:37:19.164 (224800652)|STATEMENT_EXECUTE|[32]
17:37:19.164 (224810892)|HEAP_ALLOCATE|[32]|Bytes:4
17:37:19.164 (224850143)|VARIABLE_ASSIGNMENT|[32]|this.messages|{"s":1,"v":{}}|0x7afa9df5
17:37:19.164 (224853968)|STATEMENT_EXECUTE|[33]
17:37:19.164 (225082914)|METHOD_EXIT|[58]||System.JSON.serialize(Object)
17:37:19.164 (225090386)|METHOD_EXIT|[23]|01p41000000CNQH|gameize.ETLC_ApexBridge_Data.toJSON()
17:37:19.164 (225102921)|SYSTEM_MODE_EXIT|false
17:37:19.225 (225152254)|CUMULATIVE_LIMIT_USAGE
17:37:19.225 (225152254)|LIMIT_USAGE_FOR_NS|(default)|
  Number of SOQL queries: 0 out of 100
  Number of query rows: 0 out of 50000
  Number of SOSL queries: 0 out of 20
  Number of DML statements: 0 out of 150
  Number of DML rows: 0 out of 10000
  Maximum CPU time: 0 out of 10000
  Maximum heap size: 0 out of 6000000
  Number of callouts: 0 out of 100
  Number of Email Invocations: 0 out of 10
  Number of future calls: 0 out of 50
  Number of queueable jobs added to the queue: 0 out of 50
  Number of Mobile Apex push calls: 0 out of 10

17:37:19.225 (225152254)|LIMIT_USAGE_FOR_NS|gameize|
  Number of SOQL queries: 2 out of 100
  Number of query rows: 2 out of 50000
  Number of SOSL queries: 0 out of 20
  Number of DML statements: 0 out of 150
  Number of DML rows: 0 out of 10000
  Maximum CPU time: 0 out of 10000
  Maximum heap size: 0 out of 6000000
  Number of callouts: 0 out of 100
  Number of Email Invocations: 0 out of 10
  Number of future calls: 0 out of 50
  Number of queueable jobs added to the queue: 0 out of 50
  Number of Mobile Apex push calls: 0 out of 10

17:37:19.225 (225152254)|CUMULATIVE_LIMIT_USAGE_END

17:37:19.164 (225219384)|CODE_UNIT_FINISHED|ETLC_ApexBridge_Controller.execute
