37.0 APEX_CODE,FINEST;APEX_PROFILING,INFO;CALLOUT,INFO;DB,INFO;SYSTEM,DEBUG;VALIDATION,INFO;VISUALFORCE,INFO;WORKFLOW,INFO
17:48:03.0 (364433)|USER_INFO|[EXTERNAL]|00541000000Hq4o|gameize@jr.te|Eastern Standard Time|GMT-04:00
17:48:03.0 (744340)|HEAP_ALLOCATE|[72]|Bytes:3
17:48:03.0 (790572)|HEAP_ALLOCATE|[77]|Bytes:152
17:48:03.0 (807878)|HEAP_ALLOCATE|[342]|Bytes:408
17:48:03.0 (822395)|HEAP_ALLOCATE|[355]|Bytes:408
17:48:03.0 (834334)|HEAP_ALLOCATE|[467]|Bytes:48
17:48:03.1 (1918946)|USER_INFO|[EXTERNAL]|00541000000Hq4o|gameize@jr.te|Eastern Standard Time|GMT-04:00
17:48:03.1 (2109893)|STATEMENT_EXECUTE|[1]
17:48:03.1 (2118964)|METHOD_EXIT|[1]|ETLC_ApexBridge_Controller
17:48:03.1 (2122959)|HEAP_ALLOCATE|[EXTERNAL]|Bytes:85
17:48:03.1 (2132944)|SYSTEM_MODE_ENTER|false
17:48:03.1 (2150532)|VARIABLE_SCOPE_BEGIN|[3]|dataJson|String|false|false
17:48:03.1 (2180425)|VARIABLE_ASSIGNMENT|[3]|dataJson|"{\"operation\":\"Gameiz (65 more) ..."
17:48:03.1 (2191922)|STATEMENT_EXECUTE|[3]
17:48:03.1 (2193343)|STATEMENT_EXECUTE|[4]
17:48:03.1 (4300613)|VARIABLE_SCOPE_BEGIN|[4]|data|gameize.ETLC_ApexBridge_Data|true|false
17:48:03.1 (4315365)|VARIABLE_ASSIGNMENT|[4]|data|null|
17:48:03.1 (4318118)|STATEMENT_EXECUTE|[5]
17:48:03.1 (4319546)|STATEMENT_EXECUTE|[5]
17:48:03.1 (4320653)|STATEMENT_EXECUTE|[6]
17:48:03.1 (4335985)|HEAP_ALLOCATE|[6]|Bytes:11
17:48:03.1 (4341202)|HEAP_ALLOCATE|[6]|Bytes:248
17:48:03.1 (4343559)|HEAP_ALLOCATE|[6]|Bytes:39
17:48:03.1 (4386020)|METHOD_ENTRY|[2]|01p41000000CNQH|ETLC_ApexBridge_Data.ETLC_ApexBridge_Data()
17:48:03.1 (4389827)|STATEMENT_EXECUTE|[2]
17:48:03.1 (4394326)|STATEMENT_EXECUTE|[2]
17:48:03.1 (4400044)|METHOD_EXIT|[2]|ETLC_ApexBridge_Data
17:48:03.1 (4428181)|METHOD_ENTRY|[6]|01p41000000CNQH|gameize.ETLC_ApexBridge_Data.fromJSON(String)
17:48:03.1 (4449420)|VARIABLE_SCOPE_BEGIN|[60]|strJson|String|false|false
17:48:03.1 (4458352)|VARIABLE_ASSIGNMENT|[60]|strJson|"{\"operation\":\"Gameiz (65 more) ..."
17:48:03.1 (4462255)|STATEMENT_EXECUTE|[60]
17:48:03.1 (4463564)|STATEMENT_EXECUTE|[61]
17:48:03.1 (4471488)|HEAP_ALLOCATE|[61]|Bytes:28
17:48:03.1 (4491443)|HEAP_ALLOCATE|[50]|Bytes:5
17:48:03.1 (4511361)|HEAP_ALLOCATE|[56]|Bytes:5
17:48:03.1 (4517066)|HEAP_ALLOCATE|[64]|Bytes:7
17:48:03.1 (4613306)|HEAP_ALLOCATE|[61]|Bytes:24
17:48:03.1 (4627078)|SYSTEM_METHOD_ENTRY|[1]|Type.Type()
17:48:03.1 (4629975)|STATEMENT_EXECUTE|[1]
17:48:03.1 (4637372)|SYSTEM_METHOD_EXIT|[1]|Type
17:48:03.1 (4642928)|HEAP_ALLOCATE|[61]|Bytes:8
17:48:03.1 (4663827)|HEAP_ALLOCATE|[61]|Bytes:8
17:48:03.1 (4671211)|VARIABLE_SCOPE_BEGIN|[4]|this|System.Type|true|false
17:48:03.1 (4700543)|VARIABLE_ASSIGNMENT|[4]|this|{}|0x7acc9d28
17:48:03.1 (4705116)|VARIABLE_SCOPE_BEGIN|[4]|apextype|java:common.apex.runtime.ApexObjectType|true|false
17:48:03.1 (4832963)|VARIABLE_ASSIGNMENT|[4]|apextype|"gameize.ETLC_ApexBridge_Data"|0x2b0888f3
17:48:03.1 (4894259)|HEAP_ALLOCATE|[61]|Bytes:8
17:48:03.1 (4933994)|HEAP_ALLOCATE|[61]|Bytes:24
17:48:03.1 (4945232)|SYSTEM_METHOD_ENTRY|[1]|JSON.JSON()
17:48:03.1 (4947903)|STATEMENT_EXECUTE|[1]
17:48:03.1 (4953961)|SYSTEM_METHOD_EXIT|[1]|JSON
17:48:03.1 (4964402)|METHOD_ENTRY|[61]||System.JSON.deserializeStrict(String, System.Type)
17:48:03.1 (5613866)|METHOD_EXIT|[61]||System.JSON.deserializeStrict(String, System.Type)
17:48:03.1 (5623135)|METHOD_EXIT|[6]|01p41000000CNQH|gameize.ETLC_ApexBridge_Data.fromJSON(String)
17:48:03.1 (5683185)|VARIABLE_ASSIGNMENT|[6]|data|{"debug":true,"input":"{\"mode\":\"fetchGameDa (4 more) ...","operation":"GameizeController"}|0x54ee925f
17:48:03.1 (5687703)|STATEMENT_EXECUTE|[7]
17:48:03.1 (5738143)|VARIABLE_ASSIGNMENT|[EXTERNAL]|this|{"debug":true,"input":"{\"mode\":\"fetchGameDa (4 more) ...","operation":"GameizeController"}|0x54ee925f
17:48:03.1 (5753033)|METHOD_ENTRY|[7]||System.Type.forName(String)
17:48:03.1 (7719777)|METHOD_EXIT|[7]||System.Type.forName(String)
17:48:03.1 (7730958)|METHOD_ENTRY|[7]||System.Type.newInstance()
17:48:03.1 (9020033)|STATEMENT_EXECUTE|[1]
17:48:03.1 (9030453)|HEAP_ALLOCATE|[33]|Bytes:5
17:48:03.1 (9045265)|METHOD_EXIT|[1]|GameizeController
17:48:03.1 (9059683)|HEAP_ALLOCATE|[33]|Bytes:4
17:48:03.1 (9070775)|VARIABLE_SCOPE_BEGIN|[1]|this|gameize.GameizeController|true|false
17:48:03.1 (9089465)|VARIABLE_ASSIGNMENT|[1]|this|{}|0x6e541077
17:48:03.1 (9096487)|HEAP_ALLOCATE|[33]|Bytes:5
17:48:03.1 (9102796)|HEAP_ALLOCATE|[33]|Bytes:11
17:48:03.1 (9121059)|METHOD_ENTRY|[1]|01p41000000CNQC|ETLC_ApexBridge_Abstract.ETLC_ApexBridge_Abstract()
17:48:03.1 (9123983)|STATEMENT_EXECUTE|[1]
17:48:03.1 (9127982)|STATEMENT_EXECUTE|[1]
17:48:03.1 (9132622)|METHOD_EXIT|[1]|ETLC_ApexBridge_Abstract
17:48:03.1 (9141018)|CONSTRUCTOR_ENTRY|[EXTERNAL]|01p41000000CNQC|<init>()
17:48:03.1 (9155885)|VARIABLE_SCOPE_BEGIN|[1]|this|gameize.ETLC_ApexBridge_Abstract|true|false
17:48:03.1 (9168544)|VARIABLE_ASSIGNMENT|[1]|this|{}|0x6e541077
17:48:03.1 (9180631)|STATEMENT_EXECUTE|[1]
17:48:03.1 (9186006)|CONSTRUCTOR_EXIT|[EXTERNAL]|01p41000000CNQC|<init>()
17:48:03.1 (9190434)|STATEMENT_EXECUTE|[1]
17:48:03.1 (9194197)|HEAP_ALLOCATE|[33]|Bytes:5
17:48:03.1 (9206924)|METHOD_EXIT|[7]||System.Type.newInstance()
17:48:03.1 (9216822)|VARIABLE_SCOPE_BEGIN|[7]|executor|gameize.ETLC_ApexBridge_Abstract|true|false
17:48:03.1 (9229288)|VARIABLE_ASSIGNMENT|[7]|executor|{}|0x6e541077
17:48:03.1 (9231672)|STATEMENT_EXECUTE|[8]
17:48:03.1 (9266330)|METHOD_ENTRY|[8]|01p41000000CQtU|gameize.GameizeController.process(gameize.ETLC_ApexBridge_Data)
17:48:03.1 (9285815)|VARIABLE_SCOPE_BEGIN|[3]|this|gameize.GameizeController|true|false
17:48:03.1 (9296354)|VARIABLE_ASSIGNMENT|[3]|this|{}|0x6e541077
17:48:03.1 (9298945)|VARIABLE_SCOPE_BEGIN|[3]|data|gameize.ETLC_ApexBridge_Data|true|false
17:48:03.1 (9320994)|VARIABLE_ASSIGNMENT|[3]|data|{"debug":true,"input":"{\"mode\":\"fetchGameDa (4 more) ...","operation":"GameizeController"}|0x54ee925f
17:48:03.1 (9328734)|HEAP_ALLOCATE|[4]|Bytes:5
17:48:03.1 (9332020)|STATEMENT_EXECUTE|[3]
17:48:03.1 (9333161)|STATEMENT_EXECUTE|[4]
17:48:03.1 (9362521)|VARIABLE_ASSIGNMENT|[4]|GameizeController.apexBridgedata|{"debug":true,"input":"{\"mode\":\"fetchGameDa (4 more) ...","operation":"GameizeController"}|0x54ee925f
17:48:03.1 (9430454)|VARIABLE_ASSIGNMENT|[EXTERNAL]|this|{"debug":true,"input":"{\"mode\":\"fetchGameDa (4 more) ...","operation":"GameizeController"}|0x54ee925f
17:48:03.1 (9443569)|STATEMENT_EXECUTE|[5]
17:48:03.1 (9466271)|ENTERING_MANAGED_PKG|
17:48:03.1 (9501568)|USER_DEBUG|[5]|DEBUG|ETLC_ApexBridge_Data:[debug=true, input={"mode":"fetchGameData"}, isSuccess=null, messages=null, operation=GameizeController, output=null, outputFlag=null, records=null]
17:48:03.1 (9508338)|STATEMENT_EXECUTE|[7]
17:48:03.1 (9514676)|HEAP_ALLOCATE|[7]|Bytes:4
17:48:03.1 (9533708)|METHOD_ENTRY|[7]|01p41000000CNQH|gameize.ETLC_ApexBridge_Data.getInputValue(String)
17:48:03.1 (9551631)|VARIABLE_SCOPE_BEGIN|[52]|this|gameize.ETLC_ApexBridge_Data|true|false
17:48:03.1 (9573897)|VARIABLE_ASSIGNMENT|[52]|this|{"debug":true,"input":"{\"mode\":\"fetchGameDa (4 more) ...","operation":"GameizeController"}|0x54ee925f
17:48:03.1 (9578064)|VARIABLE_SCOPE_BEGIN|[52]|key|String|false|false
17:48:03.1 (9581140)|VARIABLE_ASSIGNMENT|[52]|key|"mode"
17:48:03.1 (9584386)|STATEMENT_EXECUTE|[52]
17:48:03.1 (9585725)|STATEMENT_EXECUTE|[53]
17:48:03.1 (9620995)|VARIABLE_ASSIGNMENT|[EXTERNAL]|this|{"debug":true,"input":"{\"mode\":\"fetchGameDa (4 more) ...","operation":"GameizeController"}|0x54ee925f
17:48:03.1 (9634663)|METHOD_ENTRY|[53]||System.JSON.deserializeUntyped(String)
17:48:03.1 (9885456)|METHOD_EXIT|[53]||System.JSON.deserializeUntyped(String)
17:48:03.1 (9896232)|VARIABLE_SCOPE_BEGIN|[53]|inputMap|Map<String,ANY>|true|false
17:48:03.1 (9928324)|VARIABLE_ASSIGNMENT|[53]|inputMap|{"s":1,"v":{"mode":"fetchGameData"}}|0x223d7863
17:48:03.1 (9932060)|STATEMENT_EXECUTE|[54]
17:48:03.1 (9952611)|ENTERING_MANAGED_PKG|
17:48:03.1 (9978625)|METHOD_EXIT|[7]|01p41000000CNQH|gameize.ETLC_ApexBridge_Data.getInputValue(String)
17:48:03.1 (9985940)|VARIABLE_SCOPE_BEGIN|[7]|mode|String|false|false
17:48:03.1 (9992565)|VARIABLE_ASSIGNMENT|[7]|mode|"fetchGameData"
17:48:03.1 (9996465)|HEAP_ALLOCATE|[8]|Bytes:13
17:48:03.1 (10020370)|HEAP_ALLOCATE|[11]|Bytes:12
17:48:03.1 (10026907)|HEAP_ALLOCATE|[13]|Bytes:13
17:48:03.1 (10034328)|STATEMENT_EXECUTE|[13]
17:48:03.1 (10035697)|STATEMENT_EXECUTE|[14]
17:48:03.1 (10048105)|METHOD_ENTRY|[14]|01p41000000CQtU|gameize.GameizeController.fetchGameData()
17:48:03.1 (10062730)|VARIABLE_SCOPE_BEGIN|[82]|this|gameize.GameizeController|true|false
17:48:03.1 (10075973)|VARIABLE_ASSIGNMENT|[82]|this|{}|0x6e541077
17:48:03.1 (10082903)|HEAP_ALLOCATE|[83]|Bytes:5
17:48:03.1 (10085576)|STATEMENT_EXECUTE|[82]
17:48:03.1 (10086716)|STATEMENT_EXECUTE|[83]
17:48:03.1 (10095728)|VARIABLE_SCOPE_BEGIN|[83]|returnData|String|false|false
17:48:03.1 (10101240)|VARIABLE_ASSIGNMENT|[83]|returnData|null
17:48:03.1 (10102935)|STATEMENT_EXECUTE|[84]
17:48:03.1 (10103969)|STATEMENT_EXECUTE|[84]
17:48:03.1 (10104948)|STATEMENT_EXECUTE|[85]
17:48:03.1 (10108829)|HEAP_ALLOCATE|[85]|Bytes:63
17:48:03.1 (10114569)|HEAP_ALLOCATE|[85]|Bytes:4
17:48:03.1 (10401101)|SOQL_EXECUTE_BEGIN|[85]|Aggregations:0|SELECT Body FROM StaticResource WHERE Name = 'Gameize_GameList'
17:48:03.1 (14415882)|SOQL_EXECUTE_END|[85]|Rows:1
17:48:03.1 (14448672)|HEAP_ALLOCATE|[85]|Bytes:8
17:48:03.1 (14462903)|HEAP_ALLOCATE|[85]|Bytes:536
17:48:03.1 (14529561)|HEAP_ALLOCATE|[85]|Bytes:8
17:48:03.1 (14543250)|VARIABLE_SCOPE_BEGIN|[85]|records|List<StaticResource>|true|false
17:48:03.1 (14579177)|VARIABLE_ASSIGNMENT|[85]|records|{"s":1,"v":[{"s":2,"v":{"Body":BLOB(491 bytes),"Id":"081410000000JmSAAU"}}]}|0x154e3a42
17:48:03.1 (14647414)|ENTERING_MANAGED_PKG|
17:48:03.1 (14671281)|STATEMENT_EXECUTE|[86]
17:48:03.1 (14673157)|STATEMENT_EXECUTE|[88]
17:48:03.1 (14706396)|HEAP_ALLOCATE|[88]|Bytes:12
17:48:03.1 (14751735)|ENTERING_MANAGED_PKG|
17:48:03.1 (14812043)|HEAP_ALLOCATE|[88]|Bytes:491
17:48:03.1 (14833072)|VARIABLE_ASSIGNMENT|[88]|returnData|"[{\"id\": 1, \"name\": \" (471 more) ..."
17:48:03.1 (14836607)|STATEMENT_EXECUTE|[89]
17:48:03.1 (14844531)|HEAP_ALLOCATE|[89]|Bytes:12
17:48:03.1 (14853376)|HEAP_ALLOCATE|[89]|Bytes:503
17:48:03.1 (14867303)|ENTERING_MANAGED_PKG|
17:48:03.1 (14896415)|USER_DEBUG|[89]|DEBUG|returnData::[{"id": 1, "name": "Age Counter", "auraid": "agecounter", "cmpname": "AgeCounter", "desc": "Count how long you've lived, in days+hours+minutes."},{"id": 2, "name": "Hangman", "auraid": "hangman", "cmpname": "Hangman", "desc": "Games are a good way to keep your visitors- and yourself- occupied on your site. Here's where this script comes in. It's the great JavaScript reincarnation of the classic Hang Man game. Play against the computer. The vocabulary to be used is configurable. Cool!"}]
17:48:03.1 (14953826)|VARIABLE_ASSIGNMENT|[EXTERNAL]|this|{"debug":true,"input":"{\"mode\":\"fetchGameDa (4 more) ...","operation":"GameizeController"}|0x54ee925f
17:48:03.1 (14963588)|STATEMENT_EXECUTE|[90]
17:48:03.1 (14964948)|STATEMENT_EXECUTE|[90]
17:48:03.1 (14972684)|HEAP_ALLOCATE|[90]|Bytes:41
17:48:03.1 (14978443)|HEAP_ALLOCATE|[90]|Bytes:532
17:48:03.1 (14988977)|ENTERING_MANAGED_PKG|
17:48:03.1 (14997043)|USER_DEBUG|[90]|DEBUG|GameizeController:fetchData:returnData:: [{"id": 1, "name": "Age Counter", "auraid": "agecounter", "cmpname": "AgeCounter", "desc": "Count how long you've lived, in days+hours+minutes."},{"id": 2, "name": "Hangman", "auraid": "hangman", "cmpname": "Hangman", "desc": "Games are a good way to keep your visitors- and yourself- occupied on your site. Here's where this script comes in. It's the great JavaScript reincarnation of the classic Hang Man game. Play against the computer. The vocabulary to be used is configurable. Cool!"}]
17:48:03.1 (15006052)|STATEMENT_EXECUTE|[93]
17:48:03.1 (15014977)|METHOD_EXIT|[14]|01p41000000CQtU|gameize.GameizeController.fetchGameData()
17:48:03.1 (15056491)|VARIABLE_ASSIGNMENT|[EXTERNAL]|this|{"debug":true,"input":"{\"mode\":\"fetchGameDa (4 more) ...","operation":"GameizeController"}|0x54ee925f
17:48:03.1 (15064857)|VARIABLE_ASSIGNMENT|[EXTERNAL]|value|"[{\"id\": 1, \"name\": \" (471 more) ..."
17:48:03.1 (15075165)|VARIABLE_ASSIGNMENT|[12]|this.output|"[{\"id\": 1, \"name\": \" (471 more) ..."|0x54ee925f
17:48:03.1 (15080295)|STATEMENT_EXECUTE|[15]
17:48:03.1 (15120659)|VARIABLE_ASSIGNMENT|[EXTERNAL]|this|{"debug":true,"input":"{\"mode\":\"fetchGameDa (4 more) ...","operation":"GameizeController","output":"[{\"id\": 1, \"name\": \" (471 more) ..."}|0x54ee925f
17:48:03.1 (15155005)|VARIABLE_ASSIGNMENT|[EXTERNAL]|this|{"debug":true,"input":"{\"mode\":\"fetchGameDa (4 more) ...","operation":"GameizeController","output":"[{\"id\": 1, \"name\": \" (471 more) ..."}|0x54ee925f
17:48:03.1 (15162807)|VARIABLE_ASSIGNMENT|[EXTERNAL]|value|true
17:48:03.1 (15166657)|HEAP_ALLOCATE|[15]|Bytes:5
17:48:03.1 (15171713)|VARIABLE_ASSIGNMENT|[15]|this.outputFlag|true|0x54ee925f
17:48:03.1 (15180206)|METHOD_EXIT|[8]|01p41000000CQtU|gameize.GameizeController.process(gameize.ETLC_ApexBridge_Data)
17:48:03.1 (15183714)|STATEMENT_EXECUTE|[23]
17:48:03.1 (15195870)|METHOD_ENTRY|[23]|01p41000000CNQH|gameize.ETLC_ApexBridge_Data.toJSON()
17:48:03.1 (15209726)|VARIABLE_SCOPE_BEGIN|[57]|this|gameize.ETLC_ApexBridge_Data|true|false
17:48:03.1 (15231570)|VARIABLE_ASSIGNMENT|[57]|this|{"debug":true,"input":"{\"mode\":\"fetchGameDa (4 more) ...","operation":"GameizeController","output":"[{\"id\": 1, \"name\": \" (471 more) ...","outputFlag":true}|0x54ee925f
17:48:03.1 (15236022)|STATEMENT_EXECUTE|[57]
17:48:03.1 (15237153)|STATEMENT_EXECUTE|[58]
17:48:03.1 (15247091)|METHOD_ENTRY|[58]||System.JSON.serialize(Object)
17:48:03.1 (15352314)|STATEMENT_EXECUTE|[22]
17:48:03.1 (15356652)|STATEMENT_EXECUTE|[23]
17:48:03.1 (15364943)|HEAP_ALLOCATE|[23]|Bytes:5
17:48:03.1 (15371748)|VARIABLE_ASSIGNMENT|[23]|this.isSuccess|true|0x54ee925f
17:48:03.1 (15373562)|STATEMENT_EXECUTE|[24]
17:48:03.1 (15413266)|STATEMENT_EXECUTE|[31]
17:48:03.1 (15416688)|STATEMENT_EXECUTE|[32]
17:48:03.1 (15429165)|HEAP_ALLOCATE|[32]|Bytes:4
17:48:03.1 (15475166)|VARIABLE_ASSIGNMENT|[32]|this.messages|{"s":1,"v":{}}|0x54ee925f
17:48:03.1 (15478123)|STATEMENT_EXECUTE|[33]
17:48:03.1 (15821087)|METHOD_EXIT|[58]||System.JSON.serialize(Object)
17:48:03.1 (15826714)|METHOD_EXIT|[23]|01p41000000CNQH|gameize.ETLC_ApexBridge_Data.toJSON()
17:48:03.1 (15837105)|SYSTEM_MODE_EXIT|false
17:48:03.15 (15877899)|CUMULATIVE_LIMIT_USAGE
17:48:03.15 (15877899)|LIMIT_USAGE_FOR_NS|(default)|
  Number of SOQL queries: 0 out of 100
  Number of query rows: 0 out of 50000
  Number of SOSL queries: 0 out of 20
  Number of DML statements: 0 out of 150
  Number of DML rows: 0 out of 10000
  Maximum CPU time: 0 out of 10000
  Maximum heap size: 0 out of 6000000
  Number of callouts: 0 out of 100
  Number of Email Invocations: 0 out of 10
  Number of future calls: 0 out of 50
  Number of queueable jobs added to the queue: 0 out of 50
  Number of Mobile Apex push calls: 0 out of 10

17:48:03.15 (15877899)|LIMIT_USAGE_FOR_NS|gameize|
  Number of SOQL queries: 1 out of 100
  Number of query rows: 1 out of 50000
  Number of SOSL queries: 0 out of 20
  Number of DML statements: 0 out of 150
  Number of DML rows: 0 out of 10000
  Maximum CPU time: 0 out of 10000
  Maximum heap size: 0 out of 6000000
  Number of callouts: 0 out of 100
  Number of Email Invocations: 0 out of 10
  Number of future calls: 0 out of 50
  Number of queueable jobs added to the queue: 0 out of 50
  Number of Mobile Apex push calls: 0 out of 10

17:48:03.15 (15877899)|CUMULATIVE_LIMIT_USAGE_END

17:48:03.1 (15956627)|CODE_UNIT_FINISHED|ETLC_ApexBridge_Controller.execute
17:48:03.0 (16231852)|HEAP_ALLOCATE|[EXTERNAL]|Bytes:85
17:48:03.0 (16249198)|HEAP_ALLOCATE|[EXTERNAL]|Bytes:85
17:48:03.17 (17859457)|USER_INFO|[EXTERNAL]|00541000000Hq4o|gameize@jr.te|Eastern Standard Time|GMT-04:00
17:48:03.17 (17928156)|STATEMENT_EXECUTE|[3]
17:48:03.17 (17930725)|STATEMENT_EXECUTE|[4]
17:48:03.17 (17942726)|VARIABLE_SCOPE_BEGIN|[4]|data|gameize.ETLC_ApexBridge_Data|true|false
17:48:03.17 (17963397)|VARIABLE_ASSIGNMENT|[4]|data|null|
17:48:03.17 (17965947)|STATEMENT_EXECUTE|[5]
17:48:03.17 (17967114)|STATEMENT_EXECUTE|[5]
17:48:03.17 (17968130)|STATEMENT_EXECUTE|[6]
17:48:03.17 (17976513)|METHOD_ENTRY|[6]|01p41000000CNQH|gameize.ETLC_ApexBridge_Data.fromJSON(String)
17:48:03.17 (17980500)|VARIABLE_SCOPE_BEGIN|[60]|strJson|String|false|false
17:48:03.17 (17988214)|VARIABLE_ASSIGNMENT|[60]|strJson|"{\"operation\":\"Gameiz (65 more) ..."
17:48:03.17 (17991549)|STATEMENT_EXECUTE|[60]
17:48:03.17 (17992844)|STATEMENT_EXECUTE|[61]
17:48:03.17 (18035434)|HEAP_ALLOCATE|[61]|Bytes:8
17:48:03.17 (18041441)|HEAP_ALLOCATE|[61]|Bytes:8
17:48:03.17 (18046677)|VARIABLE_SCOPE_BEGIN|[4]|this|System.Type|true|false
17:48:03.17 (18066098)|VARIABLE_ASSIGNMENT|[4]|this|{}|0x58bb4f15
17:48:03.17 (18070293)|VARIABLE_SCOPE_BEGIN|[4]|apextype|java:common.apex.runtime.ApexObjectType|true|false
17:48:03.17 (18170924)|VARIABLE_ASSIGNMENT|[4]|apextype|"gameize.ETLC_ApexBridge_Data"|0x2b0888f3
17:48:03.17 (18198767)|HEAP_ALLOCATE|[61]|Bytes:8
17:48:03.17 (18206923)|METHOD_ENTRY|[61]||System.JSON.deserializeStrict(String, System.Type)
17:48:03.17 (18374874)|METHOD_EXIT|[61]||System.JSON.deserializeStrict(String, System.Type)
17:48:03.17 (18382034)|METHOD_EXIT|[6]|01p41000000CNQH|gameize.ETLC_ApexBridge_Data.fromJSON(String)
17:48:03.17 (18413726)|VARIABLE_ASSIGNMENT|[6]|data|{"debug":true,"input":"{\"mode\":\"fetchUserDa (4 more) ...","operation":"GameizeController"}|0x4bfc32d1
17:48:03.17 (18422318)|STATEMENT_EXECUTE|[7]
17:48:03.17 (18456267)|VARIABLE_ASSIGNMENT|[EXTERNAL]|this|{"debug":true,"input":"{\"mode\":\"fetchUserDa (4 more) ...","operation":"GameizeController"}|0x4bfc32d1
17:48:03.17 (18466400)|METHOD_ENTRY|[7]||System.Type.forName(String)
17:48:03.17 (18573245)|METHOD_EXIT|[7]||System.Type.forName(String)
17:48:03.17 (18578620)|METHOD_ENTRY|[7]||System.Type.newInstance()
17:48:03.17 (18628827)|HEAP_ALLOCATE|[33]|Bytes:5
17:48:03.17 (18636959)|CONSTRUCTOR_ENTRY|[EXTERNAL]|01p41000000CNQC|<init>()
17:48:03.17 (18640665)|VARIABLE_SCOPE_BEGIN|[1]|this|gameize.ETLC_ApexBridge_Abstract|true|false
17:48:03.17 (18653532)|VARIABLE_ASSIGNMENT|[1]|this|{}|0x7e5ae97c
17:48:03.17 (18662578)|STATEMENT_EXECUTE|[1]
17:48:03.17 (18667402)|CONSTRUCTOR_EXIT|[EXTERNAL]|01p41000000CNQC|<init>()
17:48:03.17 (18671367)|STATEMENT_EXECUTE|[1]
17:48:03.17 (18674212)|HEAP_ALLOCATE|[33]|Bytes:5
17:48:03.17 (18685112)|METHOD_EXIT|[7]||System.Type.newInstance()
17:48:03.17 (18693407)|VARIABLE_SCOPE_BEGIN|[7]|executor|gameize.ETLC_ApexBridge_Abstract|true|false
17:48:03.17 (18704016)|VARIABLE_ASSIGNMENT|[7]|executor|{}|0x7e5ae97c
17:48:03.17 (18706133)|STATEMENT_EXECUTE|[8]
17:48:03.17 (18716197)|METHOD_ENTRY|[8]|01p41000000CQtU|gameize.GameizeController.process(gameize.ETLC_ApexBridge_Data)
17:48:03.17 (18719316)|VARIABLE_SCOPE_BEGIN|[3]|this|gameize.GameizeController|true|false
17:48:03.17 (18727037)|VARIABLE_ASSIGNMENT|[3]|this|{}|0x7e5ae97c
17:48:03.17 (18728772)|VARIABLE_SCOPE_BEGIN|[3]|data|gameize.ETLC_ApexBridge_Data|true|false
17:48:03.17 (18747945)|VARIABLE_ASSIGNMENT|[3]|data|{"debug":true,"input":"{\"mode\":\"fetchUserDa (4 more) ...","operation":"GameizeController"}|0x4bfc32d1
17:48:03.17 (18753938)|HEAP_ALLOCATE|[4]|Bytes:5
17:48:03.17 (18756879)|STATEMENT_EXECUTE|[3]
17:48:03.17 (18758037)|STATEMENT_EXECUTE|[4]
17:48:03.17 (18782611)|VARIABLE_ASSIGNMENT|[4]|GameizeController.apexBridgedata|{"debug":true,"input":"{\"mode\":\"fetchUserDa (4 more) ...","operation":"GameizeController"}|0x4bfc32d1
17:48:03.17 (18802770)|VARIABLE_ASSIGNMENT|[EXTERNAL]|this|{"debug":true,"input":"{\"mode\":\"fetchUserDa (4 more) ...","operation":"GameizeController"}|0x4bfc32d1
17:48:03.17 (18809332)|STATEMENT_EXECUTE|[5]
17:48:03.17 (18822754)|ENTERING_MANAGED_PKG|
17:48:03.17 (18851546)|USER_DEBUG|[5]|DEBUG|ETLC_ApexBridge_Data:[debug=true, input={"mode":"fetchUserData"}, isSuccess=null, messages=null, operation=GameizeController, output=null, outputFlag=null, records=null]
17:48:03.17 (18858033)|STATEMENT_EXECUTE|[7]
17:48:03.17 (18866389)|METHOD_ENTRY|[7]|01p41000000CNQH|gameize.ETLC_ApexBridge_Data.getInputValue(String)
17:48:03.17 (18869568)|VARIABLE_SCOPE_BEGIN|[52]|this|gameize.ETLC_ApexBridge_Data|true|false
17:48:03.17 (18888852)|VARIABLE_ASSIGNMENT|[52]|this|{"debug":true,"input":"{\"mode\":\"fetchUserDa (4 more) ...","operation":"GameizeController"}|0x4bfc32d1
17:48:03.17 (18891954)|VARIABLE_SCOPE_BEGIN|[52]|key|String|false|false
17:48:03.17 (18894833)|VARIABLE_ASSIGNMENT|[52]|key|"mode"
17:48:03.17 (18897740)|STATEMENT_EXECUTE|[52]
17:48:03.17 (18899125)|STATEMENT_EXECUTE|[53]
17:48:03.17 (18919755)|VARIABLE_ASSIGNMENT|[EXTERNAL]|this|{"debug":true,"input":"{\"mode\":\"fetchUserDa (4 more) ...","operation":"GameizeController"}|0x4bfc32d1
17:48:03.17 (18927971)|METHOD_ENTRY|[53]||System.JSON.deserializeUntyped(String)
17:48:03.17 (19067830)|METHOD_EXIT|[53]||System.JSON.deserializeUntyped(String)
17:48:03.17 (19078388)|VARIABLE_SCOPE_BEGIN|[53]|inputMap|Map<String,ANY>|true|false
17:48:03.17 (19101754)|VARIABLE_ASSIGNMENT|[53]|inputMap|{"s":1,"v":{"mode":"fetchUserData"}}|0x64bd2f4d
17:48:03.17 (19105206)|STATEMENT_EXECUTE|[54]
17:48:03.17 (19120604)|ENTERING_MANAGED_PKG|
17:48:03.17 (19129044)|METHOD_EXIT|[7]|01p41000000CNQH|gameize.ETLC_ApexBridge_Data.getInputValue(String)
17:48:03.17 (19135220)|VARIABLE_SCOPE_BEGIN|[7]|mode|String|false|false
17:48:03.17 (19141346)|VARIABLE_ASSIGNMENT|[7]|mode|"fetchUserData"
17:48:03.17 (19156242)|STATEMENT_EXECUTE|[8]
17:48:03.17 (19157434)|STATEMENT_EXECUTE|[9]
17:48:03.17 (19203856)|HEAP_ALLOCATE|[9]|Bytes:85
17:48:03.17 (19220312)|SYSTEM_METHOD_ENTRY|[1]|UserInfo.UserInfo()
17:48:03.17 (19223390)|STATEMENT_EXECUTE|[1]
17:48:03.17 (19231549)|SYSTEM_METHOD_EXIT|[1]|UserInfo
17:48:03.17 (19240882)|METHOD_ENTRY|[9]||System.UserInfo.getUserId()
17:48:03.17 (19271894)|METHOD_EXIT|[9]||System.UserInfo.getUserId()
17:48:03.17 (19281708)|HEAP_ALLOCATE|[9]|Bytes:4
17:48:03.17 (19295764)|METHOD_ENTRY|[9]|01p41000000CQtU|gameize.GameizeController.fetchUserData(Id)
17:48:03.17 (19301646)|VARIABLE_SCOPE_BEGIN|[21]|this|gameize.GameizeController|true|false
17:48:03.17 (19315410)|VARIABLE_ASSIGNMENT|[21]|this|{}|0x7e5ae97c
17:48:03.17 (19318611)|VARIABLE_SCOPE_BEGIN|[21]|userId|Id|false|false
17:48:03.17 (19372769)|VARIABLE_ASSIGNMENT|[21]|userId|"00541000000Hq4oAAC"
17:48:03.17 (19381761)|HEAP_ALLOCATE|[22]|Bytes:5
17:48:03.17 (19385970)|STATEMENT_EXECUTE|[21]
17:48:03.17 (19387274)|STATEMENT_EXECUTE|[22]
17:48:03.17 (19399630)|VARIABLE_SCOPE_BEGIN|[22]|returnData|String|false|false
17:48:03.17 (19405826)|VARIABLE_ASSIGNMENT|[22]|returnData|null
17:48:03.17 (19407635)|STATEMENT_EXECUTE|[23]
17:48:03.17 (19408677)|STATEMENT_EXECUTE|[23]
17:48:03.17 (19409813)|STATEMENT_EXECUTE|[24]
17:48:03.17 (19414363)|HEAP_ALLOCATE|[24]|Bytes:109
17:48:03.17 (19425318)|HEAP_ALLOCATE|[24]|Bytes:4
17:48:03.17 (19431022)|HEAP_ALLOCATE|[24]|Bytes:7
17:48:03.17 (20661447)|SOQL_EXECUTE_BEGIN|[24]|Aggregations:0|SELECT ID, gameize__dataFavorite__c, gameize__dataHistory__c FROM Gameize__c WHERE User__c = :tmpVar1 LIMIT 1
17:48:03.17 (26026414)|SOQL_EXECUTE_END|[24]|Rows:1
17:48:03.17 (26058752)|HEAP_ALLOCATE|[24]|Bytes:8
17:48:03.17 (26072566)|HEAP_ALLOCATE|[24]|Bytes:1347
17:48:03.17 (26151314)|HEAP_ALLOCATE|[24]|Bytes:8
17:48:03.17 (26174946)|VARIABLE_SCOPE_BEGIN|[24]|records|List<gameize__Gameize__c>|true|false
17:48:03.17 (26221906)|VARIABLE_ASSIGNMENT|[24]|records|{"s":1,"v":[{"s":2,"v":{"Id":"a0041000000j7nTAAQ","gameize__dataFavorit (4 more) ...":"[{\"name\":\"Hangman\",\" (27 more) ...","gameize__dataHistory (3 more) ...":"[{\"name\":\"Hangman\",\" (1192 more) ..."}}]}|0x567e43a
17:48:03.17 (26309656)|ENTERING_MANAGED_PKG|
17:48:03.17 (26342514)|STATEMENT_EXECUTE|[25]
17:48:03.17 (26345637)|STATEMENT_EXECUTE|[27]
17:48:03.17 (29249085)|HEAP_ALLOCATE|[27]|Bytes:9
17:48:03.17 (29255963)|HEAP_ALLOCATE|[27]|Bytes:29
17:48:03.17 (29258428)|HEAP_ALLOCATE|[27]|Bytes:21
17:48:03.17 (29283453)|METHOD_ENTRY|[7]|01p41000000CNQM|ETLC_SecuredDB.ETLC_SecuredDB()
17:48:03.17 (29287452)|STATEMENT_EXECUTE|[7]
17:48:03.17 (29292565)|STATEMENT_EXECUTE|[7]
17:48:03.17 (29297631)|HEAP_ALLOCATE|[27]|Bytes:5
17:48:03.17 (29307399)|METHOD_EXIT|[7]|ETLC_SecuredDB
17:48:03.17 (29333543)|METHOD_ENTRY|[27]|01p41000000CNQM|gameize.ETLC_SecuredDB.validateQuery(List<SObject>)
17:48:03.17 (29356946)|VARIABLE_SCOPE_BEGIN|[28]|dbRecords|List<SObject>|true|false
17:48:03.17 (29382586)|VARIABLE_ASSIGNMENT|[28]|dbRecords|{"s":1,"v":[{"s":2,"v":{"Id":"a0041000000j7nTAAQ","gameize__dataFavorit (4 more) ...":"[{\"name\":\"Hangman\",\" (27 more) ...","gameize__dataHistory (3 more) ...":"[{\"name\":\"Hangman\",\" (1192 more) ..."}}]}|0x567e43a
17:48:03.17 (29390977)|HEAP_ALLOCATE|[29]|Bytes:5
17:48:03.17 (29394708)|STATEMENT_EXECUTE|[28]
17:48:03.17 (29396059)|STATEMENT_EXECUTE|[29]
17:48:03.17 (29619427)|HEAP_ALLOCATE|[29]|Bytes:12
17:48:03.17 (29625269)|HEAP_ALLOCATE|[29]|Bytes:8
17:48:03.17 (29673882)|HEAP_ALLOCATE|[29]|Bytes:12
17:48:03.17 (29677025)|HEAP_ALLOCATE|[29]|Bytes:9
17:48:03.17 (29685931)|HEAP_ALLOCATE|[29]|Bytes:12
17:48:03.17 (29687714)|HEAP_ALLOCATE|[29]|Bytes:8
17:48:03.17 (29696375)|HEAP_ALLOCATE|[29]|Bytes:12
17:48:03.17 (29698280)|HEAP_ALLOCATE|[29]|Bytes:8
17:48:03.17 (29705913)|HEAP_ALLOCATE|[29]|Bytes:12
17:48:03.17 (29707769)|HEAP_ALLOCATE|[29]|Bytes:9
17:48:03.17 (29733080)|METHOD_ENTRY|[29]|01p41000000CNQM|gameize.ETLC_SecuredDB.findFields(List<SObject>)
17:48:03.17 (29787583)|VARIABLE_SCOPE_BEGIN|[108]|dbRecords|List<SObject>|true|false
17:48:03.17 (29811495)|VARIABLE_ASSIGNMENT|[108]|dbRecords|{"s":1,"v":[{"s":2,"v":{"Id":"a0041000000j7nTAAQ","gameize__dataFavorit (4 more) ...":"[{\"name\":\"Hangman\",\" (27 more) ...","gameize__dataHistory (3 more) ...":"[{\"name\":\"Hangman\",\" (1192 more) ..."}}]}|0x567e43a
17:48:03.17 (29820110)|HEAP_ALLOCATE|[109]|Bytes:5
17:48:03.17 (29823835)|STATEMENT_EXECUTE|[108]
17:48:03.17 (29825240)|STATEMENT_EXECUTE|[109]
17:48:03.17 (29838930)|VARIABLE_SCOPE_BEGIN|[109]|strJSON|String|false|false
17:48:03.17 (29845055)|VARIABLE_ASSIGNMENT|[109]|strJSON|null
17:48:03.17 (29847047)|STATEMENT_EXECUTE|[110]
17:48:03.17 (29852789)|VARIABLE_SCOPE_BEGIN|[110]|mapFields|Map<String,Set<String>>|true|false
17:48:03.17 (29857237)|VARIABLE_ASSIGNMENT|[110]|mapFields|null|
17:48:03.17 (29858984)|STATEMENT_EXECUTE|[112]
17:48:03.17 (29866880)|METHOD_ENTRY|[112]||System.JSON.serialize(Object)
17:48:03.17 (30246221)|METHOD_EXIT|[112]||System.JSON.serialize(Object)
17:48:03.17 (30263177)|VARIABLE_ASSIGNMENT|[112]|strJSON|"[{\"attributes\":{\"typ (1598 more) ..."
17:48:03.17 (30266829)|STATEMENT_EXECUTE|[113]
17:48:03.17 (30276213)|HEAP_ALLOCATE|[113]|Bytes:5
17:48:03.17 (30284668)|HEAP_ALLOCATE|[113]|Bytes:1623
17:48:03.17 (30298753)|ENTERING_MANAGED_PKG|
17:48:03.17 (30320615)|USER_DEBUG|[113]|DEBUG|JSON:[{"attributes":{"type":"gameize__Gameize__c","url":"/services/data/v37.0/sobjects/gameize__Gameize__c/a0041000000j7nTAAQ"},"Id":"a0041000000j7nTAAQ","gameize__dataFavorite__c":"[{\"name\":\"Hangman\",\"cmpname\":\"Hangman\",\"id\":2}]","gameize__dataHistory__c":"[{\"name\":\"Hangman\",\"cmpname\":\"Hangman\",\"datePlayed\":\"Mon Aug 08 2016 15:45:16 GMT-0400 (Eastern Daylight Time)\",\"id\":2},{\"name\":\"Hangman\",\"cmpname\":\"Hangman\",\"datePlayed\":\"Mon Aug 08 2016 15:45:23 GMT-0400 (Eastern Daylight Time)\",\"id\":2},{\"name\":\"Age Counter\",\"cmpname\":\"AgeCounter\",\"datePlayed\":\"Mon Aug 08 2016 15:45:26 GMT-0400 (Eastern Daylight Time)\",\"id\":1},{\"name\":\"Hangman\",\"cmpname\":\"Hangman\",\"datePlayed\":\"Mon Aug 08 2016 15:45:31 GMT-0400 (Eastern Daylight Time)\",\"id\":2},{\"name\":\"Age Counter\",\"cmpname\":\"AgeCounter\",\"datePlayed\":\"Mon Aug 08 2016 15:48:19 GMT-0400 (Eastern Daylight Time)\",\"id\":1},{\"name\":\"Hangman\",\"cmpname\":\"Hangman\",\"datePlayed\":\"Mon Aug 08 2016 15:48:22 GMT-0400 (Eastern Daylight Time)\",\"id\":2},{\"name\":\"Hangman\",\"cmpname\":\"Hangman\",\"datePlayed\":\"Mon Aug 08 2016 15:48:28 GMT-0400 (Eastern Daylight Time)\",\"id\":2},{\"name\":\"Hangman\",\"cmpname\":\"Hangman\",\"datePlayed\":\"Mon Aug 08 2016 15:48:31 GMT-0400 (Eastern Daylight Time)\",\"id\":2},{\"name\":\"Age Counter\",\"cmpname\":\"AgeCounter\",\"datePlayed\":\"Mon Aug 08 2016 15:48:34 GMT-0400 (Eastern Daylight Time)\",\"id\":1},{\"name\":\"Hangman\",\"cmpname\":\"Hangman\",\"datePlayed\":\"Mon Aug 08 2016 15:48:42 GMT-0400 (Eastern Daylight Time)\",\"id\":2}]"}]
17:48:03.17 (30334532)|STATEMENT_EXECUTE|[114]
17:48:03.17 (30342003)|HEAP_ALLOCATE|[114]|Bytes:4
17:48:03.17 (30369247)|VARIABLE_ASSIGNMENT|[114]|mapFields|{"s":1,"v":{}}|0x18df50b1
17:48:03.17 (30372145)|STATEMENT_EXECUTE|[115]
17:48:03.17 (30381839)|METHOD_ENTRY|[115]||System.JSON.deserializeUntyped(String)
17:48:03.17 (30740908)|METHOD_EXIT|[115]||System.JSON.deserializeUntyped(String)
17:48:03.17 (30752045)|VARIABLE_SCOPE_BEGIN|[115]|records|List<ANY>|true|false
17:48:03.17 (30778667)|HEAP_ALLOCATE|[EXTERNAL]|Bytes:8
17:48:03.17 (30810302)|VARIABLE_ASSIGNMENT|[115]|records|{"s":1,"v":[{"s":2,"v":{"attributes":{"s":3,"v":{"type":"gameize__Gameize__c","url":"/services/data/v37.0 (48 more) ..."}},"Id":"a0041000000j7nTAAQ","gameize__dataFavorit (4 more) ...":"[{\"name\":\"Hangman\",\" (27 more) ...","gameize__dataHistory (3 more) ...":"[{\"name\":\"Hangman\",\" (1192 more) ..."}}]}|0x68b9c029
17:48:03.17 (30828749)|ENTERING_MANAGED_PKG|
17:48:03.17 (30855014)|HEAP_ALLOCATE|[116]|Bytes:5
17:48:03.17 (30867415)|HEAP_ALLOCATE|[116]|Bytes:20
17:48:03.17 (30877579)|VARIABLE_SCOPE_BEGIN|[116]|record|Object|false|false
17:48:03.17 (30904709)|VARIABLE_ASSIGNMENT|[116]|record|{"s":1,"v":{"attributes":{"s":2,"v":{"type":"gameize__Gameize__c","url":"/services/data/v37.0 (48 more) ..."}},"Id":"a0041000000j7nTAAQ","gameize__dataFavorit (4 more) ...":"[{\"name\":\"Hangman\",\" (27 more) ...","gameize__dataHistory (3 more) ...":"[{\"name\":\"Hangman\",\" (1192 more) ..."}}
17:48:03.17 (30909607)|STATEMENT_EXECUTE|[116]
17:48:03.17 (30911110)|STATEMENT_EXECUTE|[117]
17:48:03.17 (30931421)|METHOD_ENTRY|[117]|01p41000000CNQM|gameize.ETLC_SecuredDB.findFieldsRecursive(Map<String,Set<String>>, Map<String,ANY>)
17:48:03.17 (30950593)|VARIABLE_SCOPE_BEGIN|[124]|mapFields|Map<String,Set<String>>|true|false
17:48:03.17 (30963575)|VARIABLE_ASSIGNMENT|[124]|mapFields|{"s":1,"v":{}}|0x18df50b1
17:48:03.17 (30966793)|VARIABLE_SCOPE_BEGIN|[124]|record|Map<String,ANY>|true|false
17:48:03.17 (30983588)|VARIABLE_ASSIGNMENT|[124]|record|{"s":1,"v":{"attributes":{"s":2,"v":{"type":"gameize__Gameize__c","url":"/services/data/v37.0 (48 more) ..."}},"Id":"a0041000000j7nTAAQ","gameize__dataFavorit (4 more) ...":"[{\"name\":\"Hangman\",\" (27 more) ...","gameize__dataHistory (3 more) ...":"[{\"name\":\"Hangman\",\" (1192 more) ..."}}|0x24af8f2
17:48:03.17 (30991939)|HEAP_ALLOCATE|[125]|Bytes:5
17:48:03.17 (30995834)|STATEMENT_EXECUTE|[124]
17:48:03.17 (30997085)|STATEMENT_EXECUTE|[125]
17:48:03.17 (31003211)|HEAP_ALLOCATE|[125]|Bytes:10
17:48:03.17 (31010409)|VARIABLE_SCOPE_BEGIN|[125]|strAttributes|String|false|false
17:48:03.17 (31017159)|VARIABLE_ASSIGNMENT|[125]|strAttributes|"attributes"
17:48:03.17 (31019054)|STATEMENT_EXECUTE|[126]
17:48:03.17 (31022693)|HEAP_ALLOCATE|[126]|Bytes:7
17:48:03.17 (31026310)|VARIABLE_SCOPE_BEGIN|[126]|strRecord|String|false|false
17:48:03.17 (31030438)|VARIABLE_ASSIGNMENT|[126]|strRecord|"records"
17:48:03.17 (31042627)|ENTERING_MANAGED_PKG|
17:48:03.17 (31069171)|STATEMENT_EXECUTE|[127]
17:48:03.17 (31070750)|STATEMENT_EXECUTE|[128]
17:48:03.17 (31080869)|ENTERING_MANAGED_PKG|
17:48:03.17 (31104779)|VARIABLE_SCOPE_BEGIN|[128]|attributes|Map<String,ANY>|true|false
17:48:03.17 (31121517)|VARIABLE_ASSIGNMENT|[128]|attributes|{"s":1,"v":{"type":"gameize__Gameize__c","url":"/services/data/v37.0 (48 more) ..."}}|0x74618c2a
17:48:03.17 (31124697)|STATEMENT_EXECUTE|[129]
17:48:03.17 (31130750)|HEAP_ALLOCATE|[129]|Bytes:4
17:48:03.17 (31139211)|ENTERING_MANAGED_PKG|
17:48:03.17 (31160168)|VARIABLE_SCOPE_BEGIN|[129]|objectName|String|false|false
17:48:03.17 (31166952)|VARIABLE_ASSIGNMENT|[129]|objectName|"gameize__Gameize__c"
17:48:03.17 (31179001)|HEAP_ALLOCATE|[130]|Bytes:4
17:48:03.17 (31191518)|ENTERING_MANAGED_PKG|
17:48:03.17 (31212381)|ENTERING_MANAGED_PKG|
17:48:03.17 (31241458)|HEAP_ALLOCATE|[130]|Bytes:79
17:48:03.17 (31253396)|ENTERING_MANAGED_PKG|
17:48:03.17 (31257126)|HEAP_ALLOCATE|[130]|Bytes:16
17:48:03.17 (31263002)|ENTERING_MANAGED_PKG|
17:48:03.17 (31275767)|HEAP_ALLOCATE|[130]|Bytes:5
17:48:03.17 (31289090)|VARIABLE_SCOPE_BEGIN|[130]|fieldName|String|false|false
17:48:03.17 (31296177)|VARIABLE_ASSIGNMENT|[130]|fieldName|"attributes"
17:48:03.17 (31298877)|STATEMENT_EXECUTE|[130]
17:48:03.17 (31300084)|STATEMENT_EXECUTE|[131]
17:48:03.17 (31312335)|ENTERING_MANAGED_PKG|
17:48:03.17 (31339288)|VARIABLE_SCOPE_BEGIN|[131]|field|Object|false|false
17:48:03.17 (31358353)|VARIABLE_ASSIGNMENT|[131]|field|{"s":1,"v":{"type":"gameize__Gameize__c","url":"/services/data/v37.0 (48 more) ..."}}
17:48:03.17 (31375807)|STATEMENT_EXECUTE|[132]
17:48:03.17 (31388377)|HEAP_ALLOCATE|[130]|Bytes:5
17:48:03.17 (31399203)|VARIABLE_SCOPE_BEGIN|[130]|fieldName|String|false|false
17:48:03.17 (31405170)|VARIABLE_ASSIGNMENT|[130]|fieldName|"Id"
17:48:03.17 (31407252)|STATEMENT_EXECUTE|[130]
17:48:03.17 (31408363)|STATEMENT_EXECUTE|[131]
17:48:03.17 (31418606)|ENTERING_MANAGED_PKG|
17:48:03.17 (31427748)|VARIABLE_SCOPE_BEGIN|[131]|field|Object|false|false
17:48:03.17 (31434644)|VARIABLE_ASSIGNMENT|[131]|field|"a0041000000j7nTAAQ"
17:48:03.17 (31442494)|HEAP_ALLOCATE|[134]|Bytes:68
17:48:03.17 (31456637)|STATEMENT_EXECUTE|[136]
17:48:03.17 (31457903)|STATEMENT_EXECUTE|[137]
17:48:03.17 (31465071)|HEAP_ALLOCATE|[137]|Bytes:4
17:48:03.17 (31477060)|ENTERING_MANAGED_PKG|
17:48:03.17 (31497871)|VARIABLE_SCOPE_BEGIN|[137]|fieldNames|Set<String>|true|false
17:48:03.17 (31518579)|VARIABLE_ASSIGNMENT|[137]|fieldNames|{"s":1,"v":[]}|0x304722b5
17:48:03.17 (31529723)|ENTERING_MANAGED_PKG|
17:48:03.17 (31551996)|STATEMENT_EXECUTE|[138]
17:48:03.17 (31557135)|STATEMENT_EXECUTE|[139]
17:48:03.17 (31566875)|ENTERING_MANAGED_PKG|
17:48:03.17 (31579658)|HEAP_ALLOCATE|[EXTERNAL]|Bytes:4
17:48:03.17 (31584948)|STATEMENT_EXECUTE|[140]
17:48:03.17 (31594226)|ENTERING_MANAGED_PKG|
17:48:03.17 (31616192)|HEAP_ALLOCATE|[EXTERNAL]|Bytes:-4
17:48:03.17 (31627436)|HEAP_ALLOCATE|[130]|Bytes:5
17:48:03.17 (31639174)|VARIABLE_SCOPE_BEGIN|[130]|fieldName|String|false|false
17:48:03.17 (31647365)|VARIABLE_ASSIGNMENT|[130]|fieldName|"gameize__dataFavorit (4 more) ..."
17:48:03.17 (31650081)|STATEMENT_EXECUTE|[130]
17:48:03.17 (31651171)|STATEMENT_EXECUTE|[131]
17:48:03.17 (31662344)|ENTERING_MANAGED_PKG|
17:48:03.17 (31671699)|VARIABLE_SCOPE_BEGIN|[131]|field|Object|false|false
17:48:03.17 (31679781)|VARIABLE_ASSIGNMENT|[131]|field|"[{\"name\":\"Hangman\",\" (27 more) ..."
17:48:03.17 (31693401)|STATEMENT_EXECUTE|[136]
17:48:03.17 (31694641)|STATEMENT_EXECUTE|[137]
17:48:03.17 (31700616)|HEAP_ALLOCATE|[137]|Bytes:4
17:48:03.17 (31709637)|ENTERING_MANAGED_PKG|
17:48:03.17 (31716390)|VARIABLE_SCOPE_BEGIN|[137]|fieldNames|Set<String>|true|false
17:48:03.17 (31732717)|VARIABLE_ASSIGNMENT|[137]|fieldNames|{"s":1,"v":[]}|0x651fd127
17:48:03.17 (31739876)|ENTERING_MANAGED_PKG|
17:48:03.17 (31747543)|STATEMENT_EXECUTE|[138]
17:48:03.17 (31755327)|ENTERING_MANAGED_PKG|
17:48:03.17 (31772702)|VARIABLE_ASSIGNMENT|[138]|fieldNames|{"s":1,"v":["Id"]}|0x304722b5
17:48:03.17 (31775318)|STATEMENT_EXECUTE|[139]
17:48:03.17 (31783086)|ENTERING_MANAGED_PKG|
17:48:03.17 (31785204)|HEAP_ALLOCATE|[EXTERNAL]|Bytes:4
17:48:03.17 (31789252)|STATEMENT_EXECUTE|[140]
17:48:03.17 (31794596)|ENTERING_MANAGED_PKG|
17:48:03.17 (31810779)|HEAP_ALLOCATE|[130]|Bytes:5
17:48:03.17 (31820863)|VARIABLE_SCOPE_BEGIN|[130]|fieldName|String|false|false
17:48:03.17 (31828293)|VARIABLE_ASSIGNMENT|[130]|fieldName|"gameize__dataHistory (3 more) ..."
17:48:03.17 (31830739)|STATEMENT_EXECUTE|[130]
17:48:03.17 (31831839)|STATEMENT_EXECUTE|[131]
17:48:03.17 (31840309)|ENTERING_MANAGED_PKG|
17:48:03.17 (31849068)|VARIABLE_SCOPE_BEGIN|[131]|field|Object|false|false
17:48:03.17 (31857825)|VARIABLE_ASSIGNMENT|[131]|field|"[{\"name\":\"Hangman\",\" (1192 more) ..."
17:48:03.17 (31870713)|STATEMENT_EXECUTE|[136]
17:48:03.17 (31871944)|STATEMENT_EXECUTE|[137]
17:48:03.17 (31878022)|HEAP_ALLOCATE|[137]|Bytes:4
17:48:03.17 (31885820)|ENTERING_MANAGED_PKG|
17:48:03.17 (31892137)|VARIABLE_SCOPE_BEGIN|[137]|fieldNames|Set<String>|true|false
17:48:03.17 (31906595)|VARIABLE_ASSIGNMENT|[137]|fieldNames|{"s":1,"v":[]}|0x1d670172
17:48:03.17 (31912845)|ENTERING_MANAGED_PKG|
17:48:03.17 (31920378)|STATEMENT_EXECUTE|[138]
17:48:03.17 (31927103)|ENTERING_MANAGED_PKG|
17:48:03.17 (31943953)|VARIABLE_ASSIGNMENT|[138]|fieldNames|{"s":1,"v":["Id","gameize__dataFavorit (4 more) ..."]}|0x304722b5
17:48:03.17 (31947030)|STATEMENT_EXECUTE|[139]
17:48:03.17 (31954281)|ENTERING_MANAGED_PKG|
17:48:03.17 (31956323)|HEAP_ALLOCATE|[EXTERNAL]|Bytes:4
17:48:03.17 (31960018)|STATEMENT_EXECUTE|[140]
17:48:03.17 (31965307)|ENTERING_MANAGED_PKG|
17:48:03.17 (31980865)|HEAP_ALLOCATE|[130]|Bytes:5
17:48:03.17 (31991205)|VARIABLE_ASSIGNMENT|[130]|fieldName|null
17:48:03.17 (31999193)|METHOD_EXIT|[117]|01p41000000CNQM|gameize.ETLC_SecuredDB.findFieldsRecursive(Map<String,Set<String>>, Map<String,ANY>)
17:48:03.17 (32006175)|HEAP_ALLOCATE|[116]|Bytes:5
17:48:03.17 (32017428)|VARIABLE_ASSIGNMENT|[116]|record|null
17:48:03.17 (32022240)|HEAP_ALLOCATE|[119]|Bytes:4
17:48:03.17 (32032151)|ENTERING_MANAGED_PKG|
17:48:03.17 (32050246)|ENTERING_MANAGED_PKG|
17:48:03.17 (32063041)|HEAP_ALLOCATE|[119]|Bytes:27
17:48:03.17 (32072030)|ENTERING_MANAGED_PKG|
17:48:03.17 (32075194)|HEAP_ALLOCATE|[119]|Bytes:4
17:48:03.17 (32080669)|ENTERING_MANAGED_PKG|
17:48:03.17 (32090898)|HEAP_ALLOCATE|[119]|Bytes:5
17:48:03.17 (32103057)|VARIABLE_SCOPE_BEGIN|[119]|objectName|String|false|false
17:48:03.17 (32110157)|VARIABLE_ASSIGNMENT|[119]|objectName|"gameize__Gameize__c"
17:48:03.17 (32113049)|STATEMENT_EXECUTE|[119]
17:48:03.17 (32114167)|STATEMENT_EXECUTE|[120]
17:48:03.17 (32120502)|HEAP_ALLOCATE|[120]|Bytes:2
17:48:03.17 (32128372)|ENTERING_MANAGED_PKG|
17:48:03.17 (32167061)|ENTERING_MANAGED_PKG|
17:48:03.17 (32182393)|HEAP_ALLOCATE|[120]|Bytes:55
17:48:03.17 (32194495)|HEAP_ALLOCATE|[120]|Bytes:76
17:48:03.17 (32202580)|ENTERING_MANAGED_PKG|
17:48:03.17 (32211295)|USER_DEBUG|[120]|DEBUG|gameize__Gameize__c: {Id, gameize__dataFavorite__c, gameize__dataHistory__c}
17:48:03.17 (32221981)|HEAP_ALLOCATE|[119]|Bytes:5
17:48:03.17 (32233212)|VARIABLE_ASSIGNMENT|[119]|objectName|null
17:48:03.17 (32236148)|STATEMENT_EXECUTE|[122]
17:48:03.17 (32245954)|METHOD_EXIT|[29]|01p41000000CNQM|gameize.ETLC_SecuredDB.findFields(List<SObject>)
17:48:03.17 (32259693)|METHOD_ENTRY|[29]|01p41000000CNQM|gameize.ETLC_SecuredDB.validate(gameize.ETLC_SecuredDB.Operation, Map<String,Set<String>>)
17:48:03.17 (32266243)|VARIABLE_SCOPE_BEGIN|[55]|op|gameize.ETLC_SecuredDB.Operation|true|false
17:48:03.17 (32280489)|VARIABLE_ASSIGNMENT|[55]|op|"Querying"|0x4a3d752a
17:48:03.17 (32284006)|VARIABLE_SCOPE_BEGIN|[55]|mapFieldNames|Map<String,Set<String>>|true|false
17:48:03.17 (32306269)|VARIABLE_ASSIGNMENT|[55]|mapFieldNames|{"s":1,"v":{"gameize__Gameize__c":{"s":2,"v":["Id","gameize__dataFavorit (4 more) ...","gameize__dataHistory (3 more) ..."]}}}|0x18df50b1
17:48:03.17 (32313496)|HEAP_ALLOCATE|[56]|Bytes:5
17:48:03.17 (32316593)|STATEMENT_EXECUTE|[55]
17:48:03.17 (32317872)|STATEMENT_EXECUTE|[56]
17:48:03.17 (32326826)|VARIABLE_SCOPE_BEGIN|[56]|securityMessage|String|false|false
17:48:03.17 (32332320)|VARIABLE_ASSIGNMENT|[56]|securityMessage|null
17:48:03.17 (32334037)|STATEMENT_EXECUTE|[57]
17:48:03.17 (32352153)|ENTERING_MANAGED_PKG|
17:48:03.17 (41462321)|HEAP_ALLOCATE|[57]|Bytes:1256
17:48:03.17 (41478713)|VARIABLE_SCOPE_BEGIN|[57]|mapObjects|Map<String,Schema.SObjectType>|true|false
17:48:03.17 (41656697)|VARIABLE_ASSIGNMENT|[57]|mapObjects|"{acceptedeventrelation=AcceptedEventRelation, account=Account, accountcontactrole=AccountContactRole, accounthistory=AccountHistory, accountpartner=AccountPartner, accountshare=AccountShare, actionlinkgrouptemplate=ActionLinkGroupTemplate, actionlinktemplate=ActionLinkTemplate, activityhistory=ActivityHistory, additionalnumber=AdditionalNumber, ...}"|0x513013a3
17:48:03.17 (41666075)|HEAP_ALLOCATE|[58]|Bytes:4
17:48:03.17 (41680829)|ENTERING_MANAGED_PKG|
17:48:03.17 (41704781)|ENTERING_MANAGED_PKG|
17:48:03.17 (41719490)|HEAP_ALLOCATE|[58]|Bytes:27
17:48:03.17 (41730038)|ENTERING_MANAGED_PKG|
17:48:03.17 (41733732)|HEAP_ALLOCATE|[58]|Bytes:4
17:48:03.17 (41739277)|ENTERING_MANAGED_PKG|
17:48:03.17 (41750043)|HEAP_ALLOCATE|[58]|Bytes:5
17:48:03.17 (41764168)|VARIABLE_SCOPE_BEGIN|[58]|sObjectName|String|false|false
17:48:03.17 (41773028)|VARIABLE_ASSIGNMENT|[58]|sObjectName|"gameize__Gameize__c"
17:48:03.17 (41776332)|STATEMENT_EXECUTE|[58]
17:48:03.17 (41778016)|STATEMENT_EXECUTE|[59]
17:48:03.17 (41787189)|HEAP_ALLOCATE|[59]|Bytes:9
17:48:03.17 (41790299)|HEAP_ALLOCATE|[59]|Bytes:7
17:48:03.17 (41804496)|ENTERING_MANAGED_PKG|
17:48:03.17 (41831723)|HEAP_ALLOCATE|[59]|Bytes:8
17:48:03.17 (41839602)|HEAP_ALLOCATE|[59]|Bytes:1
17:48:03.17 (41850779)|HEAP_ALLOCATE|[59]|Bytes:44
17:48:03.17 (41861033)|VARIABLE_ASSIGNMENT|[59]|securityMessage|"CRUD on [gameize__Ga (24 more) ..."
17:48:03.17 (41863695)|STATEMENT_EXECUTE|[60]
17:48:03.17 (41870263)|HEAP_ALLOCATE|[60]|Bytes:10
17:48:03.17 (41874236)|HEAP_ALLOCATE|[60]|Bytes:54
17:48:03.17 (41886016)|ENTERING_MANAGED_PKG|
17:48:03.17 (41904540)|USER_DEBUG|[60]|DEBUG|Checking: CRUD on [gameize__Gameize__c] for [Querying]
17:48:03.17 (41910637)|STATEMENT_EXECUTE|[61]
17:48:03.17 (41923472)|ENTERING_MANAGED_PKG|
17:48:03.17 (42192175)|HEAP_ALLOCATE|[61]|Bytes:4
17:48:03.17 (42229707)|VARIABLE_SCOPE_BEGIN|[61]|drSObj|Schema.DescribeSObjectResult|true|false
17:48:03.17 (42302949)|VARIABLE_ASSIGNMENT|[61]|drSObj|"common.api.soap.wsdl.DescribeSObjectResult@53f8aaa0"|0x49ea490f
17:48:03.17 (42420845)|STATEMENT_EXECUTE|[64]
17:48:03.17 (42439997)|STATEMENT_EXECUTE|[65]
17:48:03.17 (42482157)|STATEMENT_EXECUTE|[77]
17:48:03.17 (42484021)|STATEMENT_EXECUTE|[79]
17:48:03.17 (42695600)|HEAP_ALLOCATE|[79]|Bytes:60
17:48:03.17 (42708935)|VARIABLE_SCOPE_BEGIN|[79]|mapFields|Map<String,Schema.SObjectField>|true|false
17:48:03.17 (42857988)|VARIABLE_ASSIGNMENT|[79]|mapFields|"{createdbyid=CreatedById, createddate=CreatedDate, gameize__datafavorite__c=gameize__dataFavorite__c, gameize__datahistory__c=gameize__dataHistory__c, gameize__user__c=gameize__User__c, id=Id, isdeleted=IsDeleted, lastmodifiedbyid=LastModifiedById, lastmodifieddate=LastModifiedDate, lastreferenceddate=LastReferencedDate, ...}"|0x5d6f73fd
17:48:03.17 (42867955)|HEAP_ALLOCATE|[80]|Bytes:4
17:48:03.17 (42880751)|ENTERING_MANAGED_PKG|
17:48:03.17 (42903053)|ENTERING_MANAGED_PKG|
17:48:03.17 (42916609)|ENTERING_MANAGED_PKG|
17:48:03.17 (42920945)|HEAP_ALLOCATE|[80]|Bytes:12
17:48:03.17 (42927168)|ENTERING_MANAGED_PKG|
17:48:03.17 (42938576)|HEAP_ALLOCATE|[80]|Bytes:5
17:48:03.17 (42952362)|VARIABLE_SCOPE_BEGIN|[80]|fieldName|String|false|false
17:48:03.17 (42960619)|VARIABLE_ASSIGNMENT|[80]|fieldName|"Id"
17:48:03.17 (42963972)|STATEMENT_EXECUTE|[80]
17:48:03.17 (42965507)|STATEMENT_EXECUTE|[81]
17:48:03.17 (42979465)|ENTERING_MANAGED_PKG|
17:48:03.17 (43464747)|HEAP_ALLOCATE|[81]|Bytes:8
17:48:03.17 (43496828)|VARIABLE_SCOPE_BEGIN|[81]|drField|Schema.DescribeFieldResult|true|false
17:48:03.17 (43566370)|VARIABLE_ASSIGNMENT|[81]|drField|"common.api.soap.wsdl.Field@adb2b01"|0x545e6380
17:48:03.17 (43585490)|STATEMENT_EXECUTE|[99]
17:48:03.17 (43587170)|STATEMENT_EXECUTE|[100]
17:48:03.17 (43596626)|HEAP_ALLOCATE|[100]|Bytes:22
17:48:03.17 (43600163)|HEAP_ALLOCATE|[100]|Bytes:1
17:48:03.17 (43617788)|ENTERING_MANAGED_PKG|
17:48:03.17 (43643637)|HEAP_ALLOCATE|[100]|Bytes:8
17:48:03.17 (43664769)|HEAP_ALLOCATE|[100]|Bytes:59
17:48:03.17 (43667924)|HEAP_ALLOCATE|[100]|Bytes:35
17:48:03.17 (43671204)|HEAP_ALLOCATE|[100]|Bytes:94
17:48:03.17 (43681834)|ENTERING_MANAGED_PKG|
17:48:03.17 (43690854)|USER_DEBUG|[100]|DEBUG|Bypass Check: FLS on [gameize__Gameize__c.Id] for [Querying] since it's not isPermissionable()
17:48:03.17 (43703401)|HEAP_ALLOCATE|[80]|Bytes:5
17:48:03.17 (43716483)|VARIABLE_SCOPE_BEGIN|[80]|fieldName|String|false|false
17:48:03.17 (43726300)|VARIABLE_ASSIGNMENT|[80]|fieldName|"gameize__dataFavorit (4 more) ..."
17:48:03.17 (43729579)|STATEMENT_EXECUTE|[80]
17:48:03.17 (43730815)|STATEMENT_EXECUTE|[81]
17:48:03.17 (43742871)|ENTERING_MANAGED_PKG|
17:48:03.17 (44185376)|HEAP_ALLOCATE|[81]|Bytes:8
17:48:03.17 (44200507)|VARIABLE_SCOPE_BEGIN|[81]|drField|Schema.DescribeFieldResult|true|false
17:48:03.17 (44264469)|VARIABLE_ASSIGNMENT|[81]|drField|"common.api.soap.wsdl.Field@7e14df23"|0x4718f278
17:48:03.17 (44274916)|STATEMENT_EXECUTE|[82]
17:48:03.17 (44276339)|STATEMENT_EXECUTE|[83]
17:48:03.17 (44285735)|HEAP_ALLOCATE|[83]|Bytes:8
17:48:03.17 (44304990)|ENTERING_MANAGED_PKG|
17:48:03.17 (44330812)|HEAP_ALLOCATE|[83]|Bytes:8
17:48:03.17 (44344138)|HEAP_ALLOCATE|[83]|Bytes:67
17:48:03.17 (44348299)|HEAP_ALLOCATE|[83]|Bytes:68
17:48:03.17 (44358946)|VARIABLE_ASSIGNMENT|[83]|securityMessage|"FLS on [gameize__Gam (48 more) ..."
17:48:03.17 (44361738)|STATEMENT_EXECUTE|[84]
17:48:03.17 (44369638)|HEAP_ALLOCATE|[84]|Bytes:78
17:48:03.17 (44381443)|ENTERING_MANAGED_PKG|
17:48:03.17 (44399590)|USER_DEBUG|[84]|DEBUG|Checking: FLS on [gameize__Gameize__c.gameize__dataFavorite__c] for [Querying]
17:48:03.17 (44469848)|STATEMENT_EXECUTE|[87]
17:48:03.17 (44485151)|STATEMENT_EXECUTE|[88]
17:48:03.17 (44498883)|HEAP_ALLOCATE|[80]|Bytes:5
17:48:03.17 (44512451)|VARIABLE_SCOPE_BEGIN|[80]|fieldName|String|false|false
17:48:03.17 (44522200)|VARIABLE_ASSIGNMENT|[80]|fieldName|"gameize__dataHistory (3 more) ..."
17:48:03.17 (44525007)|STATEMENT_EXECUTE|[80]
17:48:03.17 (44526147)|STATEMENT_EXECUTE|[81]
17:48:03.17 (44537620)|ENTERING_MANAGED_PKG|
17:48:03.17 (44667079)|HEAP_ALLOCATE|[81]|Bytes:8
17:48:03.17 (44679980)|VARIABLE_SCOPE_BEGIN|[81]|drField|Schema.DescribeFieldResult|true|false
17:48:03.17 (44743786)|VARIABLE_ASSIGNMENT|[81]|drField|"common.api.soap.wsdl.Field@5088c457"|0x17ee3203
17:48:03.17 (44753729)|STATEMENT_EXECUTE|[82]
17:48:03.17 (44755081)|STATEMENT_EXECUTE|[83]
17:48:03.17 (44777383)|ENTERING_MANAGED_PKG|
17:48:03.17 (44785910)|HEAP_ALLOCATE|[83]|Bytes:8
17:48:03.17 (44797556)|HEAP_ALLOCATE|[83]|Bytes:66
17:48:03.17 (44801148)|HEAP_ALLOCATE|[83]|Bytes:67
17:48:03.17 (44811316)|VARIABLE_ASSIGNMENT|[83]|securityMessage|"FLS on [gameize__Gam (47 more) ..."
17:48:03.17 (44813909)|STATEMENT_EXECUTE|[84]
17:48:03.17 (44820133)|HEAP_ALLOCATE|[84]|Bytes:77
17:48:03.17 (44827996)|ENTERING_MANAGED_PKG|
17:48:03.17 (44836064)|USER_DEBUG|[84]|DEBUG|Checking: FLS on [gameize__Gameize__c.gameize__dataHistory__c] for [Querying]
17:48:03.17 (44867446)|STATEMENT_EXECUTE|[87]
17:48:03.17 (44874951)|STATEMENT_EXECUTE|[88]
17:48:03.17 (44886509)|HEAP_ALLOCATE|[80]|Bytes:5
17:48:03.17 (44898733)|VARIABLE_ASSIGNMENT|[80]|fieldName|null
17:48:03.17 (44904702)|HEAP_ALLOCATE|[58]|Bytes:5
17:48:03.17 (44911230)|VARIABLE_ASSIGNMENT|[58]|sObjectName|null
17:48:03.17 (44918899)|METHOD_EXIT|[29]|01p41000000CNQM|gameize.ETLC_SecuredDB.validate(gameize.ETLC_SecuredDB.Operation, Map<String,Set<String>>)
17:48:03.17 (44924684)|METHOD_EXIT|[27]|01p41000000CNQM|gameize.ETLC_SecuredDB.validateQuery(List<SObject>)
17:48:03.17 (44926734)|STATEMENT_EXECUTE|[29]
17:48:03.17 (44939676)|HEAP_ALLOCATE|[29]|Bytes:16
17:48:03.17 (44946816)|METHOD_ENTRY|[29]||System.JSON.serialize(Object)
17:48:03.17 (45055947)|METHOD_EXIT|[29]||System.JSON.serialize(Object)
17:48:03.17 (45070474)|VARIABLE_ASSIGNMENT|[29]|returnData|"{\"attributes\":{\"type (1596 more) ..."
17:48:03.17 (45124248)|VARIABLE_ASSIGNMENT|[EXTERNAL]|this|{"debug":true,"input":"{\"mode\":\"fetchUserDa (4 more) ...","operation":"GameizeController"}|0x4bfc32d1
17:48:03.17 (45132914)|STATEMENT_EXECUTE|[30]
17:48:03.17 (45134429)|STATEMENT_EXECUTE|[30]
17:48:03.17 (45146108)|HEAP_ALLOCATE|[30]|Bytes:1657
17:48:03.17 (45159136)|ENTERING_MANAGED_PKG|
17:48:03.17 (45172699)|USER_DEBUG|[30]|DEBUG|GameizeController:fetchData:returnData:: {"attributes":{"type":"gameize__Gameize__c","url":"/services/data/v37.0/sobjects/gameize__Gameize__c/a0041000000j7nTAAQ"},"Id":"a0041000000j7nTAAQ","gameize__dataFavorite__c":"[{\"name\":\"Hangman\",\"cmpname\":\"Hangman\",\"id\":2}]","gameize__dataHistory__c":"[{\"name\":\"Hangman\",\"cmpname\":\"Hangman\",\"datePlayed\":\"Mon Aug 08 2016 15:45:16 GMT-0400 (Eastern Daylight Time)\",\"id\":2},{\"name\":\"Hangman\",\"cmpname\":\"Hangman\",\"datePlayed\":\"Mon Aug 08 2016 15:45:23 GMT-0400 (Eastern Daylight Time)\",\"id\":2},{\"name\":\"Age Counter\",\"cmpname\":\"AgeCounter\",\"datePlayed\":\"Mon Aug 08 2016 15:45:26 GMT-0400 (Eastern Daylight Time)\",\"id\":1},{\"name\":\"Hangman\",\"cmpname\":\"Hangman\",\"datePlayed\":\"Mon Aug 08 2016 15:45:31 GMT-0400 (Eastern Daylight Time)\",\"id\":2},{\"name\":\"Age Counter\",\"cmpname\":\"AgeCounter\",\"datePlayed\":\"Mon Aug 08 2016 15:48:19 GMT-0400 (Eastern Daylight Time)\",\"id\":1},{\"name\":\"Hangman\",\"cmpname\":\"Hangman\",\"datePlayed\":\"Mon Aug 08 2016 15:48:22 GMT-0400 (Eastern Daylight Time)\",\"id\":2},{\"name\":\"Hangman\",\"cmpname\":\"Hangman\",\"datePlayed\":\"Mon Aug 08 2016 15:48:28 GMT-0400 (Eastern Daylight Time)\",\"id\":2},{\"name\":\"Hangman\",\"cmpname\":\"Hangman\",\"datePlayed\":\"Mon Aug 08 2016 15:48:31 GMT-0400 (Eastern Daylight Time)\",\"id\":2},{\"name\":\"Age Counter\",\"cmpname\":\"AgeCounter\",\"datePlayed\":\"Mon Aug 08 2016 15:48:34 GMT-0400 (Eastern Daylight Time)\",\"id\":1},{\"name\":\"Hangman\",\"cmpname\":\"Hangman\",\"datePlayed\":\"Mon Aug 08 2016 15:48:42 GMT-0400 (Eastern Daylight Time)\",\"id\":2}]"}
17:48:03.17 (45186114)|STATEMENT_EXECUTE|[33]
17:48:03.17 (45195998)|METHOD_EXIT|[9]|01p41000000CQtU|gameize.GameizeController.fetchUserData(Id)
17:48:03.17 (45226587)|VARIABLE_ASSIGNMENT|[EXTERNAL]|this|{"debug":true,"input":"{\"mode\":\"fetchUserDa (4 more) ...","operation":"GameizeController"}|0x4bfc32d1
17:48:03.17 (45232705)|VARIABLE_ASSIGNMENT|[EXTERNAL]|value|"{\"attributes\":{\"type (1596 more) ..."
17:48:03.17 (45242604)|VARIABLE_ASSIGNMENT|[12]|this.output|"{\"attributes\":{\"type (1596 more) ..."|0x4bfc32d1
17:48:03.17 (45247258)|STATEMENT_EXECUTE|[10]
17:48:03.17 (45281316)|VARIABLE_ASSIGNMENT|[EXTERNAL]|this|{"debug":true,"input":"{\"mode\":\"fetchUserDa (4 more) ...","operation":"GameizeController","output":"{\"attributes\":{\"type (1596 more) ..."}|0x4bfc32d1
17:48:03.17 (45307959)|VARIABLE_ASSIGNMENT|[EXTERNAL]|this|{"debug":true,"input":"{\"mode\":\"fetchUserDa (4 more) ...","operation":"GameizeController","output":"{\"attributes\":{\"type (1596 more) ..."}|0x4bfc32d1
17:48:03.17 (45313405)|VARIABLE_ASSIGNMENT|[EXTERNAL]|value|true
17:48:03.17 (45316406)|HEAP_ALLOCATE|[15]|Bytes:5
17:48:03.17 (45320870)|VARIABLE_ASSIGNMENT|[15]|this.outputFlag|true|0x4bfc32d1
17:48:03.17 (45329398)|METHOD_EXIT|[8]|01p41000000CQtU|gameize.GameizeController.process(gameize.ETLC_ApexBridge_Data)
17:48:03.17 (45332338)|STATEMENT_EXECUTE|[23]
17:48:03.17 (45341459)|METHOD_ENTRY|[23]|01p41000000CNQH|gameize.ETLC_ApexBridge_Data.toJSON()
17:48:03.17 (45345035)|VARIABLE_SCOPE_BEGIN|[57]|this|gameize.ETLC_ApexBridge_Data|true|false
17:48:03.17 (45365137)|VARIABLE_ASSIGNMENT|[57]|this|{"debug":true,"input":"{\"mode\":\"fetchUserDa (4 more) ...","operation":"GameizeController","output":"{\"attributes\":{\"type (1596 more) ...","outputFlag":true}|0x4bfc32d1
17:48:03.17 (45369336)|STATEMENT_EXECUTE|[57]
17:48:03.17 (45370539)|STATEMENT_EXECUTE|[58]
17:48:03.17 (45377137)|METHOD_ENTRY|[58]||System.JSON.serialize(Object)
17:48:03.17 (45448338)|STATEMENT_EXECUTE|[22]
17:48:03.17 (45451274)|STATEMENT_EXECUTE|[23]
17:48:03.17 (45458455)|HEAP_ALLOCATE|[23]|Bytes:5
17:48:03.17 (45465028)|VARIABLE_ASSIGNMENT|[23]|this.isSuccess|true|0x4bfc32d1
17:48:03.17 (45466811)|STATEMENT_EXECUTE|[24]
17:48:03.17 (45496574)|STATEMENT_EXECUTE|[31]
17:48:03.17 (45498858)|STATEMENT_EXECUTE|[32]
17:48:03.17 (45504843)|HEAP_ALLOCATE|[32]|Bytes:4
17:48:03.17 (45525643)|VARIABLE_ASSIGNMENT|[32]|this.messages|{"s":1,"v":{}}|0x4bfc32d1
17:48:03.17 (45528208)|STATEMENT_EXECUTE|[33]
17:48:03.17 (45712128)|METHOD_EXIT|[58]||System.JSON.serialize(Object)
17:48:03.17 (45717223)|METHOD_EXIT|[23]|01p41000000CNQH|gameize.ETLC_ApexBridge_Data.toJSON()
17:48:03.17 (45727284)|SYSTEM_MODE_EXIT|false
17:48:03.45 (45768204)|CUMULATIVE_LIMIT_USAGE
17:48:03.45 (45768204)|LIMIT_USAGE_FOR_NS|(default)|
  Number of SOQL queries: 0 out of 100
  Number of query rows: 0 out of 50000
  Number of SOSL queries: 0 out of 20
  Number of DML statements: 0 out of 150
  Number of DML rows: 0 out of 10000
  Maximum CPU time: 0 out of 10000
  Maximum heap size: 0 out of 6000000
  Number of callouts: 0 out of 100
  Number of Email Invocations: 0 out of 10
  Number of future calls: 0 out of 50
  Number of queueable jobs added to the queue: 0 out of 50
  Number of Mobile Apex push calls: 0 out of 10

17:48:03.45 (45768204)|LIMIT_USAGE_FOR_NS|gameize|
  Number of SOQL queries: 2 out of 100
  Number of query rows: 2 out of 50000
  Number of SOSL queries: 0 out of 20
  Number of DML statements: 0 out of 150
  Number of DML rows: 0 out of 10000
  Maximum CPU time: 0 out of 10000
  Maximum heap size: 0 out of 6000000
  Number of callouts: 0 out of 100
  Number of Email Invocations: 0 out of 10
  Number of future calls: 0 out of 50
  Number of queueable jobs added to the queue: 0 out of 50
  Number of Mobile Apex push calls: 0 out of 10

17:48:03.45 (45768204)|CUMULATIVE_LIMIT_USAGE_END

17:48:03.17 (45847764)|CODE_UNIT_FINISHED|ETLC_ApexBridge_Controller.execute
