37.0 APEX_CODE,FINEST;APEX_PROFILING,INFO;CALLOUT,INFO;DB,INFO;SYSTEM,DEBUG;VALIDATION,INFO;VISUALFORCE,INFO;WORKFLOW,INFO
17:43:14.0 (153699)|USER_INFO|[EXTERNAL]|00541000000Hq4o|gameize@jr.te|Eastern Standard Time|GMT-04:00
17:43:14.0 (551672)|HEAP_ALLOCATE|[72]|Bytes:3
17:43:14.0 (636023)|HEAP_ALLOCATE|[77]|Bytes:152
17:43:14.0 (658560)|HEAP_ALLOCATE|[342]|Bytes:408
17:43:14.0 (679292)|HEAP_ALLOCATE|[355]|Bytes:408
17:43:14.0 (699105)|HEAP_ALLOCATE|[467]|Bytes:48
17:43:14.1 (1879218)|USER_INFO|[EXTERNAL]|00541000000Hq4o|gameize@jr.te|Eastern Standard Time|GMT-04:00
17:43:14.1 (2074212)|STATEMENT_EXECUTE|[1]
17:43:14.1 (2098053)|METHOD_EXIT|[1]|ETLC_ApexBridge_Controller
17:43:14.1 (2104490)|HEAP_ALLOCATE|[EXTERNAL]|Bytes:86
17:43:14.1 (2129816)|SYSTEM_MODE_ENTER|false
17:43:14.1 (2244056)|VARIABLE_SCOPE_BEGIN|[3]|dataJson|String|false|false
17:43:14.1 (2323924)|VARIABLE_ASSIGNMENT|[3]|dataJson|"{\"operation\":\"Gameiz (66 more) ..."
17:43:14.1 (2338192)|STATEMENT_EXECUTE|[3]
17:43:14.1 (2339963)|STATEMENT_EXECUTE|[4]
17:43:14.1 (2472810)|VARIABLE_SCOPE_BEGIN|[4]|data|gameize.ETLC_ApexBridge_Data|true|false
17:43:14.1 (2485431)|VARIABLE_ASSIGNMENT|[4]|data|null|
17:43:14.1 (2487968)|STATEMENT_EXECUTE|[5]
17:43:14.1 (2489164)|STATEMENT_EXECUTE|[5]
17:43:14.1 (2490089)|STATEMENT_EXECUTE|[6]
17:43:14.1 (2507591)|HEAP_ALLOCATE|[6]|Bytes:11
17:43:14.1 (2513829)|HEAP_ALLOCATE|[6]|Bytes:248
17:43:14.1 (2516574)|HEAP_ALLOCATE|[6]|Bytes:39
17:43:14.1 (2548093)|METHOD_ENTRY|[2]|01p41000000CNQH|ETLC_ApexBridge_Data.ETLC_ApexBridge_Data()
17:43:14.1 (2551841)|STATEMENT_EXECUTE|[2]
17:43:14.1 (2555843)|STATEMENT_EXECUTE|[2]
17:43:14.1 (2561965)|METHOD_EXIT|[2]|ETLC_ApexBridge_Data
17:43:14.1 (2576301)|METHOD_ENTRY|[6]|01p41000000CNQH|gameize.ETLC_ApexBridge_Data.fromJSON(String)
17:43:14.1 (2602097)|VARIABLE_SCOPE_BEGIN|[60]|strJson|String|false|false
17:43:14.1 (2612489)|VARIABLE_ASSIGNMENT|[60]|strJson|"{\"operation\":\"Gameiz (66 more) ..."
17:43:14.1 (2617198)|STATEMENT_EXECUTE|[60]
17:43:14.1 (2618668)|STATEMENT_EXECUTE|[61]
17:43:14.1 (2627683)|HEAP_ALLOCATE|[61]|Bytes:28
17:43:14.1 (2653116)|HEAP_ALLOCATE|[50]|Bytes:5
17:43:14.1 (2677747)|HEAP_ALLOCATE|[56]|Bytes:5
17:43:14.1 (2685920)|HEAP_ALLOCATE|[64]|Bytes:7
17:43:14.1 (2804712)|HEAP_ALLOCATE|[61]|Bytes:24
17:43:14.1 (2820090)|SYSTEM_METHOD_ENTRY|[1]|Type.Type()
17:43:14.1 (2823760)|STATEMENT_EXECUTE|[1]
17:43:14.1 (2834047)|SYSTEM_METHOD_EXIT|[1]|Type
17:43:14.1 (2842132)|HEAP_ALLOCATE|[61]|Bytes:8
17:43:14.1 (2869651)|HEAP_ALLOCATE|[61]|Bytes:8
17:43:14.1 (2874438)|VARIABLE_SCOPE_BEGIN|[4]|this|System.Type|true|false
17:43:14.1 (2908139)|VARIABLE_ASSIGNMENT|[4]|this|{}|0x76d6ea1a
17:43:14.1 (2912251)|VARIABLE_SCOPE_BEGIN|[4]|apextype|java:common.apex.runtime.ApexObjectType|true|false
17:43:14.1 (3028048)|VARIABLE_ASSIGNMENT|[4]|apextype|"gameize.ETLC_ApexBridge_Data"|0x3a7f2206
17:43:14.1 (3098253)|HEAP_ALLOCATE|[61]|Bytes:8
17:43:14.1 (3146820)|HEAP_ALLOCATE|[61]|Bytes:24
17:43:14.1 (3161177)|SYSTEM_METHOD_ENTRY|[1]|JSON.JSON()
17:43:14.1 (3164431)|STATEMENT_EXECUTE|[1]
17:43:14.1 (3172697)|SYSTEM_METHOD_EXIT|[1]|JSON
17:43:14.1 (3186287)|METHOD_ENTRY|[61]||System.JSON.deserializeStrict(String, System.Type)
17:43:14.1 (3539315)|METHOD_EXIT|[61]||System.JSON.deserializeStrict(String, System.Type)
17:43:14.1 (3552026)|METHOD_EXIT|[6]|01p41000000CNQH|gameize.ETLC_ApexBridge_Data.fromJSON(String)
17:43:14.1 (3584829)|VARIABLE_ASSIGNMENT|[6]|data|{"debug":false,"input":"{\"mode\":\"fetchGameDa (4 more) ...","operation":"GameizeController"}|0x43b832c9
17:43:14.1 (3589658)|STATEMENT_EXECUTE|[7]
17:43:14.1 (3648708)|VARIABLE_ASSIGNMENT|[EXTERNAL]|this|{"debug":false,"input":"{\"mode\":\"fetchGameDa (4 more) ...","operation":"GameizeController"}|0x43b832c9
17:43:14.1 (3667151)|METHOD_ENTRY|[7]||System.Type.forName(String)
17:43:14.1 (3933454)|METHOD_EXIT|[7]||System.Type.forName(String)
17:43:14.1 (3944322)|METHOD_ENTRY|[7]||System.Type.newInstance()
17:43:14.1 (4100653)|STATEMENT_EXECUTE|[1]
17:43:14.1 (4112370)|HEAP_ALLOCATE|[33]|Bytes:5
17:43:14.1 (4127009)|METHOD_EXIT|[1]|GameizeController
17:43:14.1 (4132538)|HEAP_ALLOCATE|[33]|Bytes:4
17:43:14.1 (4136831)|VARIABLE_SCOPE_BEGIN|[1]|this|gameize.GameizeController|true|false
17:43:14.1 (4156167)|VARIABLE_ASSIGNMENT|[1]|this|{}|0x56c8d7d0
17:43:14.1 (4165050)|HEAP_ALLOCATE|[33]|Bytes:5
17:43:14.1 (4174431)|HEAP_ALLOCATE|[33]|Bytes:11
17:43:14.1 (4187373)|METHOD_ENTRY|[1]|01p41000000CNQC|ETLC_ApexBridge_Abstract.ETLC_ApexBridge_Abstract()
17:43:14.1 (4190642)|STATEMENT_EXECUTE|[1]
17:43:14.1 (4194484)|STATEMENT_EXECUTE|[1]
17:43:14.1 (4200163)|METHOD_EXIT|[1]|ETLC_ApexBridge_Abstract
17:43:14.1 (4210428)|CONSTRUCTOR_ENTRY|[EXTERNAL]|01p41000000CNQC|<init>()
17:43:14.1 (4216911)|VARIABLE_SCOPE_BEGIN|[1]|this|gameize.ETLC_ApexBridge_Abstract|true|false
17:43:14.1 (4232380)|VARIABLE_ASSIGNMENT|[1]|this|{}|0x56c8d7d0
17:43:14.1 (4245550)|STATEMENT_EXECUTE|[1]
17:43:14.1 (4254247)|CONSTRUCTOR_EXIT|[EXTERNAL]|01p41000000CNQC|<init>()
17:43:14.1 (4259818)|STATEMENT_EXECUTE|[1]
17:43:14.1 (4264380)|HEAP_ALLOCATE|[33]|Bytes:5
17:43:14.1 (4281183)|METHOD_EXIT|[7]||System.Type.newInstance()
17:43:14.1 (4290082)|VARIABLE_SCOPE_BEGIN|[7]|executor|gameize.ETLC_ApexBridge_Abstract|true|false
17:43:14.1 (4304597)|VARIABLE_ASSIGNMENT|[7]|executor|{}|0x56c8d7d0
17:43:14.1 (4307004)|STATEMENT_EXECUTE|[8]
17:43:14.1 (4331018)|METHOD_ENTRY|[8]|01p41000000CQtU|gameize.GameizeController.process(gameize.ETLC_ApexBridge_Data)
17:43:14.1 (4350864)|VARIABLE_SCOPE_BEGIN|[3]|this|gameize.GameizeController|true|false
17:43:14.1 (4365788)|VARIABLE_ASSIGNMENT|[3]|this|{}|0x56c8d7d0
17:43:14.1 (4368551)|VARIABLE_SCOPE_BEGIN|[3]|data|gameize.ETLC_ApexBridge_Data|true|false
17:43:14.1 (4390613)|VARIABLE_ASSIGNMENT|[3]|data|{"debug":false,"input":"{\"mode\":\"fetchGameDa (4 more) ...","operation":"GameizeController"}|0x43b832c9
17:43:14.1 (4400456)|HEAP_ALLOCATE|[4]|Bytes:5
17:43:14.1 (4404515)|STATEMENT_EXECUTE|[3]
17:43:14.1 (4405728)|STATEMENT_EXECUTE|[4]
17:43:14.1 (4453037)|VARIABLE_ASSIGNMENT|[4]|GameizeController.apexBridgedata|{"debug":false,"input":"{\"mode\":\"fetchGameDa (4 more) ...","operation":"GameizeController"}|0x43b832c9
17:43:14.1 (4505927)|VARIABLE_ASSIGNMENT|[EXTERNAL]|this|{"debug":false,"input":"{\"mode\":\"fetchGameDa (4 more) ...","operation":"GameizeController"}|0x43b832c9
17:43:14.1 (4521766)|STATEMENT_EXECUTE|[5]
17:43:14.1 (4528604)|STATEMENT_EXECUTE|[7]
17:43:14.1 (4534042)|HEAP_ALLOCATE|[7]|Bytes:4
17:43:14.1 (4547223)|METHOD_ENTRY|[7]|01p41000000CNQH|gameize.ETLC_ApexBridge_Data.getInputValue(String)
17:43:14.1 (4564295)|VARIABLE_SCOPE_BEGIN|[52]|this|gameize.ETLC_ApexBridge_Data|true|false
17:43:14.1 (4589685)|VARIABLE_ASSIGNMENT|[52]|this|{"debug":false,"input":"{\"mode\":\"fetchGameDa (4 more) ...","operation":"GameizeController"}|0x43b832c9
17:43:14.1 (4593807)|VARIABLE_SCOPE_BEGIN|[52]|key|String|false|false
17:43:14.1 (4597913)|VARIABLE_ASSIGNMENT|[52]|key|"mode"
17:43:14.1 (4602339)|STATEMENT_EXECUTE|[52]
17:43:14.1 (4603638)|STATEMENT_EXECUTE|[53]
17:43:14.1 (4654275)|VARIABLE_ASSIGNMENT|[EXTERNAL]|this|{"debug":false,"input":"{\"mode\":\"fetchGameDa (4 more) ...","operation":"GameizeController"}|0x43b832c9
17:43:14.1 (4672330)|METHOD_ENTRY|[53]||System.JSON.deserializeUntyped(String)
17:43:14.1 (4955971)|METHOD_EXIT|[53]||System.JSON.deserializeUntyped(String)
17:43:14.1 (4966024)|VARIABLE_SCOPE_BEGIN|[53]|inputMap|Map<String,ANY>|true|false
17:43:14.1 (4999175)|VARIABLE_ASSIGNMENT|[53]|inputMap|{"s":1,"v":{"mode":"fetchGameData"}}|0x51684cec
17:43:14.1 (5003237)|STATEMENT_EXECUTE|[54]
17:43:14.1 (5028371)|ENTERING_MANAGED_PKG|
17:43:14.1 (5067530)|METHOD_EXIT|[7]|01p41000000CNQH|gameize.ETLC_ApexBridge_Data.getInputValue(String)
17:43:14.1 (5074805)|VARIABLE_SCOPE_BEGIN|[7]|mode|String|false|false
17:43:14.1 (5082405)|VARIABLE_ASSIGNMENT|[7]|mode|"fetchGameData"
17:43:14.1 (5087571)|HEAP_ALLOCATE|[8]|Bytes:13
17:43:14.1 (5117176)|HEAP_ALLOCATE|[11]|Bytes:12
17:43:14.1 (5126412)|HEAP_ALLOCATE|[13]|Bytes:13
17:43:14.1 (5135940)|STATEMENT_EXECUTE|[13]
17:43:14.1 (5137393)|STATEMENT_EXECUTE|[14]
17:43:14.1 (5152526)|METHOD_ENTRY|[14]|01p41000000CQtU|gameize.GameizeController.fetchGameData()
17:43:14.1 (5170931)|VARIABLE_SCOPE_BEGIN|[82]|this|gameize.GameizeController|true|false
17:43:14.1 (5188170)|VARIABLE_ASSIGNMENT|[82]|this|{}|0x56c8d7d0
17:43:14.1 (5197093)|HEAP_ALLOCATE|[83]|Bytes:5
17:43:14.1 (5200749)|STATEMENT_EXECUTE|[82]
17:43:14.1 (5202115)|STATEMENT_EXECUTE|[83]
17:43:14.1 (5210656)|VARIABLE_SCOPE_BEGIN|[83]|returnData|String|false|false
17:43:14.1 (5217376)|VARIABLE_ASSIGNMENT|[83]|returnData|null
17:43:14.1 (5219301)|STATEMENT_EXECUTE|[84]
17:43:14.1 (5220312)|STATEMENT_EXECUTE|[84]
17:43:14.1 (5221235)|STATEMENT_EXECUTE|[85]
17:43:14.1 (5226155)|HEAP_ALLOCATE|[85]|Bytes:63
17:43:14.1 (5233411)|HEAP_ALLOCATE|[85]|Bytes:4
17:43:14.1 (5513208)|SOQL_EXECUTE_BEGIN|[85]|Aggregations:0|SELECT Body FROM StaticResource WHERE Name = 'Gameize_GameList'
17:43:14.1 (7940915)|SOQL_EXECUTE_END|[85]|Rows:1
17:43:14.1 (7973711)|HEAP_ALLOCATE|[85]|Bytes:8
17:43:14.1 (7989352)|HEAP_ALLOCATE|[85]|Bytes:536
17:43:14.1 (8106098)|HEAP_ALLOCATE|[85]|Bytes:8
17:43:14.1 (8119065)|VARIABLE_SCOPE_BEGIN|[85]|records|List<StaticResource>|true|false
17:43:14.1 (8155427)|VARIABLE_ASSIGNMENT|[85]|records|{"s":1,"v":[{"s":2,"v":{"Body":BLOB(491 bytes),"Id":"081410000000JmSAAU"}}]}|0x17bd25ab
17:43:14.1 (8223322)|ENTERING_MANAGED_PKG|
17:43:14.1 (8254114)|STATEMENT_EXECUTE|[86]
17:43:14.1 (8256348)|STATEMENT_EXECUTE|[88]
17:43:14.1 (8294599)|HEAP_ALLOCATE|[88]|Bytes:12
17:43:14.1 (8352493)|ENTERING_MANAGED_PKG|
17:43:14.1 (8421431)|HEAP_ALLOCATE|[88]|Bytes:491
17:43:14.1 (8444680)|VARIABLE_ASSIGNMENT|[88]|returnData|"[{\"id\": 1, \"name\": \" (471 more) ..."
17:43:14.1 (8448526)|STATEMENT_EXECUTE|[89]
17:43:14.1 (8457524)|HEAP_ALLOCATE|[89]|Bytes:12
17:43:14.1 (8469503)|HEAP_ALLOCATE|[89]|Bytes:503
17:43:14.1 (8490873)|ENTERING_MANAGED_PKG|
17:43:14.1 (8520761)|USER_DEBUG|[89]|DEBUG|returnData::[{"id": 1, "name": "Age Counter", "auraid": "agecounter", "cmpname": "AgeCounter", "desc": "Count how long you've lived, in days+hours+minutes."},{"id": 2, "name": "Hangman", "auraid": "hangman", "cmpname": "Hangman", "desc": "Games are a good way to keep your visitors- and yourself- occupied on your site. Here's where this script comes in. It's the great JavaScript reincarnation of the classic Hang Man game. Play against the computer. The vocabulary to be used is configurable. Cool!"}]
17:43:14.1 (8578541)|VARIABLE_ASSIGNMENT|[EXTERNAL]|this|{"debug":false,"input":"{\"mode\":\"fetchGameDa (4 more) ...","operation":"GameizeController"}|0x43b832c9
17:43:14.1 (8590912)|STATEMENT_EXECUTE|[90]
17:43:14.1 (8598533)|STATEMENT_EXECUTE|[93]
17:43:14.1 (8607537)|METHOD_EXIT|[14]|01p41000000CQtU|gameize.GameizeController.fetchGameData()
17:43:14.1 (8648567)|VARIABLE_ASSIGNMENT|[EXTERNAL]|this|{"debug":false,"input":"{\"mode\":\"fetchGameDa (4 more) ...","operation":"GameizeController"}|0x43b832c9
17:43:14.1 (8657036)|VARIABLE_ASSIGNMENT|[EXTERNAL]|value|"[{\"id\": 1, \"name\": \" (471 more) ..."
17:43:14.1 (8668035)|VARIABLE_ASSIGNMENT|[12]|this.output|"[{\"id\": 1, \"name\": \" (471 more) ..."|0x43b832c9
17:43:14.1 (8675901)|STATEMENT_EXECUTE|[15]
17:43:14.1 (8728013)|VARIABLE_ASSIGNMENT|[EXTERNAL]|this|{"debug":false,"input":"{\"mode\":\"fetchGameDa (4 more) ...","operation":"GameizeController","output":"[{\"id\": 1, \"name\": \" (471 more) ..."}|0x43b832c9
17:43:14.1 (8767934)|VARIABLE_ASSIGNMENT|[EXTERNAL]|this|{"debug":false,"input":"{\"mode\":\"fetchGameDa (4 more) ...","operation":"GameizeController","output":"[{\"id\": 1, \"name\": \" (471 more) ..."}|0x43b832c9
17:43:14.1 (8775742)|VARIABLE_ASSIGNMENT|[EXTERNAL]|value|true
17:43:14.1 (8780947)|HEAP_ALLOCATE|[15]|Bytes:5
17:43:14.1 (8794072)|VARIABLE_ASSIGNMENT|[15]|this.outputFlag|true|0x43b832c9
17:43:14.1 (8807382)|METHOD_EXIT|[8]|01p41000000CQtU|gameize.GameizeController.process(gameize.ETLC_ApexBridge_Data)
17:43:14.1 (8811555)|STATEMENT_EXECUTE|[23]
17:43:14.1 (8826884)|METHOD_ENTRY|[23]|01p41000000CNQH|gameize.ETLC_ApexBridge_Data.toJSON()
17:43:14.1 (8844536)|VARIABLE_SCOPE_BEGIN|[57]|this|gameize.ETLC_ApexBridge_Data|true|false
17:43:14.1 (8872392)|VARIABLE_ASSIGNMENT|[57]|this|{"debug":false,"input":"{\"mode\":\"fetchGameDa (4 more) ...","operation":"GameizeController","output":"[{\"id\": 1, \"name\": \" (471 more) ...","outputFlag":true}|0x43b832c9
17:43:14.1 (8878173)|STATEMENT_EXECUTE|[57]
17:43:14.1 (8879349)|STATEMENT_EXECUTE|[58]
17:43:14.1 (8893841)|METHOD_ENTRY|[58]||System.JSON.serialize(Object)
17:43:14.1 (9014699)|STATEMENT_EXECUTE|[22]
17:43:14.1 (9019699)|STATEMENT_EXECUTE|[23]
17:43:14.1 (9029656)|HEAP_ALLOCATE|[23]|Bytes:5
17:43:14.1 (9038517)|VARIABLE_ASSIGNMENT|[23]|this.isSuccess|true|0x43b832c9
17:43:14.1 (9041471)|STATEMENT_EXECUTE|[24]
17:43:14.1 (9081489)|STATEMENT_EXECUTE|[31]
17:43:14.1 (9085387)|STATEMENT_EXECUTE|[32]
17:43:14.1 (9165974)|HEAP_ALLOCATE|[32]|Bytes:4
17:43:14.1 (9216528)|VARIABLE_ASSIGNMENT|[32]|this.messages|{"s":1,"v":{}}|0x43b832c9
17:43:14.1 (9221362)|STATEMENT_EXECUTE|[33]
17:43:14.1 (9599477)|METHOD_EXIT|[58]||System.JSON.serialize(Object)
17:43:14.1 (9606623)|METHOD_EXIT|[23]|01p41000000CNQH|gameize.ETLC_ApexBridge_Data.toJSON()
17:43:14.1 (9617329)|SYSTEM_MODE_EXIT|false
17:43:14.9 (9656657)|CUMULATIVE_LIMIT_USAGE
17:43:14.9 (9656657)|LIMIT_USAGE_FOR_NS|(default)|
  Number of SOQL queries: 0 out of 100
  Number of query rows: 0 out of 50000
  Number of SOSL queries: 0 out of 20
  Number of DML statements: 0 out of 150
  Number of DML rows: 0 out of 10000
  Maximum CPU time: 0 out of 10000
  Maximum heap size: 0 out of 6000000
  Number of callouts: 0 out of 100
  Number of Email Invocations: 0 out of 10
  Number of future calls: 0 out of 50
  Number of queueable jobs added to the queue: 0 out of 50
  Number of Mobile Apex push calls: 0 out of 10

17:43:14.9 (9656657)|LIMIT_USAGE_FOR_NS|gameize|
  Number of SOQL queries: 1 out of 100
  Number of query rows: 1 out of 50000
  Number of SOSL queries: 0 out of 20
  Number of DML statements: 0 out of 150
  Number of DML rows: 0 out of 10000
  Maximum CPU time: 0 out of 10000
  Maximum heap size: 0 out of 6000000
  Number of callouts: 0 out of 100
  Number of Email Invocations: 0 out of 10
  Number of future calls: 0 out of 50
  Number of queueable jobs added to the queue: 0 out of 50
  Number of Mobile Apex push calls: 0 out of 10

17:43:14.9 (9656657)|CUMULATIVE_LIMIT_USAGE_END

17:43:14.1 (9727275)|CODE_UNIT_FINISHED|ETLC_ApexBridge_Controller.execute
17:43:14.0 (9963319)|HEAP_ALLOCATE|[EXTERNAL]|Bytes:86
17:43:14.0 (9975994)|HEAP_ALLOCATE|[EXTERNAL]|Bytes:86
17:43:14.11 (11404501)|USER_INFO|[EXTERNAL]|00541000000Hq4o|gameize@jr.te|Eastern Standard Time|GMT-04:00
17:43:14.11 (11469832)|STATEMENT_EXECUTE|[3]
17:43:14.11 (11472669)|STATEMENT_EXECUTE|[4]
17:43:14.11 (11482375)|VARIABLE_SCOPE_BEGIN|[4]|data|gameize.ETLC_ApexBridge_Data|true|false
17:43:14.11 (11501365)|VARIABLE_ASSIGNMENT|[4]|data|null|
17:43:14.11 (11504027)|STATEMENT_EXECUTE|[5]
17:43:14.11 (11505119)|STATEMENT_EXECUTE|[5]
17:43:14.11 (11505997)|STATEMENT_EXECUTE|[6]
17:43:14.11 (11517612)|METHOD_ENTRY|[6]|01p41000000CNQH|gameize.ETLC_ApexBridge_Data.fromJSON(String)
17:43:14.11 (11522711)|VARIABLE_SCOPE_BEGIN|[60]|strJson|String|false|false
17:43:14.11 (11530977)|VARIABLE_ASSIGNMENT|[60]|strJson|"{\"operation\":\"Gameiz (66 more) ..."
17:43:14.11 (11534680)|STATEMENT_EXECUTE|[60]
17:43:14.11 (11536302)|STATEMENT_EXECUTE|[61]
17:43:14.11 (11582260)|HEAP_ALLOCATE|[61]|Bytes:8
17:43:14.11 (11588449)|HEAP_ALLOCATE|[61]|Bytes:8
17:43:14.11 (11591746)|VARIABLE_SCOPE_BEGIN|[4]|this|System.Type|true|false
17:43:14.11 (11612344)|VARIABLE_ASSIGNMENT|[4]|this|{}|0x6625e405
17:43:14.11 (11616050)|VARIABLE_SCOPE_BEGIN|[4]|apextype|java:common.apex.runtime.ApexObjectType|true|false
17:43:14.11 (11689194)|VARIABLE_ASSIGNMENT|[4]|apextype|"gameize.ETLC_ApexBridge_Data"|0x3a7f2206
17:43:14.11 (11719487)|HEAP_ALLOCATE|[61]|Bytes:8
17:43:14.11 (11730467)|METHOD_ENTRY|[61]||System.JSON.deserializeStrict(String, System.Type)
17:43:14.11 (11902385)|METHOD_EXIT|[61]||System.JSON.deserializeStrict(String, System.Type)
17:43:14.11 (11912872)|METHOD_EXIT|[6]|01p41000000CNQH|gameize.ETLC_ApexBridge_Data.fromJSON(String)
17:43:14.11 (11942057)|VARIABLE_ASSIGNMENT|[6]|data|{"debug":false,"input":"{\"mode\":\"fetchUserDa (4 more) ...","operation":"GameizeController"}|0x38c4bb1a
17:43:14.11 (11946605)|STATEMENT_EXECUTE|[7]
17:43:14.11 (11981419)|VARIABLE_ASSIGNMENT|[EXTERNAL]|this|{"debug":false,"input":"{\"mode\":\"fetchUserDa (4 more) ...","operation":"GameizeController"}|0x38c4bb1a
17:43:14.11 (11994006)|METHOD_ENTRY|[7]||System.Type.forName(String)
17:43:14.11 (12097278)|METHOD_EXIT|[7]||System.Type.forName(String)
17:43:14.11 (12105607)|METHOD_ENTRY|[7]||System.Type.newInstance()
17:43:14.11 (12158685)|HEAP_ALLOCATE|[33]|Bytes:5
17:43:14.11 (12171177)|CONSTRUCTOR_ENTRY|[EXTERNAL]|01p41000000CNQC|<init>()
17:43:14.11 (12175918)|VARIABLE_SCOPE_BEGIN|[1]|this|gameize.ETLC_ApexBridge_Abstract|true|false
17:43:14.11 (12191715)|VARIABLE_ASSIGNMENT|[1]|this|{}|0x6d5d8cfc
17:43:14.11 (12204307)|STATEMENT_EXECUTE|[1]
17:43:14.11 (12212807)|CONSTRUCTOR_EXIT|[EXTERNAL]|01p41000000CNQC|<init>()
17:43:14.11 (12218020)|STATEMENT_EXECUTE|[1]
17:43:14.11 (12222418)|HEAP_ALLOCATE|[33]|Bytes:5
17:43:14.11 (12238618)|METHOD_EXIT|[7]||System.Type.newInstance()
17:43:14.11 (12246944)|VARIABLE_SCOPE_BEGIN|[7]|executor|gameize.ETLC_ApexBridge_Abstract|true|false
17:43:14.11 (12260782)|VARIABLE_ASSIGNMENT|[7]|executor|{}|0x6d5d8cfc
17:43:14.11 (12263295)|STATEMENT_EXECUTE|[8]
17:43:14.11 (12276229)|METHOD_ENTRY|[8]|01p41000000CQtU|gameize.GameizeController.process(gameize.ETLC_ApexBridge_Data)
17:43:14.11 (12280573)|VARIABLE_SCOPE_BEGIN|[3]|this|gameize.GameizeController|true|false
17:43:14.11 (12292506)|VARIABLE_ASSIGNMENT|[3]|this|{}|0x6d5d8cfc
17:43:14.11 (12295062)|VARIABLE_SCOPE_BEGIN|[3]|data|gameize.ETLC_ApexBridge_Data|true|false
17:43:14.11 (12316129)|VARIABLE_ASSIGNMENT|[3]|data|{"debug":false,"input":"{\"mode\":\"fetchUserDa (4 more) ...","operation":"GameizeController"}|0x38c4bb1a
17:43:14.11 (12324493)|HEAP_ALLOCATE|[4]|Bytes:5
17:43:14.11 (12328604)|STATEMENT_EXECUTE|[3]
17:43:14.11 (12329924)|STATEMENT_EXECUTE|[4]
17:43:14.11 (12359526)|VARIABLE_ASSIGNMENT|[4]|GameizeController.apexBridgedata|{"debug":false,"input":"{\"mode\":\"fetchUserDa (4 more) ...","operation":"GameizeController"}|0x38c4bb1a
17:43:14.11 (12387473)|VARIABLE_ASSIGNMENT|[EXTERNAL]|this|{"debug":false,"input":"{\"mode\":\"fetchUserDa (4 more) ...","operation":"GameizeController"}|0x38c4bb1a
17:43:14.11 (12397177)|STATEMENT_EXECUTE|[5]
17:43:14.11 (12402970)|STATEMENT_EXECUTE|[7]
17:43:14.11 (12410659)|METHOD_ENTRY|[7]|01p41000000CNQH|gameize.ETLC_ApexBridge_Data.getInputValue(String)
17:43:14.11 (12414654)|VARIABLE_SCOPE_BEGIN|[52]|this|gameize.ETLC_ApexBridge_Data|true|false
17:43:14.11 (12436158)|VARIABLE_ASSIGNMENT|[52]|this|{"debug":false,"input":"{\"mode\":\"fetchUserDa (4 more) ...","operation":"GameizeController"}|0x38c4bb1a
17:43:14.11 (12440423)|VARIABLE_SCOPE_BEGIN|[52]|key|String|false|false
17:43:14.11 (12443831)|VARIABLE_ASSIGNMENT|[52]|key|"mode"
17:43:14.11 (12447012)|STATEMENT_EXECUTE|[52]
17:43:14.11 (12448277)|STATEMENT_EXECUTE|[53]
17:43:14.11 (12477411)|VARIABLE_ASSIGNMENT|[EXTERNAL]|this|{"debug":false,"input":"{\"mode\":\"fetchUserDa (4 more) ...","operation":"GameizeController"}|0x38c4bb1a
17:43:14.11 (12488987)|METHOD_ENTRY|[53]||System.JSON.deserializeUntyped(String)
17:43:14.11 (12632980)|METHOD_EXIT|[53]||System.JSON.deserializeUntyped(String)
17:43:14.11 (12642829)|VARIABLE_SCOPE_BEGIN|[53]|inputMap|Map<String,ANY>|true|false
17:43:14.11 (12666419)|VARIABLE_ASSIGNMENT|[53]|inputMap|{"s":1,"v":{"mode":"fetchUserData"}}|0x22f4c55
17:43:14.11 (12670293)|STATEMENT_EXECUTE|[54]
17:43:14.11 (12688236)|ENTERING_MANAGED_PKG|
17:43:14.11 (12699295)|METHOD_EXIT|[7]|01p41000000CNQH|gameize.ETLC_ApexBridge_Data.getInputValue(String)
17:43:14.11 (12704750)|VARIABLE_SCOPE_BEGIN|[7]|mode|String|false|false
17:43:14.11 (12711624)|VARIABLE_ASSIGNMENT|[7]|mode|"fetchUserData"
17:43:14.11 (12726255)|STATEMENT_EXECUTE|[8]
17:43:14.11 (12727783)|STATEMENT_EXECUTE|[9]
17:43:14.11 (12777751)|HEAP_ALLOCATE|[9]|Bytes:85
17:43:14.11 (12799945)|SYSTEM_METHOD_ENTRY|[1]|UserInfo.UserInfo()
17:43:14.11 (12803403)|STATEMENT_EXECUTE|[1]
17:43:14.11 (12812574)|SYSTEM_METHOD_EXIT|[1]|UserInfo
17:43:14.11 (12823951)|METHOD_ENTRY|[9]||System.UserInfo.getUserId()
17:43:14.11 (12866333)|METHOD_EXIT|[9]||System.UserInfo.getUserId()
17:43:14.11 (12879132)|HEAP_ALLOCATE|[9]|Bytes:4
17:43:14.11 (12890466)|METHOD_ENTRY|[9]|01p41000000CQtU|gameize.GameizeController.fetchUserData(Id)
17:43:14.11 (12895208)|VARIABLE_SCOPE_BEGIN|[21]|this|gameize.GameizeController|true|false
17:43:14.11 (12911811)|VARIABLE_ASSIGNMENT|[21]|this|{}|0x6d5d8cfc
17:43:14.11 (12914831)|VARIABLE_SCOPE_BEGIN|[21]|userId|Id|false|false
17:43:14.11 (12968893)|VARIABLE_ASSIGNMENT|[21]|userId|"00541000000Hq4oAAC"
17:43:14.11 (12979501)|HEAP_ALLOCATE|[22]|Bytes:5
17:43:14.11 (12983924)|STATEMENT_EXECUTE|[21]
17:43:14.11 (12985104)|STATEMENT_EXECUTE|[22]
17:43:14.11 (12995349)|VARIABLE_SCOPE_BEGIN|[22]|returnData|String|false|false
17:43:14.11 (13001894)|VARIABLE_ASSIGNMENT|[22]|returnData|null
17:43:14.11 (13004781)|STATEMENT_EXECUTE|[23]
17:43:14.11 (13005793)|STATEMENT_EXECUTE|[23]
17:43:14.11 (13006743)|STATEMENT_EXECUTE|[24]
17:43:14.11 (13012260)|HEAP_ALLOCATE|[24]|Bytes:109
17:43:14.11 (13017954)|HEAP_ALLOCATE|[24]|Bytes:4
17:43:14.11 (13024088)|HEAP_ALLOCATE|[24]|Bytes:7
17:43:14.11 (13545221)|SOQL_EXECUTE_BEGIN|[24]|Aggregations:0|SELECT ID, gameize__dataFavorite__c, gameize__dataHistory__c FROM Gameize__c WHERE User__c = :tmpVar1 LIMIT 1
17:43:14.11 (18163452)|SOQL_EXECUTE_END|[24]|Rows:1
17:43:14.11 (18189823)|HEAP_ALLOCATE|[24]|Bytes:8
17:43:14.11 (18200592)|HEAP_ALLOCATE|[24]|Bytes:1347
17:43:14.11 (18261649)|HEAP_ALLOCATE|[24]|Bytes:8
17:43:14.11 (18276259)|VARIABLE_SCOPE_BEGIN|[24]|records|List<gameize__Gameize__c>|true|false
17:43:14.11 (18306172)|VARIABLE_ASSIGNMENT|[24]|records|{"s":1,"v":[{"s":2,"v":{"Id":"a0041000000j7nTAAQ","gameize__dataFavorit (4 more) ...":"[{\"name\":\"Hangman\",\" (27 more) ...","gameize__dataHistory (3 more) ...":"[{\"name\":\"Hangman\",\" (1192 more) ..."}}]}|0x571221d3
17:43:14.11 (18356174)|ENTERING_MANAGED_PKG|
17:43:14.11 (18385391)|STATEMENT_EXECUTE|[25]
17:43:14.11 (18387519)|STATEMENT_EXECUTE|[27]
17:43:14.11 (18487191)|HEAP_ALLOCATE|[27]|Bytes:9
17:43:14.11 (18493602)|HEAP_ALLOCATE|[27]|Bytes:29
17:43:14.11 (18496391)|HEAP_ALLOCATE|[27]|Bytes:21
17:43:14.11 (18510990)|METHOD_ENTRY|[7]|01p41000000CNQM|ETLC_SecuredDB.ETLC_SecuredDB()
17:43:14.11 (18514563)|STATEMENT_EXECUTE|[7]
17:43:14.11 (18519158)|STATEMENT_EXECUTE|[7]
17:43:14.11 (18525441)|HEAP_ALLOCATE|[27]|Bytes:5
17:43:14.11 (18535431)|METHOD_EXIT|[7]|ETLC_SecuredDB
17:43:14.11 (18548142)|METHOD_ENTRY|[27]|01p41000000CNQM|gameize.ETLC_SecuredDB.validateQuery(List<SObject>)
17:43:14.11 (18566916)|VARIABLE_SCOPE_BEGIN|[28]|dbRecords|List<SObject>|true|false
17:43:14.11 (18593603)|VARIABLE_ASSIGNMENT|[28]|dbRecords|{"s":1,"v":[{"s":2,"v":{"Id":"a0041000000j7nTAAQ","gameize__dataFavorit (4 more) ...":"[{\"name\":\"Hangman\",\" (27 more) ...","gameize__dataHistory (3 more) ...":"[{\"name\":\"Hangman\",\" (1192 more) ..."}}]}|0x571221d3
17:43:14.11 (18604054)|HEAP_ALLOCATE|[29]|Bytes:5
17:43:14.11 (18610141)|STATEMENT_EXECUTE|[28]
17:43:14.11 (18611556)|STATEMENT_EXECUTE|[29]
17:43:14.11 (18677651)|HEAP_ALLOCATE|[29]|Bytes:12
17:43:14.11 (18684039)|HEAP_ALLOCATE|[29]|Bytes:8
17:43:14.11 (18709419)|HEAP_ALLOCATE|[29]|Bytes:12
17:43:14.11 (18713675)|HEAP_ALLOCATE|[29]|Bytes:9
17:43:14.11 (18723862)|HEAP_ALLOCATE|[29]|Bytes:12
17:43:14.11 (18726963)|HEAP_ALLOCATE|[29]|Bytes:8
17:43:14.11 (18735650)|HEAP_ALLOCATE|[29]|Bytes:12
17:43:14.11 (18738798)|HEAP_ALLOCATE|[29]|Bytes:8
17:43:14.11 (18749962)|HEAP_ALLOCATE|[29]|Bytes:12
17:43:14.11 (18752967)|HEAP_ALLOCATE|[29]|Bytes:9
17:43:14.11 (18774090)|METHOD_ENTRY|[29]|01p41000000CNQM|gameize.ETLC_SecuredDB.findFields(List<SObject>)
17:43:14.11 (18801089)|VARIABLE_SCOPE_BEGIN|[108]|dbRecords|List<SObject>|true|false
17:43:14.11 (18825850)|VARIABLE_ASSIGNMENT|[108]|dbRecords|{"s":1,"v":[{"s":2,"v":{"Id":"a0041000000j7nTAAQ","gameize__dataFavorit (4 more) ...":"[{\"name\":\"Hangman\",\" (27 more) ...","gameize__dataHistory (3 more) ...":"[{\"name\":\"Hangman\",\" (1192 more) ..."}}]}|0x571221d3
17:43:14.11 (18836749)|HEAP_ALLOCATE|[109]|Bytes:5
17:43:14.11 (18841278)|STATEMENT_EXECUTE|[108]
17:43:14.11 (18842816)|STATEMENT_EXECUTE|[109]
17:43:14.11 (18853086)|VARIABLE_SCOPE_BEGIN|[109]|strJSON|String|false|false
17:43:14.11 (18859902)|VARIABLE_ASSIGNMENT|[109]|strJSON|null
17:43:14.11 (18861918)|STATEMENT_EXECUTE|[110]
17:43:14.11 (18870763)|VARIABLE_SCOPE_BEGIN|[110]|mapFields|Map<String,Set<String>>|true|false
17:43:14.11 (18876338)|VARIABLE_ASSIGNMENT|[110]|mapFields|null|
17:43:14.11 (18878143)|STATEMENT_EXECUTE|[112]
17:43:14.11 (18889368)|METHOD_ENTRY|[112]||System.JSON.serialize(Object)
17:43:14.11 (19296720)|METHOD_EXIT|[112]||System.JSON.serialize(Object)
17:43:14.11 (19312110)|VARIABLE_ASSIGNMENT|[112]|strJSON|"[{\"attributes\":{\"typ (1598 more) ..."
17:43:14.11 (19315839)|STATEMENT_EXECUTE|[113]
17:43:14.11 (19325260)|HEAP_ALLOCATE|[113]|Bytes:5
17:43:14.11 (19334074)|HEAP_ALLOCATE|[113]|Bytes:1623
17:43:14.11 (19349575)|ENTERING_MANAGED_PKG|
17:43:14.11 (19372824)|USER_DEBUG|[113]|DEBUG|JSON:[{"attributes":{"type":"gameize__Gameize__c","url":"/services/data/v37.0/sobjects/gameize__Gameize__c/a0041000000j7nTAAQ"},"Id":"a0041000000j7nTAAQ","gameize__dataFavorite__c":"[{\"name\":\"Hangman\",\"cmpname\":\"Hangman\",\"id\":2}]","gameize__dataHistory__c":"[{\"name\":\"Hangman\",\"cmpname\":\"Hangman\",\"datePlayed\":\"Mon Aug 08 2016 15:45:16 GMT-0400 (Eastern Daylight Time)\",\"id\":2},{\"name\":\"Hangman\",\"cmpname\":\"Hangman\",\"datePlayed\":\"Mon Aug 08 2016 15:45:23 GMT-0400 (Eastern Daylight Time)\",\"id\":2},{\"name\":\"Age Counter\",\"cmpname\":\"AgeCounter\",\"datePlayed\":\"Mon Aug 08 2016 15:45:26 GMT-0400 (Eastern Daylight Time)\",\"id\":1},{\"name\":\"Hangman\",\"cmpname\":\"Hangman\",\"datePlayed\":\"Mon Aug 08 2016 15:45:31 GMT-0400 (Eastern Daylight Time)\",\"id\":2},{\"name\":\"Age Counter\",\"cmpname\":\"AgeCounter\",\"datePlayed\":\"Mon Aug 08 2016 15:48:19 GMT-0400 (Eastern Daylight Time)\",\"id\":1},{\"name\":\"Hangman\",\"cmpname\":\"Hangman\",\"datePlayed\":\"Mon Aug 08 2016 15:48:22 GMT-0400 (Eastern Daylight Time)\",\"id\":2},{\"name\":\"Hangman\",\"cmpname\":\"Hangman\",\"datePlayed\":\"Mon Aug 08 2016 15:48:28 GMT-0400 (Eastern Daylight Time)\",\"id\":2},{\"name\":\"Hangman\",\"cmpname\":\"Hangman\",\"datePlayed\":\"Mon Aug 08 2016 15:48:31 GMT-0400 (Eastern Daylight Time)\",\"id\":2},{\"name\":\"Age Counter\",\"cmpname\":\"AgeCounter\",\"datePlayed\":\"Mon Aug 08 2016 15:48:34 GMT-0400 (Eastern Daylight Time)\",\"id\":1},{\"name\":\"Hangman\",\"cmpname\":\"Hangman\",\"datePlayed\":\"Mon Aug 08 2016 15:48:42 GMT-0400 (Eastern Daylight Time)\",\"id\":2}]"}]
17:43:14.11 (19389864)|STATEMENT_EXECUTE|[114]
17:43:14.11 (19400541)|HEAP_ALLOCATE|[114]|Bytes:4
17:43:14.11 (19429391)|VARIABLE_ASSIGNMENT|[114]|mapFields|{"s":1,"v":{}}|0x6a8a14cf
17:43:14.11 (19433385)|STATEMENT_EXECUTE|[115]
17:43:14.11 (19446435)|METHOD_ENTRY|[115]||System.JSON.deserializeUntyped(String)
17:43:14.11 (19923592)|METHOD_EXIT|[115]||System.JSON.deserializeUntyped(String)
17:43:14.11 (19933860)|VARIABLE_SCOPE_BEGIN|[115]|records|List<ANY>|true|false
17:43:14.11 (19968101)|HEAP_ALLOCATE|[EXTERNAL]|Bytes:8
17:43:14.11 (20000201)|VARIABLE_ASSIGNMENT|[115]|records|{"s":1,"v":[{"s":2,"v":{"attributes":{"s":3,"v":{"type":"gameize__Gameize__c","url":"/services/data/v37.0 (48 more) ..."}},"Id":"a0041000000j7nTAAQ","gameize__dataFavorit (4 more) ...":"[{\"name\":\"Hangman\",\" (27 more) ...","gameize__dataHistory (3 more) ...":"[{\"name\":\"Hangman\",\" (1192 more) ..."}}]}|0x7490e3a9
17:43:14.11 (20023694)|ENTERING_MANAGED_PKG|
17:43:14.11 (20062832)|HEAP_ALLOCATE|[116]|Bytes:5
17:43:14.11 (20078516)|HEAP_ALLOCATE|[116]|Bytes:20
17:43:14.11 (20089162)|VARIABLE_SCOPE_BEGIN|[116]|record|Object|false|false
17:43:14.11 (20122940)|VARIABLE_ASSIGNMENT|[116]|record|{"s":1,"v":{"attributes":{"s":2,"v":{"type":"gameize__Gameize__c","url":"/services/data/v37.0 (48 more) ..."}},"Id":"a0041000000j7nTAAQ","gameize__dataFavorit (4 more) ...":"[{\"name\":\"Hangman\",\" (27 more) ...","gameize__dataHistory (3 more) ...":"[{\"name\":\"Hangman\",\" (1192 more) ..."}}
17:43:14.11 (20129473)|STATEMENT_EXECUTE|[116]
17:43:14.11 (20131134)|STATEMENT_EXECUTE|[117]
17:43:14.11 (20153494)|METHOD_ENTRY|[117]|01p41000000CNQM|gameize.ETLC_SecuredDB.findFieldsRecursive(Map<String,Set<String>>, Map<String,ANY>)
17:43:14.11 (20174435)|VARIABLE_SCOPE_BEGIN|[124]|mapFields|Map<String,Set<String>>|true|false
17:43:14.11 (20191692)|VARIABLE_ASSIGNMENT|[124]|mapFields|{"s":1,"v":{}}|0x6a8a14cf
17:43:14.11 (20195865)|VARIABLE_SCOPE_BEGIN|[124]|record|Map<String,ANY>|true|false
17:43:14.11 (20216952)|VARIABLE_ASSIGNMENT|[124]|record|{"s":1,"v":{"attributes":{"s":2,"v":{"type":"gameize__Gameize__c","url":"/services/data/v37.0 (48 more) ..."}},"Id":"a0041000000j7nTAAQ","gameize__dataFavorit (4 more) ...":"[{\"name\":\"Hangman\",\" (27 more) ...","gameize__dataHistory (3 more) ...":"[{\"name\":\"Hangman\",\" (1192 more) ..."}}|0x39477ef1
17:43:14.11 (20227513)|HEAP_ALLOCATE|[125]|Bytes:5
17:43:14.11 (20232645)|STATEMENT_EXECUTE|[124]
17:43:14.11 (20234288)|STATEMENT_EXECUTE|[125]
17:43:14.11 (20242498)|HEAP_ALLOCATE|[125]|Bytes:10
17:43:14.11 (20247632)|VARIABLE_SCOPE_BEGIN|[125]|strAttributes|String|false|false
17:43:14.11 (20254469)|VARIABLE_ASSIGNMENT|[125]|strAttributes|"attributes"
17:43:14.11 (20256598)|STATEMENT_EXECUTE|[126]
17:43:14.11 (20262015)|HEAP_ALLOCATE|[126]|Bytes:7
17:43:14.11 (20265709)|VARIABLE_SCOPE_BEGIN|[126]|strRecord|String|false|false
17:43:14.11 (20270470)|VARIABLE_ASSIGNMENT|[126]|strRecord|"records"
17:43:14.11 (20285113)|ENTERING_MANAGED_PKG|
17:43:14.11 (20323779)|STATEMENT_EXECUTE|[127]
17:43:14.11 (20326005)|STATEMENT_EXECUTE|[128]
17:43:14.11 (20341742)|ENTERING_MANAGED_PKG|
17:43:14.11 (20378487)|VARIABLE_SCOPE_BEGIN|[128]|attributes|Map<String,ANY>|true|false
17:43:14.11 (20401038)|VARIABLE_ASSIGNMENT|[128]|attributes|{"s":1,"v":{"type":"gameize__Gameize__c","url":"/services/data/v37.0 (48 more) ..."}}|0x101f443a
17:43:14.11 (20405197)|STATEMENT_EXECUTE|[129]
17:43:14.11 (20414401)|HEAP_ALLOCATE|[129]|Bytes:4
17:43:14.11 (20428845)|ENTERING_MANAGED_PKG|
17:43:14.11 (20460807)|VARIABLE_SCOPE_BEGIN|[129]|objectName|String|false|false
17:43:14.11 (20469231)|VARIABLE_ASSIGNMENT|[129]|objectName|"gameize__Gameize__c"
17:43:14.11 (20478107)|HEAP_ALLOCATE|[130]|Bytes:4
17:43:14.11 (20496217)|ENTERING_MANAGED_PKG|
17:43:14.11 (20522809)|ENTERING_MANAGED_PKG|
17:43:14.11 (20559079)|HEAP_ALLOCATE|[130]|Bytes:79
17:43:14.11 (20578436)|ENTERING_MANAGED_PKG|
17:43:14.11 (20585430)|HEAP_ALLOCATE|[130]|Bytes:16
17:43:14.11 (20594625)|ENTERING_MANAGED_PKG|
17:43:14.11 (20616004)|HEAP_ALLOCATE|[130]|Bytes:5
17:43:14.11 (20633435)|VARIABLE_SCOPE_BEGIN|[130]|fieldName|String|false|false
17:43:14.11 (20641545)|VARIABLE_ASSIGNMENT|[130]|fieldName|"attributes"
17:43:14.11 (20644590)|STATEMENT_EXECUTE|[130]
17:43:14.11 (20645901)|STATEMENT_EXECUTE|[131]
17:43:14.11 (20662271)|ENTERING_MANAGED_PKG|
17:43:14.11 (20699626)|VARIABLE_SCOPE_BEGIN|[131]|field|Object|false|false
17:43:14.11 (20724725)|VARIABLE_ASSIGNMENT|[131]|field|{"s":1,"v":{"type":"gameize__Gameize__c","url":"/services/data/v37.0 (48 more) ..."}}
17:43:14.11 (20742930)|STATEMENT_EXECUTE|[132]
17:43:14.11 (20760459)|HEAP_ALLOCATE|[130]|Bytes:5
17:43:14.11 (20773152)|VARIABLE_SCOPE_BEGIN|[130]|fieldName|String|false|false
17:43:14.11 (20780272)|VARIABLE_ASSIGNMENT|[130]|fieldName|"Id"
17:43:14.11 (20787280)|STATEMENT_EXECUTE|[130]
17:43:14.11 (20788694)|STATEMENT_EXECUTE|[131]
17:43:14.11 (20804509)|ENTERING_MANAGED_PKG|
17:43:14.11 (20817161)|VARIABLE_SCOPE_BEGIN|[131]|field|Object|false|false
17:43:14.11 (20826563)|VARIABLE_ASSIGNMENT|[131]|field|"a0041000000j7nTAAQ"
17:43:14.11 (20838379)|HEAP_ALLOCATE|[134]|Bytes:68
17:43:14.11 (20865795)|STATEMENT_EXECUTE|[136]
17:43:14.11 (20867749)|STATEMENT_EXECUTE|[137]
17:43:14.11 (20878292)|HEAP_ALLOCATE|[137]|Bytes:4
17:43:14.11 (20895629)|ENTERING_MANAGED_PKG|
17:43:14.11 (20919154)|VARIABLE_SCOPE_BEGIN|[137]|fieldNames|Set<String>|true|false
17:43:14.11 (20944448)|VARIABLE_ASSIGNMENT|[137]|fieldNames|{"s":1,"v":[]}|0x2a89169a
17:43:14.11 (20961351)|ENTERING_MANAGED_PKG|
17:43:14.11 (20996300)|STATEMENT_EXECUTE|[138]
17:43:14.11 (21003366)|STATEMENT_EXECUTE|[139]
17:43:14.11 (21018941)|ENTERING_MANAGED_PKG|
17:43:14.11 (21046627)|HEAP_ALLOCATE|[EXTERNAL]|Bytes:4
17:43:14.11 (21056117)|STATEMENT_EXECUTE|[140]
17:43:14.11 (21072723)|ENTERING_MANAGED_PKG|
17:43:14.11 (21105770)|HEAP_ALLOCATE|[EXTERNAL]|Bytes:-4
17:43:14.11 (21121716)|HEAP_ALLOCATE|[130]|Bytes:5
17:43:14.11 (21134240)|VARIABLE_SCOPE_BEGIN|[130]|fieldName|String|false|false
17:43:14.11 (21143241)|VARIABLE_ASSIGNMENT|[130]|fieldName|"gameize__dataFavorit (4 more) ..."
17:43:14.11 (21146234)|STATEMENT_EXECUTE|[130]
17:43:14.11 (21147490)|STATEMENT_EXECUTE|[131]
17:43:14.11 (21163261)|ENTERING_MANAGED_PKG|
17:43:14.11 (21176059)|VARIABLE_SCOPE_BEGIN|[131]|field|Object|false|false
17:43:14.11 (21186487)|VARIABLE_ASSIGNMENT|[131]|field|"[{\"name\":\"Hangman\",\" (27 more) ..."
17:43:14.11 (21207891)|STATEMENT_EXECUTE|[136]
17:43:14.11 (21209927)|STATEMENT_EXECUTE|[137]
17:43:14.11 (21218842)|HEAP_ALLOCATE|[137]|Bytes:4
17:43:14.11 (21232725)|ENTERING_MANAGED_PKG|
17:43:14.11 (21240423)|VARIABLE_SCOPE_BEGIN|[137]|fieldNames|Set<String>|true|false
17:43:14.11 (21261384)|VARIABLE_ASSIGNMENT|[137]|fieldNames|{"s":1,"v":[]}|0x59f735c9
17:43:14.11 (21272896)|ENTERING_MANAGED_PKG|
17:43:14.11 (21284748)|STATEMENT_EXECUTE|[138]
17:43:14.11 (21297994)|ENTERING_MANAGED_PKG|
17:43:14.11 (21320611)|VARIABLE_ASSIGNMENT|[138]|fieldNames|{"s":1,"v":["Id"]}|0x2a89169a
17:43:14.11 (21324562)|STATEMENT_EXECUTE|[139]
17:43:14.11 (21337514)|ENTERING_MANAGED_PKG|
17:43:14.11 (21343830)|HEAP_ALLOCATE|[EXTERNAL]|Bytes:4
17:43:14.11 (21350146)|STATEMENT_EXECUTE|[140]
17:43:14.11 (21360221)|ENTERING_MANAGED_PKG|
17:43:14.11 (21383066)|HEAP_ALLOCATE|[130]|Bytes:5
17:43:14.11 (21395290)|VARIABLE_SCOPE_BEGIN|[130]|fieldName|String|false|false
17:43:14.11 (21403974)|VARIABLE_ASSIGNMENT|[130]|fieldName|"gameize__dataHistory (3 more) ..."
17:43:14.11 (21406870)|STATEMENT_EXECUTE|[130]
17:43:14.11 (21408000)|STATEMENT_EXECUTE|[131]
17:43:14.11 (21421649)|ENTERING_MANAGED_PKG|
17:43:14.11 (21433349)|VARIABLE_SCOPE_BEGIN|[131]|field|Object|false|false
17:43:14.11 (21443773)|VARIABLE_ASSIGNMENT|[131]|field|"[{\"name\":\"Hangman\",\" (1192 more) ..."
17:43:14.11 (21464710)|STATEMENT_EXECUTE|[136]
17:43:14.11 (21466501)|STATEMENT_EXECUTE|[137]
17:43:14.11 (21474914)|HEAP_ALLOCATE|[137]|Bytes:4
17:43:14.11 (21488632)|ENTERING_MANAGED_PKG|
17:43:14.11 (21496365)|VARIABLE_SCOPE_BEGIN|[137]|fieldNames|Set<String>|true|false
17:43:14.11 (21516359)|VARIABLE_ASSIGNMENT|[137]|fieldNames|{"s":1,"v":[]}|0x5b4568f0
17:43:14.11 (21527781)|ENTERING_MANAGED_PKG|
17:43:14.11 (21539097)|STATEMENT_EXECUTE|[138]
17:43:14.11 (21550222)|ENTERING_MANAGED_PKG|
17:43:14.11 (21573563)|VARIABLE_ASSIGNMENT|[138]|fieldNames|{"s":1,"v":["Id","gameize__dataFavorit (4 more) ..."]}|0x2a89169a
17:43:14.11 (21577564)|STATEMENT_EXECUTE|[139]
17:43:14.11 (21590964)|ENTERING_MANAGED_PKG|
17:43:14.11 (21597395)|HEAP_ALLOCATE|[EXTERNAL]|Bytes:4
17:43:14.11 (21603693)|STATEMENT_EXECUTE|[140]
17:43:14.11 (21613730)|ENTERING_MANAGED_PKG|
17:43:14.11 (21636321)|HEAP_ALLOCATE|[130]|Bytes:5
17:43:14.11 (21649666)|VARIABLE_ASSIGNMENT|[130]|fieldName|null
17:43:14.11 (21661051)|METHOD_EXIT|[117]|01p41000000CNQM|gameize.ETLC_SecuredDB.findFieldsRecursive(Map<String,Set<String>>, Map<String,ANY>)
17:43:14.11 (21671717)|HEAP_ALLOCATE|[116]|Bytes:5
17:43:14.11 (21687161)|VARIABLE_ASSIGNMENT|[116]|record|null
17:43:14.11 (21693339)|HEAP_ALLOCATE|[119]|Bytes:4
17:43:14.11 (21706256)|ENTERING_MANAGED_PKG|
17:43:14.11 (21732355)|ENTERING_MANAGED_PKG|
17:43:14.11 (21748120)|HEAP_ALLOCATE|[119]|Bytes:27
17:43:14.11 (21762552)|ENTERING_MANAGED_PKG|
17:43:14.11 (21766787)|HEAP_ALLOCATE|[119]|Bytes:4
17:43:14.11 (21775290)|ENTERING_MANAGED_PKG|
17:43:14.11 (21792999)|HEAP_ALLOCATE|[119]|Bytes:5
17:43:14.11 (21807565)|VARIABLE_SCOPE_BEGIN|[119]|objectName|String|false|false
17:43:14.11 (21815531)|VARIABLE_ASSIGNMENT|[119]|objectName|"gameize__Gameize__c"
17:43:14.11 (21818473)|STATEMENT_EXECUTE|[119]
17:43:14.11 (21819755)|STATEMENT_EXECUTE|[120]
17:43:14.11 (21829130)|HEAP_ALLOCATE|[120]|Bytes:2
17:43:14.11 (21841649)|ENTERING_MANAGED_PKG|
17:43:14.11 (21891965)|ENTERING_MANAGED_PKG|
17:43:14.11 (21913248)|HEAP_ALLOCATE|[120]|Bytes:55
17:43:14.11 (21930955)|HEAP_ALLOCATE|[120]|Bytes:76
17:43:14.11 (21942483)|ENTERING_MANAGED_PKG|
17:43:14.11 (21949754)|USER_DEBUG|[120]|DEBUG|gameize__Gameize__c: {Id, gameize__dataFavorite__c, gameize__dataHistory__c}
17:43:14.11 (21964294)|HEAP_ALLOCATE|[119]|Bytes:5
17:43:14.11 (21976843)|VARIABLE_ASSIGNMENT|[119]|objectName|null
17:43:14.11 (21980233)|STATEMENT_EXECUTE|[122]
17:43:14.11 (21993649)|METHOD_EXIT|[29]|01p41000000CNQM|gameize.ETLC_SecuredDB.findFields(List<SObject>)
17:43:14.11 (22005373)|METHOD_ENTRY|[29]|01p41000000CNQM|gameize.ETLC_SecuredDB.validate(gameize.ETLC_SecuredDB.Operation, Map<String,Set<String>>)
17:43:14.11 (22011420)|VARIABLE_SCOPE_BEGIN|[55]|op|gameize.ETLC_SecuredDB.Operation|true|false
17:43:14.11 (22030545)|VARIABLE_ASSIGNMENT|[55]|op|"Querying"|0x3111d936
17:43:14.11 (22033241)|VARIABLE_SCOPE_BEGIN|[55]|mapFieldNames|Map<String,Set<String>>|true|false
17:43:14.11 (22057089)|VARIABLE_ASSIGNMENT|[55]|mapFieldNames|{"s":1,"v":{"gameize__Gameize__c":{"s":2,"v":["Id","gameize__dataFavorit (4 more) ...","gameize__dataHistory (3 more) ..."]}}}|0x6a8a14cf
17:43:14.11 (22067077)|HEAP_ALLOCATE|[56]|Bytes:5
17:43:14.11 (22071542)|STATEMENT_EXECUTE|[55]
17:43:14.11 (22072934)|STATEMENT_EXECUTE|[56]
17:43:14.11 (22082007)|VARIABLE_SCOPE_BEGIN|[56]|securityMessage|String|false|false
17:43:14.11 (22088027)|VARIABLE_ASSIGNMENT|[56]|securityMessage|null
17:43:14.11 (22089953)|STATEMENT_EXECUTE|[57]
17:43:14.11 (22113272)|ENTERING_MANAGED_PKG|
17:43:14.11 (32612860)|HEAP_ALLOCATE|[57]|Bytes:1256
17:43:14.11 (32628352)|VARIABLE_SCOPE_BEGIN|[57]|mapObjects|Map<String,Schema.SObjectType>|true|false
17:43:14.11 (32791984)|VARIABLE_ASSIGNMENT|[57]|mapObjects|"{acceptedeventrelation=AcceptedEventRelation, account=Account, accountcontactrole=AccountContactRole, accounthistory=AccountHistory, accountpartner=AccountPartner, accountshare=AccountShare, actionlinkgrouptemplate=ActionLinkGroupTemplate, actionlinktemplate=ActionLinkTemplate, activityhistory=ActivityHistory, additionalnumber=AdditionalNumber, ...}"|0x534e3448
17:43:14.11 (32802986)|HEAP_ALLOCATE|[58]|Bytes:4
17:43:14.11 (32821407)|ENTERING_MANAGED_PKG|
17:43:14.11 (32851632)|ENTERING_MANAGED_PKG|
17:43:14.11 (32868743)|HEAP_ALLOCATE|[58]|Bytes:27
17:43:14.11 (32884445)|ENTERING_MANAGED_PKG|
17:43:14.11 (32888852)|HEAP_ALLOCATE|[58]|Bytes:4
17:43:14.11 (32897491)|ENTERING_MANAGED_PKG|
17:43:14.11 (32912285)|HEAP_ALLOCATE|[58]|Bytes:5
17:43:14.11 (32927636)|VARIABLE_SCOPE_BEGIN|[58]|sObjectName|String|false|false
17:43:14.11 (32936768)|VARIABLE_ASSIGNMENT|[58]|sObjectName|"gameize__Gameize__c"
17:43:14.11 (32940101)|STATEMENT_EXECUTE|[58]
17:43:14.11 (32941385)|STATEMENT_EXECUTE|[59]
17:43:14.11 (32951807)|HEAP_ALLOCATE|[59]|Bytes:9
17:43:14.11 (32955663)|HEAP_ALLOCATE|[59]|Bytes:7
17:43:14.11 (32973485)|ENTERING_MANAGED_PKG|
17:43:14.11 (33006243)|HEAP_ALLOCATE|[59]|Bytes:8
17:43:14.11 (33019135)|HEAP_ALLOCATE|[59]|Bytes:1
17:43:14.11 (33033238)|HEAP_ALLOCATE|[59]|Bytes:44
17:43:14.11 (33043547)|VARIABLE_ASSIGNMENT|[59]|securityMessage|"CRUD on [gameize__Ga (24 more) ..."
17:43:14.11 (33046825)|STATEMENT_EXECUTE|[60]
17:43:14.11 (33055241)|HEAP_ALLOCATE|[60]|Bytes:10
17:43:14.11 (33061557)|HEAP_ALLOCATE|[60]|Bytes:54
17:43:14.11 (33075710)|ENTERING_MANAGED_PKG|
17:43:14.11 (33097815)|USER_DEBUG|[60]|DEBUG|Checking: CRUD on [gameize__Gameize__c] for [Querying]
17:43:14.11 (33105948)|STATEMENT_EXECUTE|[61]
17:43:14.11 (33124927)|ENTERING_MANAGED_PKG|
17:43:14.11 (33394471)|HEAP_ALLOCATE|[61]|Bytes:4
17:43:14.11 (33434327)|VARIABLE_SCOPE_BEGIN|[61]|drSObj|Schema.DescribeSObjectResult|true|false
17:43:14.11 (33526477)|VARIABLE_ASSIGNMENT|[61]|drSObj|"common.api.soap.wsdl.DescribeSObjectResult@53f8aaa0"|0x4385f6e3
17:43:14.11 (33664814)|STATEMENT_EXECUTE|[64]
17:43:14.11 (33692893)|STATEMENT_EXECUTE|[65]
17:43:14.11 (33754453)|STATEMENT_EXECUTE|[77]
17:43:14.11 (33757091)|STATEMENT_EXECUTE|[79]
17:43:14.11 (34011219)|HEAP_ALLOCATE|[79]|Bytes:60
17:43:14.11 (34024094)|VARIABLE_SCOPE_BEGIN|[79]|mapFields|Map<String,Schema.SObjectField>|true|false
17:43:14.11 (34180082)|VARIABLE_ASSIGNMENT|[79]|mapFields|"{createdbyid=CreatedById, createddate=CreatedDate, gameize__datafavorite__c=gameize__dataFavorite__c, gameize__datahistory__c=gameize__dataHistory__c, gameize__user__c=gameize__User__c, id=Id, isdeleted=IsDeleted, lastmodifiedbyid=LastModifiedById, lastmodifieddate=LastModifiedDate, lastreferenceddate=LastReferencedDate, ...}"|0x7c624fcc
17:43:14.11 (34191034)|HEAP_ALLOCATE|[80]|Bytes:4
17:43:14.11 (34207274)|ENTERING_MANAGED_PKG|
17:43:14.11 (34235134)|ENTERING_MANAGED_PKG|
17:43:14.11 (34251958)|ENTERING_MANAGED_PKG|
17:43:14.11 (34257328)|HEAP_ALLOCATE|[80]|Bytes:12
17:43:14.11 (34266613)|ENTERING_MANAGED_PKG|
17:43:14.11 (34280672)|HEAP_ALLOCATE|[80]|Bytes:5
17:43:14.11 (34295285)|VARIABLE_SCOPE_BEGIN|[80]|fieldName|String|false|false
17:43:14.11 (34303582)|VARIABLE_ASSIGNMENT|[80]|fieldName|"Id"
17:43:14.11 (34306759)|STATEMENT_EXECUTE|[80]
17:43:14.11 (34308007)|STATEMENT_EXECUTE|[81]
17:43:14.11 (34326436)|ENTERING_MANAGED_PKG|
17:43:14.11 (34689411)|HEAP_ALLOCATE|[81]|Bytes:8
17:43:14.11 (34723270)|VARIABLE_SCOPE_BEGIN|[81]|drField|Schema.DescribeFieldResult|true|false
17:43:14.11 (34796039)|VARIABLE_ASSIGNMENT|[81]|drField|"common.api.soap.wsdl.Field@d1423b84"|0x5728a0eb
17:43:14.11 (34819757)|STATEMENT_EXECUTE|[99]
17:43:14.11 (34821699)|STATEMENT_EXECUTE|[100]
17:43:14.11 (34831439)|HEAP_ALLOCATE|[100]|Bytes:22
17:43:14.11 (34836150)|HEAP_ALLOCATE|[100]|Bytes:1
17:43:14.11 (34856398)|ENTERING_MANAGED_PKG|
17:43:14.11 (34887576)|HEAP_ALLOCATE|[100]|Bytes:8
17:43:14.11 (34912319)|HEAP_ALLOCATE|[100]|Bytes:59
17:43:14.11 (34916563)|HEAP_ALLOCATE|[100]|Bytes:35
17:43:14.11 (34920976)|HEAP_ALLOCATE|[100]|Bytes:94
17:43:14.11 (34934810)|ENTERING_MANAGED_PKG|
17:43:14.11 (34942013)|USER_DEBUG|[100]|DEBUG|Bypass Check: FLS on [gameize__Gameize__c.Id] for [Querying] since it's not isPermissionable()
17:43:14.11 (34958244)|HEAP_ALLOCATE|[80]|Bytes:5
17:43:14.11 (34971215)|VARIABLE_SCOPE_BEGIN|[80]|fieldName|String|false|false
17:43:14.11 (34980808)|VARIABLE_ASSIGNMENT|[80]|fieldName|"gameize__dataFavorit (4 more) ..."
17:43:14.11 (34984177)|STATEMENT_EXECUTE|[80]
17:43:14.11 (34985442)|STATEMENT_EXECUTE|[81]
17:43:14.11 (35000437)|ENTERING_MANAGED_PKG|
17:43:14.11 (35248338)|HEAP_ALLOCATE|[81]|Bytes:8
17:43:14.11 (35260166)|VARIABLE_SCOPE_BEGIN|[81]|drField|Schema.DescribeFieldResult|true|false
17:43:14.11 (35323625)|VARIABLE_ASSIGNMENT|[81]|drField|"common.api.soap.wsdl.Field@d65c9404"|0x67337f17
17:43:14.11 (35337161)|STATEMENT_EXECUTE|[82]
17:43:14.11 (35338816)|STATEMENT_EXECUTE|[83]
17:43:14.11 (35348503)|HEAP_ALLOCATE|[83]|Bytes:8
17:43:14.11 (35370083)|ENTERING_MANAGED_PKG|
17:43:14.11 (35401122)|HEAP_ALLOCATE|[83]|Bytes:8
17:43:14.11 (35419491)|HEAP_ALLOCATE|[83]|Bytes:67
17:43:14.11 (35425040)|HEAP_ALLOCATE|[83]|Bytes:68
17:43:14.11 (35434550)|VARIABLE_ASSIGNMENT|[83]|securityMessage|"FLS on [gameize__Gam (48 more) ..."
17:43:14.11 (35437798)|STATEMENT_EXECUTE|[84]
17:43:14.11 (35447945)|HEAP_ALLOCATE|[84]|Bytes:78
17:43:14.11 (35462615)|ENTERING_MANAGED_PKG|
17:43:14.11 (35484527)|USER_DEBUG|[84]|DEBUG|Checking: FLS on [gameize__Gameize__c.gameize__dataFavorite__c] for [Querying]
17:43:14.11 (35584786)|STATEMENT_EXECUTE|[87]
17:43:14.11 (35602797)|STATEMENT_EXECUTE|[88]
17:43:14.11 (35620500)|HEAP_ALLOCATE|[80]|Bytes:5
17:43:14.11 (35633590)|VARIABLE_SCOPE_BEGIN|[80]|fieldName|String|false|false
17:43:14.11 (35643146)|VARIABLE_ASSIGNMENT|[80]|fieldName|"gameize__dataHistory (3 more) ..."
17:43:14.11 (35645820)|STATEMENT_EXECUTE|[80]
17:43:14.11 (35646918)|STATEMENT_EXECUTE|[81]
17:43:14.11 (35661912)|ENTERING_MANAGED_PKG|
17:43:14.11 (35817269)|HEAP_ALLOCATE|[81]|Bytes:8
17:43:14.11 (35829043)|VARIABLE_SCOPE_BEGIN|[81]|drField|Schema.DescribeFieldResult|true|false
17:43:14.11 (35891088)|VARIABLE_ASSIGNMENT|[81]|drField|"common.api.soap.wsdl.Field@c224206a"|0x55ec7e0f
17:43:14.11 (35904733)|STATEMENT_EXECUTE|[82]
17:43:14.11 (35906226)|STATEMENT_EXECUTE|[83]
17:43:14.11 (35930740)|ENTERING_MANAGED_PKG|
17:43:14.11 (35940443)|HEAP_ALLOCATE|[83]|Bytes:8
17:43:14.11 (35956128)|HEAP_ALLOCATE|[83]|Bytes:66
17:43:14.11 (35961153)|HEAP_ALLOCATE|[83]|Bytes:67
17:43:14.11 (35970957)|VARIABLE_ASSIGNMENT|[83]|securityMessage|"FLS on [gameize__Gam (47 more) ..."
17:43:14.11 (35974171)|STATEMENT_EXECUTE|[84]
17:43:14.11 (35983306)|HEAP_ALLOCATE|[84]|Bytes:77
17:43:14.11 (35994354)|ENTERING_MANAGED_PKG|
17:43:14.11 (36001290)|USER_DEBUG|[84]|DEBUG|Checking: FLS on [gameize__Gameize__c.gameize__dataHistory__c] for [Querying]
17:43:14.11 (36045117)|STATEMENT_EXECUTE|[87]
17:43:14.11 (36054499)|STATEMENT_EXECUTE|[88]
17:43:14.11 (36070237)|HEAP_ALLOCATE|[80]|Bytes:5
17:43:14.11 (36083782)|VARIABLE_ASSIGNMENT|[80]|fieldName|null
17:43:14.11 (36093018)|HEAP_ALLOCATE|[58]|Bytes:5
17:43:14.11 (36102795)|VARIABLE_ASSIGNMENT|[58]|sObjectName|null
17:43:14.11 (36113024)|METHOD_EXIT|[29]|01p41000000CNQM|gameize.ETLC_SecuredDB.validate(gameize.ETLC_SecuredDB.Operation, Map<String,Set<String>>)
17:43:14.11 (36120682)|METHOD_EXIT|[27]|01p41000000CNQM|gameize.ETLC_SecuredDB.validateQuery(List<SObject>)
17:43:14.11 (36123722)|STATEMENT_EXECUTE|[29]
17:43:14.11 (36138625)|HEAP_ALLOCATE|[29]|Bytes:16
17:43:14.11 (36148988)|METHOD_ENTRY|[29]||System.JSON.serialize(Object)
17:43:14.11 (36279999)|METHOD_EXIT|[29]||System.JSON.serialize(Object)
17:43:14.11 (36294060)|VARIABLE_ASSIGNMENT|[29]|returnData|"{\"attributes\":{\"type (1596 more) ..."
17:43:14.11 (36348868)|VARIABLE_ASSIGNMENT|[EXTERNAL]|this|{"debug":false,"input":"{\"mode\":\"fetchUserDa (4 more) ...","operation":"GameizeController"}|0x38c4bb1a
17:43:14.11 (36361908)|STATEMENT_EXECUTE|[30]
17:43:14.11 (36369749)|STATEMENT_EXECUTE|[33]
17:43:14.11 (36379000)|METHOD_EXIT|[9]|01p41000000CQtU|gameize.GameizeController.fetchUserData(Id)
17:43:14.11 (36411264)|VARIABLE_ASSIGNMENT|[EXTERNAL]|this|{"debug":false,"input":"{\"mode\":\"fetchUserDa (4 more) ...","operation":"GameizeController"}|0x38c4bb1a
17:43:14.11 (36419159)|VARIABLE_ASSIGNMENT|[EXTERNAL]|value|"{\"attributes\":{\"type (1596 more) ..."
17:43:14.11 (36429754)|VARIABLE_ASSIGNMENT|[12]|this.output|"{\"attributes\":{\"type (1596 more) ..."|0x38c4bb1a
17:43:14.11 (36436779)|STATEMENT_EXECUTE|[10]
17:43:14.11 (36487135)|VARIABLE_ASSIGNMENT|[EXTERNAL]|this|{"debug":false,"input":"{\"mode\":\"fetchUserDa (4 more) ...","operation":"GameizeController","output":"{\"attributes\":{\"type (1596 more) ..."}|0x38c4bb1a
17:43:14.11 (36523411)|VARIABLE_ASSIGNMENT|[EXTERNAL]|this|{"debug":false,"input":"{\"mode\":\"fetchUserDa (4 more) ...","operation":"GameizeController","output":"{\"attributes\":{\"type (1596 more) ..."}|0x38c4bb1a
17:43:14.11 (36530926)|VARIABLE_ASSIGNMENT|[EXTERNAL]|value|true
17:43:14.11 (36535257)|HEAP_ALLOCATE|[15]|Bytes:5
17:43:14.11 (36542343)|VARIABLE_ASSIGNMENT|[15]|this.outputFlag|true|0x38c4bb1a
17:43:14.11 (36554279)|METHOD_EXIT|[8]|01p41000000CQtU|gameize.GameizeController.process(gameize.ETLC_ApexBridge_Data)
17:43:14.11 (36557882)|STATEMENT_EXECUTE|[23]
17:43:14.11 (36568937)|METHOD_ENTRY|[23]|01p41000000CNQH|gameize.ETLC_ApexBridge_Data.toJSON()
17:43:14.11 (36573003)|VARIABLE_SCOPE_BEGIN|[57]|this|gameize.ETLC_ApexBridge_Data|true|false
17:43:14.11 (36598339)|VARIABLE_ASSIGNMENT|[57]|this|{"debug":false,"input":"{\"mode\":\"fetchUserDa (4 more) ...","operation":"GameizeController","output":"{\"attributes\":{\"type (1596 more) ...","outputFlag":true}|0x38c4bb1a
17:43:14.11 (36603655)|STATEMENT_EXECUTE|[57]
17:43:14.11 (36604863)|STATEMENT_EXECUTE|[58]
17:43:14.11 (36615101)|METHOD_ENTRY|[58]||System.JSON.serialize(Object)
17:43:14.11 (36694608)|STATEMENT_EXECUTE|[22]
17:43:14.11 (36698167)|STATEMENT_EXECUTE|[23]
17:43:14.11 (36707910)|HEAP_ALLOCATE|[23]|Bytes:5
17:43:14.11 (36717005)|VARIABLE_ASSIGNMENT|[23]|this.isSuccess|true|0x38c4bb1a
17:43:14.11 (36719619)|STATEMENT_EXECUTE|[24]
17:43:14.11 (36758632)|STATEMENT_EXECUTE|[31]
17:43:14.11 (36761640)|STATEMENT_EXECUTE|[32]
17:43:14.11 (36770100)|HEAP_ALLOCATE|[32]|Bytes:4
17:43:14.11 (36800270)|VARIABLE_ASSIGNMENT|[32]|this.messages|{"s":1,"v":{}}|0x38c4bb1a
17:43:14.11 (36804603)|STATEMENT_EXECUTE|[33]
17:43:14.11 (36996844)|METHOD_EXIT|[58]||System.JSON.serialize(Object)
17:43:14.11 (37003797)|METHOD_EXIT|[23]|01p41000000CNQH|gameize.ETLC_ApexBridge_Data.toJSON()
17:43:14.11 (37016396)|SYSTEM_MODE_EXIT|false
17:43:14.37 (37045013)|CUMULATIVE_LIMIT_USAGE
17:43:14.37 (37045013)|LIMIT_USAGE_FOR_NS|(default)|
  Number of SOQL queries: 0 out of 100
  Number of query rows: 0 out of 50000
  Number of SOSL queries: 0 out of 20
  Number of DML statements: 0 out of 150
  Number of DML rows: 0 out of 10000
  Maximum CPU time: 0 out of 10000
  Maximum heap size: 0 out of 6000000
  Number of callouts: 0 out of 100
  Number of Email Invocations: 0 out of 10
  Number of future calls: 0 out of 50
  Number of queueable jobs added to the queue: 0 out of 50
  Number of Mobile Apex push calls: 0 out of 10

17:43:14.37 (37045013)|LIMIT_USAGE_FOR_NS|gameize|
  Number of SOQL queries: 2 out of 100
  Number of query rows: 2 out of 50000
  Number of SOSL queries: 0 out of 20
  Number of DML statements: 0 out of 150
  Number of DML rows: 0 out of 10000
  Maximum CPU time: 0 out of 10000
  Maximum heap size: 0 out of 6000000
  Number of callouts: 0 out of 100
  Number of Email Invocations: 0 out of 10
  Number of future calls: 0 out of 50
  Number of queueable jobs added to the queue: 0 out of 50
  Number of Mobile Apex push calls: 0 out of 10

17:43:14.37 (37045013)|CUMULATIVE_LIMIT_USAGE_END

17:43:14.11 (37109010)|CODE_UNIT_FINISHED|ETLC_ApexBridge_Controller.execute
