37.0 APEX_CODE,FINEST;APEX_PROFILING,INFO;CALLOUT,INFO;DB,INFO;SYSTEM,DEBUG;VALIDATION,INFO;VISUALFORCE,INFO;WORKFLOW,INFO
17:47:38.0 (90606)|USER_INFO|[EXTERNAL]|00541000000Hq4o|gameize@jr.te|Eastern Standard Time|GMT-04:00
17:47:38.0 (455571)|HEAP_ALLOCATE|[72]|Bytes:3
17:47:38.0 (501689)|HEAP_ALLOCATE|[77]|Bytes:152
17:47:38.0 (518543)|HEAP_ALLOCATE|[342]|Bytes:408
17:47:38.0 (532382)|HEAP_ALLOCATE|[355]|Bytes:408
17:47:38.0 (544655)|HEAP_ALLOCATE|[467]|Bytes:48
17:47:38.1 (1589373)|USER_INFO|[EXTERNAL]|00541000000Hq4o|gameize@jr.te|Eastern Standard Time|GMT-04:00
17:47:38.1 (1735036)|STATEMENT_EXECUTE|[1]
17:47:38.1 (1743003)|METHOD_EXIT|[1]|ETLC_ApexBridge_Controller
17:47:38.1 (1747418)|HEAP_ALLOCATE|[EXTERNAL]|Bytes:86
17:47:38.1 (1758171)|SYSTEM_MODE_ENTER|false
17:47:38.1 (1764908)|VARIABLE_SCOPE_BEGIN|[3]|dataJson|String|false|false
17:47:38.1 (1791691)|VARIABLE_ASSIGNMENT|[3]|dataJson|"{\"operation\":\"Gameiz (66 more) ..."
17:47:38.1 (1801337)|STATEMENT_EXECUTE|[3]
17:47:38.1 (1802663)|STATEMENT_EXECUTE|[4]
17:47:38.1 (1896664)|VARIABLE_SCOPE_BEGIN|[4]|data|gameize.ETLC_ApexBridge_Data|true|false
17:47:38.1 (1905778)|VARIABLE_ASSIGNMENT|[4]|data|null|
17:47:38.1 (1907753)|STATEMENT_EXECUTE|[5]
17:47:38.1 (1908802)|STATEMENT_EXECUTE|[5]
17:47:38.1 (1909856)|STATEMENT_EXECUTE|[6]
17:47:38.1 (1923364)|HEAP_ALLOCATE|[6]|Bytes:11
17:47:38.1 (1929830)|HEAP_ALLOCATE|[6]|Bytes:248
17:47:38.1 (1932548)|HEAP_ALLOCATE|[6]|Bytes:39
17:47:38.1 (1962481)|METHOD_ENTRY|[2]|01p41000000CNQH|ETLC_ApexBridge_Data.ETLC_ApexBridge_Data()
17:47:38.1 (1965839)|STATEMENT_EXECUTE|[2]
17:47:38.1 (1968852)|STATEMENT_EXECUTE|[2]
17:47:38.1 (1973234)|METHOD_EXIT|[2]|ETLC_ApexBridge_Data
17:47:38.1 (1986383)|METHOD_ENTRY|[6]|01p41000000CNQH|gameize.ETLC_ApexBridge_Data.fromJSON(String)
17:47:38.1 (2006622)|VARIABLE_SCOPE_BEGIN|[60]|strJson|String|false|false
17:47:38.1 (2015382)|VARIABLE_ASSIGNMENT|[60]|strJson|"{\"operation\":\"Gameiz (66 more) ..."
17:47:38.1 (2019129)|STATEMENT_EXECUTE|[60]
17:47:38.1 (2020391)|STATEMENT_EXECUTE|[61]
17:47:38.1 (2027100)|HEAP_ALLOCATE|[61]|Bytes:28
17:47:38.1 (2046595)|HEAP_ALLOCATE|[50]|Bytes:5
17:47:38.1 (2064580)|HEAP_ALLOCATE|[56]|Bytes:5
17:47:38.1 (2070916)|HEAP_ALLOCATE|[64]|Bytes:7
17:47:38.1 (2159356)|HEAP_ALLOCATE|[61]|Bytes:24
17:47:38.1 (2172070)|SYSTEM_METHOD_ENTRY|[1]|Type.Type()
17:47:38.1 (2174951)|STATEMENT_EXECUTE|[1]
17:47:38.1 (2182097)|SYSTEM_METHOD_EXIT|[1]|Type
17:47:38.1 (2186425)|HEAP_ALLOCATE|[61]|Bytes:8
17:47:38.1 (2204666)|HEAP_ALLOCATE|[61]|Bytes:8
17:47:38.1 (2208470)|VARIABLE_SCOPE_BEGIN|[4]|this|System.Type|true|false
17:47:38.1 (2234248)|VARIABLE_ASSIGNMENT|[4]|this|{}|0x3a78bea2
17:47:38.1 (2236873)|VARIABLE_SCOPE_BEGIN|[4]|apextype|java:common.apex.runtime.ApexObjectType|true|false
17:47:38.1 (2331984)|VARIABLE_ASSIGNMENT|[4]|apextype|"gameize.ETLC_ApexBridge_Data"|0x49b83981
17:47:38.1 (2398243)|HEAP_ALLOCATE|[61]|Bytes:8
17:47:38.1 (2433505)|HEAP_ALLOCATE|[61]|Bytes:24
17:47:38.1 (2444284)|SYSTEM_METHOD_ENTRY|[1]|JSON.JSON()
17:47:38.1 (2446769)|STATEMENT_EXECUTE|[1]
17:47:38.1 (2452108)|SYSTEM_METHOD_EXIT|[1]|JSON
17:47:38.1 (2465260)|METHOD_ENTRY|[61]||System.JSON.deserializeStrict(String, System.Type)
17:47:38.1 (2725848)|METHOD_EXIT|[61]||System.JSON.deserializeStrict(String, System.Type)
17:47:38.1 (2733354)|METHOD_EXIT|[6]|01p41000000CNQH|gameize.ETLC_ApexBridge_Data.fromJSON(String)
17:47:38.1 (2762747)|VARIABLE_ASSIGNMENT|[6]|data|{"debug":false,"input":"{\"mode\":\"fetchGameDa (4 more) ...","operation":"GameizeController"}|0x42c28705
17:47:38.1 (2766477)|STATEMENT_EXECUTE|[7]
17:47:38.1 (2812222)|VARIABLE_ASSIGNMENT|[EXTERNAL]|this|{"debug":false,"input":"{\"mode\":\"fetchGameDa (4 more) ...","operation":"GameizeController"}|0x42c28705
17:47:38.1 (2824555)|METHOD_ENTRY|[7]||System.Type.forName(String)
17:47:38.1 (3045759)|METHOD_EXIT|[7]||System.Type.forName(String)
17:47:38.1 (3054979)|METHOD_ENTRY|[7]||System.Type.newInstance()
17:47:38.1 (3195636)|STATEMENT_EXECUTE|[1]
17:47:38.1 (3204631)|HEAP_ALLOCATE|[33]|Bytes:5
17:47:38.1 (3216361)|METHOD_EXIT|[1]|GameizeController
17:47:38.1 (3220712)|HEAP_ALLOCATE|[33]|Bytes:4
17:47:38.1 (3224143)|VARIABLE_SCOPE_BEGIN|[1]|this|gameize.GameizeController|true|false
17:47:38.1 (3240351)|VARIABLE_ASSIGNMENT|[1]|this|{}|0x58f1f255
17:47:38.1 (3245987)|HEAP_ALLOCATE|[33]|Bytes:5
17:47:38.1 (3252753)|HEAP_ALLOCATE|[33]|Bytes:11
17:47:38.1 (3262154)|METHOD_ENTRY|[1]|01p41000000CNQC|ETLC_ApexBridge_Abstract.ETLC_ApexBridge_Abstract()
17:47:38.1 (3264568)|STATEMENT_EXECUTE|[1]
17:47:38.1 (3267498)|STATEMENT_EXECUTE|[1]
17:47:38.1 (3270777)|METHOD_EXIT|[1]|ETLC_ApexBridge_Abstract
17:47:38.1 (3275862)|CONSTRUCTOR_ENTRY|[EXTERNAL]|01p41000000CNQC|<init>()
17:47:38.1 (3280220)|VARIABLE_SCOPE_BEGIN|[1]|this|gameize.ETLC_ApexBridge_Abstract|true|false
17:47:38.1 (3289411)|VARIABLE_ASSIGNMENT|[1]|this|{}|0x58f1f255
17:47:38.1 (3298755)|STATEMENT_EXECUTE|[1]
17:47:38.1 (3301622)|CONSTRUCTOR_EXIT|[EXTERNAL]|01p41000000CNQC|<init>()
17:47:38.1 (3305475)|STATEMENT_EXECUTE|[1]
17:47:38.1 (3308412)|HEAP_ALLOCATE|[33]|Bytes:5
17:47:38.1 (3320472)|METHOD_EXIT|[7]||System.Type.newInstance()
17:47:38.1 (3325611)|VARIABLE_SCOPE_BEGIN|[7]|executor|gameize.ETLC_ApexBridge_Abstract|true|false
17:47:38.1 (3334249)|VARIABLE_ASSIGNMENT|[7]|executor|{}|0x58f1f255
17:47:38.1 (3336063)|STATEMENT_EXECUTE|[8]
17:47:38.1 (3361531)|METHOD_ENTRY|[8]|01p41000000CQtU|gameize.GameizeController.process(gameize.ETLC_ApexBridge_Data)
17:47:38.1 (3376206)|VARIABLE_SCOPE_BEGIN|[3]|this|gameize.GameizeController|true|false
17:47:38.1 (3385500)|VARIABLE_ASSIGNMENT|[3]|this|{}|0x58f1f255
17:47:38.1 (3387190)|VARIABLE_SCOPE_BEGIN|[3]|data|gameize.ETLC_ApexBridge_Data|true|false
17:47:38.1 (3407184)|VARIABLE_ASSIGNMENT|[3]|data|{"debug":false,"input":"{\"mode\":\"fetchGameDa (4 more) ...","operation":"GameizeController"}|0x42c28705
17:47:38.1 (3413735)|HEAP_ALLOCATE|[4]|Bytes:5
17:47:38.1 (3417153)|STATEMENT_EXECUTE|[3]
17:47:38.1 (3418259)|STATEMENT_EXECUTE|[4]
17:47:38.1 (3443982)|VARIABLE_ASSIGNMENT|[4]|GameizeController.apexBridgedata|{"debug":false,"input":"{\"mode\":\"fetchGameDa (4 more) ...","operation":"GameizeController"}|0x42c28705
17:47:38.1 (3476873)|VARIABLE_ASSIGNMENT|[EXTERNAL]|this|{"debug":false,"input":"{\"mode\":\"fetchGameDa (4 more) ...","operation":"GameizeController"}|0x42c28705
17:47:38.1 (3487514)|STATEMENT_EXECUTE|[5]
17:47:38.1 (3491733)|STATEMENT_EXECUTE|[7]
17:47:38.1 (3495516)|HEAP_ALLOCATE|[7]|Bytes:4
17:47:38.1 (3504178)|METHOD_ENTRY|[7]|01p41000000CNQH|gameize.ETLC_ApexBridge_Data.getInputValue(String)
17:47:38.1 (3514275)|VARIABLE_SCOPE_BEGIN|[52]|this|gameize.ETLC_ApexBridge_Data|true|false
17:47:38.1 (3530892)|VARIABLE_ASSIGNMENT|[52]|this|{"debug":false,"input":"{\"mode\":\"fetchGameDa (4 more) ...","operation":"GameizeController"}|0x42c28705
17:47:38.1 (3533568)|VARIABLE_SCOPE_BEGIN|[52]|key|String|false|false
17:47:38.1 (3536876)|VARIABLE_ASSIGNMENT|[52]|key|"mode"
17:47:38.1 (3539918)|STATEMENT_EXECUTE|[52]
17:47:38.1 (3541126)|STATEMENT_EXECUTE|[53]
17:47:38.1 (3570551)|VARIABLE_ASSIGNMENT|[EXTERNAL]|this|{"debug":false,"input":"{\"mode\":\"fetchGameDa (4 more) ...","operation":"GameizeController"}|0x42c28705
17:47:38.1 (3581283)|METHOD_ENTRY|[53]||System.JSON.deserializeUntyped(String)
17:47:38.1 (3830422)|METHOD_EXIT|[53]||System.JSON.deserializeUntyped(String)
17:47:38.1 (3837627)|VARIABLE_SCOPE_BEGIN|[53]|inputMap|Map<String,ANY>|true|false
17:47:38.1 (3861037)|VARIABLE_ASSIGNMENT|[53]|inputMap|{"s":1,"v":{"mode":"fetchGameData"}}|0x15a85e57
17:47:38.1 (3864270)|STATEMENT_EXECUTE|[54]
17:47:38.1 (3887988)|ENTERING_MANAGED_PKG|
17:47:38.1 (3914790)|METHOD_EXIT|[7]|01p41000000CNQH|gameize.ETLC_ApexBridge_Data.getInputValue(String)
17:47:38.1 (3920120)|VARIABLE_SCOPE_BEGIN|[7]|mode|String|false|false
17:47:38.1 (3925697)|VARIABLE_ASSIGNMENT|[7]|mode|"fetchGameData"
17:47:38.1 (3929490)|HEAP_ALLOCATE|[8]|Bytes:13
17:47:38.1 (3953871)|HEAP_ALLOCATE|[11]|Bytes:12
17:47:38.1 (3960487)|HEAP_ALLOCATE|[13]|Bytes:13
17:47:38.1 (3968371)|STATEMENT_EXECUTE|[13]
17:47:38.1 (3969659)|STATEMENT_EXECUTE|[14]
17:47:38.1 (3979854)|METHOD_ENTRY|[14]|01p41000000CQtU|gameize.GameizeController.fetchGameData()
17:47:38.1 (3991779)|VARIABLE_SCOPE_BEGIN|[82]|this|gameize.GameizeController|true|false
17:47:38.1 (4004411)|VARIABLE_ASSIGNMENT|[82]|this|{}|0x58f1f255
17:47:38.1 (4012163)|HEAP_ALLOCATE|[83]|Bytes:5
17:47:38.1 (4015232)|STATEMENT_EXECUTE|[82]
17:47:38.1 (4016354)|STATEMENT_EXECUTE|[83]
17:47:38.1 (4022001)|VARIABLE_SCOPE_BEGIN|[83]|returnData|String|false|false
17:47:38.1 (4026379)|VARIABLE_ASSIGNMENT|[83]|returnData|null
17:47:38.1 (4027887)|STATEMENT_EXECUTE|[84]
17:47:38.1 (4028980)|STATEMENT_EXECUTE|[84]
17:47:38.1 (4029965)|STATEMENT_EXECUTE|[85]
17:47:38.1 (4033256)|HEAP_ALLOCATE|[85]|Bytes:63
17:47:38.1 (4038193)|HEAP_ALLOCATE|[85]|Bytes:4
17:47:38.1 (4271736)|SOQL_EXECUTE_BEGIN|[85]|Aggregations:0|SELECT Body FROM StaticResource WHERE Name = 'Gameize_GameList'
17:47:38.1 (7379990)|SOQL_EXECUTE_END|[85]|Rows:1
17:47:38.1 (7405737)|HEAP_ALLOCATE|[85]|Bytes:8
17:47:38.1 (7419794)|HEAP_ALLOCATE|[85]|Bytes:536
17:47:38.1 (7516666)|HEAP_ALLOCATE|[85]|Bytes:8
17:47:38.1 (7528193)|VARIABLE_SCOPE_BEGIN|[85]|records|List<StaticResource>|true|false
17:47:38.1 (7559604)|VARIABLE_ASSIGNMENT|[85]|records|{"s":1,"v":[{"s":2,"v":{"Body":BLOB(491 bytes),"Id":"081410000000JmSAAU"}}]}|0x14cd14c4
17:47:38.1 (7628913)|ENTERING_MANAGED_PKG|
17:47:38.1 (7654238)|STATEMENT_EXECUTE|[86]
17:47:38.1 (7656058)|STATEMENT_EXECUTE|[88]
17:47:38.1 (7687355)|HEAP_ALLOCATE|[88]|Bytes:12
17:47:38.1 (7733716)|ENTERING_MANAGED_PKG|
17:47:38.1 (7792660)|HEAP_ALLOCATE|[88]|Bytes:491
17:47:38.1 (7811227)|VARIABLE_ASSIGNMENT|[88]|returnData|"[{\"id\": 1, \"name\": \" (471 more) ..."
17:47:38.1 (7814249)|STATEMENT_EXECUTE|[89]
17:47:38.1 (7821327)|HEAP_ALLOCATE|[89]|Bytes:12
17:47:38.1 (7831204)|HEAP_ALLOCATE|[89]|Bytes:503
17:47:38.1 (7851747)|ENTERING_MANAGED_PKG|
17:47:38.1 (7878275)|USER_DEBUG|[89]|DEBUG|returnData::[{"id": 1, "name": "Age Counter", "auraid": "agecounter", "cmpname": "AgeCounter", "desc": "Count how long you've lived, in days+hours+minutes."},{"id": 2, "name": "Hangman", "auraid": "hangman", "cmpname": "Hangman", "desc": "Games are a good way to keep your visitors- and yourself- occupied on your site. Here's where this script comes in. It's the great JavaScript reincarnation of the classic Hang Man game. Play against the computer. The vocabulary to be used is configurable. Cool!"}]
17:47:38.1 (7928016)|VARIABLE_ASSIGNMENT|[EXTERNAL]|this|{"debug":false,"input":"{\"mode\":\"fetchGameDa (4 more) ...","operation":"GameizeController"}|0x42c28705
17:47:38.1 (7938153)|STATEMENT_EXECUTE|[90]
17:47:38.1 (7944349)|STATEMENT_EXECUTE|[93]
17:47:38.1 (7951099)|METHOD_EXIT|[14]|01p41000000CQtU|gameize.GameizeController.fetchGameData()
17:47:38.1 (7977506)|VARIABLE_ASSIGNMENT|[EXTERNAL]|this|{"debug":false,"input":"{\"mode\":\"fetchGameDa (4 more) ...","operation":"GameizeController"}|0x42c28705
17:47:38.1 (7983213)|VARIABLE_ASSIGNMENT|[EXTERNAL]|value|"[{\"id\": 1, \"name\": \" (471 more) ..."
17:47:38.1 (7992261)|VARIABLE_ASSIGNMENT|[12]|this.output|"[{\"id\": 1, \"name\": \" (471 more) ..."|0x42c28705
17:47:38.1 (7996849)|STATEMENT_EXECUTE|[15]
17:47:38.1 (8030237)|VARIABLE_ASSIGNMENT|[EXTERNAL]|this|{"debug":false,"input":"{\"mode\":\"fetchGameDa (4 more) ...","operation":"GameizeController","output":"[{\"id\": 1, \"name\": \" (471 more) ..."}|0x42c28705
17:47:38.1 (8056797)|VARIABLE_ASSIGNMENT|[EXTERNAL]|this|{"debug":false,"input":"{\"mode\":\"fetchGameDa (4 more) ...","operation":"GameizeController","output":"[{\"id\": 1, \"name\": \" (471 more) ..."}|0x42c28705
17:47:38.1 (8062964)|VARIABLE_ASSIGNMENT|[EXTERNAL]|value|true
17:47:38.1 (8066327)|HEAP_ALLOCATE|[15]|Bytes:5
17:47:38.1 (8071742)|VARIABLE_ASSIGNMENT|[15]|this.outputFlag|true|0x42c28705
17:47:38.1 (8079748)|METHOD_EXIT|[8]|01p41000000CQtU|gameize.GameizeController.process(gameize.ETLC_ApexBridge_Data)
17:47:38.1 (8082730)|STATEMENT_EXECUTE|[23]
17:47:38.1 (8093052)|METHOD_ENTRY|[23]|01p41000000CNQH|gameize.ETLC_ApexBridge_Data.toJSON()
17:47:38.1 (8104213)|VARIABLE_SCOPE_BEGIN|[57]|this|gameize.ETLC_ApexBridge_Data|true|false
17:47:38.1 (8123428)|VARIABLE_ASSIGNMENT|[57]|this|{"debug":false,"input":"{\"mode\":\"fetchGameDa (4 more) ...","operation":"GameizeController","output":"[{\"id\": 1, \"name\": \" (471 more) ...","outputFlag":true}|0x42c28705
17:47:38.1 (8127908)|STATEMENT_EXECUTE|[57]
17:47:38.1 (8129247)|STATEMENT_EXECUTE|[58]
17:47:38.1 (8137719)|METHOD_ENTRY|[58]||System.JSON.serialize(Object)
17:47:38.1 (8231662)|STATEMENT_EXECUTE|[22]
17:47:38.1 (8234635)|STATEMENT_EXECUTE|[23]
17:47:38.1 (8242003)|HEAP_ALLOCATE|[23]|Bytes:5
17:47:38.1 (8249132)|VARIABLE_ASSIGNMENT|[23]|this.isSuccess|true|0x42c28705
17:47:38.1 (8251225)|STATEMENT_EXECUTE|[24]
17:47:38.1 (8279365)|STATEMENT_EXECUTE|[31]
17:47:38.1 (8281905)|STATEMENT_EXECUTE|[32]
17:47:38.1 (8359298)|HEAP_ALLOCATE|[32]|Bytes:4
17:47:38.1 (8404010)|VARIABLE_ASSIGNMENT|[32]|this.messages|{"s":1,"v":{}}|0x42c28705
17:47:38.1 (8407167)|STATEMENT_EXECUTE|[33]
17:47:38.1 (8727963)|METHOD_EXIT|[58]||System.JSON.serialize(Object)
17:47:38.1 (8733315)|METHOD_EXIT|[23]|01p41000000CNQH|gameize.ETLC_ApexBridge_Data.toJSON()
17:47:38.1 (8742891)|SYSTEM_MODE_EXIT|false
17:47:38.8 (8778891)|CUMULATIVE_LIMIT_USAGE
17:47:38.8 (8778891)|LIMIT_USAGE_FOR_NS|(default)|
  Number of SOQL queries: 0 out of 100
  Number of query rows: 0 out of 50000
  Number of SOSL queries: 0 out of 20
  Number of DML statements: 0 out of 150
  Number of DML rows: 0 out of 10000
  Maximum CPU time: 0 out of 10000
  Maximum heap size: 0 out of 6000000
  Number of callouts: 0 out of 100
  Number of Email Invocations: 0 out of 10
  Number of future calls: 0 out of 50
  Number of queueable jobs added to the queue: 0 out of 50
  Number of Mobile Apex push calls: 0 out of 10

17:47:38.8 (8778891)|LIMIT_USAGE_FOR_NS|gameize|
  Number of SOQL queries: 1 out of 100
  Number of query rows: 1 out of 50000
  Number of SOSL queries: 0 out of 20
  Number of DML statements: 0 out of 150
  Number of DML rows: 0 out of 10000
  Maximum CPU time: 0 out of 10000
  Maximum heap size: 0 out of 6000000
  Number of callouts: 0 out of 100
  Number of Email Invocations: 0 out of 10
  Number of future calls: 0 out of 50
  Number of queueable jobs added to the queue: 0 out of 50
  Number of Mobile Apex push calls: 0 out of 10

17:47:38.8 (8778891)|CUMULATIVE_LIMIT_USAGE_END

17:47:38.1 (8849136)|CODE_UNIT_FINISHED|ETLC_ApexBridge_Controller.execute
17:47:38.0 (9051751)|HEAP_ALLOCATE|[EXTERNAL]|Bytes:86
17:47:38.0 (9063008)|HEAP_ALLOCATE|[EXTERNAL]|Bytes:86
17:47:38.10 (10383726)|USER_INFO|[EXTERNAL]|00541000000Hq4o|gameize@jr.te|Eastern Standard Time|GMT-04:00
17:47:38.10 (10447174)|STATEMENT_EXECUTE|[3]
17:47:38.10 (10449364)|STATEMENT_EXECUTE|[4]
17:47:38.10 (10458306)|VARIABLE_SCOPE_BEGIN|[4]|data|gameize.ETLC_ApexBridge_Data|true|false
17:47:38.10 (10474894)|VARIABLE_ASSIGNMENT|[4]|data|null|
17:47:38.10 (10477123)|STATEMENT_EXECUTE|[5]
17:47:38.10 (10478227)|STATEMENT_EXECUTE|[5]
17:47:38.10 (10479148)|STATEMENT_EXECUTE|[6]
17:47:38.10 (10487020)|METHOD_ENTRY|[6]|01p41000000CNQH|gameize.ETLC_ApexBridge_Data.fromJSON(String)
17:47:38.10 (10490628)|VARIABLE_SCOPE_BEGIN|[60]|strJson|String|false|false
17:47:38.10 (10497573)|VARIABLE_ASSIGNMENT|[60]|strJson|"{\"operation\":\"Gameiz (66 more) ..."
17:47:38.10 (10500822)|STATEMENT_EXECUTE|[60]
17:47:38.10 (10502068)|STATEMENT_EXECUTE|[61]
17:47:38.10 (10540259)|HEAP_ALLOCATE|[61]|Bytes:8
17:47:38.10 (10545532)|HEAP_ALLOCATE|[61]|Bytes:8
17:47:38.10 (10548217)|VARIABLE_SCOPE_BEGIN|[4]|this|System.Type|true|false
17:47:38.10 (10563894)|VARIABLE_ASSIGNMENT|[4]|this|{}|0x4860811b
17:47:38.10 (10566339)|VARIABLE_SCOPE_BEGIN|[4]|apextype|java:common.apex.runtime.ApexObjectType|true|false
17:47:38.10 (10634999)|VARIABLE_ASSIGNMENT|[4]|apextype|"gameize.ETLC_ApexBridge_Data"|0x49b83981
17:47:38.10 (10662057)|HEAP_ALLOCATE|[61]|Bytes:8
17:47:38.10 (10670569)|METHOD_ENTRY|[61]||System.JSON.deserializeStrict(String, System.Type)
17:47:38.10 (10812576)|METHOD_EXIT|[61]||System.JSON.deserializeStrict(String, System.Type)
17:47:38.10 (10818932)|METHOD_EXIT|[6]|01p41000000CNQH|gameize.ETLC_ApexBridge_Data.fromJSON(String)
17:47:38.10 (10845654)|VARIABLE_ASSIGNMENT|[6]|data|{"debug":false,"input":"{\"mode\":\"fetchUserDa (4 more) ...","operation":"GameizeController"}|0x148dfe9
17:47:38.10 (10849665)|STATEMENT_EXECUTE|[7]
17:47:38.10 (10875993)|VARIABLE_ASSIGNMENT|[EXTERNAL]|this|{"debug":false,"input":"{\"mode\":\"fetchUserDa (4 more) ...","operation":"GameizeController"}|0x148dfe9
17:47:38.10 (10884500)|METHOD_ENTRY|[7]||System.Type.forName(String)
17:47:38.10 (10975740)|METHOD_EXIT|[7]||System.Type.forName(String)
17:47:38.10 (10980638)|METHOD_ENTRY|[7]||System.Type.newInstance()
17:47:38.10 (11028623)|HEAP_ALLOCATE|[33]|Bytes:5
17:47:38.10 (11035448)|CONSTRUCTOR_ENTRY|[EXTERNAL]|01p41000000CNQC|<init>()
17:47:38.10 (11038721)|VARIABLE_SCOPE_BEGIN|[1]|this|gameize.ETLC_ApexBridge_Abstract|true|false
17:47:38.10 (11050912)|VARIABLE_ASSIGNMENT|[1]|this|{}|0x2b4d140b
17:47:38.10 (11059548)|STATEMENT_EXECUTE|[1]
17:47:38.10 (11062428)|CONSTRUCTOR_EXIT|[EXTERNAL]|01p41000000CNQC|<init>()
17:47:38.10 (11066197)|STATEMENT_EXECUTE|[1]
17:47:38.10 (11068797)|HEAP_ALLOCATE|[33]|Bytes:5
17:47:38.10 (11079460)|METHOD_EXIT|[7]||System.Type.newInstance()
17:47:38.10 (11084813)|VARIABLE_SCOPE_BEGIN|[7]|executor|gameize.ETLC_ApexBridge_Abstract|true|false
17:47:38.10 (11092969)|VARIABLE_ASSIGNMENT|[7]|executor|{}|0x2b4d140b
17:47:38.10 (11094715)|STATEMENT_EXECUTE|[8]
17:47:38.10 (11104526)|METHOD_ENTRY|[8]|01p41000000CQtU|gameize.GameizeController.process(gameize.ETLC_ApexBridge_Data)
17:47:38.10 (11107416)|VARIABLE_SCOPE_BEGIN|[3]|this|gameize.GameizeController|true|false
17:47:38.10 (11113913)|VARIABLE_ASSIGNMENT|[3]|this|{}|0x2b4d140b
17:47:38.10 (11115413)|VARIABLE_SCOPE_BEGIN|[3]|data|gameize.ETLC_ApexBridge_Data|true|false
17:47:38.10 (11134132)|VARIABLE_ASSIGNMENT|[3]|data|{"debug":false,"input":"{\"mode\":\"fetchUserDa (4 more) ...","operation":"GameizeController"}|0x148dfe9
17:47:38.10 (11139454)|HEAP_ALLOCATE|[4]|Bytes:5
17:47:38.10 (11142805)|STATEMENT_EXECUTE|[3]
17:47:38.10 (11143838)|STATEMENT_EXECUTE|[4]
17:47:38.10 (11166827)|VARIABLE_ASSIGNMENT|[4]|GameizeController.apexBridgedata|{"debug":false,"input":"{\"mode\":\"fetchUserDa (4 more) ...","operation":"GameizeController"}|0x148dfe9
17:47:38.10 (11184622)|VARIABLE_ASSIGNMENT|[EXTERNAL]|this|{"debug":false,"input":"{\"mode\":\"fetchUserDa (4 more) ...","operation":"GameizeController"}|0x148dfe9
17:47:38.10 (11190589)|STATEMENT_EXECUTE|[5]
17:47:38.10 (11193793)|STATEMENT_EXECUTE|[7]
17:47:38.10 (11198575)|METHOD_ENTRY|[7]|01p41000000CNQH|gameize.ETLC_ApexBridge_Data.getInputValue(String)
17:47:38.10 (11200966)|VARIABLE_SCOPE_BEGIN|[52]|this|gameize.ETLC_ApexBridge_Data|true|false
17:47:38.10 (11215129)|VARIABLE_ASSIGNMENT|[52]|this|{"debug":false,"input":"{\"mode\":\"fetchUserDa (4 more) ...","operation":"GameizeController"}|0x148dfe9
17:47:38.10 (11217120)|VARIABLE_SCOPE_BEGIN|[52]|key|String|false|false
17:47:38.10 (11219843)|VARIABLE_ASSIGNMENT|[52]|key|"mode"
17:47:38.10 (11222093)|STATEMENT_EXECUTE|[52]
17:47:38.10 (11223292)|STATEMENT_EXECUTE|[53]
17:47:38.10 (11241266)|VARIABLE_ASSIGNMENT|[EXTERNAL]|this|{"debug":false,"input":"{\"mode\":\"fetchUserDa (4 more) ...","operation":"GameizeController"}|0x148dfe9
17:47:38.10 (11248178)|METHOD_ENTRY|[53]||System.JSON.deserializeUntyped(String)
17:47:38.10 (11394687)|METHOD_EXIT|[53]||System.JSON.deserializeUntyped(String)
17:47:38.10 (11401641)|VARIABLE_SCOPE_BEGIN|[53]|inputMap|Map<String,ANY>|true|false
17:47:38.10 (11418990)|VARIABLE_ASSIGNMENT|[53]|inputMap|{"s":1,"v":{"mode":"fetchUserData"}}|0xd96ae1e
17:47:38.10 (11421952)|STATEMENT_EXECUTE|[54]
17:47:38.10 (11439626)|ENTERING_MANAGED_PKG|
17:47:38.10 (11448418)|METHOD_EXIT|[7]|01p41000000CNQH|gameize.ETLC_ApexBridge_Data.getInputValue(String)
17:47:38.10 (11452792)|VARIABLE_SCOPE_BEGIN|[7]|mode|String|false|false
17:47:38.10 (11457379)|VARIABLE_ASSIGNMENT|[7]|mode|"fetchUserData"
17:47:38.10 (11470172)|STATEMENT_EXECUTE|[8]
17:47:38.10 (11471221)|STATEMENT_EXECUTE|[9]
17:47:38.10 (11511910)|HEAP_ALLOCATE|[9]|Bytes:85
17:47:38.10 (11526344)|SYSTEM_METHOD_ENTRY|[1]|UserInfo.UserInfo()
17:47:38.10 (11529103)|STATEMENT_EXECUTE|[1]
17:47:38.10 (11535977)|SYSTEM_METHOD_EXIT|[1]|UserInfo
17:47:38.10 (11547700)|METHOD_ENTRY|[9]||System.UserInfo.getUserId()
17:47:38.10 (11581575)|METHOD_EXIT|[9]||System.UserInfo.getUserId()
17:47:38.10 (11592555)|HEAP_ALLOCATE|[9]|Bytes:4
17:47:38.10 (11601047)|METHOD_ENTRY|[9]|01p41000000CQtU|gameize.GameizeController.fetchUserData(Id)
17:47:38.10 (11604672)|VARIABLE_SCOPE_BEGIN|[21]|this|gameize.GameizeController|true|false
17:47:38.10 (11618692)|VARIABLE_ASSIGNMENT|[21]|this|{}|0x2b4d140b
17:47:38.10 (11620476)|VARIABLE_SCOPE_BEGIN|[21]|userId|Id|false|false
17:47:38.10 (11671525)|VARIABLE_ASSIGNMENT|[21]|userId|"00541000000Hq4oAAC"
17:47:38.10 (11680129)|HEAP_ALLOCATE|[22]|Bytes:5
17:47:38.10 (11684144)|STATEMENT_EXECUTE|[21]
17:47:38.10 (11685380)|STATEMENT_EXECUTE|[22]
17:47:38.10 (11693885)|VARIABLE_SCOPE_BEGIN|[22]|returnData|String|false|false
17:47:38.10 (11698555)|VARIABLE_ASSIGNMENT|[22]|returnData|null
17:47:38.10 (11699997)|STATEMENT_EXECUTE|[23]
17:47:38.10 (11700948)|STATEMENT_EXECUTE|[23]
17:47:38.10 (11701894)|STATEMENT_EXECUTE|[24]
17:47:38.10 (11705920)|HEAP_ALLOCATE|[24]|Bytes:109
17:47:38.10 (11710647)|HEAP_ALLOCATE|[24]|Bytes:4
17:47:38.10 (11715974)|HEAP_ALLOCATE|[24]|Bytes:7
17:47:38.10 (12153636)|SOQL_EXECUTE_BEGIN|[24]|Aggregations:0|SELECT ID, gameize__dataFavorite__c, gameize__dataHistory__c FROM Gameize__c WHERE User__c = :tmpVar1 LIMIT 1
17:47:38.10 (16387779)|SOQL_EXECUTE_END|[24]|Rows:1
17:47:38.10 (16409268)|HEAP_ALLOCATE|[24]|Bytes:8
17:47:38.10 (16418651)|HEAP_ALLOCATE|[24]|Bytes:1347
17:47:38.10 (16475392)|HEAP_ALLOCATE|[24]|Bytes:8
17:47:38.10 (16485454)|VARIABLE_SCOPE_BEGIN|[24]|records|List<gameize__Gameize__c>|true|false
17:47:38.10 (16512960)|VARIABLE_ASSIGNMENT|[24]|records|{"s":1,"v":[{"s":2,"v":{"Id":"a0041000000j7nTAAQ","gameize__dataFavorit (4 more) ...":"[{\"name\":\"Hangman\",\" (27 more) ...","gameize__dataHistory (3 more) ...":"[{\"name\":\"Hangman\",\" (1192 more) ..."}}]}|0x41f793ed
17:47:38.10 (16563504)|ENTERING_MANAGED_PKG|
17:47:38.10 (16587582)|STATEMENT_EXECUTE|[25]
17:47:38.10 (16589350)|STATEMENT_EXECUTE|[27]
17:47:38.10 (16675696)|HEAP_ALLOCATE|[27]|Bytes:9
17:47:38.10 (16681892)|HEAP_ALLOCATE|[27]|Bytes:29
17:47:38.10 (16684303)|HEAP_ALLOCATE|[27]|Bytes:21
17:47:38.10 (16695307)|METHOD_ENTRY|[7]|01p41000000CNQM|ETLC_SecuredDB.ETLC_SecuredDB()
17:47:38.10 (16698369)|STATEMENT_EXECUTE|[7]
17:47:38.10 (16701983)|STATEMENT_EXECUTE|[7]
17:47:38.10 (16707028)|HEAP_ALLOCATE|[27]|Bytes:5
17:47:38.10 (16715028)|METHOD_EXIT|[7]|ETLC_SecuredDB
17:47:38.10 (16728093)|METHOD_ENTRY|[27]|01p41000000CNQM|gameize.ETLC_SecuredDB.validateQuery(List<SObject>)
17:47:38.10 (16743065)|VARIABLE_SCOPE_BEGIN|[28]|dbRecords|List<SObject>|true|false
17:47:38.10 (16764757)|VARIABLE_ASSIGNMENT|[28]|dbRecords|{"s":1,"v":[{"s":2,"v":{"Id":"a0041000000j7nTAAQ","gameize__dataFavorit (4 more) ...":"[{\"name\":\"Hangman\",\" (27 more) ...","gameize__dataHistory (3 more) ...":"[{\"name\":\"Hangman\",\" (1192 more) ..."}}]}|0x41f793ed
17:47:38.10 (16772328)|HEAP_ALLOCATE|[29]|Bytes:5
17:47:38.10 (16777054)|STATEMENT_EXECUTE|[28]
17:47:38.10 (16778335)|STATEMENT_EXECUTE|[29]
17:47:38.10 (16834214)|HEAP_ALLOCATE|[29]|Bytes:12
17:47:38.10 (16838891)|HEAP_ALLOCATE|[29]|Bytes:8
17:47:38.10 (16862212)|HEAP_ALLOCATE|[29]|Bytes:12
17:47:38.10 (16864712)|HEAP_ALLOCATE|[29]|Bytes:9
17:47:38.10 (16872573)|HEAP_ALLOCATE|[29]|Bytes:12
17:47:38.10 (16874817)|HEAP_ALLOCATE|[29]|Bytes:8
17:47:38.10 (16881150)|HEAP_ALLOCATE|[29]|Bytes:12
17:47:38.10 (16883169)|HEAP_ALLOCATE|[29]|Bytes:8
17:47:38.10 (16890785)|HEAP_ALLOCATE|[29]|Bytes:12
17:47:38.10 (16892584)|HEAP_ALLOCATE|[29]|Bytes:9
17:47:38.10 (16907854)|METHOD_ENTRY|[29]|01p41000000CNQM|gameize.ETLC_SecuredDB.findFields(List<SObject>)
17:47:38.10 (16924197)|VARIABLE_SCOPE_BEGIN|[108]|dbRecords|List<SObject>|true|false
17:47:38.10 (16943515)|VARIABLE_ASSIGNMENT|[108]|dbRecords|{"s":1,"v":[{"s":2,"v":{"Id":"a0041000000j7nTAAQ","gameize__dataFavorit (4 more) ...":"[{\"name\":\"Hangman\",\" (27 more) ...","gameize__dataHistory (3 more) ...":"[{\"name\":\"Hangman\",\" (1192 more) ..."}}]}|0x41f793ed
17:47:38.10 (16952124)|HEAP_ALLOCATE|[109]|Bytes:5
17:47:38.10 (16955537)|STATEMENT_EXECUTE|[108]
17:47:38.10 (16956889)|STATEMENT_EXECUTE|[109]
17:47:38.10 (16965347)|VARIABLE_SCOPE_BEGIN|[109]|strJSON|String|false|false
17:47:38.10 (16970462)|VARIABLE_ASSIGNMENT|[109]|strJSON|null
17:47:38.10 (16972063)|STATEMENT_EXECUTE|[110]
17:47:38.10 (16978442)|VARIABLE_SCOPE_BEGIN|[110]|mapFields|Map<String,Set<String>>|true|false
17:47:38.10 (16982221)|VARIABLE_ASSIGNMENT|[110]|mapFields|null|
17:47:38.10 (16983604)|STATEMENT_EXECUTE|[112]
17:47:38.10 (16990629)|METHOD_ENTRY|[112]||System.JSON.serialize(Object)
17:47:38.10 (17339689)|METHOD_EXIT|[112]||System.JSON.serialize(Object)
17:47:38.10 (17357400)|VARIABLE_ASSIGNMENT|[112]|strJSON|"[{\"attributes\":{\"typ (1598 more) ..."
17:47:38.10 (17360912)|STATEMENT_EXECUTE|[113]
17:47:38.10 (17368549)|HEAP_ALLOCATE|[113]|Bytes:5
17:47:38.10 (17377191)|HEAP_ALLOCATE|[113]|Bytes:1623
17:47:38.10 (17393859)|ENTERING_MANAGED_PKG|
17:47:38.10 (17415120)|USER_DEBUG|[113]|DEBUG|JSON:[{"attributes":{"type":"gameize__Gameize__c","url":"/services/data/v37.0/sobjects/gameize__Gameize__c/a0041000000j7nTAAQ"},"Id":"a0041000000j7nTAAQ","gameize__dataFavorite__c":"[{\"name\":\"Hangman\",\"cmpname\":\"Hangman\",\"id\":2}]","gameize__dataHistory__c":"[{\"name\":\"Hangman\",\"cmpname\":\"Hangman\",\"datePlayed\":\"Mon Aug 08 2016 15:45:16 GMT-0400 (Eastern Daylight Time)\",\"id\":2},{\"name\":\"Hangman\",\"cmpname\":\"Hangman\",\"datePlayed\":\"Mon Aug 08 2016 15:45:23 GMT-0400 (Eastern Daylight Time)\",\"id\":2},{\"name\":\"Age Counter\",\"cmpname\":\"AgeCounter\",\"datePlayed\":\"Mon Aug 08 2016 15:45:26 GMT-0400 (Eastern Daylight Time)\",\"id\":1},{\"name\":\"Hangman\",\"cmpname\":\"Hangman\",\"datePlayed\":\"Mon Aug 08 2016 15:45:31 GMT-0400 (Eastern Daylight Time)\",\"id\":2},{\"name\":\"Age Counter\",\"cmpname\":\"AgeCounter\",\"datePlayed\":\"Mon Aug 08 2016 15:48:19 GMT-0400 (Eastern Daylight Time)\",\"id\":1},{\"name\":\"Hangman\",\"cmpname\":\"Hangman\",\"datePlayed\":\"Mon Aug 08 2016 15:48:22 GMT-0400 (Eastern Daylight Time)\",\"id\":2},{\"name\":\"Hangman\",\"cmpname\":\"Hangman\",\"datePlayed\":\"Mon Aug 08 2016 15:48:28 GMT-0400 (Eastern Daylight Time)\",\"id\":2},{\"name\":\"Hangman\",\"cmpname\":\"Hangman\",\"datePlayed\":\"Mon Aug 08 2016 15:48:31 GMT-0400 (Eastern Daylight Time)\",\"id\":2},{\"name\":\"Age Counter\",\"cmpname\":\"AgeCounter\",\"datePlayed\":\"Mon Aug 08 2016 15:48:34 GMT-0400 (Eastern Daylight Time)\",\"id\":1},{\"name\":\"Hangman\",\"cmpname\":\"Hangman\",\"datePlayed\":\"Mon Aug 08 2016 15:48:42 GMT-0400 (Eastern Daylight Time)\",\"id\":2}]"}]
17:47:38.10 (17429176)|STATEMENT_EXECUTE|[114]
17:47:38.10 (17437124)|HEAP_ALLOCATE|[114]|Bytes:4
17:47:38.10 (17457833)|VARIABLE_ASSIGNMENT|[114]|mapFields|{"s":1,"v":{}}|0x5ff5ac46
17:47:38.10 (17460219)|STATEMENT_EXECUTE|[115]
17:47:38.10 (17468650)|METHOD_ENTRY|[115]||System.JSON.deserializeUntyped(String)
17:47:38.10 (17829079)|METHOD_EXIT|[115]||System.JSON.deserializeUntyped(String)
17:47:38.10 (17836901)|VARIABLE_SCOPE_BEGIN|[115]|records|List<ANY>|true|false
17:47:38.10 (17862715)|HEAP_ALLOCATE|[EXTERNAL]|Bytes:8
17:47:38.10 (17891724)|VARIABLE_ASSIGNMENT|[115]|records|{"s":1,"v":[{"s":2,"v":{"attributes":{"s":3,"v":{"type":"gameize__Gameize__c","url":"/services/data/v37.0 (48 more) ..."}},"Id":"a0041000000j7nTAAQ","gameize__dataFavorit (4 more) ...":"[{\"name\":\"Hangman\",\" (27 more) ...","gameize__dataHistory (3 more) ...":"[{\"name\":\"Hangman\",\" (1192 more) ..."}}]}|0x583954d3
17:47:38.10 (17913969)|ENTERING_MANAGED_PKG|
17:47:38.10 (17943624)|HEAP_ALLOCATE|[116]|Bytes:5
17:47:38.10 (17956802)|HEAP_ALLOCATE|[116]|Bytes:20
17:47:38.10 (17964319)|VARIABLE_SCOPE_BEGIN|[116]|record|Object|false|false
17:47:38.10 (17988521)|VARIABLE_ASSIGNMENT|[116]|record|{"s":1,"v":{"attributes":{"s":2,"v":{"type":"gameize__Gameize__c","url":"/services/data/v37.0 (48 more) ..."}},"Id":"a0041000000j7nTAAQ","gameize__dataFavorit (4 more) ...":"[{\"name\":\"Hangman\",\" (27 more) ...","gameize__dataHistory (3 more) ...":"[{\"name\":\"Hangman\",\" (1192 more) ..."}}
17:47:38.10 (17993486)|STATEMENT_EXECUTE|[116]
17:47:38.10 (17994841)|STATEMENT_EXECUTE|[117]
17:47:38.10 (18010570)|METHOD_ENTRY|[117]|01p41000000CNQM|gameize.ETLC_SecuredDB.findFieldsRecursive(Map<String,Set<String>>, Map<String,ANY>)
17:47:38.10 (18025752)|VARIABLE_SCOPE_BEGIN|[124]|mapFields|Map<String,Set<String>>|true|false
17:47:38.10 (18035187)|VARIABLE_ASSIGNMENT|[124]|mapFields|{"s":1,"v":{}}|0x5ff5ac46
17:47:38.10 (18037171)|VARIABLE_SCOPE_BEGIN|[124]|record|Map<String,ANY>|true|false
17:47:38.10 (18051008)|VARIABLE_ASSIGNMENT|[124]|record|{"s":1,"v":{"attributes":{"s":2,"v":{"type":"gameize__Gameize__c","url":"/services/data/v37.0 (48 more) ..."}},"Id":"a0041000000j7nTAAQ","gameize__dataFavorit (4 more) ...":"[{\"name\":\"Hangman\",\" (27 more) ...","gameize__dataHistory (3 more) ...":"[{\"name\":\"Hangman\",\" (1192 more) ..."}}|0x1d546653
17:47:38.10 (18058770)|HEAP_ALLOCATE|[125]|Bytes:5
17:47:38.10 (18062560)|STATEMENT_EXECUTE|[124]
17:47:38.10 (18063843)|STATEMENT_EXECUTE|[125]
17:47:38.10 (18069602)|HEAP_ALLOCATE|[125]|Bytes:10
17:47:38.10 (18073701)|VARIABLE_SCOPE_BEGIN|[125]|strAttributes|String|false|false
17:47:38.10 (18078890)|VARIABLE_ASSIGNMENT|[125]|strAttributes|"attributes"
17:47:38.10 (18080563)|STATEMENT_EXECUTE|[126]
17:47:38.10 (18083852)|HEAP_ALLOCATE|[126]|Bytes:7
17:47:38.10 (18086438)|VARIABLE_SCOPE_BEGIN|[126]|strRecord|String|false|false
17:47:38.10 (18090094)|VARIABLE_ASSIGNMENT|[126]|strRecord|"records"
17:47:38.10 (18103496)|ENTERING_MANAGED_PKG|
17:47:38.10 (18130669)|STATEMENT_EXECUTE|[127]
17:47:38.10 (18132170)|STATEMENT_EXECUTE|[128]
17:47:38.10 (18143677)|ENTERING_MANAGED_PKG|
17:47:38.10 (18165347)|VARIABLE_SCOPE_BEGIN|[128]|attributes|Map<String,ANY>|true|false
17:47:38.10 (18178745)|VARIABLE_ASSIGNMENT|[128]|attributes|{"s":1,"v":{"type":"gameize__Gameize__c","url":"/services/data/v37.0 (48 more) ..."}}|0x3e4f96be
17:47:38.10 (18181516)|STATEMENT_EXECUTE|[129]
17:47:38.10 (18187216)|HEAP_ALLOCATE|[129]|Bytes:4
17:47:38.10 (18197854)|ENTERING_MANAGED_PKG|
17:47:38.10 (18217366)|VARIABLE_SCOPE_BEGIN|[129]|objectName|String|false|false
17:47:38.10 (18223496)|VARIABLE_ASSIGNMENT|[129]|objectName|"gameize__Gameize__c"
17:47:38.10 (18230592)|HEAP_ALLOCATE|[130]|Bytes:4
17:47:38.10 (18243317)|ENTERING_MANAGED_PKG|
17:47:38.10 (18264499)|ENTERING_MANAGED_PKG|
17:47:38.10 (18285351)|HEAP_ALLOCATE|[130]|Bytes:79
17:47:38.10 (18299236)|ENTERING_MANAGED_PKG|
17:47:38.10 (18303369)|HEAP_ALLOCATE|[130]|Bytes:16
17:47:38.10 (18310258)|ENTERING_MANAGED_PKG|
17:47:38.10 (18324743)|HEAP_ALLOCATE|[130]|Bytes:5
17:47:38.10 (18335547)|VARIABLE_SCOPE_BEGIN|[130]|fieldName|String|false|false
17:47:38.10 (18341428)|VARIABLE_ASSIGNMENT|[130]|fieldName|"attributes"
17:47:38.10 (18344049)|STATEMENT_EXECUTE|[130]
17:47:38.10 (18345194)|STATEMENT_EXECUTE|[131]
17:47:38.10 (18368442)|ENTERING_MANAGED_PKG|
17:47:38.10 (18394257)|VARIABLE_SCOPE_BEGIN|[131]|field|Object|false|false
17:47:38.10 (18410601)|VARIABLE_ASSIGNMENT|[131]|field|{"s":1,"v":{"type":"gameize__Gameize__c","url":"/services/data/v37.0 (48 more) ..."}}
17:47:38.10 (18426041)|STATEMENT_EXECUTE|[132]
17:47:38.10 (18437364)|HEAP_ALLOCATE|[130]|Bytes:5
17:47:38.10 (18445793)|VARIABLE_SCOPE_BEGIN|[130]|fieldName|String|false|false
17:47:38.10 (18450327)|VARIABLE_ASSIGNMENT|[130]|fieldName|"Id"
17:47:38.10 (18452320)|STATEMENT_EXECUTE|[130]
17:47:38.10 (18453355)|STATEMENT_EXECUTE|[131]
17:47:38.10 (18464691)|ENTERING_MANAGED_PKG|
17:47:38.10 (18472977)|VARIABLE_SCOPE_BEGIN|[131]|field|Object|false|false
17:47:38.10 (18478726)|VARIABLE_ASSIGNMENT|[131]|field|"a0041000000j7nTAAQ"
17:47:38.10 (18486902)|HEAP_ALLOCATE|[134]|Bytes:68
17:47:38.10 (18502916)|STATEMENT_EXECUTE|[136]
17:47:38.10 (18504297)|STATEMENT_EXECUTE|[137]
17:47:38.10 (18512110)|HEAP_ALLOCATE|[137]|Bytes:4
17:47:38.10 (18523730)|ENTERING_MANAGED_PKG|
17:47:38.10 (18544264)|VARIABLE_SCOPE_BEGIN|[137]|fieldNames|Set<String>|true|false
17:47:38.10 (18561603)|VARIABLE_ASSIGNMENT|[137]|fieldNames|{"s":1,"v":[]}|0x4caa8aad
17:47:38.10 (18574673)|ENTERING_MANAGED_PKG|
17:47:38.10 (18596635)|STATEMENT_EXECUTE|[138]
17:47:38.10 (18601355)|STATEMENT_EXECUTE|[139]
17:47:38.10 (18613249)|ENTERING_MANAGED_PKG|
17:47:38.10 (18631654)|HEAP_ALLOCATE|[EXTERNAL]|Bytes:4
17:47:38.10 (18638203)|STATEMENT_EXECUTE|[140]
17:47:38.10 (18649250)|ENTERING_MANAGED_PKG|
17:47:38.10 (18666058)|HEAP_ALLOCATE|[EXTERNAL]|Bytes:-4
17:47:38.10 (18676435)|HEAP_ALLOCATE|[130]|Bytes:5
17:47:38.10 (18685388)|VARIABLE_SCOPE_BEGIN|[130]|fieldName|String|false|false
17:47:38.10 (18691791)|VARIABLE_ASSIGNMENT|[130]|fieldName|"gameize__dataFavorit (4 more) ..."
17:47:38.10 (18693930)|STATEMENT_EXECUTE|[130]
17:47:38.10 (18695007)|STATEMENT_EXECUTE|[131]
17:47:38.10 (18706061)|ENTERING_MANAGED_PKG|
17:47:38.10 (18714604)|VARIABLE_SCOPE_BEGIN|[131]|field|Object|false|false
17:47:38.10 (18721513)|VARIABLE_ASSIGNMENT|[131]|field|"[{\"name\":\"Hangman\",\" (27 more) ..."
17:47:38.10 (18735455)|STATEMENT_EXECUTE|[136]
17:47:38.10 (18736927)|STATEMENT_EXECUTE|[137]
17:47:38.10 (18743057)|HEAP_ALLOCATE|[137]|Bytes:4
17:47:38.10 (18752254)|ENTERING_MANAGED_PKG|
17:47:38.10 (18757220)|VARIABLE_SCOPE_BEGIN|[137]|fieldNames|Set<String>|true|false
17:47:38.10 (18769536)|VARIABLE_ASSIGNMENT|[137]|fieldNames|{"s":1,"v":[]}|0x5ea7c027
17:47:38.10 (18776612)|ENTERING_MANAGED_PKG|
17:47:38.10 (18783574)|STATEMENT_EXECUTE|[138]
17:47:38.10 (18792144)|ENTERING_MANAGED_PKG|
17:47:38.10 (18805562)|VARIABLE_ASSIGNMENT|[138]|fieldNames|{"s":1,"v":["Id"]}|0x4caa8aad
17:47:38.10 (18808129)|STATEMENT_EXECUTE|[139]
17:47:38.10 (18815654)|ENTERING_MANAGED_PKG|
17:47:38.10 (18820140)|HEAP_ALLOCATE|[EXTERNAL]|Bytes:4
17:47:38.10 (18824758)|STATEMENT_EXECUTE|[140]
17:47:38.10 (18831028)|ENTERING_MANAGED_PKG|
17:47:38.10 (18842666)|HEAP_ALLOCATE|[130]|Bytes:5
17:47:38.10 (18850842)|VARIABLE_SCOPE_BEGIN|[130]|fieldName|String|false|false
17:47:38.10 (18856486)|VARIABLE_ASSIGNMENT|[130]|fieldName|"gameize__dataHistory (3 more) ..."
17:47:38.10 (18858808)|STATEMENT_EXECUTE|[130]
17:47:38.10 (18859789)|STATEMENT_EXECUTE|[131]
17:47:38.10 (18868208)|ENTERING_MANAGED_PKG|
17:47:38.10 (18876525)|VARIABLE_SCOPE_BEGIN|[131]|field|Object|false|false
17:47:38.10 (18883429)|VARIABLE_ASSIGNMENT|[131]|field|"[{\"name\":\"Hangman\",\" (1192 more) ..."
17:47:38.10 (18895427)|STATEMENT_EXECUTE|[136]
17:47:38.10 (18896635)|STATEMENT_EXECUTE|[137]
17:47:38.10 (18902174)|HEAP_ALLOCATE|[137]|Bytes:4
17:47:38.10 (18910786)|ENTERING_MANAGED_PKG|
17:47:38.10 (18915561)|VARIABLE_SCOPE_BEGIN|[137]|fieldNames|Set<String>|true|false
17:47:38.10 (18926455)|VARIABLE_ASSIGNMENT|[137]|fieldNames|{"s":1,"v":[]}|0x607f535e
17:47:38.10 (18932689)|ENTERING_MANAGED_PKG|
17:47:38.10 (18939698)|STATEMENT_EXECUTE|[138]
17:47:38.10 (18946485)|ENTERING_MANAGED_PKG|
17:47:38.10 (18959167)|VARIABLE_ASSIGNMENT|[138]|fieldNames|{"s":1,"v":["Id","gameize__dataFavorit (4 more) ..."]}|0x4caa8aad
17:47:38.10 (18961763)|STATEMENT_EXECUTE|[139]
17:47:38.10 (18968775)|ENTERING_MANAGED_PKG|
17:47:38.10 (18973080)|HEAP_ALLOCATE|[EXTERNAL]|Bytes:4
17:47:38.10 (18977556)|STATEMENT_EXECUTE|[140]
17:47:38.10 (18983884)|ENTERING_MANAGED_PKG|
17:47:38.10 (18995000)|HEAP_ALLOCATE|[130]|Bytes:5
17:47:38.10 (19002933)|VARIABLE_ASSIGNMENT|[130]|fieldName|null
17:47:38.10 (19012364)|METHOD_EXIT|[117]|01p41000000CNQM|gameize.ETLC_SecuredDB.findFieldsRecursive(Map<String,Set<String>>, Map<String,ANY>)
17:47:38.10 (19019190)|HEAP_ALLOCATE|[116]|Bytes:5
17:47:38.10 (19028644)|VARIABLE_ASSIGNMENT|[116]|record|null
17:47:38.10 (19033102)|HEAP_ALLOCATE|[119]|Bytes:4
17:47:38.10 (19040882)|ENTERING_MANAGED_PKG|
17:47:38.10 (19062098)|ENTERING_MANAGED_PKG|
17:47:38.10 (19069401)|HEAP_ALLOCATE|[119]|Bytes:27
17:47:38.10 (19078689)|ENTERING_MANAGED_PKG|
17:47:38.10 (19081821)|HEAP_ALLOCATE|[119]|Bytes:4
17:47:38.10 (19088180)|ENTERING_MANAGED_PKG|
17:47:38.10 (19097081)|HEAP_ALLOCATE|[119]|Bytes:5
17:47:38.10 (19105748)|VARIABLE_SCOPE_BEGIN|[119]|objectName|String|false|false
17:47:38.10 (19111249)|VARIABLE_ASSIGNMENT|[119]|objectName|"gameize__Gameize__c"
17:47:38.10 (19113559)|STATEMENT_EXECUTE|[119]
17:47:38.10 (19114579)|STATEMENT_EXECUTE|[120]
17:47:38.10 (19120364)|HEAP_ALLOCATE|[120]|Bytes:2
17:47:38.10 (19128808)|ENTERING_MANAGED_PKG|
17:47:38.10 (19164332)|ENTERING_MANAGED_PKG|
17:47:38.10 (19180577)|HEAP_ALLOCATE|[120]|Bytes:55
17:47:38.10 (19192770)|HEAP_ALLOCATE|[120]|Bytes:76
17:47:38.10 (19202037)|ENTERING_MANAGED_PKG|
17:47:38.10 (19209376)|USER_DEBUG|[120]|DEBUG|gameize__Gameize__c: {Id, gameize__dataFavorite__c, gameize__dataHistory__c}
17:47:38.10 (19219487)|HEAP_ALLOCATE|[119]|Bytes:5
17:47:38.10 (19227910)|VARIABLE_ASSIGNMENT|[119]|objectName|null
17:47:38.10 (19231086)|STATEMENT_EXECUTE|[122]
17:47:38.10 (19240187)|METHOD_EXIT|[29]|01p41000000CNQM|gameize.ETLC_SecuredDB.findFields(List<SObject>)
17:47:38.10 (19249226)|METHOD_ENTRY|[29]|01p41000000CNQM|gameize.ETLC_SecuredDB.validate(gameize.ETLC_SecuredDB.Operation, Map<String,Set<String>>)
17:47:38.10 (19253377)|VARIABLE_SCOPE_BEGIN|[55]|op|gameize.ETLC_SecuredDB.Operation|true|false
17:47:38.10 (19265077)|VARIABLE_ASSIGNMENT|[55]|op|"Querying"|0x2247d389
17:47:38.10 (19266927)|VARIABLE_SCOPE_BEGIN|[55]|mapFieldNames|Map<String,Set<String>>|true|false
17:47:38.10 (19284951)|VARIABLE_ASSIGNMENT|[55]|mapFieldNames|{"s":1,"v":{"gameize__Gameize__c":{"s":2,"v":["Id","gameize__dataFavorit (4 more) ...","gameize__dataHistory (3 more) ..."]}}}|0x5ff5ac46
17:47:38.10 (19291860)|HEAP_ALLOCATE|[56]|Bytes:5
17:47:38.10 (19295365)|STATEMENT_EXECUTE|[55]
17:47:38.10 (19296589)|STATEMENT_EXECUTE|[56]
17:47:38.10 (19302158)|VARIABLE_SCOPE_BEGIN|[56]|securityMessage|String|false|false
17:47:38.10 (19306564)|VARIABLE_ASSIGNMENT|[56]|securityMessage|null
17:47:38.10 (19307961)|STATEMENT_EXECUTE|[57]
17:47:38.10 (19327902)|ENTERING_MANAGED_PKG|
17:47:38.10 (27442407)|HEAP_ALLOCATE|[57]|Bytes:1256
17:47:38.10 (27456059)|VARIABLE_SCOPE_BEGIN|[57]|mapObjects|Map<String,Schema.SObjectType>|true|false
17:47:38.10 (27609161)|VARIABLE_ASSIGNMENT|[57]|mapObjects|"{acceptedeventrelation=AcceptedEventRelation, account=Account, accountcontactrole=AccountContactRole, accounthistory=AccountHistory, accountpartner=AccountPartner, accountshare=AccountShare, actionlinkgrouptemplate=ActionLinkGroupTemplate, actionlinktemplate=ActionLinkTemplate, activityhistory=ActivityHistory, additionalnumber=AdditionalNumber, ...}"|0x3a20ca8e
17:47:38.10 (27618508)|HEAP_ALLOCATE|[58]|Bytes:4
17:47:38.10 (27634668)|ENTERING_MANAGED_PKG|
17:47:38.10 (27663062)|ENTERING_MANAGED_PKG|
17:47:38.10 (27672211)|HEAP_ALLOCATE|[58]|Bytes:27
17:47:38.10 (27683556)|ENTERING_MANAGED_PKG|
17:47:38.10 (27687031)|HEAP_ALLOCATE|[58]|Bytes:4
17:47:38.10 (27693602)|ENTERING_MANAGED_PKG|
17:47:38.10 (27704901)|HEAP_ALLOCATE|[58]|Bytes:5
17:47:38.10 (27715373)|VARIABLE_SCOPE_BEGIN|[58]|sObjectName|String|false|false
17:47:38.10 (27722628)|VARIABLE_ASSIGNMENT|[58]|sObjectName|"gameize__Gameize__c"
17:47:38.10 (27725561)|STATEMENT_EXECUTE|[58]
17:47:38.10 (27727000)|STATEMENT_EXECUTE|[59]
17:47:38.10 (27734626)|HEAP_ALLOCATE|[59]|Bytes:9
17:47:38.10 (27737465)|HEAP_ALLOCATE|[59]|Bytes:7
17:47:38.10 (27752495)|ENTERING_MANAGED_PKG|
17:47:38.10 (27777932)|HEAP_ALLOCATE|[59]|Bytes:8
17:47:38.10 (27785488)|HEAP_ALLOCATE|[59]|Bytes:1
17:47:38.10 (27797331)|HEAP_ALLOCATE|[59]|Bytes:44
17:47:38.10 (27804901)|VARIABLE_ASSIGNMENT|[59]|securityMessage|"CRUD on [gameize__Ga (24 more) ..."
17:47:38.10 (27807699)|STATEMENT_EXECUTE|[60]
17:47:38.10 (27812989)|HEAP_ALLOCATE|[60]|Bytes:10
17:47:38.10 (27817094)|HEAP_ALLOCATE|[60]|Bytes:54
17:47:38.10 (27830472)|ENTERING_MANAGED_PKG|
17:47:38.10 (27848782)|USER_DEBUG|[60]|DEBUG|Checking: CRUD on [gameize__Gameize__c] for [Querying]
17:47:38.10 (27854605)|STATEMENT_EXECUTE|[61]
17:47:38.10 (27869788)|ENTERING_MANAGED_PKG|
17:47:38.10 (28089508)|HEAP_ALLOCATE|[61]|Bytes:4
17:47:38.10 (28122789)|VARIABLE_SCOPE_BEGIN|[61]|drSObj|Schema.DescribeSObjectResult|true|false
17:47:38.10 (28190049)|VARIABLE_ASSIGNMENT|[61]|drSObj|"common.api.soap.wsdl.DescribeSObjectResult@53f8aaa0"|0x4019deb4
17:47:38.10 (28294685)|STATEMENT_EXECUTE|[64]
17:47:38.10 (28318331)|STATEMENT_EXECUTE|[65]
17:47:38.10 (28366540)|STATEMENT_EXECUTE|[77]
17:47:38.10 (28368389)|STATEMENT_EXECUTE|[79]
17:47:38.10 (28581528)|HEAP_ALLOCATE|[79]|Bytes:60
17:47:38.10 (28591976)|VARIABLE_SCOPE_BEGIN|[79]|mapFields|Map<String,Schema.SObjectField>|true|false
17:47:38.10 (28716334)|VARIABLE_ASSIGNMENT|[79]|mapFields|"{createdbyid=CreatedById, createddate=CreatedDate, gameize__datafavorite__c=gameize__dataFavorite__c, gameize__datahistory__c=gameize__dataHistory__c, gameize__user__c=gameize__User__c, id=Id, isdeleted=IsDeleted, lastmodifiedbyid=LastModifiedById, lastmodifieddate=LastModifiedDate, lastreferenceddate=LastReferencedDate, ...}"|0x5cde86a5
17:47:38.10 (28725981)|HEAP_ALLOCATE|[80]|Bytes:4
17:47:38.10 (28740559)|ENTERING_MANAGED_PKG|
17:47:38.10 (28767296)|ENTERING_MANAGED_PKG|
17:47:38.10 (28781956)|ENTERING_MANAGED_PKG|
17:47:38.10 (28785930)|HEAP_ALLOCATE|[80]|Bytes:12
17:47:38.10 (28793607)|ENTERING_MANAGED_PKG|
17:47:38.10 (28804836)|HEAP_ALLOCATE|[80]|Bytes:5
17:47:38.10 (28815077)|VARIABLE_SCOPE_BEGIN|[80]|fieldName|String|false|false
17:47:38.10 (28821345)|VARIABLE_ASSIGNMENT|[80]|fieldName|"Id"
17:47:38.10 (28824309)|STATEMENT_EXECUTE|[80]
17:47:38.10 (28825672)|STATEMENT_EXECUTE|[81]
17:47:38.10 (28841108)|ENTERING_MANAGED_PKG|
17:47:38.10 (29139364)|HEAP_ALLOCATE|[81]|Bytes:8
17:47:38.10 (29168410)|VARIABLE_SCOPE_BEGIN|[81]|drField|Schema.DescribeFieldResult|true|false
17:47:38.10 (29233748)|VARIABLE_ASSIGNMENT|[81]|drField|"common.api.soap.wsdl.Field@1117d50f"|0x28275c2b
17:47:38.10 (29255902)|STATEMENT_EXECUTE|[99]
17:47:38.10 (29257425)|STATEMENT_EXECUTE|[100]
17:47:38.10 (29266272)|HEAP_ALLOCATE|[100]|Bytes:22
17:47:38.10 (29270259)|HEAP_ALLOCATE|[100]|Bytes:1
17:47:38.10 (29291105)|ENTERING_MANAGED_PKG|
17:47:38.10 (29317267)|HEAP_ALLOCATE|[100]|Bytes:8
17:47:38.10 (29336569)|HEAP_ALLOCATE|[100]|Bytes:59
17:47:38.10 (29339655)|HEAP_ALLOCATE|[100]|Bytes:35
17:47:38.10 (29342931)|HEAP_ALLOCATE|[100]|Bytes:94
17:47:38.10 (29360293)|ENTERING_MANAGED_PKG|
17:47:38.10 (29368207)|USER_DEBUG|[100]|DEBUG|Bypass Check: FLS on [gameize__Gameize__c.Id] for [Querying] since it's not isPermissionable()
17:47:38.10 (29382066)|HEAP_ALLOCATE|[80]|Bytes:5
17:47:38.10 (29392756)|VARIABLE_SCOPE_BEGIN|[80]|fieldName|String|false|false
17:47:38.10 (29400840)|VARIABLE_ASSIGNMENT|[80]|fieldName|"gameize__dataFavorit (4 more) ..."
17:47:38.10 (29403838)|STATEMENT_EXECUTE|[80]
17:47:38.10 (29405185)|STATEMENT_EXECUTE|[81]
17:47:38.10 (29418232)|ENTERING_MANAGED_PKG|
17:47:38.10 (29624802)|HEAP_ALLOCATE|[81]|Bytes:8
17:47:38.10 (29635773)|VARIABLE_SCOPE_BEGIN|[81]|drField|Schema.DescribeFieldResult|true|false
17:47:38.10 (29696005)|VARIABLE_ASSIGNMENT|[81]|drField|"common.api.soap.wsdl.Field@40f8bce5"|0x72cf349e
17:47:38.10 (29707633)|STATEMENT_EXECUTE|[82]
17:47:38.10 (29709096)|STATEMENT_EXECUTE|[83]
17:47:38.10 (29717017)|HEAP_ALLOCATE|[83]|Bytes:8
17:47:38.10 (29739204)|ENTERING_MANAGED_PKG|
17:47:38.10 (29764903)|HEAP_ALLOCATE|[83]|Bytes:8
17:47:38.10 (29779141)|HEAP_ALLOCATE|[83]|Bytes:67
17:47:38.10 (29783121)|HEAP_ALLOCATE|[83]|Bytes:68
17:47:38.10 (29790778)|VARIABLE_ASSIGNMENT|[83]|securityMessage|"FLS on [gameize__Gam (48 more) ..."
17:47:38.10 (29793380)|STATEMENT_EXECUTE|[84]
17:47:38.10 (29800326)|HEAP_ALLOCATE|[84]|Bytes:78
17:47:38.10 (29814046)|ENTERING_MANAGED_PKG|
17:47:38.10 (29832430)|USER_DEBUG|[84]|DEBUG|Checking: FLS on [gameize__Gameize__c.gameize__dataFavorite__c] for [Querying]
17:47:38.10 (29909190)|STATEMENT_EXECUTE|[87]
17:47:38.10 (29923468)|STATEMENT_EXECUTE|[88]
17:47:38.10 (29936759)|HEAP_ALLOCATE|[80]|Bytes:5
17:47:38.10 (29947334)|VARIABLE_SCOPE_BEGIN|[80]|fieldName|String|false|false
17:47:38.10 (29955411)|VARIABLE_ASSIGNMENT|[80]|fieldName|"gameize__dataHistory (3 more) ..."
17:47:38.10 (29957522)|STATEMENT_EXECUTE|[80]
17:47:38.10 (29958546)|STATEMENT_EXECUTE|[81]
17:47:38.10 (29971219)|ENTERING_MANAGED_PKG|
17:47:38.10 (30094521)|HEAP_ALLOCATE|[81]|Bytes:8
17:47:38.10 (30105606)|VARIABLE_SCOPE_BEGIN|[81]|drField|Schema.DescribeFieldResult|true|false
17:47:38.10 (30164024)|VARIABLE_ASSIGNMENT|[81]|drField|"common.api.soap.wsdl.Field@5b0e7387"|0x17f0b9d4
17:47:38.10 (30174990)|STATEMENT_EXECUTE|[82]
17:47:38.10 (30176333)|STATEMENT_EXECUTE|[83]
17:47:38.10 (30200299)|ENTERING_MANAGED_PKG|
17:47:38.10 (30207783)|HEAP_ALLOCATE|[83]|Bytes:8
17:47:38.10 (30219871)|HEAP_ALLOCATE|[83]|Bytes:66
17:47:38.10 (30223265)|HEAP_ALLOCATE|[83]|Bytes:67
17:47:38.10 (30231188)|VARIABLE_ASSIGNMENT|[83]|securityMessage|"FLS on [gameize__Gam (47 more) ..."
17:47:38.10 (30233769)|STATEMENT_EXECUTE|[84]
17:47:38.10 (30239252)|HEAP_ALLOCATE|[84]|Bytes:77
17:47:38.10 (30249078)|ENTERING_MANAGED_PKG|
17:47:38.10 (30256430)|USER_DEBUG|[84]|DEBUG|Checking: FLS on [gameize__Gameize__c.gameize__dataHistory__c] for [Querying]
17:47:38.10 (30288909)|STATEMENT_EXECUTE|[87]
17:47:38.10 (30295623)|STATEMENT_EXECUTE|[88]
17:47:38.10 (30306405)|HEAP_ALLOCATE|[80]|Bytes:5
17:47:38.10 (30316443)|VARIABLE_ASSIGNMENT|[80]|fieldName|null
17:47:38.10 (30322355)|HEAP_ALLOCATE|[58]|Bytes:5
17:47:38.10 (30327641)|VARIABLE_ASSIGNMENT|[58]|sObjectName|null
17:47:38.10 (30335469)|METHOD_EXIT|[29]|01p41000000CNQM|gameize.ETLC_SecuredDB.validate(gameize.ETLC_SecuredDB.Operation, Map<String,Set<String>>)
17:47:38.10 (30341742)|METHOD_EXIT|[27]|01p41000000CNQM|gameize.ETLC_SecuredDB.validateQuery(List<SObject>)
17:47:38.10 (30343964)|STATEMENT_EXECUTE|[29]
17:47:38.10 (30359549)|HEAP_ALLOCATE|[29]|Bytes:16
17:47:38.10 (30367928)|METHOD_ENTRY|[29]||System.JSON.serialize(Object)
17:47:38.10 (30470035)|METHOD_EXIT|[29]||System.JSON.serialize(Object)
17:47:38.10 (30480573)|VARIABLE_ASSIGNMENT|[29]|returnData|"{\"attributes\":{\"type (1596 more) ..."
17:47:38.10 (30525845)|VARIABLE_ASSIGNMENT|[EXTERNAL]|this|{"debug":false,"input":"{\"mode\":\"fetchUserDa (4 more) ...","operation":"GameizeController"}|0x148dfe9
17:47:38.10 (30534978)|STATEMENT_EXECUTE|[30]
17:47:38.10 (30540866)|STATEMENT_EXECUTE|[33]
17:47:38.10 (30547502)|METHOD_EXIT|[9]|01p41000000CQtU|gameize.GameizeController.fetchUserData(Id)
17:47:38.10 (30570919)|VARIABLE_ASSIGNMENT|[EXTERNAL]|this|{"debug":false,"input":"{\"mode\":\"fetchUserDa (4 more) ...","operation":"GameizeController"}|0x148dfe9
17:47:38.10 (30576041)|VARIABLE_ASSIGNMENT|[EXTERNAL]|value|"{\"attributes\":{\"type (1596 more) ..."
17:47:38.10 (30583649)|VARIABLE_ASSIGNMENT|[12]|this.output|"{\"attributes\":{\"type (1596 more) ..."|0x148dfe9
17:47:38.10 (30587934)|STATEMENT_EXECUTE|[10]
17:47:38.10 (30619442)|VARIABLE_ASSIGNMENT|[EXTERNAL]|this|{"debug":false,"input":"{\"mode\":\"fetchUserDa (4 more) ...","operation":"GameizeController","output":"{\"attributes\":{\"type (1596 more) ..."}|0x148dfe9
17:47:38.10 (30643213)|VARIABLE_ASSIGNMENT|[EXTERNAL]|this|{"debug":false,"input":"{\"mode\":\"fetchUserDa (4 more) ...","operation":"GameizeController","output":"{\"attributes\":{\"type (1596 more) ..."}|0x148dfe9
17:47:38.10 (30648187)|VARIABLE_ASSIGNMENT|[EXTERNAL]|value|true
17:47:38.10 (30651228)|HEAP_ALLOCATE|[15]|Bytes:5
17:47:38.10 (30656288)|VARIABLE_ASSIGNMENT|[15]|this.outputFlag|true|0x148dfe9
17:47:38.10 (30664066)|METHOD_EXIT|[8]|01p41000000CQtU|gameize.GameizeController.process(gameize.ETLC_ApexBridge_Data)
17:47:38.10 (30666872)|STATEMENT_EXECUTE|[23]
17:47:38.10 (30673851)|METHOD_ENTRY|[23]|01p41000000CNQH|gameize.ETLC_ApexBridge_Data.toJSON()
17:47:38.10 (30676439)|VARIABLE_SCOPE_BEGIN|[57]|this|gameize.ETLC_ApexBridge_Data|true|false
17:47:38.10 (30694823)|VARIABLE_ASSIGNMENT|[57]|this|{"debug":false,"input":"{\"mode\":\"fetchUserDa (4 more) ...","operation":"GameizeController","output":"{\"attributes\":{\"type (1596 more) ...","outputFlag":true}|0x148dfe9
17:47:38.10 (30698635)|STATEMENT_EXECUTE|[57]
17:47:38.10 (30699717)|STATEMENT_EXECUTE|[58]
17:47:38.10 (30705793)|METHOD_ENTRY|[58]||System.JSON.serialize(Object)
17:47:38.10 (30769536)|STATEMENT_EXECUTE|[22]
17:47:38.10 (30772132)|STATEMENT_EXECUTE|[23]
17:47:38.10 (30778516)|HEAP_ALLOCATE|[23]|Bytes:5
17:47:38.10 (30784844)|VARIABLE_ASSIGNMENT|[23]|this.isSuccess|true|0x148dfe9
17:47:38.10 (30786843)|STATEMENT_EXECUTE|[24]
17:47:38.10 (30813276)|STATEMENT_EXECUTE|[31]
17:47:38.10 (30815029)|STATEMENT_EXECUTE|[32]
17:47:38.10 (30820340)|HEAP_ALLOCATE|[32]|Bytes:4
17:47:38.10 (30837139)|VARIABLE_ASSIGNMENT|[32]|this.messages|{"s":1,"v":{}}|0x148dfe9
17:47:38.10 (30839747)|STATEMENT_EXECUTE|[33]
17:47:38.10 (30998258)|METHOD_EXIT|[58]||System.JSON.serialize(Object)
17:47:38.10 (31003072)|METHOD_EXIT|[23]|01p41000000CNQH|gameize.ETLC_ApexBridge_Data.toJSON()
17:47:38.10 (31012521)|SYSTEM_MODE_EXIT|false
17:47:38.31 (31034807)|CUMULATIVE_LIMIT_USAGE
17:47:38.31 (31034807)|LIMIT_USAGE_FOR_NS|(default)|
  Number of SOQL queries: 0 out of 100
  Number of query rows: 0 out of 50000
  Number of SOSL queries: 0 out of 20
  Number of DML statements: 0 out of 150
  Number of DML rows: 0 out of 10000
  Maximum CPU time: 0 out of 10000
  Maximum heap size: 0 out of 6000000
  Number of callouts: 0 out of 100
  Number of Email Invocations: 0 out of 10
  Number of future calls: 0 out of 50
  Number of queueable jobs added to the queue: 0 out of 50
  Number of Mobile Apex push calls: 0 out of 10

17:47:38.31 (31034807)|LIMIT_USAGE_FOR_NS|gameize|
  Number of SOQL queries: 2 out of 100
  Number of query rows: 2 out of 50000
  Number of SOSL queries: 0 out of 20
  Number of DML statements: 0 out of 150
  Number of DML rows: 0 out of 10000
  Maximum CPU time: 0 out of 10000
  Maximum heap size: 0 out of 6000000
  Number of callouts: 0 out of 100
  Number of Email Invocations: 0 out of 10
  Number of future calls: 0 out of 50
  Number of queueable jobs added to the queue: 0 out of 50
  Number of Mobile Apex push calls: 0 out of 10

17:47:38.31 (31034807)|CUMULATIVE_LIMIT_USAGE_END

17:47:38.10 (31093031)|CODE_UNIT_FINISHED|ETLC_ApexBridge_Controller.execute
