37.0 APEX_CODE,FINEST;APEX_PROFILING,INFO;CALLOUT,INFO;DB,INFO;SYSTEM,DEBUG;VALIDATION,INFO;VISUALFORCE,INFO;WORKFLOW,INFO
17:37:28.0 (323390)|USER_INFO|[EXTERNAL]|00541000000Hq4o|gameize@jr.te|Eastern Standard Time|GMT-04:00
17:37:28.0 (732608)|HEAP_ALLOCATE|[72]|Bytes:3
17:37:28.0 (792377)|HEAP_ALLOCATE|[77]|Bytes:152
17:37:28.0 (810351)|HEAP_ALLOCATE|[342]|Bytes:408
17:37:28.0 (824342)|HEAP_ALLOCATE|[355]|Bytes:408
17:37:28.0 (835921)|HEAP_ALLOCATE|[467]|Bytes:48
17:37:28.1 (1982047)|USER_INFO|[EXTERNAL]|00541000000Hq4o|gameize@jr.te|Eastern Standard Time|GMT-04:00
17:37:28.1 (2542419)|STATEMENT_EXECUTE|[1]
17:37:28.1 (2553114)|METHOD_EXIT|[1]|ETLC_ApexBridge_Controller
17:37:28.1 (2558449)|HEAP_ALLOCATE|[EXTERNAL]|Bytes:86
17:37:28.1 (2568958)|SYSTEM_MODE_ENTER|false
17:37:28.1 (2581075)|VARIABLE_SCOPE_BEGIN|[3]|dataJson|String|false|false
17:37:28.1 (2613183)|VARIABLE_ASSIGNMENT|[3]|dataJson|"{\"operation\":\"Gameiz (66 more) ..."
17:37:28.1 (2624783)|STATEMENT_EXECUTE|[3]
17:37:28.1 (2626466)|STATEMENT_EXECUTE|[4]
17:37:28.1 (4585874)|VARIABLE_SCOPE_BEGIN|[4]|data|gameize.ETLC_ApexBridge_Data|true|false
17:37:28.1 (4603110)|VARIABLE_ASSIGNMENT|[4]|data|null|
17:37:28.1 (4605423)|STATEMENT_EXECUTE|[5]
17:37:28.1 (4606810)|STATEMENT_EXECUTE|[5]
17:37:28.1 (4607785)|STATEMENT_EXECUTE|[6]
17:37:28.1 (4624224)|HEAP_ALLOCATE|[6]|Bytes:11
17:37:28.1 (4630892)|HEAP_ALLOCATE|[6]|Bytes:248
17:37:28.1 (4633260)|HEAP_ALLOCATE|[6]|Bytes:39
17:37:28.1 (4675435)|METHOD_ENTRY|[2]|01p41000000CNQH|ETLC_ApexBridge_Data.ETLC_ApexBridge_Data()
17:37:28.1 (4679086)|STATEMENT_EXECUTE|[2]
17:37:28.1 (4683387)|STATEMENT_EXECUTE|[2]
17:37:28.1 (4689665)|METHOD_EXIT|[2]|ETLC_ApexBridge_Data
17:37:28.1 (4718747)|METHOD_ENTRY|[6]|01p41000000CNQH|gameize.ETLC_ApexBridge_Data.fromJSON(String)
17:37:28.1 (4744061)|VARIABLE_SCOPE_BEGIN|[60]|strJson|String|false|false
17:37:28.1 (4753230)|VARIABLE_ASSIGNMENT|[60]|strJson|"{\"operation\":\"Gameiz (66 more) ..."
17:37:28.1 (4756836)|STATEMENT_EXECUTE|[60]
17:37:28.1 (4758067)|STATEMENT_EXECUTE|[61]
17:37:28.1 (4766141)|HEAP_ALLOCATE|[61]|Bytes:28
17:37:28.1 (4788360)|HEAP_ALLOCATE|[50]|Bytes:5
17:37:28.1 (4811205)|HEAP_ALLOCATE|[56]|Bytes:5
17:37:28.1 (4817505)|HEAP_ALLOCATE|[64]|Bytes:7
17:37:28.1 (4919650)|HEAP_ALLOCATE|[61]|Bytes:24
17:37:28.1 (4933891)|SYSTEM_METHOD_ENTRY|[1]|Type.Type()
17:37:28.1 (4937176)|STATEMENT_EXECUTE|[1]
17:37:28.1 (4946091)|SYSTEM_METHOD_EXIT|[1]|Type
17:37:28.1 (4952790)|HEAP_ALLOCATE|[61]|Bytes:8
17:37:28.1 (4976297)|HEAP_ALLOCATE|[61]|Bytes:8
17:37:28.1 (4980974)|VARIABLE_SCOPE_BEGIN|[4]|this|System.Type|true|false
17:37:28.1 (5030074)|VARIABLE_ASSIGNMENT|[4]|this|{}|0xcb7f116
17:37:28.1 (5035615)|VARIABLE_SCOPE_BEGIN|[4]|apextype|java:common.apex.runtime.ApexObjectType|true|false
17:37:28.1 (5146402)|VARIABLE_ASSIGNMENT|[4]|apextype|"gameize.ETLC_ApexBridge_Data"|0x43acec1
17:37:28.1 (5206897)|HEAP_ALLOCATE|[61]|Bytes:8
17:37:28.1 (5246914)|HEAP_ALLOCATE|[61]|Bytes:24
17:37:28.1 (5259036)|SYSTEM_METHOD_ENTRY|[1]|JSON.JSON()
17:37:28.1 (5261747)|STATEMENT_EXECUTE|[1]
17:37:28.1 (5268379)|SYSTEM_METHOD_EXIT|[1]|JSON
17:37:28.1 (5279568)|METHOD_ENTRY|[61]||System.JSON.deserializeStrict(String, System.Type)
17:37:28.1 (5892147)|METHOD_EXIT|[61]||System.JSON.deserializeStrict(String, System.Type)
17:37:28.1 (5900744)|METHOD_EXIT|[6]|01p41000000CNQH|gameize.ETLC_ApexBridge_Data.fromJSON(String)
17:37:28.1 (5958939)|VARIABLE_ASSIGNMENT|[6]|data|{"debug":false,"input":"{\"mode\":\"fetchGameDa (4 more) ...","operation":"GameizeController"}|0x794eab78
17:37:28.1 (5963169)|STATEMENT_EXECUTE|[7]
17:37:28.1 (6015276)|VARIABLE_ASSIGNMENT|[EXTERNAL]|this|{"debug":false,"input":"{\"mode\":\"fetchGameDa (4 more) ...","operation":"GameizeController"}|0x794eab78
17:37:28.1 (6030944)|METHOD_ENTRY|[7]||System.Type.forName(String)
17:37:28.1 (7954863)|METHOD_EXIT|[7]||System.Type.forName(String)
17:37:28.1 (7966283)|METHOD_ENTRY|[7]||System.Type.newInstance()
17:37:28.1 (9233827)|STATEMENT_EXECUTE|[1]
17:37:28.1 (9244970)|HEAP_ALLOCATE|[33]|Bytes:5
17:37:28.1 (9261071)|METHOD_EXIT|[1]|GameizeController
17:37:28.1 (9275068)|HEAP_ALLOCATE|[33]|Bytes:4
17:37:28.1 (9282335)|VARIABLE_SCOPE_BEGIN|[1]|this|gameize.GameizeController|true|false
17:37:28.1 (9302426)|VARIABLE_ASSIGNMENT|[1]|this|{}|0x331eac43
17:37:28.1 (9308760)|HEAP_ALLOCATE|[33]|Bytes:5
17:37:28.1 (9315500)|HEAP_ALLOCATE|[33]|Bytes:11
17:37:28.1 (9335611)|METHOD_ENTRY|[1]|01p41000000CNQC|ETLC_ApexBridge_Abstract.ETLC_ApexBridge_Abstract()
17:37:28.1 (9338635)|STATEMENT_EXECUTE|[1]
17:37:28.1 (9342586)|STATEMENT_EXECUTE|[1]
17:37:28.1 (9347657)|METHOD_EXIT|[1]|ETLC_ApexBridge_Abstract
17:37:28.1 (9357257)|CONSTRUCTOR_ENTRY|[EXTERNAL]|01p41000000CNQC|<init>()
17:37:28.1 (9372919)|VARIABLE_SCOPE_BEGIN|[1]|this|gameize.ETLC_ApexBridge_Abstract|true|false
17:37:28.1 (9384635)|VARIABLE_ASSIGNMENT|[1]|this|{}|0x331eac43
17:37:28.1 (9395586)|STATEMENT_EXECUTE|[1]
17:37:28.1 (9402460)|CONSTRUCTOR_EXIT|[EXTERNAL]|01p41000000CNQC|<init>()
17:37:28.1 (9407146)|STATEMENT_EXECUTE|[1]
17:37:28.1 (9410840)|HEAP_ALLOCATE|[33]|Bytes:5
17:37:28.1 (9427902)|METHOD_EXIT|[7]||System.Type.newInstance()
17:37:28.1 (9435584)|VARIABLE_SCOPE_BEGIN|[7]|executor|gameize.ETLC_ApexBridge_Abstract|true|false
17:37:28.1 (9447933)|VARIABLE_ASSIGNMENT|[7]|executor|{}|0x331eac43
17:37:28.1 (9449866)|STATEMENT_EXECUTE|[8]
17:37:28.1 (9487121)|METHOD_ENTRY|[8]|01p41000000CQtU|gameize.GameizeController.process(gameize.ETLC_ApexBridge_Data)
17:37:28.1 (9507716)|VARIABLE_SCOPE_BEGIN|[3]|this|gameize.GameizeController|true|false
17:37:28.1 (9517185)|VARIABLE_ASSIGNMENT|[3]|this|{}|0x331eac43
17:37:28.1 (9519503)|VARIABLE_SCOPE_BEGIN|[3]|data|gameize.ETLC_ApexBridge_Data|true|false
17:37:28.1 (9541790)|VARIABLE_ASSIGNMENT|[3]|data|{"debug":false,"input":"{\"mode\":\"fetchGameDa (4 more) ...","operation":"GameizeController"}|0x794eab78
17:37:28.1 (9549058)|HEAP_ALLOCATE|[4]|Bytes:5
17:37:28.1 (9552574)|STATEMENT_EXECUTE|[3]
17:37:28.1 (9553674)|STATEMENT_EXECUTE|[4]
17:37:28.1 (9582370)|VARIABLE_ASSIGNMENT|[4]|GameizeController.apexBridgedata|{"debug":false,"input":"{\"mode\":\"fetchGameDa (4 more) ...","operation":"GameizeController"}|0x794eab78
17:37:28.1 (9638591)|VARIABLE_ASSIGNMENT|[EXTERNAL]|this|{"debug":false,"input":"{\"mode\":\"fetchGameDa (4 more) ...","operation":"GameizeController"}|0x794eab78
17:37:28.1 (9650834)|STATEMENT_EXECUTE|[5]
17:37:28.1 (9656074)|STATEMENT_EXECUTE|[7]
17:37:28.1 (9660206)|HEAP_ALLOCATE|[7]|Bytes:4
17:37:28.1 (9678952)|METHOD_ENTRY|[7]|01p41000000CNQH|gameize.ETLC_ApexBridge_Data.getInputValue(String)
17:37:28.1 (9696472)|VARIABLE_SCOPE_BEGIN|[52]|this|gameize.ETLC_ApexBridge_Data|true|false
17:37:28.1 (9715558)|VARIABLE_ASSIGNMENT|[52]|this|{"debug":false,"input":"{\"mode\":\"fetchGameDa (4 more) ...","operation":"GameizeController"}|0x794eab78
17:37:28.1 (9719404)|VARIABLE_SCOPE_BEGIN|[52]|key|String|false|false
17:37:28.1 (9722471)|VARIABLE_ASSIGNMENT|[52]|key|"mode"
17:37:28.1 (9725617)|STATEMENT_EXECUTE|[52]
17:37:28.1 (9726896)|STATEMENT_EXECUTE|[53]
17:37:28.1 (9760660)|VARIABLE_ASSIGNMENT|[EXTERNAL]|this|{"debug":false,"input":"{\"mode\":\"fetchGameDa (4 more) ...","operation":"GameizeController"}|0x794eab78
17:37:28.1 (9772779)|METHOD_ENTRY|[53]||System.JSON.deserializeUntyped(String)
17:37:28.1 (10012861)|METHOD_EXIT|[53]||System.JSON.deserializeUntyped(String)
17:37:28.1 (10021182)|VARIABLE_SCOPE_BEGIN|[53]|inputMap|Map<String,ANY>|true|false
17:37:28.1 (10055612)|VARIABLE_ASSIGNMENT|[53]|inputMap|{"s":1,"v":{"mode":"fetchGameData"}}|0x751ebab0
17:37:28.1 (10058845)|STATEMENT_EXECUTE|[54]
17:37:28.1 (10078974)|ENTERING_MANAGED_PKG|
17:37:28.1 (10106312)|METHOD_EXIT|[7]|01p41000000CNQH|gameize.ETLC_ApexBridge_Data.getInputValue(String)
17:37:28.1 (10111798)|VARIABLE_SCOPE_BEGIN|[7]|mode|String|false|false
17:37:28.1 (10119707)|VARIABLE_ASSIGNMENT|[7]|mode|"fetchGameData"
17:37:28.1 (10123518)|HEAP_ALLOCATE|[8]|Bytes:13
17:37:28.1 (10148154)|HEAP_ALLOCATE|[11]|Bytes:12
17:37:28.1 (10153607)|HEAP_ALLOCATE|[13]|Bytes:13
17:37:28.1 (10160959)|STATEMENT_EXECUTE|[13]
17:37:28.1 (10162221)|STATEMENT_EXECUTE|[14]
17:37:28.1 (10174353)|METHOD_ENTRY|[14]|01p41000000CQtU|gameize.GameizeController.fetchGameData()
17:37:28.1 (10189750)|VARIABLE_SCOPE_BEGIN|[82]|this|gameize.GameizeController|true|false
17:37:28.1 (10201950)|VARIABLE_ASSIGNMENT|[82]|this|{}|0x331eac43
17:37:28.1 (10208667)|HEAP_ALLOCATE|[83]|Bytes:5
17:37:28.1 (10211411)|STATEMENT_EXECUTE|[82]
17:37:28.1 (10212540)|STATEMENT_EXECUTE|[83]
17:37:28.1 (10218824)|VARIABLE_SCOPE_BEGIN|[83]|returnData|String|false|false
17:37:28.1 (10225667)|VARIABLE_ASSIGNMENT|[83]|returnData|null
17:37:28.1 (10227297)|STATEMENT_EXECUTE|[84]
17:37:28.1 (10228347)|STATEMENT_EXECUTE|[84]
17:37:28.1 (10229280)|STATEMENT_EXECUTE|[85]
17:37:28.1 (10232674)|HEAP_ALLOCATE|[85]|Bytes:63
17:37:28.1 (10238105)|HEAP_ALLOCATE|[85]|Bytes:4
17:37:28.1 (10524494)|SOQL_EXECUTE_BEGIN|[85]|Aggregations:0|SELECT Body FROM StaticResource WHERE Name = 'Gameize_GameList'
17:37:28.1 (13926377)|SOQL_EXECUTE_END|[85]|Rows:1
17:37:28.1 (13954214)|HEAP_ALLOCATE|[85]|Bytes:8
17:37:28.1 (13967333)|HEAP_ALLOCATE|[85]|Bytes:536
17:37:28.1 (14034128)|HEAP_ALLOCATE|[85]|Bytes:8
17:37:28.1 (14044678)|VARIABLE_SCOPE_BEGIN|[85]|records|List<StaticResource>|true|false
17:37:28.1 (14080218)|VARIABLE_ASSIGNMENT|[85]|records|{"s":1,"v":[{"s":2,"v":{"Body":BLOB(491 bytes),"Id":"081410000000JmSAAU"}}]}|0x7191fe56
17:37:28.1 (14146279)|ENTERING_MANAGED_PKG|
17:37:28.1 (14170332)|STATEMENT_EXECUTE|[86]
17:37:28.1 (14172111)|STATEMENT_EXECUTE|[88]
17:37:28.1 (14204244)|HEAP_ALLOCATE|[88]|Bytes:12
17:37:28.1 (14251155)|ENTERING_MANAGED_PKG|
17:37:28.1 (14313826)|HEAP_ALLOCATE|[88]|Bytes:491
17:37:28.1 (14334274)|VARIABLE_ASSIGNMENT|[88]|returnData|"[{\"id\": 1, \"name\": \" (471 more) ..."
17:37:28.1 (14337167)|STATEMENT_EXECUTE|[89]
17:37:28.1 (14345288)|HEAP_ALLOCATE|[89]|Bytes:12
17:37:28.1 (14357414)|HEAP_ALLOCATE|[89]|Bytes:503
17:37:28.1 (14374314)|ENTERING_MANAGED_PKG|
17:37:28.1 (14401863)|USER_DEBUG|[89]|DEBUG|returnData::[{"id": 1, "name": "Age Counter", "auraid": "agecounter", "cmpname": "AgeCounter", "desc": "Count how long you've lived, in days+hours+minutes."},{"id": 2, "name": "Hangman", "auraid": "hangman", "cmpname": "Hangman", "desc": "Games are a good way to keep your visitors- and yourself- occupied on your site. Here's where this script comes in. It's the great JavaScript reincarnation of the classic Hang Man game. Play against the computer. The vocabulary to be used is configurable. Cool!"}]
17:37:28.1 (14457995)|VARIABLE_ASSIGNMENT|[EXTERNAL]|this|{"debug":false,"input":"{\"mode\":\"fetchGameDa (4 more) ...","operation":"GameizeController"}|0x794eab78
17:37:28.1 (14467126)|STATEMENT_EXECUTE|[90]
17:37:28.1 (14473731)|STATEMENT_EXECUTE|[93]
17:37:28.1 (14480513)|METHOD_EXIT|[14]|01p41000000CQtU|gameize.GameizeController.fetchGameData()
17:37:28.1 (14519261)|VARIABLE_ASSIGNMENT|[EXTERNAL]|this|{"debug":false,"input":"{\"mode\":\"fetchGameDa (4 more) ...","operation":"GameizeController"}|0x794eab78
17:37:28.1 (14526775)|VARIABLE_ASSIGNMENT|[EXTERNAL]|value|"[{\"id\": 1, \"name\": \" (471 more) ..."
17:37:28.1 (14535584)|VARIABLE_ASSIGNMENT|[12]|this.output|"[{\"id\": 1, \"name\": \" (471 more) ..."|0x794eab78
17:37:28.1 (14540361)|STATEMENT_EXECUTE|[15]
17:37:28.1 (14579650)|VARIABLE_ASSIGNMENT|[EXTERNAL]|this|{"debug":false,"input":"{\"mode\":\"fetchGameDa (4 more) ...","operation":"GameizeController","output":"[{\"id\": 1, \"name\": \" (471 more) ..."}|0x794eab78
17:37:28.1 (14613639)|VARIABLE_ASSIGNMENT|[EXTERNAL]|this|{"debug":false,"input":"{\"mode\":\"fetchGameDa (4 more) ...","operation":"GameizeController","output":"[{\"id\": 1, \"name\": \" (471 more) ..."}|0x794eab78
17:37:28.1 (14620525)|VARIABLE_ASSIGNMENT|[EXTERNAL]|value|true
17:37:28.1 (14624348)|HEAP_ALLOCATE|[15]|Bytes:5
17:37:28.1 (14629390)|VARIABLE_ASSIGNMENT|[15]|this.outputFlag|true|0x794eab78
17:37:28.1 (14637696)|METHOD_EXIT|[8]|01p41000000CQtU|gameize.GameizeController.process(gameize.ETLC_ApexBridge_Data)
17:37:28.1 (14640729)|STATEMENT_EXECUTE|[23]
17:37:28.1 (14653241)|METHOD_ENTRY|[23]|01p41000000CNQH|gameize.ETLC_ApexBridge_Data.toJSON()
17:37:28.1 (14666795)|VARIABLE_SCOPE_BEGIN|[57]|this|gameize.ETLC_ApexBridge_Data|true|false
17:37:28.1 (14686716)|VARIABLE_ASSIGNMENT|[57]|this|{"debug":false,"input":"{\"mode\":\"fetchGameDa (4 more) ...","operation":"GameizeController","output":"[{\"id\": 1, \"name\": \" (471 more) ...","outputFlag":true}|0x794eab78
17:37:28.1 (14690658)|STATEMENT_EXECUTE|[57]
17:37:28.1 (14691798)|STATEMENT_EXECUTE|[58]
17:37:28.1 (14701895)|METHOD_ENTRY|[58]||System.JSON.serialize(Object)
17:37:28.1 (14815519)|STATEMENT_EXECUTE|[22]
17:37:28.1 (14819053)|STATEMENT_EXECUTE|[23]
17:37:28.1 (14827452)|HEAP_ALLOCATE|[23]|Bytes:5
17:37:28.1 (14834799)|VARIABLE_ASSIGNMENT|[23]|this.isSuccess|true|0x794eab78
17:37:28.1 (14836914)|STATEMENT_EXECUTE|[24]
17:37:28.1 (14879768)|STATEMENT_EXECUTE|[31]
17:37:28.1 (14882865)|STATEMENT_EXECUTE|[32]
17:37:28.1 (14889252)|HEAP_ALLOCATE|[32]|Bytes:4
17:37:28.1 (14935225)|VARIABLE_ASSIGNMENT|[32]|this.messages|{"s":1,"v":{}}|0x794eab78
17:37:28.1 (14937919)|STATEMENT_EXECUTE|[33]
17:37:28.1 (15268103)|METHOD_EXIT|[58]||System.JSON.serialize(Object)
17:37:28.1 (15274711)|METHOD_EXIT|[23]|01p41000000CNQH|gameize.ETLC_ApexBridge_Data.toJSON()
17:37:28.1 (15283586)|SYSTEM_MODE_EXIT|false
17:37:28.15 (15325427)|CUMULATIVE_LIMIT_USAGE
17:37:28.15 (15325427)|LIMIT_USAGE_FOR_NS|(default)|
  Number of SOQL queries: 0 out of 100
  Number of query rows: 0 out of 50000
  Number of SOSL queries: 0 out of 20
  Number of DML statements: 0 out of 150
  Number of DML rows: 0 out of 10000
  Maximum CPU time: 0 out of 10000
  Maximum heap size: 0 out of 6000000
  Number of callouts: 0 out of 100
  Number of Email Invocations: 0 out of 10
  Number of future calls: 0 out of 50
  Number of queueable jobs added to the queue: 0 out of 50
  Number of Mobile Apex push calls: 0 out of 10

17:37:28.15 (15325427)|LIMIT_USAGE_FOR_NS|gameize|
  Number of SOQL queries: 1 out of 100
  Number of query rows: 1 out of 50000
  Number of SOSL queries: 0 out of 20
  Number of DML statements: 0 out of 150
  Number of DML rows: 0 out of 10000
  Maximum CPU time: 0 out of 10000
  Maximum heap size: 0 out of 6000000
  Number of callouts: 0 out of 100
  Number of Email Invocations: 0 out of 10
  Number of future calls: 0 out of 50
  Number of queueable jobs added to the queue: 0 out of 50
  Number of Mobile Apex push calls: 0 out of 10

17:37:28.15 (15325427)|CUMULATIVE_LIMIT_USAGE_END

17:37:28.1 (15400931)|CODE_UNIT_FINISHED|ETLC_ApexBridge_Controller.execute
17:37:28.0 (15697495)|HEAP_ALLOCATE|[EXTERNAL]|Bytes:86
17:37:28.0 (15714925)|HEAP_ALLOCATE|[EXTERNAL]|Bytes:86
17:37:28.17 (17291453)|USER_INFO|[EXTERNAL]|00541000000Hq4o|gameize@jr.te|Eastern Standard Time|GMT-04:00
17:37:28.17 (17363477)|STATEMENT_EXECUTE|[3]
17:37:28.17 (17365715)|STATEMENT_EXECUTE|[4]
17:37:28.17 (17375230)|VARIABLE_SCOPE_BEGIN|[4]|data|gameize.ETLC_ApexBridge_Data|true|false
17:37:28.17 (17396823)|VARIABLE_ASSIGNMENT|[4]|data|null|
17:37:28.17 (17399035)|STATEMENT_EXECUTE|[5]
17:37:28.17 (17400102)|STATEMENT_EXECUTE|[5]
17:37:28.17 (17401045)|STATEMENT_EXECUTE|[6]
17:37:28.17 (17409771)|METHOD_ENTRY|[6]|01p41000000CNQH|gameize.ETLC_ApexBridge_Data.fromJSON(String)
17:37:28.17 (17414240)|VARIABLE_SCOPE_BEGIN|[60]|strJson|String|false|false
17:37:28.17 (17421582)|VARIABLE_ASSIGNMENT|[60]|strJson|"{\"operation\":\"Gameiz (66 more) ..."
17:37:28.17 (17428736)|STATEMENT_EXECUTE|[60]
17:37:28.17 (17430070)|STATEMENT_EXECUTE|[61]
17:37:28.17 (17472723)|HEAP_ALLOCATE|[61]|Bytes:8
17:37:28.17 (17478654)|HEAP_ALLOCATE|[61]|Bytes:8
17:37:28.17 (17481889)|VARIABLE_SCOPE_BEGIN|[4]|this|System.Type|true|false
17:37:28.17 (17500776)|VARIABLE_ASSIGNMENT|[4]|this|{}|0x589dcfbe
17:37:28.17 (17503519)|VARIABLE_SCOPE_BEGIN|[4]|apextype|java:common.apex.runtime.ApexObjectType|true|false
17:37:28.17 (17594248)|VARIABLE_ASSIGNMENT|[4]|apextype|"gameize.ETLC_ApexBridge_Data"|0x43acec1
17:37:28.17 (17620449)|HEAP_ALLOCATE|[61]|Bytes:8
17:37:28.17 (17629884)|METHOD_ENTRY|[61]||System.JSON.deserializeStrict(String, System.Type)
17:37:28.17 (17768567)|METHOD_EXIT|[61]||System.JSON.deserializeStrict(String, System.Type)
17:37:28.17 (17775277)|METHOD_EXIT|[6]|01p41000000CNQH|gameize.ETLC_ApexBridge_Data.fromJSON(String)
17:37:28.17 (17804340)|VARIABLE_ASSIGNMENT|[6]|data|{"debug":false,"input":"{\"mode\":\"fetchUserDa (4 more) ...","operation":"GameizeController"}|0x50bd00be
17:37:28.17 (17807852)|STATEMENT_EXECUTE|[7]
17:37:28.17 (17836814)|VARIABLE_ASSIGNMENT|[EXTERNAL]|this|{"debug":false,"input":"{\"mode\":\"fetchUserDa (4 more) ...","operation":"GameizeController"}|0x50bd00be
17:37:28.17 (17845974)|METHOD_ENTRY|[7]||System.Type.forName(String)
17:37:28.17 (17944344)|METHOD_EXIT|[7]||System.Type.forName(String)
17:37:28.17 (17949908)|METHOD_ENTRY|[7]||System.Type.newInstance()
17:37:28.17 (17999993)|HEAP_ALLOCATE|[33]|Bytes:5
17:37:28.17 (18009620)|CONSTRUCTOR_ENTRY|[EXTERNAL]|01p41000000CNQC|<init>()
17:37:28.17 (18013985)|VARIABLE_SCOPE_BEGIN|[1]|this|gameize.ETLC_ApexBridge_Abstract|true|false
17:37:28.17 (18025771)|VARIABLE_ASSIGNMENT|[1]|this|{}|0x76897adc
17:37:28.17 (18034025)|STATEMENT_EXECUTE|[1]
17:37:28.17 (18039449)|CONSTRUCTOR_EXIT|[EXTERNAL]|01p41000000CNQC|<init>()
17:37:28.17 (18043544)|STATEMENT_EXECUTE|[1]
17:37:28.17 (18046414)|HEAP_ALLOCATE|[33]|Bytes:5
17:37:28.17 (18057240)|METHOD_EXIT|[7]||System.Type.newInstance()
17:37:28.17 (18063288)|VARIABLE_SCOPE_BEGIN|[7]|executor|gameize.ETLC_ApexBridge_Abstract|true|false
17:37:28.17 (18074542)|VARIABLE_ASSIGNMENT|[7]|executor|{}|0x76897adc
17:37:28.17 (18076380)|STATEMENT_EXECUTE|[8]
17:37:28.17 (18087195)|METHOD_ENTRY|[8]|01p41000000CQtU|gameize.GameizeController.process(gameize.ETLC_ApexBridge_Data)
17:37:28.17 (18090294)|VARIABLE_SCOPE_BEGIN|[3]|this|gameize.GameizeController|true|false
17:37:28.17 (18096886)|VARIABLE_ASSIGNMENT|[3]|this|{}|0x76897adc
17:37:28.17 (18098283)|VARIABLE_SCOPE_BEGIN|[3]|data|gameize.ETLC_ApexBridge_Data|true|false
17:37:28.17 (18117585)|VARIABLE_ASSIGNMENT|[3]|data|{"debug":false,"input":"{\"mode\":\"fetchUserDa (4 more) ...","operation":"GameizeController"}|0x50bd00be
17:37:28.17 (18123924)|HEAP_ALLOCATE|[4]|Bytes:5
17:37:28.17 (18126919)|STATEMENT_EXECUTE|[3]
17:37:28.17 (18128054)|STATEMENT_EXECUTE|[4]
17:37:28.17 (18151775)|VARIABLE_ASSIGNMENT|[4]|GameizeController.apexBridgedata|{"debug":false,"input":"{\"mode\":\"fetchUserDa (4 more) ...","operation":"GameizeController"}|0x50bd00be
17:37:28.17 (18169600)|VARIABLE_ASSIGNMENT|[EXTERNAL]|this|{"debug":false,"input":"{\"mode\":\"fetchUserDa (4 more) ...","operation":"GameizeController"}|0x50bd00be
17:37:28.17 (18175985)|STATEMENT_EXECUTE|[5]
17:37:28.17 (18179492)|STATEMENT_EXECUTE|[7]
17:37:28.17 (18184525)|METHOD_ENTRY|[7]|01p41000000CNQH|gameize.ETLC_ApexBridge_Data.getInputValue(String)
17:37:28.17 (18187042)|VARIABLE_SCOPE_BEGIN|[52]|this|gameize.ETLC_ApexBridge_Data|true|false
17:37:28.17 (18201937)|VARIABLE_ASSIGNMENT|[52]|this|{"debug":false,"input":"{\"mode\":\"fetchUserDa (4 more) ...","operation":"GameizeController"}|0x50bd00be
17:37:28.17 (18203961)|VARIABLE_SCOPE_BEGIN|[52]|key|String|false|false
17:37:28.17 (18206708)|VARIABLE_ASSIGNMENT|[52]|key|"mode"
17:37:28.17 (18209003)|STATEMENT_EXECUTE|[52]
17:37:28.17 (18210452)|STATEMENT_EXECUTE|[53]
17:37:28.17 (18229163)|VARIABLE_ASSIGNMENT|[EXTERNAL]|this|{"debug":false,"input":"{\"mode\":\"fetchUserDa (4 more) ...","operation":"GameizeController"}|0x50bd00be
17:37:28.17 (18235417)|METHOD_ENTRY|[53]||System.JSON.deserializeUntyped(String)
17:37:28.17 (18365806)|METHOD_EXIT|[53]||System.JSON.deserializeUntyped(String)
17:37:28.17 (18372698)|VARIABLE_SCOPE_BEGIN|[53]|inputMap|Map<String,ANY>|true|false
17:37:28.17 (18397525)|VARIABLE_ASSIGNMENT|[53]|inputMap|{"s":1,"v":{"mode":"fetchUserData"}}|0x18666675
17:37:28.17 (18400468)|STATEMENT_EXECUTE|[54]
17:37:28.17 (18415290)|ENTERING_MANAGED_PKG|
17:37:28.17 (18428126)|METHOD_EXIT|[7]|01p41000000CNQH|gameize.ETLC_ApexBridge_Data.getInputValue(String)
17:37:28.17 (18433148)|VARIABLE_SCOPE_BEGIN|[7]|mode|String|false|false
17:37:28.17 (18440436)|VARIABLE_ASSIGNMENT|[7]|mode|"fetchUserData"
17:37:28.17 (18454462)|STATEMENT_EXECUTE|[8]
17:37:28.17 (18455570)|STATEMENT_EXECUTE|[9]
17:37:28.17 (18499800)|HEAP_ALLOCATE|[9]|Bytes:85
17:37:28.17 (18516567)|SYSTEM_METHOD_ENTRY|[1]|UserInfo.UserInfo()
17:37:28.17 (18519443)|STATEMENT_EXECUTE|[1]
17:37:28.17 (18527261)|SYSTEM_METHOD_EXIT|[1]|UserInfo
17:37:28.17 (18536709)|METHOD_ENTRY|[9]||System.UserInfo.getUserId()
17:37:28.17 (18569870)|METHOD_EXIT|[9]||System.UserInfo.getUserId()
17:37:28.17 (18580570)|HEAP_ALLOCATE|[9]|Bytes:4
17:37:28.17 (18593271)|METHOD_ENTRY|[9]|01p41000000CQtU|gameize.GameizeController.fetchUserData(Id)
17:37:28.17 (18599073)|VARIABLE_SCOPE_BEGIN|[21]|this|gameize.GameizeController|true|false
17:37:28.17 (18611503)|VARIABLE_ASSIGNMENT|[21]|this|{}|0x76897adc
17:37:28.17 (18614568)|VARIABLE_SCOPE_BEGIN|[21]|userId|Id|false|false
17:37:28.17 (18666619)|VARIABLE_ASSIGNMENT|[21]|userId|"00541000000Hq4oAAC"
17:37:28.17 (18675568)|HEAP_ALLOCATE|[22]|Bytes:5
17:37:28.17 (18679687)|STATEMENT_EXECUTE|[21]
17:37:28.17 (18680952)|STATEMENT_EXECUTE|[22]
17:37:28.17 (18690361)|VARIABLE_SCOPE_BEGIN|[22]|returnData|String|false|false
17:37:28.17 (18698115)|VARIABLE_ASSIGNMENT|[22]|returnData|null
17:37:28.17 (18699811)|STATEMENT_EXECUTE|[23]
17:37:28.17 (18700949)|STATEMENT_EXECUTE|[23]
17:37:28.17 (18701930)|STATEMENT_EXECUTE|[24]
17:37:28.17 (18705985)|HEAP_ALLOCATE|[24]|Bytes:109
17:37:28.17 (18710618)|HEAP_ALLOCATE|[24]|Bytes:4
17:37:28.17 (18715650)|HEAP_ALLOCATE|[24]|Bytes:7
17:37:28.17 (19757140)|SOQL_EXECUTE_BEGIN|[24]|Aggregations:0|SELECT ID, gameize__dataFavorite__c, gameize__dataHistory__c FROM Gameize__c WHERE User__c = :tmpVar1 LIMIT 1
17:37:28.17 (24685756)|SOQL_EXECUTE_END|[24]|Rows:1
17:37:28.17 (24708395)|HEAP_ALLOCATE|[24]|Bytes:8
17:37:28.17 (24717923)|HEAP_ALLOCATE|[24]|Bytes:1347
17:37:28.17 (24773106)|HEAP_ALLOCATE|[24]|Bytes:8
17:37:28.17 (24783590)|VARIABLE_SCOPE_BEGIN|[24]|records|List<gameize__Gameize__c>|true|false
17:37:28.17 (24815196)|VARIABLE_ASSIGNMENT|[24]|records|{"s":1,"v":[{"s":2,"v":{"Id":"a0041000000j7nTAAQ","gameize__dataFavorit (4 more) ...":"[{\"name\":\"Hangman\",\" (27 more) ...","gameize__dataHistory (3 more) ...":"[{\"name\":\"Hangman\",\" (1192 more) ..."}}]}|0x4ce76e2
17:37:28.17 (24867653)|ENTERING_MANAGED_PKG|
17:37:28.17 (24890655)|STATEMENT_EXECUTE|[25]
17:37:28.17 (24892339)|STATEMENT_EXECUTE|[27]
17:37:28.17 (27341315)|HEAP_ALLOCATE|[27]|Bytes:9
17:37:28.17 (27348383)|HEAP_ALLOCATE|[27]|Bytes:29
17:37:28.17 (27350832)|HEAP_ALLOCATE|[27]|Bytes:21
17:37:28.17 (27374354)|METHOD_ENTRY|[7]|01p41000000CNQM|ETLC_SecuredDB.ETLC_SecuredDB()
17:37:28.17 (27378469)|STATEMENT_EXECUTE|[7]
17:37:28.17 (27383206)|STATEMENT_EXECUTE|[7]
17:37:28.17 (27388653)|HEAP_ALLOCATE|[27]|Bytes:5
17:37:28.17 (27398209)|METHOD_EXIT|[7]|ETLC_SecuredDB
17:37:28.17 (27427232)|METHOD_ENTRY|[27]|01p41000000CNQM|gameize.ETLC_SecuredDB.validateQuery(List<SObject>)
17:37:28.17 (27451988)|VARIABLE_SCOPE_BEGIN|[28]|dbRecords|List<SObject>|true|false
17:37:28.17 (27477643)|VARIABLE_ASSIGNMENT|[28]|dbRecords|{"s":1,"v":[{"s":2,"v":{"Id":"a0041000000j7nTAAQ","gameize__dataFavorit (4 more) ...":"[{\"name\":\"Hangman\",\" (27 more) ...","gameize__dataHistory (3 more) ...":"[{\"name\":\"Hangman\",\" (1192 more) ..."}}]}|0x4ce76e2
17:37:28.17 (27486221)|HEAP_ALLOCATE|[29]|Bytes:5
17:37:28.17 (27490413)|STATEMENT_EXECUTE|[28]
17:37:28.17 (27491707)|STATEMENT_EXECUTE|[29]
17:37:28.17 (27701488)|HEAP_ALLOCATE|[29]|Bytes:12
17:37:28.17 (27707442)|HEAP_ALLOCATE|[29]|Bytes:8
17:37:28.17 (27754319)|HEAP_ALLOCATE|[29]|Bytes:12
17:37:28.17 (27757476)|HEAP_ALLOCATE|[29]|Bytes:9
17:37:28.17 (27766732)|HEAP_ALLOCATE|[29]|Bytes:12
17:37:28.17 (27768664)|HEAP_ALLOCATE|[29]|Bytes:8
17:37:28.17 (27775699)|HEAP_ALLOCATE|[29]|Bytes:12
17:37:28.17 (27777307)|HEAP_ALLOCATE|[29]|Bytes:8
17:37:28.17 (27786711)|HEAP_ALLOCATE|[29]|Bytes:12
17:37:28.17 (27788388)|HEAP_ALLOCATE|[29]|Bytes:9
17:37:28.17 (27813578)|METHOD_ENTRY|[29]|01p41000000CNQM|gameize.ETLC_SecuredDB.findFields(List<SObject>)
17:37:28.17 (27867480)|VARIABLE_SCOPE_BEGIN|[108]|dbRecords|List<SObject>|true|false
17:37:28.17 (27892548)|VARIABLE_ASSIGNMENT|[108]|dbRecords|{"s":1,"v":[{"s":2,"v":{"Id":"a0041000000j7nTAAQ","gameize__dataFavorit (4 more) ...":"[{\"name\":\"Hangman\",\" (27 more) ...","gameize__dataHistory (3 more) ...":"[{\"name\":\"Hangman\",\" (1192 more) ..."}}]}|0x4ce76e2
17:37:28.17 (27901033)|HEAP_ALLOCATE|[109]|Bytes:5
17:37:28.17 (27905010)|STATEMENT_EXECUTE|[108]
17:37:28.17 (27906407)|STATEMENT_EXECUTE|[109]
17:37:28.17 (27917007)|VARIABLE_SCOPE_BEGIN|[109]|strJSON|String|false|false
17:37:28.17 (27925227)|VARIABLE_ASSIGNMENT|[109]|strJSON|null
17:37:28.17 (27927007)|STATEMENT_EXECUTE|[110]
17:37:28.17 (27931277)|VARIABLE_SCOPE_BEGIN|[110]|mapFields|Map<String,Set<String>>|true|false
17:37:28.17 (27936241)|VARIABLE_ASSIGNMENT|[110]|mapFields|null|
17:37:28.17 (27937747)|STATEMENT_EXECUTE|[112]
17:37:28.17 (27946320)|METHOD_ENTRY|[112]||System.JSON.serialize(Object)
17:37:28.17 (28306028)|METHOD_EXIT|[112]||System.JSON.serialize(Object)
17:37:28.17 (28322160)|VARIABLE_ASSIGNMENT|[112]|strJSON|"[{\"attributes\":{\"typ (1598 more) ..."
17:37:28.17 (28325290)|STATEMENT_EXECUTE|[113]
17:37:28.17 (28333631)|HEAP_ALLOCATE|[113]|Bytes:5
17:37:28.17 (28342023)|HEAP_ALLOCATE|[113]|Bytes:1623
17:37:28.17 (28355454)|ENTERING_MANAGED_PKG|
17:37:28.17 (28377628)|USER_DEBUG|[113]|DEBUG|JSON:[{"attributes":{"type":"gameize__Gameize__c","url":"/services/data/v37.0/sobjects/gameize__Gameize__c/a0041000000j7nTAAQ"},"Id":"a0041000000j7nTAAQ","gameize__dataFavorite__c":"[{\"name\":\"Hangman\",\"cmpname\":\"Hangman\",\"id\":2}]","gameize__dataHistory__c":"[{\"name\":\"Hangman\",\"cmpname\":\"Hangman\",\"datePlayed\":\"Mon Aug 08 2016 15:45:16 GMT-0400 (Eastern Daylight Time)\",\"id\":2},{\"name\":\"Hangman\",\"cmpname\":\"Hangman\",\"datePlayed\":\"Mon Aug 08 2016 15:45:23 GMT-0400 (Eastern Daylight Time)\",\"id\":2},{\"name\":\"Age Counter\",\"cmpname\":\"AgeCounter\",\"datePlayed\":\"Mon Aug 08 2016 15:45:26 GMT-0400 (Eastern Daylight Time)\",\"id\":1},{\"name\":\"Hangman\",\"cmpname\":\"Hangman\",\"datePlayed\":\"Mon Aug 08 2016 15:45:31 GMT-0400 (Eastern Daylight Time)\",\"id\":2},{\"name\":\"Age Counter\",\"cmpname\":\"AgeCounter\",\"datePlayed\":\"Mon Aug 08 2016 15:48:19 GMT-0400 (Eastern Daylight Time)\",\"id\":1},{\"name\":\"Hangman\",\"cmpname\":\"Hangman\",\"datePlayed\":\"Mon Aug 08 2016 15:48:22 GMT-0400 (Eastern Daylight Time)\",\"id\":2},{\"name\":\"Hangman\",\"cmpname\":\"Hangman\",\"datePlayed\":\"Mon Aug 08 2016 15:48:28 GMT-0400 (Eastern Daylight Time)\",\"id\":2},{\"name\":\"Hangman\",\"cmpname\":\"Hangman\",\"datePlayed\":\"Mon Aug 08 2016 15:48:31 GMT-0400 (Eastern Daylight Time)\",\"id\":2},{\"name\":\"Age Counter\",\"cmpname\":\"AgeCounter\",\"datePlayed\":\"Mon Aug 08 2016 15:48:34 GMT-0400 (Eastern Daylight Time)\",\"id\":1},{\"name\":\"Hangman\",\"cmpname\":\"Hangman\",\"datePlayed\":\"Mon Aug 08 2016 15:48:42 GMT-0400 (Eastern Daylight Time)\",\"id\":2}]"}]
17:37:28.17 (28391283)|STATEMENT_EXECUTE|[114]
17:37:28.17 (28399276)|HEAP_ALLOCATE|[114]|Bytes:4
17:37:28.17 (28430350)|VARIABLE_ASSIGNMENT|[114]|mapFields|{"s":1,"v":{}}|0x5e5458a9
17:37:28.17 (28433167)|STATEMENT_EXECUTE|[115]
17:37:28.17 (28442519)|METHOD_ENTRY|[115]||System.JSON.deserializeUntyped(String)
17:37:28.17 (28779289)|METHOD_EXIT|[115]||System.JSON.deserializeUntyped(String)
17:37:28.17 (28787329)|VARIABLE_SCOPE_BEGIN|[115]|records|List<ANY>|true|false
17:37:28.17 (28816113)|HEAP_ALLOCATE|[EXTERNAL]|Bytes:8
17:37:28.17 (28846925)|VARIABLE_ASSIGNMENT|[115]|records|{"s":1,"v":[{"s":2,"v":{"attributes":{"s":3,"v":{"type":"gameize__Gameize__c","url":"/services/data/v37.0 (48 more) ..."}},"Id":"a0041000000j7nTAAQ","gameize__dataFavorit (4 more) ...":"[{\"name\":\"Hangman\",\" (27 more) ...","gameize__dataHistory (3 more) ...":"[{\"name\":\"Hangman\",\" (1192 more) ..."}}]}|0x5aaea40d
17:37:28.17 (28865038)|ENTERING_MANAGED_PKG|
17:37:28.17 (28892116)|HEAP_ALLOCATE|[116]|Bytes:5
17:37:28.17 (28903869)|HEAP_ALLOCATE|[116]|Bytes:20
17:37:28.17 (28911103)|VARIABLE_SCOPE_BEGIN|[116]|record|Object|false|false
17:37:28.17 (28939938)|VARIABLE_ASSIGNMENT|[116]|record|{"s":1,"v":{"attributes":{"s":2,"v":{"type":"gameize__Gameize__c","url":"/services/data/v37.0 (48 more) ..."}},"Id":"a0041000000j7nTAAQ","gameize__dataFavorit (4 more) ...":"[{\"name\":\"Hangman\",\" (27 more) ...","gameize__dataHistory (3 more) ...":"[{\"name\":\"Hangman\",\" (1192 more) ..."}}
17:37:28.17 (28944909)|STATEMENT_EXECUTE|[116]
17:37:28.17 (28946261)|STATEMENT_EXECUTE|[117]
17:37:28.17 (28966160)|METHOD_ENTRY|[117]|01p41000000CNQM|gameize.ETLC_SecuredDB.findFieldsRecursive(Map<String,Set<String>>, Map<String,ANY>)
17:37:28.17 (28985941)|VARIABLE_SCOPE_BEGIN|[124]|mapFields|Map<String,Set<String>>|true|false
17:37:28.17 (28998055)|VARIABLE_ASSIGNMENT|[124]|mapFields|{"s":1,"v":{}}|0x5e5458a9
17:37:28.17 (29001119)|VARIABLE_SCOPE_BEGIN|[124]|record|Map<String,ANY>|true|false
17:37:28.17 (29017656)|VARIABLE_ASSIGNMENT|[124]|record|{"s":1,"v":{"attributes":{"s":2,"v":{"type":"gameize__Gameize__c","url":"/services/data/v37.0 (48 more) ..."}},"Id":"a0041000000j7nTAAQ","gameize__dataFavorit (4 more) ...":"[{\"name\":\"Hangman\",\" (27 more) ...","gameize__dataHistory (3 more) ...":"[{\"name\":\"Hangman\",\" (1192 more) ..."}}|0x70c5ccd5
17:37:28.17 (29025704)|HEAP_ALLOCATE|[125]|Bytes:5
17:37:28.17 (29029376)|STATEMENT_EXECUTE|[124]
17:37:28.17 (29030678)|STATEMENT_EXECUTE|[125]
17:37:28.17 (29036901)|HEAP_ALLOCATE|[125]|Bytes:10
17:37:28.17 (29041203)|VARIABLE_SCOPE_BEGIN|[125]|strAttributes|String|false|false
17:37:28.17 (29048702)|VARIABLE_ASSIGNMENT|[125]|strAttributes|"attributes"
17:37:28.17 (29050416)|STATEMENT_EXECUTE|[126]
17:37:28.17 (29053880)|HEAP_ALLOCATE|[126]|Bytes:7
17:37:28.17 (29056490)|VARIABLE_SCOPE_BEGIN|[126]|strRecord|String|false|false
17:37:28.17 (29060585)|VARIABLE_ASSIGNMENT|[126]|strRecord|"records"
17:37:28.17 (29071207)|ENTERING_MANAGED_PKG|
17:37:28.17 (29099471)|STATEMENT_EXECUTE|[127]
17:37:28.17 (29100831)|STATEMENT_EXECUTE|[128]
17:37:28.17 (29110794)|ENTERING_MANAGED_PKG|
17:37:28.17 (29132310)|VARIABLE_SCOPE_BEGIN|[128]|attributes|Map<String,ANY>|true|false
17:37:28.17 (29149995)|VARIABLE_ASSIGNMENT|[128]|attributes|{"s":1,"v":{"type":"gameize__Gameize__c","url":"/services/data/v37.0 (48 more) ..."}}|0x799bd238
17:37:28.17 (29152856)|STATEMENT_EXECUTE|[129]
17:37:28.17 (29158533)|HEAP_ALLOCATE|[129]|Bytes:4
17:37:28.17 (29167395)|ENTERING_MANAGED_PKG|
17:37:28.17 (29185605)|VARIABLE_SCOPE_BEGIN|[129]|objectName|String|false|false
17:37:28.17 (29192352)|VARIABLE_ASSIGNMENT|[129]|objectName|"gameize__Gameize__c"
17:37:28.17 (29199906)|HEAP_ALLOCATE|[130]|Bytes:4
17:37:28.17 (29213497)|ENTERING_MANAGED_PKG|
17:37:28.17 (29235549)|ENTERING_MANAGED_PKG|
17:37:28.17 (29256994)|HEAP_ALLOCATE|[130]|Bytes:79
17:37:28.17 (29268723)|ENTERING_MANAGED_PKG|
17:37:28.17 (29273018)|HEAP_ALLOCATE|[130]|Bytes:16
17:37:28.17 (29278702)|ENTERING_MANAGED_PKG|
17:37:28.17 (29292421)|HEAP_ALLOCATE|[130]|Bytes:5
17:37:28.17 (29302427)|VARIABLE_SCOPE_BEGIN|[130]|fieldName|String|false|false
17:37:28.17 (29309966)|VARIABLE_ASSIGNMENT|[130]|fieldName|"attributes"
17:37:28.17 (29312460)|STATEMENT_EXECUTE|[130]
17:37:28.17 (29313638)|STATEMENT_EXECUTE|[131]
17:37:28.17 (29324419)|ENTERING_MANAGED_PKG|
17:37:28.17 (29347604)|VARIABLE_SCOPE_BEGIN|[131]|field|Object|false|false
17:37:28.17 (29366913)|VARIABLE_ASSIGNMENT|[131]|field|{"s":1,"v":{"type":"gameize__Gameize__c","url":"/services/data/v37.0 (48 more) ..."}}
17:37:28.17 (29383771)|STATEMENT_EXECUTE|[132]
17:37:28.17 (29395251)|HEAP_ALLOCATE|[130]|Bytes:5
17:37:28.17 (29403375)|VARIABLE_SCOPE_BEGIN|[130]|fieldName|String|false|false
17:37:28.17 (29409630)|VARIABLE_ASSIGNMENT|[130]|fieldName|"Id"
17:37:28.17 (29411652)|STATEMENT_EXECUTE|[130]
17:37:28.17 (29412680)|STATEMENT_EXECUTE|[131]
17:37:28.17 (29422260)|ENTERING_MANAGED_PKG|
17:37:28.17 (29435071)|VARIABLE_SCOPE_BEGIN|[131]|field|Object|false|false
17:37:28.17 (29442083)|VARIABLE_ASSIGNMENT|[131]|field|"a0041000000j7nTAAQ"
17:37:28.17 (29450731)|HEAP_ALLOCATE|[134]|Bytes:68
17:37:28.17 (29469520)|STATEMENT_EXECUTE|[136]
17:37:28.17 (29470721)|STATEMENT_EXECUTE|[137]
17:37:28.17 (29478545)|HEAP_ALLOCATE|[137]|Bytes:4
17:37:28.17 (29491310)|ENTERING_MANAGED_PKG|
17:37:28.17 (29512598)|VARIABLE_SCOPE_BEGIN|[137]|fieldNames|Set<String>|true|false
17:37:28.17 (29534745)|VARIABLE_ASSIGNMENT|[137]|fieldNames|{"s":1,"v":[]}|0x2a570ecd
17:37:28.17 (29546933)|ENTERING_MANAGED_PKG|
17:37:28.17 (29570350)|STATEMENT_EXECUTE|[138]
17:37:28.17 (29575442)|STATEMENT_EXECUTE|[139]
17:37:28.17 (29585344)|ENTERING_MANAGED_PKG|
17:37:28.17 (29602441)|HEAP_ALLOCATE|[EXTERNAL]|Bytes:4
17:37:28.17 (29608597)|STATEMENT_EXECUTE|[140]
17:37:28.17 (29617945)|ENTERING_MANAGED_PKG|
17:37:28.17 (29639098)|HEAP_ALLOCATE|[EXTERNAL]|Bytes:-4
17:37:28.17 (29650459)|HEAP_ALLOCATE|[130]|Bytes:5
17:37:28.17 (29659386)|VARIABLE_SCOPE_BEGIN|[130]|fieldName|String|false|false
17:37:28.17 (29667856)|VARIABLE_ASSIGNMENT|[130]|fieldName|"gameize__dataFavorit (4 more) ..."
17:37:28.17 (29670343)|STATEMENT_EXECUTE|[130]
17:37:28.17 (29671448)|STATEMENT_EXECUTE|[131]
17:37:28.17 (29680936)|ENTERING_MANAGED_PKG|
17:37:28.17 (29689068)|VARIABLE_SCOPE_BEGIN|[131]|field|Object|false|false
17:37:28.17 (29697221)|VARIABLE_ASSIGNMENT|[131]|field|"[{\"name\":\"Hangman\",\" (27 more) ..."
17:37:28.17 (29714322)|STATEMENT_EXECUTE|[136]
17:37:28.17 (29715795)|STATEMENT_EXECUTE|[137]
17:37:28.17 (29722264)|HEAP_ALLOCATE|[137]|Bytes:4
17:37:28.17 (29731960)|ENTERING_MANAGED_PKG|
17:37:28.17 (29738106)|VARIABLE_SCOPE_BEGIN|[137]|fieldNames|Set<String>|true|false
17:37:28.17 (29754464)|VARIABLE_ASSIGNMENT|[137]|fieldNames|{"s":1,"v":[]}|0x74aadc36
17:37:28.17 (29761578)|ENTERING_MANAGED_PKG|
17:37:28.17 (29770589)|STATEMENT_EXECUTE|[138]
17:37:28.17 (29778345)|ENTERING_MANAGED_PKG|
17:37:28.17 (29793927)|VARIABLE_ASSIGNMENT|[138]|fieldNames|{"s":1,"v":["Id"]}|0x2a570ecd
17:37:28.17 (29796371)|STATEMENT_EXECUTE|[139]
17:37:28.17 (29803926)|ENTERING_MANAGED_PKG|
17:37:28.17 (29808217)|HEAP_ALLOCATE|[EXTERNAL]|Bytes:4
17:37:28.17 (29812830)|STATEMENT_EXECUTE|[140]
17:37:28.17 (29818253)|ENTERING_MANAGED_PKG|
17:37:28.17 (29833455)|HEAP_ALLOCATE|[130]|Bytes:5
17:37:28.17 (29841939)|VARIABLE_SCOPE_BEGIN|[130]|fieldName|String|false|false
17:37:28.17 (29849150)|VARIABLE_ASSIGNMENT|[130]|fieldName|"gameize__dataHistory (3 more) ..."
17:37:28.17 (29851530)|STATEMENT_EXECUTE|[130]
17:37:28.17 (29852550)|STATEMENT_EXECUTE|[131]
17:37:28.17 (29860547)|ENTERING_MANAGED_PKG|
17:37:28.17 (29868452)|VARIABLE_SCOPE_BEGIN|[131]|field|Object|false|false
17:37:28.17 (29876585)|VARIABLE_ASSIGNMENT|[131]|field|"[{\"name\":\"Hangman\",\" (1192 more) ..."
17:37:28.17 (29892059)|STATEMENT_EXECUTE|[136]
17:37:28.17 (29893214)|STATEMENT_EXECUTE|[137]
17:37:28.17 (29898927)|HEAP_ALLOCATE|[137]|Bytes:4
17:37:28.17 (29908036)|ENTERING_MANAGED_PKG|
17:37:28.17 (29913769)|VARIABLE_SCOPE_BEGIN|[137]|fieldNames|Set<String>|true|false
17:37:28.17 (29928374)|VARIABLE_ASSIGNMENT|[137]|fieldNames|{"s":1,"v":[]}|0x5307da89
17:37:28.17 (29934866)|ENTERING_MANAGED_PKG|
17:37:28.17 (29943154)|STATEMENT_EXECUTE|[138]
17:37:28.17 (29949454)|ENTERING_MANAGED_PKG|
17:37:28.17 (29965569)|VARIABLE_ASSIGNMENT|[138]|fieldNames|{"s":1,"v":["Id","gameize__dataFavorit (4 more) ..."]}|0x2a570ecd
17:37:28.17 (29968313)|STATEMENT_EXECUTE|[139]
17:37:28.17 (29975459)|ENTERING_MANAGED_PKG|
17:37:28.17 (29979774)|HEAP_ALLOCATE|[EXTERNAL]|Bytes:4
17:37:28.17 (29984293)|STATEMENT_EXECUTE|[140]
17:37:28.17 (29989650)|ENTERING_MANAGED_PKG|
17:37:28.17 (30004283)|HEAP_ALLOCATE|[130]|Bytes:5
17:37:28.17 (30014862)|VARIABLE_ASSIGNMENT|[130]|fieldName|null
17:37:28.17 (30022635)|METHOD_EXIT|[117]|01p41000000CNQM|gameize.ETLC_SecuredDB.findFieldsRecursive(Map<String,Set<String>>, Map<String,ANY>)
17:37:28.17 (30029813)|HEAP_ALLOCATE|[116]|Bytes:5
17:37:28.17 (30040150)|VARIABLE_ASSIGNMENT|[116]|record|null
17:37:28.17 (30044737)|HEAP_ALLOCATE|[119]|Bytes:4
17:37:28.17 (30053489)|ENTERING_MANAGED_PKG|
17:37:28.17 (30075607)|ENTERING_MANAGED_PKG|
17:37:28.17 (30082715)|HEAP_ALLOCATE|[119]|Bytes:27
17:37:28.17 (30091029)|ENTERING_MANAGED_PKG|
17:37:28.17 (30093676)|HEAP_ALLOCATE|[119]|Bytes:4
17:37:28.17 (30098799)|ENTERING_MANAGED_PKG|
17:37:28.17 (30107127)|HEAP_ALLOCATE|[119]|Bytes:5
17:37:28.17 (30115954)|VARIABLE_SCOPE_BEGIN|[119]|objectName|String|false|false
17:37:28.17 (30123078)|VARIABLE_ASSIGNMENT|[119]|objectName|"gameize__Gameize__c"
17:37:28.17 (30125587)|STATEMENT_EXECUTE|[119]
17:37:28.17 (30126650)|STATEMENT_EXECUTE|[120]
17:37:28.17 (30133155)|HEAP_ALLOCATE|[120]|Bytes:2
17:37:28.17 (30139988)|ENTERING_MANAGED_PKG|
17:37:28.17 (30174631)|ENTERING_MANAGED_PKG|
17:37:28.17 (30187737)|HEAP_ALLOCATE|[120]|Bytes:55
17:37:28.17 (30198687)|HEAP_ALLOCATE|[120]|Bytes:76
17:37:28.17 (30206286)|ENTERING_MANAGED_PKG|
17:37:28.17 (30214304)|USER_DEBUG|[120]|DEBUG|gameize__Gameize__c: {Id, gameize__dataFavorite__c, gameize__dataHistory__c}
17:37:28.17 (30224981)|HEAP_ALLOCATE|[119]|Bytes:5
17:37:28.17 (30234677)|VARIABLE_ASSIGNMENT|[119]|objectName|null
17:37:28.17 (30237271)|STATEMENT_EXECUTE|[122]
17:37:28.17 (30247272)|METHOD_EXIT|[29]|01p41000000CNQM|gameize.ETLC_SecuredDB.findFields(List<SObject>)
17:37:28.17 (30260099)|METHOD_ENTRY|[29]|01p41000000CNQM|gameize.ETLC_SecuredDB.validate(gameize.ETLC_SecuredDB.Operation, Map<String,Set<String>>)
17:37:28.17 (30266526)|VARIABLE_SCOPE_BEGIN|[55]|op|gameize.ETLC_SecuredDB.Operation|true|false
17:37:28.17 (30280881)|VARIABLE_ASSIGNMENT|[55]|op|"Querying"|0x761044b8
17:37:28.17 (30283898)|VARIABLE_SCOPE_BEGIN|[55]|mapFieldNames|Map<String,Set<String>>|true|false
17:37:28.17 (30305199)|VARIABLE_ASSIGNMENT|[55]|mapFieldNames|{"s":1,"v":{"gameize__Gameize__c":{"s":2,"v":["Id","gameize__dataFavorit (4 more) ...","gameize__dataHistory (3 more) ..."]}}}|0x5e5458a9
17:37:28.17 (30312450)|HEAP_ALLOCATE|[56]|Bytes:5
17:37:28.17 (30315404)|STATEMENT_EXECUTE|[55]
17:37:28.17 (30316714)|STATEMENT_EXECUTE|[56]
17:37:28.17 (30323691)|VARIABLE_SCOPE_BEGIN|[56]|securityMessage|String|false|false
17:37:28.17 (30329295)|VARIABLE_ASSIGNMENT|[56]|securityMessage|null
17:37:28.17 (30330861)|STATEMENT_EXECUTE|[57]
17:37:28.17 (30349777)|ENTERING_MANAGED_PKG|
17:37:28.17 (42892575)|HEAP_ALLOCATE|[57]|Bytes:1256
17:37:28.17 (42906036)|VARIABLE_SCOPE_BEGIN|[57]|mapObjects|Map<String,Schema.SObjectType>|true|false
17:37:28.17 (43071294)|VARIABLE_ASSIGNMENT|[57]|mapObjects|"{acceptedeventrelation=AcceptedEventRelation, account=Account, accountcontactrole=AccountContactRole, accounthistory=AccountHistory, accountpartner=AccountPartner, accountshare=AccountShare, actionlinkgrouptemplate=ActionLinkGroupTemplate, actionlinktemplate=ActionLinkTemplate, activityhistory=ActivityHistory, additionalnumber=AdditionalNumber, ...}"|0x54f96d20
17:37:28.17 (43080897)|HEAP_ALLOCATE|[58]|Bytes:4
17:37:28.17 (43097664)|ENTERING_MANAGED_PKG|
17:37:28.17 (43125704)|ENTERING_MANAGED_PKG|
17:37:28.17 (43134677)|HEAP_ALLOCATE|[58]|Bytes:27
17:37:28.17 (43144697)|ENTERING_MANAGED_PKG|
17:37:28.17 (43147878)|HEAP_ALLOCATE|[58]|Bytes:4
17:37:28.17 (43153141)|ENTERING_MANAGED_PKG|
17:37:28.17 (43164084)|HEAP_ALLOCATE|[58]|Bytes:5
17:37:28.17 (43178495)|VARIABLE_SCOPE_BEGIN|[58]|sObjectName|String|false|false
17:37:28.17 (43188459)|VARIABLE_ASSIGNMENT|[58]|sObjectName|"gameize__Gameize__c"
17:37:28.17 (43191381)|STATEMENT_EXECUTE|[58]
17:37:28.17 (43192786)|STATEMENT_EXECUTE|[59]
17:37:28.17 (43201709)|HEAP_ALLOCATE|[59]|Bytes:9
17:37:28.17 (43204417)|HEAP_ALLOCATE|[59]|Bytes:7
17:37:28.17 (43217635)|ENTERING_MANAGED_PKG|
17:37:28.17 (43243478)|HEAP_ALLOCATE|[59]|Bytes:8
17:37:28.17 (43250350)|HEAP_ALLOCATE|[59]|Bytes:1
17:37:28.17 (43261943)|HEAP_ALLOCATE|[59]|Bytes:44
17:37:28.17 (43271482)|VARIABLE_ASSIGNMENT|[59]|securityMessage|"CRUD on [gameize__Ga (24 more) ..."
17:37:28.17 (43274342)|STATEMENT_EXECUTE|[60]
17:37:28.17 (43280823)|HEAP_ALLOCATE|[60]|Bytes:10
17:37:28.17 (43284829)|HEAP_ALLOCATE|[60]|Bytes:54
17:37:28.17 (43295983)|ENTERING_MANAGED_PKG|
17:37:28.17 (43315328)|USER_DEBUG|[60]|DEBUG|Checking: CRUD on [gameize__Gameize__c] for [Querying]
17:37:28.17 (43321089)|STATEMENT_EXECUTE|[61]
17:37:28.17 (43334259)|ENTERING_MANAGED_PKG|
17:37:28.17 (43560719)|HEAP_ALLOCATE|[61]|Bytes:4
17:37:28.17 (43592697)|VARIABLE_SCOPE_BEGIN|[61]|drSObj|Schema.DescribeSObjectResult|true|false
17:37:28.17 (43665250)|VARIABLE_ASSIGNMENT|[61]|drSObj|"common.api.soap.wsdl.DescribeSObjectResult@53f8aaa0"|0x4564c9ac
17:37:28.17 (43781933)|STATEMENT_EXECUTE|[64]
17:37:28.17 (43801434)|STATEMENT_EXECUTE|[65]
17:37:28.17 (43847997)|STATEMENT_EXECUTE|[77]
17:37:28.17 (43849663)|STATEMENT_EXECUTE|[79]
17:37:28.17 (44057818)|HEAP_ALLOCATE|[79]|Bytes:60
17:37:28.17 (44068934)|VARIABLE_SCOPE_BEGIN|[79]|mapFields|Map<String,Schema.SObjectField>|true|false
17:37:28.17 (44206239)|VARIABLE_ASSIGNMENT|[79]|mapFields|"{createdbyid=CreatedById, createddate=CreatedDate, gameize__datafavorite__c=gameize__dataFavorite__c, gameize__datahistory__c=gameize__dataHistory__c, gameize__user__c=gameize__User__c, id=Id, isdeleted=IsDeleted, lastmodifiedbyid=LastModifiedById, lastmodifieddate=LastModifiedDate, lastreferenceddate=LastReferencedDate, ...}"|0x31a5603c
17:37:28.17 (44215233)|HEAP_ALLOCATE|[80]|Bytes:4
17:37:28.17 (44229668)|ENTERING_MANAGED_PKG|
17:37:28.17 (44255525)|ENTERING_MANAGED_PKG|
17:37:28.17 (44269403)|ENTERING_MANAGED_PKG|
17:37:28.17 (44273022)|HEAP_ALLOCATE|[80]|Bytes:12
17:37:28.17 (44279269)|ENTERING_MANAGED_PKG|
17:37:28.17 (44290200)|HEAP_ALLOCATE|[80]|Bytes:5
17:37:28.17 (44300449)|VARIABLE_SCOPE_BEGIN|[80]|fieldName|String|false|false
17:37:28.17 (44309705)|VARIABLE_ASSIGNMENT|[80]|fieldName|"Id"
17:37:28.17 (44312407)|STATEMENT_EXECUTE|[80]
17:37:28.17 (44313791)|STATEMENT_EXECUTE|[81]
17:37:28.17 (44327301)|ENTERING_MANAGED_PKG|
17:37:28.17 (44788076)|HEAP_ALLOCATE|[81]|Bytes:8
17:37:28.17 (44816428)|VARIABLE_SCOPE_BEGIN|[81]|drField|Schema.DescribeFieldResult|true|false
17:37:28.17 (44886322)|VARIABLE_ASSIGNMENT|[81]|drField|"common.api.soap.wsdl.Field@e2c55d49"|0x572cc2f2
17:37:28.17 (44905293)|STATEMENT_EXECUTE|[99]
17:37:28.17 (44906947)|STATEMENT_EXECUTE|[100]
17:37:28.17 (44916156)|HEAP_ALLOCATE|[100]|Bytes:22
17:37:28.17 (44919979)|HEAP_ALLOCATE|[100]|Bytes:1
17:37:28.17 (44937343)|ENTERING_MANAGED_PKG|
17:37:28.17 (44963773)|HEAP_ALLOCATE|[100]|Bytes:8
17:37:28.17 (44981028)|HEAP_ALLOCATE|[100]|Bytes:59
17:37:28.17 (44983388)|HEAP_ALLOCATE|[100]|Bytes:35
17:37:28.17 (44986515)|HEAP_ALLOCATE|[100]|Bytes:94
17:37:28.17 (44997125)|ENTERING_MANAGED_PKG|
17:37:28.17 (45005622)|USER_DEBUG|[100]|DEBUG|Bypass Check: FLS on [gameize__Gameize__c.Id] for [Querying] since it's not isPermissionable()
17:37:28.17 (45019633)|HEAP_ALLOCATE|[80]|Bytes:5
17:37:28.17 (45030055)|VARIABLE_SCOPE_BEGIN|[80]|fieldName|String|false|false
17:37:28.17 (45040928)|VARIABLE_ASSIGNMENT|[80]|fieldName|"gameize__dataFavorit (4 more) ..."
17:37:28.17 (45043758)|STATEMENT_EXECUTE|[80]
17:37:28.17 (45044925)|STATEMENT_EXECUTE|[81]
17:37:28.17 (45056502)|ENTERING_MANAGED_PKG|
17:37:28.17 (45492302)|HEAP_ALLOCATE|[81]|Bytes:8
17:37:28.17 (45504003)|VARIABLE_SCOPE_BEGIN|[81]|drField|Schema.DescribeFieldResult|true|false
17:37:28.17 (45569094)|VARIABLE_ASSIGNMENT|[81]|drField|"common.api.soap.wsdl.Field@dc2bc833"|0x2b7f7d98
17:37:28.17 (45580032)|STATEMENT_EXECUTE|[82]
17:37:28.17 (45581397)|STATEMENT_EXECUTE|[83]
17:37:28.17 (45590043)|HEAP_ALLOCATE|[83]|Bytes:8
17:37:28.17 (45609048)|ENTERING_MANAGED_PKG|
17:37:28.17 (45634834)|HEAP_ALLOCATE|[83]|Bytes:8
17:37:28.17 (45645558)|HEAP_ALLOCATE|[83]|Bytes:67
17:37:28.17 (45649211)|HEAP_ALLOCATE|[83]|Bytes:68
17:37:28.17 (45659712)|VARIABLE_ASSIGNMENT|[83]|securityMessage|"FLS on [gameize__Gam (48 more) ..."
17:37:28.17 (45662376)|STATEMENT_EXECUTE|[84]
17:37:28.17 (45669685)|HEAP_ALLOCATE|[84]|Bytes:78
17:37:28.17 (45680846)|ENTERING_MANAGED_PKG|
17:37:28.17 (45699683)|USER_DEBUG|[84]|DEBUG|Checking: FLS on [gameize__Gameize__c.gameize__dataFavorite__c] for [Querying]
17:37:28.17 (45776967)|STATEMENT_EXECUTE|[87]
17:37:28.17 (45791407)|STATEMENT_EXECUTE|[88]
17:37:28.17 (45804858)|HEAP_ALLOCATE|[80]|Bytes:5
17:37:28.17 (45815345)|VARIABLE_SCOPE_BEGIN|[80]|fieldName|String|false|false
17:37:28.17 (45826364)|VARIABLE_ASSIGNMENT|[80]|fieldName|"gameize__dataHistory (3 more) ..."
17:37:28.17 (45828736)|STATEMENT_EXECUTE|[80]
17:37:28.17 (45829820)|STATEMENT_EXECUTE|[81]
17:37:28.17 (45841321)|ENTERING_MANAGED_PKG|
17:37:28.17 (45965845)|HEAP_ALLOCATE|[81]|Bytes:8
17:37:28.17 (45975632)|VARIABLE_SCOPE_BEGIN|[81]|drField|Schema.DescribeFieldResult|true|false
17:37:28.17 (46040390)|VARIABLE_ASSIGNMENT|[81]|drField|"common.api.soap.wsdl.Field@2b6b0bf4"|0x7597e65
17:37:28.17 (46050370)|STATEMENT_EXECUTE|[82]
17:37:28.17 (46051659)|STATEMENT_EXECUTE|[83]
17:37:28.17 (46073056)|ENTERING_MANAGED_PKG|
17:37:28.17 (46081213)|HEAP_ALLOCATE|[83]|Bytes:8
17:37:28.17 (46091162)|HEAP_ALLOCATE|[83]|Bytes:66
17:37:28.17 (46094627)|HEAP_ALLOCATE|[83]|Bytes:67
17:37:28.17 (46104795)|VARIABLE_ASSIGNMENT|[83]|securityMessage|"FLS on [gameize__Gam (47 more) ..."
17:37:28.17 (46107401)|STATEMENT_EXECUTE|[84]
17:37:28.17 (46113116)|HEAP_ALLOCATE|[84]|Bytes:77
17:37:28.17 (46121299)|ENTERING_MANAGED_PKG|
17:37:28.17 (46129030)|USER_DEBUG|[84]|DEBUG|Checking: FLS on [gameize__Gameize__c.gameize__dataHistory__c] for [Querying]
17:37:28.17 (46166135)|STATEMENT_EXECUTE|[87]
17:37:28.17 (46177985)|STATEMENT_EXECUTE|[88]
17:37:28.17 (46190091)|HEAP_ALLOCATE|[80]|Bytes:5
17:37:28.17 (46202738)|VARIABLE_ASSIGNMENT|[80]|fieldName|null
17:37:28.17 (46208103)|HEAP_ALLOCATE|[58]|Bytes:5
17:37:28.17 (46214356)|VARIABLE_ASSIGNMENT|[58]|sObjectName|null
17:37:28.17 (46221895)|METHOD_EXIT|[29]|01p41000000CNQM|gameize.ETLC_SecuredDB.validate(gameize.ETLC_SecuredDB.Operation, Map<String,Set<String>>)
17:37:28.17 (46227404)|METHOD_EXIT|[27]|01p41000000CNQM|gameize.ETLC_SecuredDB.validateQuery(List<SObject>)
17:37:28.17 (46229575)|STATEMENT_EXECUTE|[29]
17:37:28.17 (46240455)|HEAP_ALLOCATE|[29]|Bytes:16
17:37:28.17 (46247906)|METHOD_ENTRY|[29]||System.JSON.serialize(Object)
17:37:28.17 (46367275)|METHOD_EXIT|[29]||System.JSON.serialize(Object)
17:37:28.17 (46381930)|VARIABLE_ASSIGNMENT|[29]|returnData|"{\"attributes\":{\"type (1596 more) ..."
17:37:28.17 (46434480)|VARIABLE_ASSIGNMENT|[EXTERNAL]|this|{"debug":false,"input":"{\"mode\":\"fetchUserDa (4 more) ...","operation":"GameizeController"}|0x50bd00be
17:37:28.17 (46443984)|STATEMENT_EXECUTE|[30]
17:37:28.17 (46451551)|STATEMENT_EXECUTE|[33]
17:37:28.17 (46459225)|METHOD_EXIT|[9]|01p41000000CQtU|gameize.GameizeController.fetchUserData(Id)
17:37:28.17 (46483018)|VARIABLE_ASSIGNMENT|[EXTERNAL]|this|{"debug":false,"input":"{\"mode\":\"fetchUserDa (4 more) ...","operation":"GameizeController"}|0x50bd00be
17:37:28.17 (46489051)|VARIABLE_ASSIGNMENT|[EXTERNAL]|value|"{\"attributes\":{\"type (1596 more) ..."
17:37:28.17 (46496372)|VARIABLE_ASSIGNMENT|[12]|this.output|"{\"attributes\":{\"type (1596 more) ..."|0x50bd00be
17:37:28.17 (46500720)|STATEMENT_EXECUTE|[10]
17:37:28.17 (46533611)|VARIABLE_ASSIGNMENT|[EXTERNAL]|this|{"debug":false,"input":"{\"mode\":\"fetchUserDa (4 more) ...","operation":"GameizeController","output":"{\"attributes\":{\"type (1596 more) ..."}|0x50bd00be
17:37:28.17 (46566103)|VARIABLE_ASSIGNMENT|[EXTERNAL]|this|{"debug":false,"input":"{\"mode\":\"fetchUserDa (4 more) ...","operation":"GameizeController","output":"{\"attributes\":{\"type (1596 more) ..."}|0x50bd00be
17:37:28.17 (46574894)|VARIABLE_ASSIGNMENT|[EXTERNAL]|value|true
17:37:28.17 (46579698)|HEAP_ALLOCATE|[15]|Bytes:5
17:37:28.17 (46587585)|VARIABLE_ASSIGNMENT|[15]|this.outputFlag|true|0x50bd00be
17:37:28.17 (46597363)|METHOD_EXIT|[8]|01p41000000CQtU|gameize.GameizeController.process(gameize.ETLC_ApexBridge_Data)
17:37:28.17 (46600228)|STATEMENT_EXECUTE|[23]
17:37:28.17 (46609148)|METHOD_ENTRY|[23]|01p41000000CNQH|gameize.ETLC_ApexBridge_Data.toJSON()
17:37:28.17 (46612341)|VARIABLE_SCOPE_BEGIN|[57]|this|gameize.ETLC_ApexBridge_Data|true|false
17:37:28.17 (46633082)|VARIABLE_ASSIGNMENT|[57]|this|{"debug":false,"input":"{\"mode\":\"fetchUserDa (4 more) ...","operation":"GameizeController","output":"{\"attributes\":{\"type (1596 more) ...","outputFlag":true}|0x50bd00be
17:37:28.17 (46636423)|STATEMENT_EXECUTE|[57]
17:37:28.17 (46637455)|STATEMENT_EXECUTE|[58]
17:37:28.17 (46643588)|METHOD_ENTRY|[58]||System.JSON.serialize(Object)
17:37:28.17 (46720486)|STATEMENT_EXECUTE|[22]
17:37:28.17 (46723351)|STATEMENT_EXECUTE|[23]
17:37:28.17 (46730763)|HEAP_ALLOCATE|[23]|Bytes:5
17:37:28.17 (46737539)|VARIABLE_ASSIGNMENT|[23]|this.isSuccess|true|0x50bd00be
17:37:28.17 (46739397)|STATEMENT_EXECUTE|[24]
17:37:28.17 (46771662)|STATEMENT_EXECUTE|[31]
17:37:28.17 (46773870)|STATEMENT_EXECUTE|[32]
17:37:28.17 (46780006)|HEAP_ALLOCATE|[32]|Bytes:4
17:37:28.17 (46800754)|VARIABLE_ASSIGNMENT|[32]|this.messages|{"s":1,"v":{}}|0x50bd00be
17:37:28.17 (46803296)|STATEMENT_EXECUTE|[33]
17:37:28.17 (46960510)|METHOD_EXIT|[58]||System.JSON.serialize(Object)
17:37:28.17 (46965632)|METHOD_EXIT|[23]|01p41000000CNQH|gameize.ETLC_ApexBridge_Data.toJSON()
17:37:28.17 (46974056)|SYSTEM_MODE_EXIT|false
17:37:28.47 (47002543)|CUMULATIVE_LIMIT_USAGE
17:37:28.47 (47002543)|LIMIT_USAGE_FOR_NS|(default)|
  Number of SOQL queries: 0 out of 100
  Number of query rows: 0 out of 50000
  Number of SOSL queries: 0 out of 20
  Number of DML statements: 0 out of 150
  Number of DML rows: 0 out of 10000
  Maximum CPU time: 0 out of 10000
  Maximum heap size: 0 out of 6000000
  Number of callouts: 0 out of 100
  Number of Email Invocations: 0 out of 10
  Number of future calls: 0 out of 50
  Number of queueable jobs added to the queue: 0 out of 50
  Number of Mobile Apex push calls: 0 out of 10

17:37:28.47 (47002543)|LIMIT_USAGE_FOR_NS|gameize|
  Number of SOQL queries: 2 out of 100
  Number of query rows: 2 out of 50000
  Number of SOSL queries: 0 out of 20
  Number of DML statements: 0 out of 150
  Number of DML rows: 0 out of 10000
  Maximum CPU time: 0 out of 10000
  Maximum heap size: 0 out of 6000000
  Number of callouts: 0 out of 100
  Number of Email Invocations: 0 out of 10
  Number of future calls: 0 out of 50
  Number of queueable jobs added to the queue: 0 out of 50
  Number of Mobile Apex push calls: 0 out of 10

17:37:28.47 (47002543)|CUMULATIVE_LIMIT_USAGE_END

17:37:28.17 (47065242)|CODE_UNIT_FINISHED|ETLC_ApexBridge_Controller.execute
