37.0 APEX_CODE,FINEST;APEX_PROFILING,INFO;CALLOUT,INFO;DB,INFO;SYSTEM,DEBUG;VALIDATION,INFO;VISUALFORCE,INFO;WORKFLOW,INFO
17:55:47.0 (388541)|USER_INFO|[EXTERNAL]|00541000000Hq4o|gameize@jr.te|Eastern Standard Time|GMT-04:00
17:55:47.0 (766171)|HEAP_ALLOCATE|[72]|Bytes:3
17:55:47.0 (813889)|HEAP_ALLOCATE|[77]|Bytes:152
17:55:47.0 (831906)|HEAP_ALLOCATE|[342]|Bytes:408
17:55:47.0 (850494)|HEAP_ALLOCATE|[355]|Bytes:408
17:55:47.0 (867841)|HEAP_ALLOCATE|[467]|Bytes:48
17:55:47.1 (1990070)|USER_INFO|[EXTERNAL]|00541000000Hq4o|gameize@jr.te|Eastern Standard Time|GMT-04:00
17:55:47.1 (2662102)|STATEMENT_EXECUTE|[1]
17:55:47.1 (2673268)|METHOD_EXIT|[1]|ETLC_ApexBridge_Controller
17:55:47.1 (2678420)|HEAP_ALLOCATE|[EXTERNAL]|Bytes:297
17:55:47.1 (2691296)|SYSTEM_MODE_ENTER|false
17:55:47.1 (2706346)|VARIABLE_SCOPE_BEGIN|[3]|dataJson|String|false|false
17:55:47.1 (2738683)|VARIABLE_ASSIGNMENT|[3]|dataJson|"{\"operation\":\"Gameiz (277 more) ..."
17:55:47.1 (2749968)|STATEMENT_EXECUTE|[3]
17:55:47.1 (2751436)|STATEMENT_EXECUTE|[4]
17:55:47.1 (4970241)|VARIABLE_SCOPE_BEGIN|[4]|data|gameize.ETLC_ApexBridge_Data|true|false
17:55:47.1 (4983639)|VARIABLE_ASSIGNMENT|[4]|data|null|
17:55:47.1 (4986559)|STATEMENT_EXECUTE|[5]
17:55:47.1 (4987902)|STATEMENT_EXECUTE|[5]
17:55:47.1 (4988939)|STATEMENT_EXECUTE|[6]
17:55:47.1 (5004451)|HEAP_ALLOCATE|[6]|Bytes:11
17:55:47.1 (5012662)|HEAP_ALLOCATE|[6]|Bytes:248
17:55:47.1 (5016280)|HEAP_ALLOCATE|[6]|Bytes:39
17:55:47.1 (5060112)|METHOD_ENTRY|[2]|01p41000000CNQH|ETLC_ApexBridge_Data.ETLC_ApexBridge_Data()
17:55:47.1 (5064722)|STATEMENT_EXECUTE|[2]
17:55:47.1 (5070176)|STATEMENT_EXECUTE|[2]
17:55:47.1 (5077467)|METHOD_EXIT|[2]|ETLC_ApexBridge_Data
17:55:47.1 (5108750)|METHOD_ENTRY|[6]|01p41000000CNQH|gameize.ETLC_ApexBridge_Data.fromJSON(String)
17:55:47.1 (5137003)|VARIABLE_SCOPE_BEGIN|[60]|strJson|String|false|false
17:55:47.1 (5148570)|VARIABLE_ASSIGNMENT|[60]|strJson|"{\"operation\":\"Gameiz (277 more) ..."
17:55:47.1 (5153033)|STATEMENT_EXECUTE|[60]
17:55:47.1 (5154375)|STATEMENT_EXECUTE|[61]
17:55:47.1 (5163503)|HEAP_ALLOCATE|[61]|Bytes:28
17:55:47.1 (5185690)|HEAP_ALLOCATE|[50]|Bytes:5
17:55:47.1 (5205320)|HEAP_ALLOCATE|[56]|Bytes:5
17:55:47.1 (5213378)|HEAP_ALLOCATE|[64]|Bytes:7
17:55:47.1 (5323260)|HEAP_ALLOCATE|[61]|Bytes:24
17:55:47.1 (5340472)|SYSTEM_METHOD_ENTRY|[1]|Type.Type()
17:55:47.1 (5344156)|STATEMENT_EXECUTE|[1]
17:55:47.1 (5353755)|SYSTEM_METHOD_EXIT|[1]|Type
17:55:47.1 (5359051)|HEAP_ALLOCATE|[61]|Bytes:8
17:55:47.1 (5381805)|HEAP_ALLOCATE|[61]|Bytes:8
17:55:47.1 (5388364)|VARIABLE_SCOPE_BEGIN|[4]|this|System.Type|true|false
17:55:47.1 (5425276)|VARIABLE_ASSIGNMENT|[4]|this|{}|0x1c9666cb
17:55:47.1 (5430570)|VARIABLE_SCOPE_BEGIN|[4]|apextype|java:common.apex.runtime.ApexObjectType|true|false
17:55:47.1 (5563376)|VARIABLE_ASSIGNMENT|[4]|apextype|"gameize.ETLC_ApexBridge_Data"|0x74b926b5
17:55:47.1 (5628106)|HEAP_ALLOCATE|[61]|Bytes:8
17:55:47.1 (5672064)|HEAP_ALLOCATE|[61]|Bytes:24
17:55:47.1 (5688531)|SYSTEM_METHOD_ENTRY|[1]|JSON.JSON()
17:55:47.1 (5691731)|STATEMENT_EXECUTE|[1]
17:55:47.1 (5700724)|SYSTEM_METHOD_EXIT|[1]|JSON
17:55:47.1 (5716269)|METHOD_ENTRY|[61]||System.JSON.deserializeStrict(String, System.Type)
17:55:47.1 (6448284)|METHOD_EXIT|[61]||System.JSON.deserializeStrict(String, System.Type)
17:55:47.1 (6458445)|METHOD_EXIT|[6]|01p41000000CNQH|gameize.ETLC_ApexBridge_Data.fromJSON(String)
17:55:47.1 (6524238)|VARIABLE_ASSIGNMENT|[6]|data|{"debug":true,"input":"{\"mode\":\"saveUserDat (168 more) ...","operation":"GameizeController"}|0x6168095a
17:55:47.1 (6529946)|STATEMENT_EXECUTE|[7]
17:55:47.1 (6591844)|VARIABLE_ASSIGNMENT|[EXTERNAL]|this|{"debug":true,"input":"{\"mode\":\"saveUserDat (168 more) ...","operation":"GameizeController"}|0x6168095a
17:55:47.1 (6611828)|METHOD_ENTRY|[7]||System.Type.forName(String)
17:55:47.1 (8714260)|METHOD_EXIT|[7]||System.Type.forName(String)
17:55:47.1 (8726564)|METHOD_ENTRY|[7]||System.Type.newInstance()
17:55:47.1 (10177558)|STATEMENT_EXECUTE|[1]
17:55:47.1 (10189401)|HEAP_ALLOCATE|[33]|Bytes:5
17:55:47.1 (10205194)|METHOD_EXIT|[1]|GameizeController
17:55:47.1 (10220027)|HEAP_ALLOCATE|[33]|Bytes:4
17:55:47.1 (10230808)|VARIABLE_SCOPE_BEGIN|[1]|this|gameize.GameizeController|true|false
17:55:47.1 (10250621)|VARIABLE_ASSIGNMENT|[1]|this|{}|0x3882ebe8
17:55:47.1 (10259192)|HEAP_ALLOCATE|[33]|Bytes:5
17:55:47.1 (10267362)|HEAP_ALLOCATE|[33]|Bytes:11
17:55:47.1 (10293313)|METHOD_ENTRY|[1]|01p41000000CNQC|ETLC_ApexBridge_Abstract.ETLC_ApexBridge_Abstract()
17:55:47.1 (10297448)|STATEMENT_EXECUTE|[1]
17:55:47.1 (10302462)|STATEMENT_EXECUTE|[1]
17:55:47.1 (10312121)|METHOD_EXIT|[1]|ETLC_ApexBridge_Abstract
17:55:47.1 (10320703)|CONSTRUCTOR_ENTRY|[EXTERNAL]|01p41000000CNQC|<init>()
17:55:47.1 (10339626)|VARIABLE_SCOPE_BEGIN|[1]|this|gameize.ETLC_ApexBridge_Abstract|true|false
17:55:47.1 (10355838)|VARIABLE_ASSIGNMENT|[1]|this|{}|0x3882ebe8
17:55:47.1 (10369871)|STATEMENT_EXECUTE|[1]
17:55:47.1 (10374091)|CONSTRUCTOR_EXIT|[EXTERNAL]|01p41000000CNQC|<init>()
17:55:47.1 (10379407)|STATEMENT_EXECUTE|[1]
17:55:47.1 (10383835)|HEAP_ALLOCATE|[33]|Bytes:5
17:55:47.1 (10399631)|METHOD_EXIT|[7]||System.Type.newInstance()
17:55:47.1 (10407109)|VARIABLE_SCOPE_BEGIN|[7]|executor|gameize.ETLC_ApexBridge_Abstract|true|false
17:55:47.1 (10419911)|VARIABLE_ASSIGNMENT|[7]|executor|{}|0x3882ebe8
17:55:47.1 (10422592)|STATEMENT_EXECUTE|[8]
17:55:47.1 (10465196)|METHOD_ENTRY|[8]|01p41000000CQtU|gameize.GameizeController.process(gameize.ETLC_ApexBridge_Data)
17:55:47.1 (10493014)|VARIABLE_SCOPE_BEGIN|[3]|this|gameize.GameizeController|true|false
17:55:47.1 (10507917)|VARIABLE_ASSIGNMENT|[3]|this|{}|0x3882ebe8
17:55:47.1 (10512199)|VARIABLE_SCOPE_BEGIN|[3]|data|gameize.ETLC_ApexBridge_Data|true|false
17:55:47.1 (10536034)|VARIABLE_ASSIGNMENT|[3]|data|{"debug":true,"input":"{\"mode\":\"saveUserDat (168 more) ...","operation":"GameizeController"}|0x6168095a
17:55:47.1 (10545006)|HEAP_ALLOCATE|[4]|Bytes:5
17:55:47.1 (10548926)|STATEMENT_EXECUTE|[3]
17:55:47.1 (10550151)|STATEMENT_EXECUTE|[4]
17:55:47.1 (10585909)|VARIABLE_ASSIGNMENT|[4]|GameizeController.apexBridgedata|{"debug":true,"input":"{\"mode\":\"saveUserDat (168 more) ...","operation":"GameizeController"}|0x6168095a
17:55:47.1 (10662825)|VARIABLE_ASSIGNMENT|[EXTERNAL]|this|{"debug":true,"input":"{\"mode\":\"saveUserDat (168 more) ...","operation":"GameizeController"}|0x6168095a
17:55:47.1 (10678291)|STATEMENT_EXECUTE|[5]
17:55:47.1 (10707463)|ENTERING_MANAGED_PKG|
17:55:47.1 (10749233)|USER_DEBUG|[5]|DEBUG|ETLC_ApexBridge_Data:[debug=true, input={"mode":"saveUserData","fieldName":"dataFavorite__c","fieldData":"[{\"name\":\"Hangman\",\"cmpname\":\"Hangman\",\"id\":2},{\"name\":\"Age Counter\",\"cmpname\":\"AgeCounter\",\"id\":1}]"}, isSuccess=null, messages=null, operation=GameizeController, output=null, outputFlag=null, records=null]
17:55:47.1 (10760092)|STATEMENT_EXECUTE|[7]
17:55:47.1 (10768774)|HEAP_ALLOCATE|[7]|Bytes:4
17:55:47.1 (10791354)|METHOD_ENTRY|[7]|01p41000000CNQH|gameize.ETLC_ApexBridge_Data.getInputValue(String)
17:55:47.1 (10817473)|VARIABLE_SCOPE_BEGIN|[52]|this|gameize.ETLC_ApexBridge_Data|true|false
17:55:47.1 (10845697)|VARIABLE_ASSIGNMENT|[52]|this|{"debug":true,"input":"{\"mode\":\"saveUserDat (168 more) ...","operation":"GameizeController"}|0x6168095a
17:55:47.1 (10851624)|VARIABLE_SCOPE_BEGIN|[52]|key|String|false|false
17:55:47.1 (10855380)|VARIABLE_ASSIGNMENT|[52]|key|"mode"
17:55:47.1 (10859488)|STATEMENT_EXECUTE|[52]
17:55:47.1 (10860744)|STATEMENT_EXECUTE|[53]
17:55:47.1 (10915435)|VARIABLE_ASSIGNMENT|[EXTERNAL]|this|{"debug":true,"input":"{\"mode\":\"saveUserDat (168 more) ...","operation":"GameizeController"}|0x6168095a
17:55:47.1 (10933261)|METHOD_ENTRY|[53]||System.JSON.deserializeUntyped(String)
17:55:47.1 (11320937)|METHOD_EXIT|[53]||System.JSON.deserializeUntyped(String)
17:55:47.1 (11330816)|VARIABLE_SCOPE_BEGIN|[53]|inputMap|Map<String,ANY>|true|false
17:55:47.1 (11361483)|VARIABLE_ASSIGNMENT|[53]|inputMap|{"s":1,"v":{"mode":"saveUserData","fieldName":"dataFavorite__c","fieldData":"[{\"name\":\"Hangman\",\" (80 more) ..."}}|0x64ec2ced
17:55:47.1 (11366176)|STATEMENT_EXECUTE|[54]
17:55:47.1 (11388409)|ENTERING_MANAGED_PKG|
17:55:47.1 (11423718)|METHOD_EXIT|[7]|01p41000000CNQH|gameize.ETLC_ApexBridge_Data.getInputValue(String)
17:55:47.1 (11429975)|VARIABLE_SCOPE_BEGIN|[7]|mode|String|false|false
17:55:47.1 (11437778)|VARIABLE_ASSIGNMENT|[7]|mode|"saveUserData"
17:55:47.1 (11441955)|HEAP_ALLOCATE|[8]|Bytes:13
17:55:47.1 (11461846)|HEAP_ALLOCATE|[11]|Bytes:12
17:55:47.1 (11472090)|STATEMENT_EXECUTE|[11]
17:55:47.1 (11473631)|STATEMENT_EXECUTE|[12]
17:55:47.1 (11519504)|HEAP_ALLOCATE|[12]|Bytes:85
17:55:47.1 (11537295)|SYSTEM_METHOD_ENTRY|[1]|UserInfo.UserInfo()
17:55:47.1 (11540621)|STATEMENT_EXECUTE|[1]
17:55:47.1 (11550168)|SYSTEM_METHOD_EXIT|[1]|UserInfo
17:55:47.1 (11563717)|METHOD_ENTRY|[12]||System.UserInfo.getUserId()
17:55:47.1 (11604658)|METHOD_EXIT|[12]||System.UserInfo.getUserId()
17:55:47.1 (11620519)|HEAP_ALLOCATE|[12]|Bytes:4
17:55:47.1 (11629233)|METHOD_ENTRY|[12]||System.UserInfo.getUserName()
17:55:47.1 (11657953)|METHOD_EXIT|[12]||System.UserInfo.getUserName()
17:55:47.1 (11662127)|HEAP_ALLOCATE|[12]|Bytes:9
17:55:47.1 (11671148)|METHOD_ENTRY|[12]|01p41000000CNQH|gameize.ETLC_ApexBridge_Data.getInputValue(String)
17:55:47.1 (11675330)|VARIABLE_SCOPE_BEGIN|[52]|this|gameize.ETLC_ApexBridge_Data|true|false
17:55:47.1 (11703942)|VARIABLE_ASSIGNMENT|[52]|this|{"debug":true,"input":"{\"mode\":\"saveUserDat (168 more) ...","operation":"GameizeController"}|0x6168095a
17:55:47.1 (11707793)|VARIABLE_SCOPE_BEGIN|[52]|key|String|false|false
17:55:47.1 (11711251)|VARIABLE_ASSIGNMENT|[52]|key|"fieldName"
17:55:47.1 (11714768)|STATEMENT_EXECUTE|[52]
17:55:47.1 (11716013)|STATEMENT_EXECUTE|[53]
17:55:47.1 (11748095)|VARIABLE_ASSIGNMENT|[EXTERNAL]|this|{"debug":true,"input":"{\"mode\":\"saveUserDat (168 more) ...","operation":"GameizeController"}|0x6168095a
17:55:47.1 (11759331)|METHOD_ENTRY|[53]||System.JSON.deserializeUntyped(String)
17:55:47.1 (11999765)|METHOD_EXIT|[53]||System.JSON.deserializeUntyped(String)
17:55:47.1 (12007969)|VARIABLE_SCOPE_BEGIN|[53]|inputMap|Map<String,ANY>|true|false
17:55:47.1 (12034003)|VARIABLE_ASSIGNMENT|[53]|inputMap|{"s":1,"v":{"mode":"saveUserData","fieldName":"dataFavorite__c","fieldData":"[{\"name\":\"Hangman\",\" (80 more) ..."}}|0x458d3816
17:55:47.1 (12038177)|STATEMENT_EXECUTE|[54]
17:55:47.1 (12056146)|ENTERING_MANAGED_PKG|
17:55:47.1 (12067167)|METHOD_EXIT|[12]|01p41000000CNQH|gameize.ETLC_ApexBridge_Data.getInputValue(String)
17:55:47.1 (12071715)|HEAP_ALLOCATE|[12]|Bytes:9
17:55:47.1 (12080727)|METHOD_ENTRY|[12]|01p41000000CNQH|gameize.ETLC_ApexBridge_Data.getInputValue(String)
17:55:47.1 (12084425)|VARIABLE_SCOPE_BEGIN|[52]|this|gameize.ETLC_ApexBridge_Data|true|false
17:55:47.1 (12111420)|VARIABLE_ASSIGNMENT|[52]|this|{"debug":true,"input":"{\"mode\":\"saveUserDat (168 more) ...","operation":"GameizeController"}|0x6168095a
17:55:47.1 (12114828)|VARIABLE_SCOPE_BEGIN|[52]|key|String|false|false
17:55:47.1 (12118188)|VARIABLE_ASSIGNMENT|[52]|key|"fieldData"
17:55:47.1 (12121647)|STATEMENT_EXECUTE|[52]
17:55:47.1 (12122747)|STATEMENT_EXECUTE|[53]
17:55:47.1 (12157969)|VARIABLE_ASSIGNMENT|[EXTERNAL]|this|{"debug":true,"input":"{\"mode\":\"saveUserDat (168 more) ...","operation":"GameizeController"}|0x6168095a
17:55:47.1 (12169345)|METHOD_ENTRY|[53]||System.JSON.deserializeUntyped(String)
17:55:47.1 (12407513)|METHOD_EXIT|[53]||System.JSON.deserializeUntyped(String)
17:55:47.1 (12415320)|VARIABLE_SCOPE_BEGIN|[53]|inputMap|Map<String,ANY>|true|false
17:55:47.1 (12439482)|VARIABLE_ASSIGNMENT|[53]|inputMap|{"s":1,"v":{"mode":"saveUserData","fieldName":"dataFavorite__c","fieldData":"[{\"name\":\"Hangman\",\" (80 more) ..."}}|0x66280019
17:55:47.1 (12443924)|STATEMENT_EXECUTE|[54]
17:55:47.1 (12461300)|ENTERING_MANAGED_PKG|
17:55:47.1 (12471799)|METHOD_EXIT|[12]|01p41000000CNQH|gameize.ETLC_ApexBridge_Data.getInputValue(String)
17:55:47.1 (12488454)|METHOD_ENTRY|[12]|01p41000000CQtU|gameize.GameizeController.saveUserData(Id, String, String, String)
17:55:47.1 (12496287)|VARIABLE_SCOPE_BEGIN|[38]|this|gameize.GameizeController|true|false
17:55:47.1 (12510567)|VARIABLE_ASSIGNMENT|[38]|this|{}|0x3882ebe8
17:55:47.1 (12514870)|VARIABLE_SCOPE_BEGIN|[38]|userId|Id|false|false
17:55:47.1 (12582964)|VARIABLE_ASSIGNMENT|[38]|userId|"00541000000Hq4oAAC"
17:55:47.1 (12590445)|VARIABLE_SCOPE_BEGIN|[38]|userName|String|false|false
17:55:47.1 (12595560)|VARIABLE_ASSIGNMENT|[38]|userName|"gameize@jr.te"
17:55:47.1 (12598201)|VARIABLE_SCOPE_BEGIN|[38]|fieldName|String|false|false
17:55:47.1 (12601454)|VARIABLE_ASSIGNMENT|[38]|fieldName|"dataFavorite__c"
17:55:47.1 (12603956)|VARIABLE_SCOPE_BEGIN|[38]|fieldData|String|false|false
17:55:47.1 (12608882)|VARIABLE_ASSIGNMENT|[38]|fieldData|"[{\"name\":\"Hangman\",\" (80 more) ..."
17:55:47.1 (12617294)|HEAP_ALLOCATE|[39]|Bytes:5
17:55:47.1 (12621470)|STATEMENT_EXECUTE|[38]
17:55:47.1 (12622644)|STATEMENT_EXECUTE|[39]
17:55:47.1 (12631361)|VARIABLE_SCOPE_BEGIN|[39]|returnFlag|Boolean|false|false
17:55:47.1 (12634390)|HEAP_ALLOCATE|[39]|Bytes:5
17:55:47.1 (12639348)|VARIABLE_ASSIGNMENT|[39]|returnFlag|false
17:55:47.1 (12641229)|STATEMENT_EXECUTE|[40]
17:55:47.1 (12642330)|STATEMENT_EXECUTE|[40]
17:55:47.1 (12643226)|STATEMENT_EXECUTE|[41]
17:55:47.1 (12653387)|HEAP_ALLOCATE|[41]|Bytes:4
17:55:47.1 (12672127)|ENTERING_MANAGED_PKG|
17:55:47.1 (12696485)|HEAP_ALLOCATE|[41]|Bytes:4
17:55:47.1 (12705708)|HEAP_ALLOCATE|[41]|Bytes:24
17:55:47.1 (12709652)|HEAP_ALLOCATE|[41]|Bytes:23
17:55:47.1 (12714597)|VARIABLE_SCOPE_BEGIN|[41]|fields|List<String>|true|false
17:55:47.1 (12744634)|HEAP_ALLOCATE|[EXTERNAL]|Bytes:16
17:55:47.1 (12763984)|VARIABLE_ASSIGNMENT|[41]|fields|{"s":1,"v":["Name","gameize__dataFavorit (4 more) ...","gameize__dataHistory (3 more) ..."]}|0x4d684eea
17:55:47.1 (12767967)|STATEMENT_EXECUTE|[45]
17:55:47.1 (12776050)|HEAP_ALLOCATE|[45]|Bytes:19
17:55:47.1 (13152879)|HEAP_ALLOCATE|[45]|Bytes:4
17:55:47.1 (14535230)|HEAP_ALLOCATE|[45]|Bytes:60
17:55:47.1 (14547689)|VARIABLE_SCOPE_BEGIN|[45]|m|Map<String,Schema.SObjectField>|true|false
17:55:47.1 (14767545)|VARIABLE_ASSIGNMENT|[45]|m|"{createdbyid=CreatedById, createddate=CreatedDate, gameize__datafavorite__c=gameize__dataFavorite__c, gameize__datahistory__c=gameize__dataHistory__c, gameize__user__c=gameize__User__c, id=Id, isdeleted=IsDeleted, lastmodifiedbyid=LastModifiedById, lastmodifieddate=LastModifiedDate, lastreferenceddate=LastReferencedDate, ...}"|0x772a0e8
17:55:47.1 (14789907)|ENTERING_MANAGED_PKG|
17:55:47.1 (14865329)|HEAP_ALLOCATE|[46]|Bytes:5
17:55:47.1 (14878248)|HEAP_ALLOCATE|[46]|Bytes:4
17:55:47.1 (14885912)|VARIABLE_SCOPE_BEGIN|[46]|fieldToCheck|String|false|false
17:55:47.1 (14893658)|VARIABLE_ASSIGNMENT|[46]|fieldToCheck|"Name"
17:55:47.1 (14896871)|STATEMENT_EXECUTE|[46]
17:55:47.1 (14913826)|ENTERING_MANAGED_PKG|
17:55:47.1 (15500651)|HEAP_ALLOCATE|[52]|Bytes:8
17:55:47.1 (15538634)|ENTERING_MANAGED_PKG|
17:55:47.1 (15608075)|HEAP_ALLOCATE|[53]|Bytes:8
17:55:47.1 (15635501)|ENTERING_MANAGED_PKG|
17:55:47.1 (15696710)|HEAP_ALLOCATE|[54]|Bytes:8
17:55:47.1 (15718565)|STATEMENT_EXECUTE|[52]
17:55:47.1 (15737495)|HEAP_ALLOCATE|[46]|Bytes:5
17:55:47.1 (15747946)|HEAP_ALLOCATE|[46]|Bytes:24
17:55:47.1 (15755224)|VARIABLE_SCOPE_BEGIN|[46]|fieldToCheck|String|false|false
17:55:47.1 (15764940)|VARIABLE_ASSIGNMENT|[46]|fieldToCheck|"gameize__dataFavorit (4 more) ..."
17:55:47.1 (15768219)|STATEMENT_EXECUTE|[46]
17:55:47.1 (15777743)|ENTERING_MANAGED_PKG|
17:55:47.1 (16257641)|HEAP_ALLOCATE|[52]|Bytes:8
17:55:47.1 (16282203)|ENTERING_MANAGED_PKG|
17:55:47.1 (16322490)|HEAP_ALLOCATE|[53]|Bytes:8
17:55:47.1 (16341909)|ENTERING_MANAGED_PKG|
17:55:47.1 (16374991)|HEAP_ALLOCATE|[54]|Bytes:8
17:55:47.1 (16389383)|STATEMENT_EXECUTE|[52]
17:55:47.1 (16406739)|HEAP_ALLOCATE|[46]|Bytes:5
17:55:47.1 (16416483)|HEAP_ALLOCATE|[46]|Bytes:23
17:55:47.1 (16423625)|VARIABLE_SCOPE_BEGIN|[46]|fieldToCheck|String|false|false
17:55:47.1 (16433087)|VARIABLE_ASSIGNMENT|[46]|fieldToCheck|"gameize__dataHistory (3 more) ..."
17:55:47.1 (16436239)|STATEMENT_EXECUTE|[46]
17:55:47.1 (16445579)|ENTERING_MANAGED_PKG|
17:55:47.1 (16588433)|HEAP_ALLOCATE|[52]|Bytes:8
17:55:47.1 (16610718)|ENTERING_MANAGED_PKG|
17:55:47.1 (16646183)|HEAP_ALLOCATE|[53]|Bytes:8
17:55:47.1 (16664282)|ENTERING_MANAGED_PKG|
17:55:47.1 (16695985)|HEAP_ALLOCATE|[54]|Bytes:8
17:55:47.1 (16710055)|STATEMENT_EXECUTE|[52]
17:55:47.1 (16727024)|HEAP_ALLOCATE|[46]|Bytes:5
17:55:47.1 (16740394)|VARIABLE_ASSIGNMENT|[46]|fieldToCheck|null
17:55:47.1 (16743722)|STATEMENT_EXECUTE|[59]
17:55:47.1 (16792651)|HEAP_ALLOCATE|[59]|Bytes:4
17:55:47.1 (16914436)|VARIABLE_SCOPE_BEGIN|[59]|g|gameize__Gameize__c|true|false
17:55:47.1 (16930607)|VARIABLE_ASSIGNMENT|[59]|g|{}|0x715b8ba0
17:55:47.1 (16934015)|STATEMENT_EXECUTE|[60]
17:55:47.1 (17002458)|VARIABLE_ASSIGNMENT|[60]|this.Name|"gameize@jr.te"|0x715b8ba0
17:55:47.1 (17007513)|STATEMENT_EXECUTE|[61]
17:55:47.1 (17063224)|VARIABLE_ASSIGNMENT|[61]|this.gameize__User__c|"00541000000Hq4oAAC"|0x715b8ba0
17:55:47.1 (17069579)|HEAP_ALLOCATE|[62]|Bytes:15
17:55:47.1 (17087740)|STATEMENT_EXECUTE|[62]
17:55:47.1 (17089311)|STATEMENT_EXECUTE|[63]
17:55:47.1 (17142701)|VARIABLE_ASSIGNMENT|[63]|this.gameize__dataFavorite__c|"[{\"name\":\"Hangman\",\" (80 more) ..."|0x715b8ba0
17:55:47.1 (17146925)|STATEMENT_EXECUTE|[69]
17:55:47.1 (17159556)|HEAP_ALLOCATE|[69]|Bytes:58
17:55:47.1 (17166297)|HEAP_ALLOCATE|[69]|Bytes:4
17:55:47.1 (17174303)|HEAP_ALLOCATE|[69]|Bytes:7
17:55:47.1 (17442194)|SOQL_EXECUTE_BEGIN|[69]|Aggregations:0|SELECT ID FROM Gameize__c WHERE User__c = :tmpVar1 LIMIT 1
17:55:47.1 (20393900)|SOQL_EXECUTE_END|[69]|Rows:1
17:55:47.1 (20422178)|HEAP_ALLOCATE|[69]|Bytes:8
17:55:47.1 (20435444)|HEAP_ALLOCATE|[69]|Bytes:33
17:55:47.1 (20479309)|HEAP_ALLOCATE|[69]|Bytes:8
17:55:47.1 (20490265)|VARIABLE_SCOPE_BEGIN|[69]|records|List<gameize__Gameize__c>|true|false
17:55:47.1 (20516056)|VARIABLE_ASSIGNMENT|[69]|records|{"s":1,"v":[{"s":2,"v":{"Id":"a0041000000j7nTAAQ"}}]}|0x6c7c7e88
17:55:47.1 (20593627)|ENTERING_MANAGED_PKG|
17:55:47.1 (20621133)|STATEMENT_EXECUTE|[70]
17:55:47.1 (20623275)|STATEMENT_EXECUTE|[71]
17:55:47.1 (20654615)|HEAP_ALLOCATE|[71]|Bytes:8
17:55:47.1 (20705156)|VARIABLE_ASSIGNMENT|[71]|this.Id|"a0041000000j7nTAAQ"|0x715b8ba0
17:55:47.1 (20709621)|STATEMENT_EXECUTE|[73]
17:55:47.1 (20751157)|HEAP_ALLOCATE|[73]|Bytes:8
17:55:47.1 (20775170)|DML_BEGIN|[73]|Op:Upsert|Type:gameize__Gameize__c|Rows:1
17:55:47.1 (20808567)|HEAP_ALLOCATE|[EXTERNAL]|Bytes:8
17:55:47.1 (57701556)|DML_END|[73]
17:55:47.1 (57799184)|VARIABLE_ASSIGNMENT|[EXTERNAL]|this|{"debug":true,"input":"{\"mode\":\"saveUserDat (168 more) ...","operation":"GameizeController"}|0x6168095a
17:55:47.1 (57813832)|STATEMENT_EXECUTE|[74]
17:55:47.1 (57815848)|STATEMENT_EXECUTE|[74]
17:55:47.1 (57829306)|HEAP_ALLOCATE|[74]|Bytes:31
17:55:47.1 (57861054)|ENTERING_MANAGED_PKG|
17:55:47.1 (57913403)|HEAP_ALLOCATE|[74]|Bytes:227
17:55:47.1 (57936606)|HEAP_ALLOCATE|[74]|Bytes:258
17:55:47.1 (57950826)|ENTERING_MANAGED_PKG|
17:55:47.1 (57961167)|USER_DEBUG|[74]|DEBUG|GameizeController:saveData:g:: gameize__Gameize__c:{Name=gameize@jr.te, gameize__User__c=00541000000Hq4oAAC, gameize__dataFavorite__c=[{"name":"Hangman","cmpname":"Hangman","id":2},{"name":"Age Counter","cmpname":"AgeCounter","id":1}], Id=a0041000000j7nTAAQ}
17:55:47.1 (57969487)|STATEMENT_EXECUTE|[75]
17:55:47.1 (57980829)|HEAP_ALLOCATE|[75]|Bytes:5
17:55:47.1 (57989758)|VARIABLE_ASSIGNMENT|[75]|returnFlag|true
17:55:47.1 (57993461)|STATEMENT_EXECUTE|[77]
17:55:47.1 (57998671)|HEAP_ALLOCATE|[77]|Bytes:5
17:55:47.1 (58009155)|METHOD_EXIT|[12]|01p41000000CQtU|gameize.GameizeController.saveUserData(Id, String, String, String)
17:55:47.1 (58065826)|VARIABLE_ASSIGNMENT|[EXTERNAL]|this|{"debug":true,"input":"{\"mode\":\"saveUserDat (168 more) ...","operation":"GameizeController"}|0x6168095a
17:55:47.1 (58076260)|VARIABLE_ASSIGNMENT|[EXTERNAL]|value|true
17:55:47.1 (58082188)|HEAP_ALLOCATE|[15]|Bytes:5
17:55:47.1 (58093246)|VARIABLE_ASSIGNMENT|[15]|this.outputFlag|true|0x6168095a
17:55:47.1 (58106729)|METHOD_EXIT|[8]|01p41000000CQtU|gameize.GameizeController.process(gameize.ETLC_ApexBridge_Data)
17:55:47.1 (58110729)|STATEMENT_EXECUTE|[23]
17:55:47.1 (58130682)|METHOD_ENTRY|[23]|01p41000000CNQH|gameize.ETLC_ApexBridge_Data.toJSON()
17:55:47.1 (58159711)|VARIABLE_SCOPE_BEGIN|[57]|this|gameize.ETLC_ApexBridge_Data|true|false
17:55:47.1 (58189266)|VARIABLE_ASSIGNMENT|[57]|this|{"debug":true,"input":"{\"mode\":\"saveUserDat (168 more) ...","operation":"GameizeController","outputFlag":true}|0x6168095a
17:55:47.1 (58195320)|STATEMENT_EXECUTE|[57]
17:55:47.1 (58196638)|STATEMENT_EXECUTE|[58]
17:55:47.1 (58214551)|METHOD_ENTRY|[58]||System.JSON.serialize(Object)
17:55:47.1 (58373428)|STATEMENT_EXECUTE|[22]
17:55:47.1 (58378090)|STATEMENT_EXECUTE|[23]
17:55:47.1 (58387656)|HEAP_ALLOCATE|[23]|Bytes:5
17:55:47.1 (58396387)|VARIABLE_ASSIGNMENT|[23]|this.isSuccess|true|0x6168095a
17:55:47.1 (58398629)|STATEMENT_EXECUTE|[24]
17:55:47.1 (58455801)|STATEMENT_EXECUTE|[31]
17:55:47.1 (58460091)|STATEMENT_EXECUTE|[32]
17:55:47.1 (58469671)|HEAP_ALLOCATE|[32]|Bytes:4
17:55:47.1 (58542132)|VARIABLE_ASSIGNMENT|[32]|this.messages|{"s":1,"v":{}}|0x6168095a
17:55:47.1 (58546579)|STATEMENT_EXECUTE|[33]
17:55:47.1 (58939608)|METHOD_EXIT|[58]||System.JSON.serialize(Object)
17:55:47.1 (58946078)|METHOD_EXIT|[23]|01p41000000CNQH|gameize.ETLC_ApexBridge_Data.toJSON()
17:55:47.1 (58959590)|SYSTEM_MODE_EXIT|false
17:55:47.61 (61551818)|CUMULATIVE_LIMIT_USAGE
17:55:47.61 (61551818)|LIMIT_USAGE_FOR_NS|(default)|
  Number of SOQL queries: 0 out of 100
  Number of query rows: 0 out of 50000
  Number of SOSL queries: 0 out of 20
  Number of DML statements: 0 out of 150
  Number of DML rows: 0 out of 10000
  Maximum CPU time: 0 out of 10000
  Maximum heap size: 0 out of 6000000
  Number of callouts: 0 out of 100
  Number of Email Invocations: 0 out of 10
  Number of future calls: 0 out of 50
  Number of queueable jobs added to the queue: 0 out of 50
  Number of Mobile Apex push calls: 0 out of 10

17:55:47.61 (61551818)|LIMIT_USAGE_FOR_NS|gameize|
  Number of SOQL queries: 1 out of 100
  Number of query rows: 1 out of 50000
  Number of SOSL queries: 0 out of 20
  Number of DML statements: 1 out of 150
  Number of DML rows: 1 out of 10000
  Maximum CPU time: 0 out of 10000
  Maximum heap size: 0 out of 6000000
  Number of callouts: 0 out of 100
  Number of Email Invocations: 0 out of 10
  Number of future calls: 0 out of 50
  Number of queueable jobs added to the queue: 0 out of 50
  Number of Mobile Apex push calls: 0 out of 10

17:55:47.61 (61551818)|CUMULATIVE_LIMIT_USAGE_END

17:55:47.1 (61631725)|CODE_UNIT_FINISHED|ETLC_ApexBridge_Controller.execute
