37.0 APEX_CODE,FINEST;APEX_PROFILING,INFO;CALLOUT,INFO;DB,INFO;SYSTEM,DEBUG;VALIDATION,INFO;VISUALFORCE,INFO;WORKFLOW,INFO
17:45:39.0 (364410)|USER_INFO|[EXTERNAL]|00541000000Hq4o|gameize@jr.te|Eastern Standard Time|GMT-04:00
17:45:39.0 (827290)|HEAP_ALLOCATE|[72]|Bytes:3
17:45:39.0 (882978)|HEAP_ALLOCATE|[77]|Bytes:152
17:45:39.0 (900573)|HEAP_ALLOCATE|[342]|Bytes:408
17:45:39.0 (915010)|HEAP_ALLOCATE|[355]|Bytes:408
17:45:39.0 (928106)|HEAP_ALLOCATE|[467]|Bytes:48
17:45:39.2 (2109361)|USER_INFO|[EXTERNAL]|00541000000Hq4o|gameize@jr.te|Eastern Standard Time|GMT-04:00
17:45:39.2 (2309772)|STATEMENT_EXECUTE|[1]
17:45:39.2 (2323018)|METHOD_EXIT|[1]|ETLC_ApexBridge_Controller
17:45:39.2 (2327868)|HEAP_ALLOCATE|[EXTERNAL]|Bytes:85
17:45:39.2 (2339775)|SYSTEM_MODE_ENTER|false
17:45:39.2 (2352290)|VARIABLE_SCOPE_BEGIN|[3]|dataJson|String|false|false
17:45:39.2 (2396574)|VARIABLE_ASSIGNMENT|[3]|dataJson|"{\"operation\":\"Gameiz (65 more) ..."
17:45:39.2 (2408284)|STATEMENT_EXECUTE|[3]
17:45:39.2 (2410517)|STATEMENT_EXECUTE|[4]
17:45:39.2 (4525586)|VARIABLE_SCOPE_BEGIN|[4]|data|gameize.ETLC_ApexBridge_Data|true|false
17:45:39.2 (4550840)|VARIABLE_ASSIGNMENT|[4]|data|null|
17:45:39.2 (4554222)|STATEMENT_EXECUTE|[5]
17:45:39.2 (4556458)|STATEMENT_EXECUTE|[5]
17:45:39.2 (4557975)|STATEMENT_EXECUTE|[6]
17:45:39.2 (4573187)|HEAP_ALLOCATE|[6]|Bytes:11
17:45:39.2 (4579544)|HEAP_ALLOCATE|[6]|Bytes:248
17:45:39.2 (4581981)|HEAP_ALLOCATE|[6]|Bytes:39
17:45:39.2 (4624276)|METHOD_ENTRY|[2]|01p41000000CNQH|ETLC_ApexBridge_Data.ETLC_ApexBridge_Data()
17:45:39.2 (4628320)|STATEMENT_EXECUTE|[2]
17:45:39.2 (4634711)|STATEMENT_EXECUTE|[2]
17:45:39.2 (4642850)|METHOD_EXIT|[2]|ETLC_ApexBridge_Data
17:45:39.2 (4673778)|METHOD_ENTRY|[6]|01p41000000CNQH|gameize.ETLC_ApexBridge_Data.fromJSON(String)
17:45:39.2 (4696395)|VARIABLE_SCOPE_BEGIN|[60]|strJson|String|false|false
17:45:39.2 (4714199)|VARIABLE_ASSIGNMENT|[60]|strJson|"{\"operation\":\"Gameiz (65 more) ..."
17:45:39.2 (4718848)|STATEMENT_EXECUTE|[60]
17:45:39.2 (4720833)|STATEMENT_EXECUTE|[61]
17:45:39.2 (4728636)|HEAP_ALLOCATE|[61]|Bytes:28
17:45:39.2 (4751182)|HEAP_ALLOCATE|[50]|Bytes:5
17:45:39.2 (4771212)|HEAP_ALLOCATE|[56]|Bytes:5
17:45:39.2 (4776910)|HEAP_ALLOCATE|[64]|Bytes:7
17:45:39.2 (4892225)|HEAP_ALLOCATE|[61]|Bytes:24
17:45:39.2 (4905860)|SYSTEM_METHOD_ENTRY|[1]|Type.Type()
17:45:39.2 (4909408)|STATEMENT_EXECUTE|[1]
17:45:39.2 (4920047)|SYSTEM_METHOD_EXIT|[1]|Type
17:45:39.2 (4928770)|HEAP_ALLOCATE|[61]|Bytes:8
17:45:39.2 (4949983)|HEAP_ALLOCATE|[61]|Bytes:8
17:45:39.2 (4956413)|VARIABLE_SCOPE_BEGIN|[4]|this|System.Type|true|false
17:45:39.2 (5022287)|VARIABLE_ASSIGNMENT|[4]|this|{}|0x25d4e6f8
17:45:39.2 (5028418)|VARIABLE_SCOPE_BEGIN|[4]|apextype|java:common.apex.runtime.ApexObjectType|true|false
17:45:39.2 (5139269)|VARIABLE_ASSIGNMENT|[4]|apextype|"gameize.ETLC_ApexBridge_Data"|0x10d88ca0
17:45:39.2 (5207985)|HEAP_ALLOCATE|[61]|Bytes:8
17:45:39.2 (5247438)|HEAP_ALLOCATE|[61]|Bytes:24
17:45:39.2 (5259642)|SYSTEM_METHOD_ENTRY|[1]|JSON.JSON()
17:45:39.2 (5263062)|STATEMENT_EXECUTE|[1]
17:45:39.2 (5271913)|SYSTEM_METHOD_EXIT|[1]|JSON
17:45:39.2 (5288543)|METHOD_ENTRY|[61]||System.JSON.deserializeStrict(String, System.Type)
17:45:39.2 (6051319)|METHOD_EXIT|[61]||System.JSON.deserializeStrict(String, System.Type)
17:45:39.2 (6069485)|METHOD_EXIT|[6]|01p41000000CNQH|gameize.ETLC_ApexBridge_Data.fromJSON(String)
17:45:39.2 (6244797)|VARIABLE_ASSIGNMENT|[6]|data|{"debug":true,"input":"{\"mode\":\"fetchGameDa (4 more) ...","operation":"GameizeController"}|0x727e1629
17:45:39.2 (6253556)|STATEMENT_EXECUTE|[7]
17:45:39.2 (6355932)|VARIABLE_ASSIGNMENT|[EXTERNAL]|this|{"debug":true,"input":"{\"mode\":\"fetchGameDa (4 more) ...","operation":"GameizeController"}|0x727e1629
17:45:39.2 (6386119)|METHOD_ENTRY|[7]||System.Type.forName(String)
17:45:39.2 (8819632)|METHOD_EXIT|[7]||System.Type.forName(String)
17:45:39.2 (8834581)|METHOD_ENTRY|[7]||System.Type.newInstance()
17:45:39.2 (10200035)|STATEMENT_EXECUTE|[1]
17:45:39.2 (10213222)|HEAP_ALLOCATE|[33]|Bytes:5
17:45:39.2 (10232433)|METHOD_EXIT|[1]|GameizeController
17:45:39.2 (10251526)|HEAP_ALLOCATE|[33]|Bytes:4
17:45:39.2 (10274998)|VARIABLE_SCOPE_BEGIN|[1]|this|gameize.GameizeController|true|false
17:45:39.2 (10312786)|VARIABLE_ASSIGNMENT|[1]|this|{}|0x201c8d45
17:45:39.2 (10320569)|HEAP_ALLOCATE|[33]|Bytes:5
17:45:39.2 (10328889)|HEAP_ALLOCATE|[33]|Bytes:11
17:45:39.2 (10350090)|METHOD_ENTRY|[1]|01p41000000CNQC|ETLC_ApexBridge_Abstract.ETLC_ApexBridge_Abstract()
17:45:39.2 (10353977)|STATEMENT_EXECUTE|[1]
17:45:39.2 (10360339)|STATEMENT_EXECUTE|[1]
17:45:39.2 (10367977)|METHOD_EXIT|[1]|ETLC_ApexBridge_Abstract
17:45:39.2 (10377135)|CONSTRUCTOR_ENTRY|[EXTERNAL]|01p41000000CNQC|<init>()
17:45:39.2 (10390997)|VARIABLE_SCOPE_BEGIN|[1]|this|gameize.ETLC_ApexBridge_Abstract|true|false
17:45:39.2 (10417152)|VARIABLE_ASSIGNMENT|[1]|this|{}|0x201c8d45
17:45:39.2 (10436479)|STATEMENT_EXECUTE|[1]
17:45:39.2 (10444549)|CONSTRUCTOR_EXIT|[EXTERNAL]|01p41000000CNQC|<init>()
17:45:39.2 (10449890)|STATEMENT_EXECUTE|[1]
17:45:39.2 (10454245)|HEAP_ALLOCATE|[33]|Bytes:5
17:45:39.2 (10472869)|METHOD_EXIT|[7]||System.Type.newInstance()
17:45:39.2 (10482993)|VARIABLE_SCOPE_BEGIN|[7]|executor|gameize.ETLC_ApexBridge_Abstract|true|false
17:45:39.2 (10507911)|VARIABLE_ASSIGNMENT|[7]|executor|{}|0x201c8d45
17:45:39.2 (10510823)|STATEMENT_EXECUTE|[8]
17:45:39.2 (10554181)|METHOD_ENTRY|[8]|01p41000000CQtU|gameize.GameizeController.process(gameize.ETLC_ApexBridge_Data)
17:45:39.2 (10577093)|VARIABLE_SCOPE_BEGIN|[3]|this|gameize.GameizeController|true|false
17:45:39.2 (10599598)|VARIABLE_ASSIGNMENT|[3]|this|{}|0x201c8d45
17:45:39.2 (10602529)|VARIABLE_SCOPE_BEGIN|[3]|data|gameize.ETLC_ApexBridge_Data|true|false
17:45:39.2 (10635384)|VARIABLE_ASSIGNMENT|[3]|data|{"debug":true,"input":"{\"mode\":\"fetchGameDa (4 more) ...","operation":"GameizeController"}|0x727e1629
17:45:39.2 (10643663)|HEAP_ALLOCATE|[4]|Bytes:5
17:45:39.2 (10647981)|STATEMENT_EXECUTE|[3]
17:45:39.2 (10649852)|STATEMENT_EXECUTE|[4]
17:45:39.2 (10693153)|VARIABLE_ASSIGNMENT|[4]|GameizeController.apexBridgedata|{"debug":true,"input":"{\"mode\":\"fetchGameDa (4 more) ...","operation":"GameizeController"}|0x727e1629
17:45:39.2 (10767375)|VARIABLE_ASSIGNMENT|[EXTERNAL]|this|{"debug":true,"input":"{\"mode\":\"fetchGameDa (4 more) ...","operation":"GameizeController"}|0x727e1629
17:45:39.2 (10782360)|STATEMENT_EXECUTE|[5]
17:45:39.2 (10807890)|ENTERING_MANAGED_PKG|
17:45:39.2 (10843044)|USER_DEBUG|[5]|DEBUG|ETLC_ApexBridge_Data:[debug=true, input={"mode":"fetchGameData"}, isSuccess=null, messages=null, operation=GameizeController, output=null, outputFlag=null, records=null]
17:45:39.2 (10851399)|STATEMENT_EXECUTE|[7]
17:45:39.2 (10858679)|HEAP_ALLOCATE|[7]|Bytes:4
17:45:39.2 (10881024)|METHOD_ENTRY|[7]|01p41000000CNQH|gameize.ETLC_ApexBridge_Data.getInputValue(String)
17:45:39.2 (10902339)|VARIABLE_SCOPE_BEGIN|[52]|this|gameize.ETLC_ApexBridge_Data|true|false
17:45:39.2 (10934488)|VARIABLE_ASSIGNMENT|[52]|this|{"debug":true,"input":"{\"mode\":\"fetchGameDa (4 more) ...","operation":"GameizeController"}|0x727e1629
17:45:39.2 (10939131)|VARIABLE_SCOPE_BEGIN|[52]|key|String|false|false
17:45:39.2 (10947056)|VARIABLE_ASSIGNMENT|[52]|key|"mode"
17:45:39.2 (10951184)|STATEMENT_EXECUTE|[52]
17:45:39.2 (10953383)|STATEMENT_EXECUTE|[53]
17:45:39.2 (11001945)|VARIABLE_ASSIGNMENT|[EXTERNAL]|this|{"debug":true,"input":"{\"mode\":\"fetchGameDa (4 more) ...","operation":"GameizeController"}|0x727e1629
17:45:39.2 (11019568)|METHOD_ENTRY|[53]||System.JSON.deserializeUntyped(String)
17:45:39.2 (11326974)|METHOD_EXIT|[53]||System.JSON.deserializeUntyped(String)
17:45:39.2 (11338440)|VARIABLE_SCOPE_BEGIN|[53]|inputMap|Map<String,ANY>|true|false
17:45:39.2 (11378789)|VARIABLE_ASSIGNMENT|[53]|inputMap|{"s":1,"v":{"mode":"fetchGameData"}}|0x38261d50
17:45:39.2 (11382893)|STATEMENT_EXECUTE|[54]
17:45:39.2 (11405582)|ENTERING_MANAGED_PKG|
17:45:39.2 (11443715)|METHOD_EXIT|[7]|01p41000000CNQH|gameize.ETLC_ApexBridge_Data.getInputValue(String)
17:45:39.2 (11452313)|VARIABLE_SCOPE_BEGIN|[7]|mode|String|false|false
17:45:39.2 (11467245)|VARIABLE_ASSIGNMENT|[7]|mode|"fetchGameData"
17:45:39.2 (11471470)|HEAP_ALLOCATE|[8]|Bytes:13
17:45:39.2 (11495973)|HEAP_ALLOCATE|[11]|Bytes:12
17:45:39.2 (11502101)|HEAP_ALLOCATE|[13]|Bytes:13
17:45:39.2 (11510563)|STATEMENT_EXECUTE|[13]
17:45:39.2 (11512871)|STATEMENT_EXECUTE|[14]
17:45:39.2 (11527410)|METHOD_ENTRY|[14]|01p41000000CQtU|gameize.GameizeController.fetchGameData()
17:45:39.2 (11544330)|VARIABLE_SCOPE_BEGIN|[82]|this|gameize.GameizeController|true|false
17:45:39.2 (11570980)|VARIABLE_ASSIGNMENT|[82]|this|{}|0x201c8d45
17:45:39.2 (11578865)|HEAP_ALLOCATE|[83]|Bytes:5
17:45:39.2 (11582642)|STATEMENT_EXECUTE|[82]
17:45:39.2 (11584443)|STATEMENT_EXECUTE|[83]
17:45:39.2 (11592843)|VARIABLE_SCOPE_BEGIN|[83]|returnData|String|false|false
17:45:39.2 (11604913)|VARIABLE_ASSIGNMENT|[83]|returnData|null
17:45:39.2 (11607105)|STATEMENT_EXECUTE|[84]
17:45:39.2 (11608620)|STATEMENT_EXECUTE|[84]
17:45:39.2 (11609949)|STATEMENT_EXECUTE|[85]
17:45:39.2 (11614012)|HEAP_ALLOCATE|[85]|Bytes:63
17:45:39.2 (11619993)|HEAP_ALLOCATE|[85]|Bytes:4
17:45:39.2 (11943836)|SOQL_EXECUTE_BEGIN|[85]|Aggregations:0|SELECT Body FROM StaticResource WHERE Name = 'Gameize_GameList'
17:45:39.2 (15379436)|SOQL_EXECUTE_END|[85]|Rows:1
17:45:39.2 (15409716)|HEAP_ALLOCATE|[85]|Bytes:8
17:45:39.2 (15435795)|HEAP_ALLOCATE|[85]|Bytes:536
17:45:39.2 (15507085)|HEAP_ALLOCATE|[85]|Bytes:8
17:45:39.2 (15522654)|VARIABLE_SCOPE_BEGIN|[85]|records|List<StaticResource>|true|false
17:45:39.2 (15568513)|VARIABLE_ASSIGNMENT|[85]|records|{"s":1,"v":[{"s":2,"v":{"Body":BLOB(491 bytes),"Id":"081410000000JmSAAU"}}]}|0x551816bc
17:45:39.2 (15635937)|ENTERING_MANAGED_PKG|
17:45:39.2 (15665198)|STATEMENT_EXECUTE|[86]
17:45:39.2 (15667964)|STATEMENT_EXECUTE|[88]
17:45:39.2 (15700962)|HEAP_ALLOCATE|[88]|Bytes:12
17:45:39.2 (15752280)|ENTERING_MANAGED_PKG|
17:45:39.2 (15817392)|HEAP_ALLOCATE|[88]|Bytes:491
17:45:39.2 (15848137)|VARIABLE_ASSIGNMENT|[88]|returnData|"[{\"id\": 1, \"name\": \" (471 more) ..."
17:45:39.2 (15852007)|STATEMENT_EXECUTE|[89]
17:45:39.2 (15860202)|HEAP_ALLOCATE|[89]|Bytes:12
17:45:39.2 (15870941)|HEAP_ALLOCATE|[89]|Bytes:503
17:45:39.2 (15884584)|ENTERING_MANAGED_PKG|
17:45:39.2 (15910964)|USER_DEBUG|[89]|DEBUG|returnData::[{"id": 1, "name": "Age Counter", "auraid": "agecounter", "cmpname": "AgeCounter", "desc": "Count how long you've lived, in days+hours+minutes."},{"id": 2, "name": "Hangman", "auraid": "hangman", "cmpname": "Hangman", "desc": "Games are a good way to keep your visitors- and yourself- occupied on your site. Here's where this script comes in. It's the great JavaScript reincarnation of the classic Hang Man game. Play against the computer. The vocabulary to be used is configurable. Cool!"}]
17:45:39.2 (15973387)|VARIABLE_ASSIGNMENT|[EXTERNAL]|this|{"debug":true,"input":"{\"mode\":\"fetchGameDa (4 more) ...","operation":"GameizeController"}|0x727e1629
17:45:39.2 (15984519)|STATEMENT_EXECUTE|[90]
17:45:39.2 (15986724)|STATEMENT_EXECUTE|[90]
17:45:39.2 (15993966)|HEAP_ALLOCATE|[90]|Bytes:41
17:45:39.2 (16000269)|HEAP_ALLOCATE|[90]|Bytes:532
17:45:39.2 (16011746)|ENTERING_MANAGED_PKG|
17:45:39.2 (16019572)|USER_DEBUG|[90]|DEBUG|GameizeController:fetchData:returnData:: [{"id": 1, "name": "Age Counter", "auraid": "agecounter", "cmpname": "AgeCounter", "desc": "Count how long you've lived, in days+hours+minutes."},{"id": 2, "name": "Hangman", "auraid": "hangman", "cmpname": "Hangman", "desc": "Games are a good way to keep your visitors- and yourself- occupied on your site. Here's where this script comes in. It's the great JavaScript reincarnation of the classic Hang Man game. Play against the computer. The vocabulary to be used is configurable. Cool!"}]
17:45:39.2 (16028781)|STATEMENT_EXECUTE|[93]
17:45:39.2 (16039871)|METHOD_EXIT|[14]|01p41000000CQtU|gameize.GameizeController.fetchGameData()
17:45:39.2 (16090226)|VARIABLE_ASSIGNMENT|[EXTERNAL]|this|{"debug":true,"input":"{\"mode\":\"fetchGameDa (4 more) ...","operation":"GameizeController"}|0x727e1629
17:45:39.2 (16102828)|VARIABLE_ASSIGNMENT|[EXTERNAL]|value|"[{\"id\": 1, \"name\": \" (471 more) ..."
17:45:39.2 (16116771)|VARIABLE_ASSIGNMENT|[12]|this.output|"[{\"id\": 1, \"name\": \" (471 more) ..."|0x727e1629
17:45:39.2 (16123482)|STATEMENT_EXECUTE|[15]
17:45:39.2 (16175983)|VARIABLE_ASSIGNMENT|[EXTERNAL]|this|{"debug":true,"input":"{\"mode\":\"fetchGameDa (4 more) ...","operation":"GameizeController","output":"[{\"id\": 1, \"name\": \" (471 more) ..."}|0x727e1629
17:45:39.2 (16228452)|VARIABLE_ASSIGNMENT|[EXTERNAL]|this|{"debug":true,"input":"{\"mode\":\"fetchGameDa (4 more) ...","operation":"GameizeController","output":"[{\"id\": 1, \"name\": \" (471 more) ..."}|0x727e1629
17:45:39.2 (16240302)|VARIABLE_ASSIGNMENT|[EXTERNAL]|value|true
17:45:39.2 (16245126)|HEAP_ALLOCATE|[15]|Bytes:5
17:45:39.2 (16254771)|VARIABLE_ASSIGNMENT|[15]|this.outputFlag|true|0x727e1629
17:45:39.2 (16267628)|METHOD_EXIT|[8]|01p41000000CQtU|gameize.GameizeController.process(gameize.ETLC_ApexBridge_Data)
17:45:39.2 (16271761)|STATEMENT_EXECUTE|[23]
17:45:39.2 (16287010)|METHOD_ENTRY|[23]|01p41000000CNQH|gameize.ETLC_ApexBridge_Data.toJSON()
17:45:39.2 (16303446)|VARIABLE_SCOPE_BEGIN|[57]|this|gameize.ETLC_ApexBridge_Data|true|false
17:45:39.2 (16334035)|VARIABLE_ASSIGNMENT|[57]|this|{"debug":true,"input":"{\"mode\":\"fetchGameDa (4 more) ...","operation":"GameizeController","output":"[{\"id\": 1, \"name\": \" (471 more) ...","outputFlag":true}|0x727e1629
17:45:39.2 (16339406)|STATEMENT_EXECUTE|[57]
17:45:39.2 (16341377)|STATEMENT_EXECUTE|[58]
17:45:39.2 (16355135)|METHOD_ENTRY|[58]||System.JSON.serialize(Object)
17:45:39.2 (16470395)|STATEMENT_EXECUTE|[22]
17:45:39.2 (16474841)|STATEMENT_EXECUTE|[23]
17:45:39.2 (16483252)|HEAP_ALLOCATE|[23]|Bytes:5
17:45:39.2 (16497727)|VARIABLE_ASSIGNMENT|[23]|this.isSuccess|true|0x727e1629
17:45:39.2 (16500797)|STATEMENT_EXECUTE|[24]
17:45:39.2 (16546587)|STATEMENT_EXECUTE|[31]
17:45:39.2 (16550222)|STATEMENT_EXECUTE|[32]
17:45:39.2 (16557350)|HEAP_ALLOCATE|[32]|Bytes:4
17:45:39.2 (16612928)|VARIABLE_ASSIGNMENT|[32]|this.messages|{"s":1,"v":{}}|0x727e1629
17:45:39.2 (16616701)|STATEMENT_EXECUTE|[33]
17:45:39.2 (17007808)|METHOD_EXIT|[58]||System.JSON.serialize(Object)
17:45:39.2 (17016427)|METHOD_EXIT|[23]|01p41000000CNQH|gameize.ETLC_ApexBridge_Data.toJSON()
17:45:39.2 (17029390)|SYSTEM_MODE_EXIT|false
17:45:39.17 (17074600)|CUMULATIVE_LIMIT_USAGE
17:45:39.17 (17074600)|LIMIT_USAGE_FOR_NS|(default)|
  Number of SOQL queries: 0 out of 100
  Number of query rows: 0 out of 50000
  Number of SOSL queries: 0 out of 20
  Number of DML statements: 0 out of 150
  Number of DML rows: 0 out of 10000
  Maximum CPU time: 0 out of 10000
  Maximum heap size: 0 out of 6000000
  Number of callouts: 0 out of 100
  Number of Email Invocations: 0 out of 10
  Number of future calls: 0 out of 50
  Number of queueable jobs added to the queue: 0 out of 50
  Number of Mobile Apex push calls: 0 out of 10

17:45:39.17 (17074600)|LIMIT_USAGE_FOR_NS|gameize|
  Number of SOQL queries: 1 out of 100
  Number of query rows: 1 out of 50000
  Number of SOSL queries: 0 out of 20
  Number of DML statements: 0 out of 150
  Number of DML rows: 0 out of 10000
  Maximum CPU time: 0 out of 10000
  Maximum heap size: 0 out of 6000000
  Number of callouts: 0 out of 100
  Number of Email Invocations: 0 out of 10
  Number of future calls: 0 out of 50
  Number of queueable jobs added to the queue: 0 out of 50
  Number of Mobile Apex push calls: 0 out of 10

17:45:39.17 (17074600)|CUMULATIVE_LIMIT_USAGE_END

17:45:39.2 (17143732)|CODE_UNIT_FINISHED|ETLC_ApexBridge_Controller.execute
17:45:39.0 (17393620)|HEAP_ALLOCATE|[EXTERNAL]|Bytes:85
17:45:39.0 (17411191)|HEAP_ALLOCATE|[EXTERNAL]|Bytes:85
17:45:39.18 (18737051)|USER_INFO|[EXTERNAL]|00541000000Hq4o|gameize@jr.te|Eastern Standard Time|GMT-04:00
17:45:39.18 (18808267)|STATEMENT_EXECUTE|[3]
17:45:39.18 (18811621)|STATEMENT_EXECUTE|[4]
17:45:39.18 (18823063)|VARIABLE_SCOPE_BEGIN|[4]|data|gameize.ETLC_ApexBridge_Data|true|false
17:45:39.18 (18853000)|VARIABLE_ASSIGNMENT|[4]|data|null|
17:45:39.18 (18856117)|STATEMENT_EXECUTE|[5]
17:45:39.18 (18857840)|STATEMENT_EXECUTE|[5]
17:45:39.18 (18859255)|STATEMENT_EXECUTE|[6]
17:45:39.18 (18871124)|METHOD_ENTRY|[6]|01p41000000CNQH|gameize.ETLC_ApexBridge_Data.fromJSON(String)
17:45:39.18 (18875733)|VARIABLE_SCOPE_BEGIN|[60]|strJson|String|false|false
17:45:39.18 (18889944)|VARIABLE_ASSIGNMENT|[60]|strJson|"{\"operation\":\"Gameiz (65 more) ..."
17:45:39.18 (18893769)|STATEMENT_EXECUTE|[60]
17:45:39.18 (18895642)|STATEMENT_EXECUTE|[61]
17:45:39.18 (18949523)|HEAP_ALLOCATE|[61]|Bytes:8
17:45:39.18 (18955192)|HEAP_ALLOCATE|[61]|Bytes:8
17:45:39.18 (18960475)|VARIABLE_SCOPE_BEGIN|[4]|this|System.Type|true|false
17:45:39.18 (18992735)|VARIABLE_ASSIGNMENT|[4]|this|{}|0x78524e49
17:45:39.18 (18997406)|VARIABLE_SCOPE_BEGIN|[4]|apextype|java:common.apex.runtime.ApexObjectType|true|false
17:45:39.18 (19088699)|VARIABLE_ASSIGNMENT|[4]|apextype|"gameize.ETLC_ApexBridge_Data"|0x10d88ca0
17:45:39.18 (19118136)|HEAP_ALLOCATE|[61]|Bytes:8
17:45:39.18 (19130971)|METHOD_ENTRY|[61]||System.JSON.deserializeStrict(String, System.Type)
17:45:39.18 (19291013)|METHOD_EXIT|[61]||System.JSON.deserializeStrict(String, System.Type)
17:45:39.18 (19300265)|METHOD_EXIT|[6]|01p41000000CNQH|gameize.ETLC_ApexBridge_Data.fromJSON(String)
17:45:39.18 (19340703)|VARIABLE_ASSIGNMENT|[6]|data|{"debug":true,"input":"{\"mode\":\"fetchUserDa (4 more) ...","operation":"GameizeController"}|0x17ebd2f0
17:45:39.18 (19345128)|STATEMENT_EXECUTE|[7]
17:45:39.18 (19384540)|VARIABLE_ASSIGNMENT|[EXTERNAL]|this|{"debug":true,"input":"{\"mode\":\"fetchUserDa (4 more) ...","operation":"GameizeController"}|0x17ebd2f0
17:45:39.18 (19396252)|METHOD_ENTRY|[7]||System.Type.forName(String)
17:45:39.18 (19498908)|METHOD_EXIT|[7]||System.Type.forName(String)
17:45:39.18 (19505850)|METHOD_ENTRY|[7]||System.Type.newInstance()
17:45:39.18 (19561748)|HEAP_ALLOCATE|[33]|Bytes:5
17:45:39.18 (19572244)|CONSTRUCTOR_ENTRY|[EXTERNAL]|01p41000000CNQC|<init>()
17:45:39.18 (19575724)|VARIABLE_SCOPE_BEGIN|[1]|this|gameize.ETLC_ApexBridge_Abstract|true|false
17:45:39.18 (19602014)|VARIABLE_ASSIGNMENT|[1]|this|{}|0x6a41de35
17:45:39.18 (19612586)|STATEMENT_EXECUTE|[1]
17:45:39.18 (19620079)|CONSTRUCTOR_EXIT|[EXTERNAL]|01p41000000CNQC|<init>()
17:45:39.18 (19624675)|STATEMENT_EXECUTE|[1]
17:45:39.18 (19628606)|HEAP_ALLOCATE|[33]|Bytes:5
17:45:39.18 (19645166)|METHOD_EXIT|[7]||System.Type.newInstance()
17:45:39.18 (19654222)|VARIABLE_SCOPE_BEGIN|[7]|executor|gameize.ETLC_ApexBridge_Abstract|true|false
17:45:39.18 (19676738)|VARIABLE_ASSIGNMENT|[7]|executor|{}|0x6a41de35
17:45:39.18 (19679912)|STATEMENT_EXECUTE|[8]
17:45:39.18 (19693643)|METHOD_ENTRY|[8]|01p41000000CQtU|gameize.GameizeController.process(gameize.ETLC_ApexBridge_Data)
17:45:39.18 (19697346)|VARIABLE_SCOPE_BEGIN|[3]|this|gameize.GameizeController|true|false
17:45:39.18 (19714507)|VARIABLE_ASSIGNMENT|[3]|this|{}|0x6a41de35
17:45:39.18 (19716808)|VARIABLE_SCOPE_BEGIN|[3]|data|gameize.ETLC_ApexBridge_Data|true|false
17:45:39.18 (19743481)|VARIABLE_ASSIGNMENT|[3]|data|{"debug":true,"input":"{\"mode\":\"fetchUserDa (4 more) ...","operation":"GameizeController"}|0x17ebd2f0
17:45:39.18 (19750175)|HEAP_ALLOCATE|[4]|Bytes:5
17:45:39.18 (19753947)|STATEMENT_EXECUTE|[3]
17:45:39.18 (19755948)|STATEMENT_EXECUTE|[4]
17:45:39.18 (19790732)|VARIABLE_ASSIGNMENT|[4]|GameizeController.apexBridgedata|{"debug":true,"input":"{\"mode\":\"fetchUserDa (4 more) ...","operation":"GameizeController"}|0x17ebd2f0
17:45:39.18 (19818163)|VARIABLE_ASSIGNMENT|[EXTERNAL]|this|{"debug":true,"input":"{\"mode\":\"fetchUserDa (4 more) ...","operation":"GameizeController"}|0x17ebd2f0
17:45:39.18 (19826553)|STATEMENT_EXECUTE|[5]
17:45:39.18 (19840101)|ENTERING_MANAGED_PKG|
17:45:39.18 (19868043)|USER_DEBUG|[5]|DEBUG|ETLC_ApexBridge_Data:[debug=true, input={"mode":"fetchUserData"}, isSuccess=null, messages=null, operation=GameizeController, output=null, outputFlag=null, records=null]
17:45:39.18 (19875992)|STATEMENT_EXECUTE|[7]
17:45:39.18 (19886950)|METHOD_ENTRY|[7]|01p41000000CNQH|gameize.ETLC_ApexBridge_Data.getInputValue(String)
17:45:39.18 (19890319)|VARIABLE_SCOPE_BEGIN|[52]|this|gameize.ETLC_ApexBridge_Data|true|false
17:45:39.18 (19917133)|VARIABLE_ASSIGNMENT|[52]|this|{"debug":true,"input":"{\"mode\":\"fetchUserDa (4 more) ...","operation":"GameizeController"}|0x17ebd2f0
17:45:39.18 (19920279)|VARIABLE_SCOPE_BEGIN|[52]|key|String|false|false
17:45:39.18 (19927501)|VARIABLE_ASSIGNMENT|[52]|key|"mode"
17:45:39.18 (19931055)|STATEMENT_EXECUTE|[52]
17:45:39.18 (19933055)|STATEMENT_EXECUTE|[53]
17:45:39.18 (19961271)|VARIABLE_ASSIGNMENT|[EXTERNAL]|this|{"debug":true,"input":"{\"mode\":\"fetchUserDa (4 more) ...","operation":"GameizeController"}|0x17ebd2f0
17:45:39.18 (19971602)|METHOD_ENTRY|[53]||System.JSON.deserializeUntyped(String)
17:45:39.18 (20121626)|METHOD_EXIT|[53]||System.JSON.deserializeUntyped(String)
17:45:39.18 (20132474)|VARIABLE_SCOPE_BEGIN|[53]|inputMap|Map<String,ANY>|true|false
17:45:39.18 (20164060)|VARIABLE_ASSIGNMENT|[53]|inputMap|{"s":1,"v":{"mode":"fetchUserData"}}|0xc648c30
17:45:39.18 (20168277)|STATEMENT_EXECUTE|[54]
17:45:39.18 (20184840)|ENTERING_MANAGED_PKG|
17:45:39.18 (20201097)|METHOD_EXIT|[7]|01p41000000CNQH|gameize.ETLC_ApexBridge_Data.getInputValue(String)
17:45:39.18 (20208181)|VARIABLE_SCOPE_BEGIN|[7]|mode|String|false|false
17:45:39.18 (20222107)|VARIABLE_ASSIGNMENT|[7]|mode|"fetchUserData"
17:45:39.18 (20238412)|STATEMENT_EXECUTE|[8]
17:45:39.18 (20240783)|STATEMENT_EXECUTE|[9]
17:45:39.18 (20283149)|HEAP_ALLOCATE|[9]|Bytes:85
17:45:39.18 (20298182)|SYSTEM_METHOD_ENTRY|[1]|UserInfo.UserInfo()
17:45:39.18 (20301735)|STATEMENT_EXECUTE|[1]
17:45:39.18 (20312543)|SYSTEM_METHOD_EXIT|[1]|UserInfo
17:45:39.18 (20327022)|METHOD_ENTRY|[9]||System.UserInfo.getUserId()
17:45:39.18 (20362515)|METHOD_EXIT|[9]||System.UserInfo.getUserId()
17:45:39.18 (20376721)|HEAP_ALLOCATE|[9]|Bytes:4
17:45:39.18 (20391469)|METHOD_ENTRY|[9]|01p41000000CQtU|gameize.GameizeController.fetchUserData(Id)
17:45:39.18 (20396501)|VARIABLE_SCOPE_BEGIN|[21]|this|gameize.GameizeController|true|false
17:45:39.18 (20423648)|VARIABLE_ASSIGNMENT|[21]|this|{}|0x6a41de35
17:45:39.18 (20427828)|VARIABLE_SCOPE_BEGIN|[21]|userId|Id|false|false
17:45:39.18 (20491586)|VARIABLE_ASSIGNMENT|[21]|userId|"00541000000Hq4oAAC"
17:45:39.18 (20500354)|HEAP_ALLOCATE|[22]|Bytes:5
17:45:39.18 (20505002)|STATEMENT_EXECUTE|[21]
17:45:39.18 (20507195)|STATEMENT_EXECUTE|[22]
17:45:39.18 (20517855)|VARIABLE_SCOPE_BEGIN|[22]|returnData|String|false|false
17:45:39.18 (20530393)|VARIABLE_ASSIGNMENT|[22]|returnData|null
17:45:39.18 (20532740)|STATEMENT_EXECUTE|[23]
17:45:39.18 (20534316)|STATEMENT_EXECUTE|[23]
17:45:39.18 (20535709)|STATEMENT_EXECUTE|[24]
17:45:39.18 (20540361)|HEAP_ALLOCATE|[24]|Bytes:109
17:45:39.18 (20546186)|HEAP_ALLOCATE|[24]|Bytes:4
17:45:39.18 (20551895)|HEAP_ALLOCATE|[24]|Bytes:7
17:45:39.18 (21757992)|SOQL_EXECUTE_BEGIN|[24]|Aggregations:0|SELECT ID, gameize__dataFavorite__c, gameize__dataHistory__c FROM Gameize__c WHERE User__c = :tmpVar1 LIMIT 1
17:45:39.18 (26717836)|SOQL_EXECUTE_END|[24]|Rows:1
17:45:39.18 (26745228)|HEAP_ALLOCATE|[24]|Bytes:8
17:45:39.18 (26757160)|HEAP_ALLOCATE|[24]|Bytes:1347
17:45:39.18 (26819401)|HEAP_ALLOCATE|[24]|Bytes:8
17:45:39.18 (26832905)|VARIABLE_SCOPE_BEGIN|[24]|records|List<gameize__Gameize__c>|true|false
17:45:39.18 (26875572)|VARIABLE_ASSIGNMENT|[24]|records|{"s":1,"v":[{"s":2,"v":{"Id":"a0041000000j7nTAAQ","gameize__dataFavorit (4 more) ...":"[{\"name\":\"Hangman\",\" (27 more) ...","gameize__dataHistory (3 more) ...":"[{\"name\":\"Hangman\",\" (1192 more) ..."}}]}|0x37b611aa
17:45:39.18 (26954026)|ENTERING_MANAGED_PKG|
17:45:39.18 (26994434)|STATEMENT_EXECUTE|[25]
17:45:39.18 (26998854)|STATEMENT_EXECUTE|[27]
17:45:39.18 (29625470)|HEAP_ALLOCATE|[27]|Bytes:9
17:45:39.18 (29632727)|HEAP_ALLOCATE|[27]|Bytes:29
17:45:39.18 (29635421)|HEAP_ALLOCATE|[27]|Bytes:21
17:45:39.18 (29659447)|METHOD_ENTRY|[7]|01p41000000CNQM|ETLC_SecuredDB.ETLC_SecuredDB()
17:45:39.18 (29664007)|STATEMENT_EXECUTE|[7]
17:45:39.18 (29670450)|STATEMENT_EXECUTE|[7]
17:45:39.18 (29676590)|HEAP_ALLOCATE|[27]|Bytes:5
17:45:39.18 (29688302)|METHOD_EXIT|[7]|ETLC_SecuredDB
17:45:39.18 (29718069)|METHOD_ENTRY|[27]|01p41000000CNQM|gameize.ETLC_SecuredDB.validateQuery(List<SObject>)
17:45:39.18 (29742508)|VARIABLE_SCOPE_BEGIN|[28]|dbRecords|List<SObject>|true|false
17:45:39.18 (29778248)|VARIABLE_ASSIGNMENT|[28]|dbRecords|{"s":1,"v":[{"s":2,"v":{"Id":"a0041000000j7nTAAQ","gameize__dataFavorit (4 more) ...":"[{\"name\":\"Hangman\",\" (27 more) ...","gameize__dataHistory (3 more) ...":"[{\"name\":\"Hangman\",\" (1192 more) ..."}}]}|0x37b611aa
17:45:39.18 (29787313)|HEAP_ALLOCATE|[29]|Bytes:5
17:45:39.18 (29791905)|STATEMENT_EXECUTE|[28]
17:45:39.18 (29794288)|STATEMENT_EXECUTE|[29]
17:45:39.18 (30014834)|HEAP_ALLOCATE|[29]|Bytes:12
17:45:39.18 (30021977)|HEAP_ALLOCATE|[29]|Bytes:8
17:45:39.18 (30075232)|HEAP_ALLOCATE|[29]|Bytes:12
17:45:39.18 (30079037)|HEAP_ALLOCATE|[29]|Bytes:9
17:45:39.18 (30088755)|HEAP_ALLOCATE|[29]|Bytes:12
17:45:39.18 (30091140)|HEAP_ALLOCATE|[29]|Bytes:8
17:45:39.18 (30100643)|HEAP_ALLOCATE|[29]|Bytes:12
17:45:39.18 (30102901)|HEAP_ALLOCATE|[29]|Bytes:8
17:45:39.18 (30110363)|HEAP_ALLOCATE|[29]|Bytes:12
17:45:39.18 (30112923)|HEAP_ALLOCATE|[29]|Bytes:9
17:45:39.18 (30144253)|METHOD_ENTRY|[29]|01p41000000CNQM|gameize.ETLC_SecuredDB.findFields(List<SObject>)
17:45:39.18 (30203084)|VARIABLE_SCOPE_BEGIN|[108]|dbRecords|List<SObject>|true|false
17:45:39.18 (30237475)|VARIABLE_ASSIGNMENT|[108]|dbRecords|{"s":1,"v":[{"s":2,"v":{"Id":"a0041000000j7nTAAQ","gameize__dataFavorit (4 more) ...":"[{\"name\":\"Hangman\",\" (27 more) ...","gameize__dataHistory (3 more) ...":"[{\"name\":\"Hangman\",\" (1192 more) ..."}}]}|0x37b611aa
17:45:39.18 (30246517)|HEAP_ALLOCATE|[109]|Bytes:5
17:45:39.18 (30251094)|STATEMENT_EXECUTE|[108]
17:45:39.18 (30253569)|STATEMENT_EXECUTE|[109]
17:45:39.18 (30266279)|VARIABLE_SCOPE_BEGIN|[109]|strJSON|String|false|false
17:45:39.18 (30279924)|VARIABLE_ASSIGNMENT|[109]|strJSON|null
17:45:39.18 (30282188)|STATEMENT_EXECUTE|[110]
17:45:39.18 (30288534)|VARIABLE_SCOPE_BEGIN|[110]|mapFields|Map<String,Set<String>>|true|false
17:45:39.18 (30298390)|VARIABLE_ASSIGNMENT|[110]|mapFields|null|
17:45:39.18 (30300491)|STATEMENT_EXECUTE|[112]
17:45:39.18 (30312527)|METHOD_ENTRY|[112]||System.JSON.serialize(Object)
17:45:39.18 (30739184)|METHOD_EXIT|[112]||System.JSON.serialize(Object)
17:45:39.18 (30762985)|VARIABLE_ASSIGNMENT|[112]|strJSON|"[{\"attributes\":{\"typ (1598 more) ..."
17:45:39.18 (30767429)|STATEMENT_EXECUTE|[113]
17:45:39.18 (30777493)|HEAP_ALLOCATE|[113]|Bytes:5
17:45:39.18 (30785830)|HEAP_ALLOCATE|[113]|Bytes:1623
17:45:39.18 (30800110)|ENTERING_MANAGED_PKG|
17:45:39.18 (30824296)|USER_DEBUG|[113]|DEBUG|JSON:[{"attributes":{"type":"gameize__Gameize__c","url":"/services/data/v37.0/sobjects/gameize__Gameize__c/a0041000000j7nTAAQ"},"Id":"a0041000000j7nTAAQ","gameize__dataFavorite__c":"[{\"name\":\"Hangman\",\"cmpname\":\"Hangman\",\"id\":2}]","gameize__dataHistory__c":"[{\"name\":\"Hangman\",\"cmpname\":\"Hangman\",\"datePlayed\":\"Mon Aug 08 2016 15:45:16 GMT-0400 (Eastern Daylight Time)\",\"id\":2},{\"name\":\"Hangman\",\"cmpname\":\"Hangman\",\"datePlayed\":\"Mon Aug 08 2016 15:45:23 GMT-0400 (Eastern Daylight Time)\",\"id\":2},{\"name\":\"Age Counter\",\"cmpname\":\"AgeCounter\",\"datePlayed\":\"Mon Aug 08 2016 15:45:26 GMT-0400 (Eastern Daylight Time)\",\"id\":1},{\"name\":\"Hangman\",\"cmpname\":\"Hangman\",\"datePlayed\":\"Mon Aug 08 2016 15:45:31 GMT-0400 (Eastern Daylight Time)\",\"id\":2},{\"name\":\"Age Counter\",\"cmpname\":\"AgeCounter\",\"datePlayed\":\"Mon Aug 08 2016 15:48:19 GMT-0400 (Eastern Daylight Time)\",\"id\":1},{\"name\":\"Hangman\",\"cmpname\":\"Hangman\",\"datePlayed\":\"Mon Aug 08 2016 15:48:22 GMT-0400 (Eastern Daylight Time)\",\"id\":2},{\"name\":\"Hangman\",\"cmpname\":\"Hangman\",\"datePlayed\":\"Mon Aug 08 2016 15:48:28 GMT-0400 (Eastern Daylight Time)\",\"id\":2},{\"name\":\"Hangman\",\"cmpname\":\"Hangman\",\"datePlayed\":\"Mon Aug 08 2016 15:48:31 GMT-0400 (Eastern Daylight Time)\",\"id\":2},{\"name\":\"Age Counter\",\"cmpname\":\"AgeCounter\",\"datePlayed\":\"Mon Aug 08 2016 15:48:34 GMT-0400 (Eastern Daylight Time)\",\"id\":1},{\"name\":\"Hangman\",\"cmpname\":\"Hangman\",\"datePlayed\":\"Mon Aug 08 2016 15:48:42 GMT-0400 (Eastern Daylight Time)\",\"id\":2}]"}]
17:45:39.18 (30839609)|STATEMENT_EXECUTE|[114]
17:45:39.18 (30848452)|HEAP_ALLOCATE|[114]|Bytes:4
17:45:39.18 (30883429)|VARIABLE_ASSIGNMENT|[114]|mapFields|{"s":1,"v":{}}|0x7d675517
17:45:39.18 (30886931)|STATEMENT_EXECUTE|[115]
17:45:39.18 (30899259)|METHOD_ENTRY|[115]||System.JSON.deserializeUntyped(String)
17:45:39.18 (31329868)|METHOD_EXIT|[115]||System.JSON.deserializeUntyped(String)
17:45:39.18 (31341565)|VARIABLE_SCOPE_BEGIN|[115]|records|List<ANY>|true|false
17:45:39.18 (31374800)|HEAP_ALLOCATE|[EXTERNAL]|Bytes:8
17:45:39.18 (31414498)|VARIABLE_ASSIGNMENT|[115]|records|{"s":1,"v":[{"s":2,"v":{"attributes":{"s":3,"v":{"type":"gameize__Gameize__c","url":"/services/data/v37.0 (48 more) ..."}},"Id":"a0041000000j7nTAAQ","gameize__dataFavorit (4 more) ...":"[{\"name\":\"Hangman\",\" (27 more) ...","gameize__dataHistory (3 more) ...":"[{\"name\":\"Hangman\",\" (1192 more) ..."}}]}|0x3ab09bff
17:45:39.18 (31435277)|ENTERING_MANAGED_PKG|
17:45:39.18 (31472233)|HEAP_ALLOCATE|[116]|Bytes:5
17:45:39.18 (31485908)|HEAP_ALLOCATE|[116]|Bytes:20
17:45:39.18 (31497053)|VARIABLE_SCOPE_BEGIN|[116]|record|Object|false|false
17:45:39.18 (31535345)|VARIABLE_ASSIGNMENT|[116]|record|{"s":1,"v":{"attributes":{"s":2,"v":{"type":"gameize__Gameize__c","url":"/services/data/v37.0 (48 more) ..."}},"Id":"a0041000000j7nTAAQ","gameize__dataFavorit (4 more) ...":"[{\"name\":\"Hangman\",\" (27 more) ...","gameize__dataHistory (3 more) ...":"[{\"name\":\"Hangman\",\" (1192 more) ..."}}
17:45:39.18 (31541030)|STATEMENT_EXECUTE|[116]
17:45:39.18 (31543314)|STATEMENT_EXECUTE|[117]
17:45:39.18 (31566899)|METHOD_ENTRY|[117]|01p41000000CNQM|gameize.ETLC_SecuredDB.findFieldsRecursive(Map<String,Set<String>>, Map<String,ANY>)
17:45:39.18 (31587493)|VARIABLE_SCOPE_BEGIN|[124]|mapFields|Map<String,Set<String>>|true|false
17:45:39.18 (31607874)|VARIABLE_ASSIGNMENT|[124]|mapFields|{"s":1,"v":{}}|0x7d675517
17:45:39.18 (31611429)|VARIABLE_SCOPE_BEGIN|[124]|record|Map<String,ANY>|true|false
17:45:39.18 (31634227)|VARIABLE_ASSIGNMENT|[124]|record|{"s":1,"v":{"attributes":{"s":2,"v":{"type":"gameize__Gameize__c","url":"/services/data/v37.0 (48 more) ..."}},"Id":"a0041000000j7nTAAQ","gameize__dataFavorit (4 more) ...":"[{\"name\":\"Hangman\",\" (27 more) ...","gameize__dataHistory (3 more) ...":"[{\"name\":\"Hangman\",\" (1192 more) ..."}}|0x3ee981a0
17:45:39.18 (31643325)|HEAP_ALLOCATE|[125]|Bytes:5
17:45:39.18 (31647381)|STATEMENT_EXECUTE|[124]
17:45:39.18 (31649298)|STATEMENT_EXECUTE|[125]
17:45:39.18 (31656030)|HEAP_ALLOCATE|[125]|Bytes:10
17:45:39.18 (31662480)|VARIABLE_SCOPE_BEGIN|[125]|strAttributes|String|false|false
17:45:39.18 (31675097)|VARIABLE_ASSIGNMENT|[125]|strAttributes|"attributes"
17:45:39.18 (31677484)|STATEMENT_EXECUTE|[126]
17:45:39.18 (31682136)|HEAP_ALLOCATE|[126]|Bytes:7
17:45:39.18 (31687020)|VARIABLE_SCOPE_BEGIN|[126]|strRecord|String|false|false
17:45:39.18 (31696077)|VARIABLE_ASSIGNMENT|[126]|strRecord|"records"
17:45:39.18 (31709091)|ENTERING_MANAGED_PKG|
17:45:39.18 (31743463)|STATEMENT_EXECUTE|[127]
17:45:39.18 (31745840)|STATEMENT_EXECUTE|[128]
17:45:39.18 (31756479)|ENTERING_MANAGED_PKG|
17:45:39.18 (31784879)|VARIABLE_SCOPE_BEGIN|[128]|attributes|Map<String,ANY>|true|false
17:45:39.18 (31810962)|VARIABLE_ASSIGNMENT|[128]|attributes|{"s":1,"v":{"type":"gameize__Gameize__c","url":"/services/data/v37.0 (48 more) ..."}}|0x462a8822
17:45:39.18 (31814590)|STATEMENT_EXECUTE|[129]
17:45:39.18 (31821447)|HEAP_ALLOCATE|[129]|Bytes:4
17:45:39.18 (31832605)|ENTERING_MANAGED_PKG|
17:45:39.18 (31858115)|VARIABLE_SCOPE_BEGIN|[129]|objectName|String|false|false
17:45:39.18 (31871893)|VARIABLE_ASSIGNMENT|[129]|objectName|"gameize__Gameize__c"
17:45:39.18 (31880644)|HEAP_ALLOCATE|[130]|Bytes:4
17:45:39.18 (31894557)|ENTERING_MANAGED_PKG|
17:45:39.18 (31914447)|ENTERING_MANAGED_PKG|
17:45:39.18 (31946620)|HEAP_ALLOCATE|[130]|Bytes:79
17:45:39.18 (31960852)|ENTERING_MANAGED_PKG|
17:45:39.18 (31966603)|HEAP_ALLOCATE|[130]|Bytes:16
17:45:39.18 (31972974)|ENTERING_MANAGED_PKG|
17:45:39.18 (31987126)|HEAP_ALLOCATE|[130]|Bytes:5
17:45:39.18 (32002555)|VARIABLE_SCOPE_BEGIN|[130]|fieldName|String|false|false
17:45:39.18 (32019295)|VARIABLE_ASSIGNMENT|[130]|fieldName|"attributes"
17:45:39.18 (32024323)|STATEMENT_EXECUTE|[130]
17:45:39.18 (32027186)|STATEMENT_EXECUTE|[131]
17:45:39.18 (32046413)|ENTERING_MANAGED_PKG|
17:45:39.18 (32086578)|VARIABLE_SCOPE_BEGIN|[131]|field|Object|false|false
17:45:39.18 (32116573)|VARIABLE_ASSIGNMENT|[131]|field|{"s":1,"v":{"type":"gameize__Gameize__c","url":"/services/data/v37.0 (48 more) ..."}}
17:45:39.18 (32134468)|STATEMENT_EXECUTE|[132]
17:45:39.18 (32148298)|HEAP_ALLOCATE|[130]|Bytes:5
17:45:39.18 (32160174)|VARIABLE_SCOPE_BEGIN|[130]|fieldName|String|false|false
17:45:39.18 (32173201)|VARIABLE_ASSIGNMENT|[130]|fieldName|"Id"
17:45:39.18 (32176238)|STATEMENT_EXECUTE|[130]
17:45:39.18 (32178073)|STATEMENT_EXECUTE|[131]
17:45:39.18 (32190261)|ENTERING_MANAGED_PKG|
17:45:39.18 (32204688)|VARIABLE_SCOPE_BEGIN|[131]|field|Object|false|false
17:45:39.18 (32218633)|VARIABLE_ASSIGNMENT|[131]|field|"a0041000000j7nTAAQ"
17:45:39.18 (32229078)|HEAP_ALLOCATE|[134]|Bytes:68
17:45:39.18 (32252522)|STATEMENT_EXECUTE|[136]
17:45:39.18 (32254567)|STATEMENT_EXECUTE|[137]
17:45:39.18 (32264344)|HEAP_ALLOCATE|[137]|Bytes:4
17:45:39.18 (32278595)|ENTERING_MANAGED_PKG|
17:45:39.18 (32300173)|VARIABLE_SCOPE_BEGIN|[137]|fieldNames|Set<String>|true|false
17:45:39.18 (32335650)|VARIABLE_ASSIGNMENT|[137]|fieldNames|{"s":1,"v":[]}|0x3f73bea5
17:45:39.18 (32357325)|ENTERING_MANAGED_PKG|
17:45:39.18 (32397682)|STATEMENT_EXECUTE|[138]
17:45:39.18 (32405253)|STATEMENT_EXECUTE|[139]
17:45:39.18 (32417746)|ENTERING_MANAGED_PKG|
17:45:39.18 (32440175)|HEAP_ALLOCATE|[EXTERNAL]|Bytes:4
17:45:39.18 (32452106)|STATEMENT_EXECUTE|[140]
17:45:39.18 (32463316)|ENTERING_MANAGED_PKG|
17:45:39.18 (32490496)|HEAP_ALLOCATE|[EXTERNAL]|Bytes:-4
17:45:39.18 (32503210)|HEAP_ALLOCATE|[130]|Bytes:5
17:45:39.18 (32516498)|VARIABLE_SCOPE_BEGIN|[130]|fieldName|String|false|false
17:45:39.18 (32533744)|VARIABLE_ASSIGNMENT|[130]|fieldName|"gameize__dataFavorit (4 more) ..."
17:45:39.18 (32537367)|STATEMENT_EXECUTE|[130]
17:45:39.18 (32539000)|STATEMENT_EXECUTE|[131]
17:45:39.18 (32550407)|ENTERING_MANAGED_PKG|
17:45:39.18 (32562211)|VARIABLE_SCOPE_BEGIN|[131]|field|Object|false|false
17:45:39.18 (32580898)|VARIABLE_ASSIGNMENT|[131]|field|"[{\"name\":\"Hangman\",\" (27 more) ..."
17:45:39.18 (32610589)|STATEMENT_EXECUTE|[136]
17:45:39.18 (32614057)|STATEMENT_EXECUTE|[137]
17:45:39.18 (32626406)|HEAP_ALLOCATE|[137]|Bytes:4
17:45:39.18 (32644866)|ENTERING_MANAGED_PKG|
17:45:39.18 (32659139)|VARIABLE_SCOPE_BEGIN|[137]|fieldNames|Set<String>|true|false
17:45:39.18 (32698593)|VARIABLE_ASSIGNMENT|[137]|fieldNames|{"s":1,"v":[]}|0x4d65dc6a
17:45:39.18 (32713925)|ENTERING_MANAGED_PKG|
17:45:39.18 (32726871)|STATEMENT_EXECUTE|[138]
17:45:39.18 (32737683)|ENTERING_MANAGED_PKG|
17:45:39.18 (32764636)|VARIABLE_ASSIGNMENT|[138]|fieldNames|{"s":1,"v":["Id"]}|0x3f73bea5
17:45:39.18 (32768439)|STATEMENT_EXECUTE|[139]
17:45:39.18 (32777198)|ENTERING_MANAGED_PKG|
17:45:39.18 (32782687)|HEAP_ALLOCATE|[EXTERNAL]|Bytes:4
17:45:39.18 (32788655)|STATEMENT_EXECUTE|[140]
17:45:39.18 (32795482)|ENTERING_MANAGED_PKG|
17:45:39.18 (32813053)|HEAP_ALLOCATE|[130]|Bytes:5
17:45:39.18 (32829365)|VARIABLE_SCOPE_BEGIN|[130]|fieldName|String|false|false
17:45:39.18 (32845004)|VARIABLE_ASSIGNMENT|[130]|fieldName|"gameize__dataHistory (3 more) ..."
17:45:39.18 (32848358)|STATEMENT_EXECUTE|[130]
17:45:39.18 (32850050)|STATEMENT_EXECUTE|[131]
17:45:39.18 (32860294)|ENTERING_MANAGED_PKG|
17:45:39.18 (32872903)|VARIABLE_SCOPE_BEGIN|[131]|field|Object|false|false
17:45:39.18 (32888858)|VARIABLE_ASSIGNMENT|[131]|field|"[{\"name\":\"Hangman\",\" (1192 more) ..."
17:45:39.18 (32908619)|STATEMENT_EXECUTE|[136]
17:45:39.18 (32910683)|STATEMENT_EXECUTE|[137]
17:45:39.18 (32918690)|HEAP_ALLOCATE|[137]|Bytes:4
17:45:39.18 (32929361)|ENTERING_MANAGED_PKG|
17:45:39.18 (32937329)|VARIABLE_SCOPE_BEGIN|[137]|fieldNames|Set<String>|true|false
17:45:39.18 (32964136)|VARIABLE_ASSIGNMENT|[137]|fieldNames|{"s":1,"v":[]}|0x5f9c367c
17:45:39.18 (32976819)|ENTERING_MANAGED_PKG|
17:45:39.18 (32988339)|STATEMENT_EXECUTE|[138]
17:45:39.18 (32996599)|ENTERING_MANAGED_PKG|
17:45:39.18 (33022253)|VARIABLE_ASSIGNMENT|[138]|fieldNames|{"s":1,"v":["Id","gameize__dataFavorit (4 more) ..."]}|0x3f73bea5
17:45:39.18 (33026562)|STATEMENT_EXECUTE|[139]
17:45:39.18 (33035483)|ENTERING_MANAGED_PKG|
17:45:39.18 (33040686)|HEAP_ALLOCATE|[EXTERNAL]|Bytes:4
17:45:39.18 (33046534)|STATEMENT_EXECUTE|[140]
17:45:39.18 (33053196)|ENTERING_MANAGED_PKG|
17:45:39.18 (33070297)|HEAP_ALLOCATE|[130]|Bytes:5
17:45:39.18 (33088331)|VARIABLE_ASSIGNMENT|[130]|fieldName|null
17:45:39.18 (33099154)|METHOD_EXIT|[117]|01p41000000CNQM|gameize.ETLC_SecuredDB.findFieldsRecursive(Map<String,Set<String>>, Map<String,ANY>)
17:45:39.18 (33107539)|HEAP_ALLOCATE|[116]|Bytes:5
17:45:39.18 (33126390)|VARIABLE_ASSIGNMENT|[116]|record|null
17:45:39.18 (33131786)|HEAP_ALLOCATE|[119]|Bytes:4
17:45:39.18 (33141467)|ENTERING_MANAGED_PKG|
17:45:39.18 (33161710)|ENTERING_MANAGED_PKG|
17:45:39.18 (33172391)|HEAP_ALLOCATE|[119]|Bytes:27
17:45:39.18 (33182616)|ENTERING_MANAGED_PKG|
17:45:39.18 (33185865)|HEAP_ALLOCATE|[119]|Bytes:4
17:45:39.18 (33192085)|ENTERING_MANAGED_PKG|
17:45:39.18 (33205991)|HEAP_ALLOCATE|[119]|Bytes:5
17:45:39.18 (33226852)|VARIABLE_SCOPE_BEGIN|[119]|objectName|String|false|false
17:45:39.18 (33248203)|VARIABLE_ASSIGNMENT|[119]|objectName|"gameize__Gameize__c"
17:45:39.18 (33253607)|STATEMENT_EXECUTE|[119]
17:45:39.18 (33256531)|STATEMENT_EXECUTE|[120]
17:45:39.18 (33267119)|HEAP_ALLOCATE|[120]|Bytes:2
17:45:39.18 (33280505)|ENTERING_MANAGED_PKG|
17:45:39.18 (33325227)|ENTERING_MANAGED_PKG|
17:45:39.18 (33343511)|HEAP_ALLOCATE|[120]|Bytes:55
17:45:39.18 (33357038)|HEAP_ALLOCATE|[120]|Bytes:76
17:45:39.18 (33366576)|ENTERING_MANAGED_PKG|
17:45:39.18 (33375262)|USER_DEBUG|[120]|DEBUG|gameize__Gameize__c: {Id, gameize__dataFavorite__c, gameize__dataHistory__c}
17:45:39.18 (33389926)|HEAP_ALLOCATE|[119]|Bytes:5
17:45:39.18 (33417996)|VARIABLE_ASSIGNMENT|[119]|objectName|null
17:45:39.18 (33423781)|STATEMENT_EXECUTE|[122]
17:45:39.18 (33447467)|METHOD_EXIT|[29]|01p41000000CNQM|gameize.ETLC_SecuredDB.findFields(List<SObject>)
17:45:39.18 (33467111)|METHOD_ENTRY|[29]|01p41000000CNQM|gameize.ETLC_SecuredDB.validate(gameize.ETLC_SecuredDB.Operation, Map<String,Set<String>>)
17:45:39.18 (33473898)|VARIABLE_SCOPE_BEGIN|[55]|op|gameize.ETLC_SecuredDB.Operation|true|false
17:45:39.18 (33496491)|VARIABLE_ASSIGNMENT|[55]|op|"Querying"|0x691ecc9c
17:45:39.18 (33500047)|VARIABLE_SCOPE_BEGIN|[55]|mapFieldNames|Map<String,Set<String>>|true|false
17:45:39.18 (33528544)|VARIABLE_ASSIGNMENT|[55]|mapFieldNames|{"s":1,"v":{"gameize__Gameize__c":{"s":2,"v":["Id","gameize__dataFavorit (4 more) ...","gameize__dataHistory (3 more) ..."]}}}|0x7d675517
17:45:39.18 (33536525)|HEAP_ALLOCATE|[56]|Bytes:5
17:45:39.18 (33540494)|STATEMENT_EXECUTE|[55]
17:45:39.18 (33542681)|STATEMENT_EXECUTE|[56]
17:45:39.18 (33552700)|VARIABLE_SCOPE_BEGIN|[56]|securityMessage|String|false|false
17:45:39.18 (33564301)|VARIABLE_ASSIGNMENT|[56]|securityMessage|null
17:45:39.18 (33566483)|STATEMENT_EXECUTE|[57]
17:45:39.18 (33588424)|ENTERING_MANAGED_PKG|
17:45:39.18 (42537603)|HEAP_ALLOCATE|[57]|Bytes:1256
17:45:39.18 (42554843)|VARIABLE_SCOPE_BEGIN|[57]|mapObjects|Map<String,Schema.SObjectType>|true|false
17:45:39.18 (42735799)|VARIABLE_ASSIGNMENT|[57]|mapObjects|"{acceptedeventrelation=AcceptedEventRelation, account=Account, accountcontactrole=AccountContactRole, accounthistory=AccountHistory, accountpartner=AccountPartner, accountshare=AccountShare, actionlinkgrouptemplate=ActionLinkGroupTemplate, actionlinktemplate=ActionLinkTemplate, activityhistory=ActivityHistory, additionalnumber=AdditionalNumber, ...}"|0xa7bdb59
17:45:39.18 (42745120)|HEAP_ALLOCATE|[58]|Bytes:4
17:45:39.18 (42761121)|ENTERING_MANAGED_PKG|
17:45:39.18 (42785887)|ENTERING_MANAGED_PKG|
17:45:39.18 (42798918)|HEAP_ALLOCATE|[58]|Bytes:27
17:45:39.18 (42810602)|ENTERING_MANAGED_PKG|
17:45:39.18 (42814352)|HEAP_ALLOCATE|[58]|Bytes:4
17:45:39.18 (42820629)|ENTERING_MANAGED_PKG|
17:45:39.18 (42832362)|HEAP_ALLOCATE|[58]|Bytes:5
17:45:39.18 (42847803)|VARIABLE_SCOPE_BEGIN|[58]|sObjectName|String|false|false
17:45:39.18 (42865115)|VARIABLE_ASSIGNMENT|[58]|sObjectName|"gameize__Gameize__c"
17:45:39.18 (42869333)|STATEMENT_EXECUTE|[58]
17:45:39.18 (42871656)|STATEMENT_EXECUTE|[59]
17:45:39.18 (42881391)|HEAP_ALLOCATE|[59]|Bytes:9
17:45:39.18 (42884820)|HEAP_ALLOCATE|[59]|Bytes:7
17:45:39.18 (42900570)|ENTERING_MANAGED_PKG|
17:45:39.18 (42928942)|HEAP_ALLOCATE|[59]|Bytes:8
17:45:39.18 (42937391)|HEAP_ALLOCATE|[59]|Bytes:1
17:45:39.18 (42949275)|HEAP_ALLOCATE|[59]|Bytes:44
17:45:39.18 (42967319)|VARIABLE_ASSIGNMENT|[59]|securityMessage|"CRUD on [gameize__Ga (24 more) ..."
17:45:39.18 (42970631)|STATEMENT_EXECUTE|[60]
17:45:39.18 (42977544)|HEAP_ALLOCATE|[60]|Bytes:10
17:45:39.18 (42982846)|HEAP_ALLOCATE|[60]|Bytes:54
17:45:39.18 (42995029)|ENTERING_MANAGED_PKG|
17:45:39.18 (43015200)|USER_DEBUG|[60]|DEBUG|Checking: CRUD on [gameize__Gameize__c] for [Querying]
17:45:39.18 (43023002)|STATEMENT_EXECUTE|[61]
17:45:39.18 (43036290)|ENTERING_MANAGED_PKG|
17:45:39.18 (43345675)|HEAP_ALLOCATE|[61]|Bytes:4
17:45:39.18 (43383081)|VARIABLE_SCOPE_BEGIN|[61]|drSObj|Schema.DescribeSObjectResult|true|false
17:45:39.18 (43475681)|VARIABLE_ASSIGNMENT|[61]|drSObj|"common.api.soap.wsdl.DescribeSObjectResult@53f8aaa0"|0x7e1fb4b
17:45:39.18 (43604129)|STATEMENT_EXECUTE|[64]
17:45:39.18 (43629393)|STATEMENT_EXECUTE|[65]
17:45:39.18 (43679887)|STATEMENT_EXECUTE|[77]
17:45:39.18 (43682588)|STATEMENT_EXECUTE|[79]
17:45:39.18 (43898410)|HEAP_ALLOCATE|[79]|Bytes:60
17:45:39.18 (43912419)|VARIABLE_SCOPE_BEGIN|[79]|mapFields|Map<String,Schema.SObjectField>|true|false
17:45:39.18 (44061046)|VARIABLE_ASSIGNMENT|[79]|mapFields|"{createdbyid=CreatedById, createddate=CreatedDate, gameize__datafavorite__c=gameize__dataFavorite__c, gameize__datahistory__c=gameize__dataHistory__c, gameize__user__c=gameize__User__c, id=Id, isdeleted=IsDeleted, lastmodifiedbyid=LastModifiedById, lastmodifieddate=LastModifiedDate, lastreferenceddate=LastReferencedDate, ...}"|0x37916f1f
17:45:39.18 (44071331)|HEAP_ALLOCATE|[80]|Bytes:4
17:45:39.18 (44085683)|ENTERING_MANAGED_PKG|
17:45:39.18 (44109598)|ENTERING_MANAGED_PKG|
17:45:39.18 (44123649)|ENTERING_MANAGED_PKG|
17:45:39.18 (44127868)|HEAP_ALLOCATE|[80]|Bytes:12
17:45:39.18 (44134800)|ENTERING_MANAGED_PKG|
17:45:39.18 (44146593)|HEAP_ALLOCATE|[80]|Bytes:5
17:45:39.18 (44160980)|VARIABLE_SCOPE_BEGIN|[80]|fieldName|String|false|false
17:45:39.18 (44177290)|VARIABLE_ASSIGNMENT|[80]|fieldName|"Id"
17:45:39.18 (44181034)|STATEMENT_EXECUTE|[80]
17:45:39.18 (44183547)|STATEMENT_EXECUTE|[81]
17:45:39.18 (44199313)|ENTERING_MANAGED_PKG|
17:45:39.18 (44722964)|HEAP_ALLOCATE|[81]|Bytes:8
17:45:39.18 (44757750)|VARIABLE_SCOPE_BEGIN|[81]|drField|Schema.DescribeFieldResult|true|false
17:45:39.18 (44839161)|VARIABLE_ASSIGNMENT|[81]|drField|"common.api.soap.wsdl.Field@63e91da7"|0x7a5f3d30
17:45:39.18 (44863204)|STATEMENT_EXECUTE|[99]
17:45:39.18 (44866133)|STATEMENT_EXECUTE|[100]
17:45:39.18 (44875963)|HEAP_ALLOCATE|[100]|Bytes:22
17:45:39.18 (44879990)|HEAP_ALLOCATE|[100]|Bytes:1
17:45:39.18 (44899086)|ENTERING_MANAGED_PKG|
17:45:39.18 (44927354)|HEAP_ALLOCATE|[100]|Bytes:8
17:45:39.18 (44949332)|HEAP_ALLOCATE|[100]|Bytes:59
17:45:39.18 (44952724)|HEAP_ALLOCATE|[100]|Bytes:35
17:45:39.18 (44956141)|HEAP_ALLOCATE|[100]|Bytes:94
17:45:39.18 (44967115)|ENTERING_MANAGED_PKG|
17:45:39.18 (44975944)|USER_DEBUG|[100]|DEBUG|Bypass Check: FLS on [gameize__Gameize__c.Id] for [Querying] since it's not isPermissionable()
17:45:39.18 (44988931)|HEAP_ALLOCATE|[80]|Bytes:5
17:45:39.18 (45002661)|VARIABLE_SCOPE_BEGIN|[80]|fieldName|String|false|false
17:45:39.18 (45021558)|VARIABLE_ASSIGNMENT|[80]|fieldName|"gameize__dataFavorit (4 more) ..."
17:45:39.18 (45025533)|STATEMENT_EXECUTE|[80]
17:45:39.18 (45027554)|STATEMENT_EXECUTE|[81]
17:45:39.18 (45040355)|ENTERING_MANAGED_PKG|
17:45:39.18 (45508770)|HEAP_ALLOCATE|[81]|Bytes:8
17:45:39.18 (45523752)|VARIABLE_SCOPE_BEGIN|[81]|drField|Schema.DescribeFieldResult|true|false
17:45:39.18 (45600849)|VARIABLE_ASSIGNMENT|[81]|drField|"common.api.soap.wsdl.Field@91d35b95"|0x6a123d1b
17:45:39.18 (45613089)|STATEMENT_EXECUTE|[82]
17:45:39.18 (45615445)|STATEMENT_EXECUTE|[83]
17:45:39.18 (45624166)|HEAP_ALLOCATE|[83]|Bytes:8
17:45:39.18 (45644780)|ENTERING_MANAGED_PKG|
17:45:39.18 (45673317)|HEAP_ALLOCATE|[83]|Bytes:8
17:45:39.18 (45688127)|HEAP_ALLOCATE|[83]|Bytes:67
17:45:39.18 (45692796)|HEAP_ALLOCATE|[83]|Bytes:68
17:45:39.18 (45711200)|VARIABLE_ASSIGNMENT|[83]|securityMessage|"FLS on [gameize__Gam (48 more) ..."
17:45:39.18 (45714832)|STATEMENT_EXECUTE|[84]
17:45:39.18 (45724057)|HEAP_ALLOCATE|[84]|Bytes:78
17:45:39.18 (45736491)|ENTERING_MANAGED_PKG|
17:45:39.18 (45756209)|USER_DEBUG|[84]|DEBUG|Checking: FLS on [gameize__Gameize__c.gameize__dataFavorite__c] for [Querying]
17:45:39.18 (45840920)|STATEMENT_EXECUTE|[87]
17:45:39.18 (45858475)|STATEMENT_EXECUTE|[88]
17:45:39.18 (45873579)|HEAP_ALLOCATE|[80]|Bytes:5
17:45:39.18 (45887257)|VARIABLE_SCOPE_BEGIN|[80]|fieldName|String|false|false
17:45:39.18 (45904741)|VARIABLE_ASSIGNMENT|[80]|fieldName|"gameize__dataHistory (3 more) ..."
17:45:39.18 (45908022)|STATEMENT_EXECUTE|[80]
17:45:39.18 (45909726)|STATEMENT_EXECUTE|[81]
17:45:39.18 (45921856)|ENTERING_MANAGED_PKG|
17:45:39.18 (46051645)|HEAP_ALLOCATE|[81]|Bytes:8
17:45:39.18 (46066655)|VARIABLE_SCOPE_BEGIN|[81]|drField|Schema.DescribeFieldResult|true|false
17:45:39.18 (46141947)|VARIABLE_ASSIGNMENT|[81]|drField|"common.api.soap.wsdl.Field@8d53eb0a"|0x48f9b9d0
17:45:39.18 (46153474)|STATEMENT_EXECUTE|[82]
17:45:39.18 (46155651)|STATEMENT_EXECUTE|[83]
17:45:39.18 (46179154)|ENTERING_MANAGED_PKG|
17:45:39.18 (46187978)|HEAP_ALLOCATE|[83]|Bytes:8
17:45:39.18 (46201465)|HEAP_ALLOCATE|[83]|Bytes:66
17:45:39.18 (46205318)|HEAP_ALLOCATE|[83]|Bytes:67
17:45:39.18 (46222765)|VARIABLE_ASSIGNMENT|[83]|securityMessage|"FLS on [gameize__Gam (47 more) ..."
17:45:39.18 (46226483)|STATEMENT_EXECUTE|[84]
17:45:39.18 (46234083)|HEAP_ALLOCATE|[84]|Bytes:77
17:45:39.18 (46243588)|ENTERING_MANAGED_PKG|
17:45:39.18 (46251891)|USER_DEBUG|[84]|DEBUG|Checking: FLS on [gameize__Gameize__c.gameize__dataHistory__c] for [Querying]
17:45:39.18 (46292023)|STATEMENT_EXECUTE|[87]
17:45:39.18 (46299944)|STATEMENT_EXECUTE|[88]
17:45:39.18 (46312305)|HEAP_ALLOCATE|[80]|Bytes:5
17:45:39.18 (46332195)|VARIABLE_ASSIGNMENT|[80]|fieldName|null
17:45:39.18 (46339606)|HEAP_ALLOCATE|[58]|Bytes:5
17:45:39.18 (46352449)|VARIABLE_ASSIGNMENT|[58]|sObjectName|null
17:45:39.18 (46362663)|METHOD_EXIT|[29]|01p41000000CNQM|gameize.ETLC_SecuredDB.validate(gameize.ETLC_SecuredDB.Operation, Map<String,Set<String>>)
17:45:39.18 (46369795)|METHOD_EXIT|[27]|01p41000000CNQM|gameize.ETLC_SecuredDB.validateQuery(List<SObject>)
17:45:39.18 (46372504)|STATEMENT_EXECUTE|[29]
17:45:39.18 (46386006)|HEAP_ALLOCATE|[29]|Bytes:16
17:45:39.18 (46395933)|METHOD_ENTRY|[29]||System.JSON.serialize(Object)
17:45:39.18 (46523684)|METHOD_EXIT|[29]||System.JSON.serialize(Object)
17:45:39.18 (46545675)|VARIABLE_ASSIGNMENT|[29]|returnData|"{\"attributes\":{\"type (1596 more) ..."
17:45:39.18 (46604706)|VARIABLE_ASSIGNMENT|[EXTERNAL]|this|{"debug":true,"input":"{\"mode\":\"fetchUserDa (4 more) ...","operation":"GameizeController"}|0x17ebd2f0
17:45:39.18 (46615292)|STATEMENT_EXECUTE|[30]
17:45:39.18 (46617717)|STATEMENT_EXECUTE|[30]
17:45:39.18 (46630721)|HEAP_ALLOCATE|[30]|Bytes:1657
17:45:39.18 (46644497)|ENTERING_MANAGED_PKG|
17:45:39.18 (46653533)|USER_DEBUG|[30]|DEBUG|GameizeController:fetchData:returnData:: {"attributes":{"type":"gameize__Gameize__c","url":"/services/data/v37.0/sobjects/gameize__Gameize__c/a0041000000j7nTAAQ"},"Id":"a0041000000j7nTAAQ","gameize__dataFavorite__c":"[{\"name\":\"Hangman\",\"cmpname\":\"Hangman\",\"id\":2}]","gameize__dataHistory__c":"[{\"name\":\"Hangman\",\"cmpname\":\"Hangman\",\"datePlayed\":\"Mon Aug 08 2016 15:45:16 GMT-0400 (Eastern Daylight Time)\",\"id\":2},{\"name\":\"Hangman\",\"cmpname\":\"Hangman\",\"datePlayed\":\"Mon Aug 08 2016 15:45:23 GMT-0400 (Eastern Daylight Time)\",\"id\":2},{\"name\":\"Age Counter\",\"cmpname\":\"AgeCounter\",\"datePlayed\":\"Mon Aug 08 2016 15:45:26 GMT-0400 (Eastern Daylight Time)\",\"id\":1},{\"name\":\"Hangman\",\"cmpname\":\"Hangman\",\"datePlayed\":\"Mon Aug 08 2016 15:45:31 GMT-0400 (Eastern Daylight Time)\",\"id\":2},{\"name\":\"Age Counter\",\"cmpname\":\"AgeCounter\",\"datePlayed\":\"Mon Aug 08 2016 15:48:19 GMT-0400 (Eastern Daylight Time)\",\"id\":1},{\"name\":\"Hangman\",\"cmpname\":\"Hangman\",\"datePlayed\":\"Mon Aug 08 2016 15:48:22 GMT-0400 (Eastern Daylight Time)\",\"id\":2},{\"name\":\"Hangman\",\"cmpname\":\"Hangman\",\"datePlayed\":\"Mon Aug 08 2016 15:48:28 GMT-0400 (Eastern Daylight Time)\",\"id\":2},{\"name\":\"Hangman\",\"cmpname\":\"Hangman\",\"datePlayed\":\"Mon Aug 08 2016 15:48:31 GMT-0400 (Eastern Daylight Time)\",\"id\":2},{\"name\":\"Age Counter\",\"cmpname\":\"AgeCounter\",\"datePlayed\":\"Mon Aug 08 2016 15:48:34 GMT-0400 (Eastern Daylight Time)\",\"id\":1},{\"name\":\"Hangman\",\"cmpname\":\"Hangman\",\"datePlayed\":\"Mon Aug 08 2016 15:48:42 GMT-0400 (Eastern Daylight Time)\",\"id\":2}]"}
17:45:39.18 (46668652)|STATEMENT_EXECUTE|[33]
17:45:39.18 (46680145)|METHOD_EXIT|[9]|01p41000000CQtU|gameize.GameizeController.fetchUserData(Id)
17:45:39.18 (46716951)|VARIABLE_ASSIGNMENT|[EXTERNAL]|this|{"debug":true,"input":"{\"mode\":\"fetchUserDa (4 more) ...","operation":"GameizeController"}|0x17ebd2f0
17:45:39.18 (46727850)|VARIABLE_ASSIGNMENT|[EXTERNAL]|value|"{\"attributes\":{\"type (1596 more) ..."
17:45:39.18 (46740487)|VARIABLE_ASSIGNMENT|[12]|this.output|"{\"attributes\":{\"type (1596 more) ..."|0x17ebd2f0
17:45:39.18 (46746707)|STATEMENT_EXECUTE|[10]
17:45:39.18 (46790746)|VARIABLE_ASSIGNMENT|[EXTERNAL]|this|{"debug":true,"input":"{\"mode\":\"fetchUserDa (4 more) ...","operation":"GameizeController","output":"{\"attributes\":{\"type (1596 more) ..."}|0x17ebd2f0
17:45:39.18 (46823228)|VARIABLE_ASSIGNMENT|[EXTERNAL]|this|{"debug":true,"input":"{\"mode\":\"fetchUserDa (4 more) ...","operation":"GameizeController","output":"{\"attributes\":{\"type (1596 more) ..."}|0x17ebd2f0
17:45:39.18 (46832724)|VARIABLE_ASSIGNMENT|[EXTERNAL]|value|true
17:45:39.18 (46836704)|HEAP_ALLOCATE|[15]|Bytes:5
17:45:39.18 (46845031)|VARIABLE_ASSIGNMENT|[15]|this.outputFlag|true|0x17ebd2f0
17:45:39.18 (46856428)|METHOD_EXIT|[8]|01p41000000CQtU|gameize.GameizeController.process(gameize.ETLC_ApexBridge_Data)
17:45:39.18 (46859914)|STATEMENT_EXECUTE|[23]
17:45:39.18 (46869994)|METHOD_ENTRY|[23]|01p41000000CNQH|gameize.ETLC_ApexBridge_Data.toJSON()
17:45:39.18 (46873323)|VARIABLE_SCOPE_BEGIN|[57]|this|gameize.ETLC_ApexBridge_Data|true|false
17:45:39.18 (46900838)|VARIABLE_ASSIGNMENT|[57]|this|{"debug":true,"input":"{\"mode\":\"fetchUserDa (4 more) ...","operation":"GameizeController","output":"{\"attributes\":{\"type (1596 more) ...","outputFlag":true}|0x17ebd2f0
17:45:39.18 (46906052)|STATEMENT_EXECUTE|[57]
17:45:39.18 (46908176)|STATEMENT_EXECUTE|[58]
17:45:39.18 (46917475)|METHOD_ENTRY|[58]||System.JSON.serialize(Object)
17:45:39.18 (46991641)|STATEMENT_EXECUTE|[22]
17:45:39.18 (46995152)|STATEMENT_EXECUTE|[23]
17:45:39.18 (47003051)|HEAP_ALLOCATE|[23]|Bytes:5
17:45:39.18 (47017185)|VARIABLE_ASSIGNMENT|[23]|this.isSuccess|true|0x17ebd2f0
17:45:39.18 (47019894)|STATEMENT_EXECUTE|[24]
17:45:39.18 (47053977)|STATEMENT_EXECUTE|[31]
17:45:39.18 (47056805)|STATEMENT_EXECUTE|[32]
17:45:39.18 (47062829)|HEAP_ALLOCATE|[32]|Bytes:4
17:45:39.18 (47089988)|VARIABLE_ASSIGNMENT|[32]|this.messages|{"s":1,"v":{}}|0x17ebd2f0
17:45:39.18 (47093375)|STATEMENT_EXECUTE|[33]
17:45:39.18 (47348589)|METHOD_EXIT|[58]||System.JSON.serialize(Object)
17:45:39.18 (47355989)|METHOD_EXIT|[23]|01p41000000CNQH|gameize.ETLC_ApexBridge_Data.toJSON()
17:45:39.18 (47368536)|SYSTEM_MODE_EXIT|false
17:45:39.47 (47408811)|CUMULATIVE_LIMIT_USAGE
17:45:39.47 (47408811)|LIMIT_USAGE_FOR_NS|(default)|
  Number of SOQL queries: 0 out of 100
  Number of query rows: 0 out of 50000
  Number of SOSL queries: 0 out of 20
  Number of DML statements: 0 out of 150
  Number of DML rows: 0 out of 10000
  Maximum CPU time: 0 out of 10000
  Maximum heap size: 0 out of 6000000
  Number of callouts: 0 out of 100
  Number of Email Invocations: 0 out of 10
  Number of future calls: 0 out of 50
  Number of queueable jobs added to the queue: 0 out of 50
  Number of Mobile Apex push calls: 0 out of 10

17:45:39.47 (47408811)|LIMIT_USAGE_FOR_NS|gameize|
  Number of SOQL queries: 2 out of 100
  Number of query rows: 2 out of 50000
  Number of SOSL queries: 0 out of 20
  Number of DML statements: 0 out of 150
  Number of DML rows: 0 out of 10000
  Maximum CPU time: 0 out of 10000
  Maximum heap size: 0 out of 6000000
  Number of callouts: 0 out of 100
  Number of Email Invocations: 0 out of 10
  Number of future calls: 0 out of 50
  Number of queueable jobs added to the queue: 0 out of 50
  Number of Mobile Apex push calls: 0 out of 10

17:45:39.47 (47408811)|CUMULATIVE_LIMIT_USAGE_END

17:45:39.18 (47478935)|CODE_UNIT_FINISHED|ETLC_ApexBridge_Controller.execute
