37.0 APEX_CODE,FINEST;APEX_PROFILING,INFO;CALLOUT,INFO;DB,INFO;SYSTEM,DEBUG;VALIDATION,INFO;VISUALFORCE,INFO;WORKFLOW,INFO
17:49:19.0 (125328)|USER_INFO|[EXTERNAL]|00541000000Hq4o|gameize@jr.te|Eastern Standard Time|GMT-04:00
17:49:19.0 (560598)|HEAP_ALLOCATE|[72]|Bytes:3
17:49:19.0 (634057)|HEAP_ALLOCATE|[77]|Bytes:152
17:49:19.0 (659745)|HEAP_ALLOCATE|[342]|Bytes:408
17:49:19.0 (682628)|HEAP_ALLOCATE|[355]|Bytes:408
17:49:19.0 (704123)|HEAP_ALLOCATE|[467]|Bytes:48
17:49:19.1 (1861904)|USER_INFO|[EXTERNAL]|00541000000Hq4o|gameize@jr.te|Eastern Standard Time|GMT-04:00
17:49:19.1 (2055062)|STATEMENT_EXECUTE|[1]
17:49:19.1 (2068106)|METHOD_EXIT|[1]|ETLC_ApexBridge_Controller
17:49:19.1 (2073449)|HEAP_ALLOCATE|[EXTERNAL]|Bytes:1768
17:49:19.1 (2086989)|SYSTEM_MODE_ENTER|false
17:49:19.1 (2096088)|VARIABLE_SCOPE_BEGIN|[3]|dataJson|String|false|false
17:49:19.1 (2125897)|VARIABLE_ASSIGNMENT|[3]|dataJson|"{\"operation\":\"Gameiz (1748 more) ..."
17:49:19.1 (2141002)|STATEMENT_EXECUTE|[3]
17:49:19.1 (2142685)|STATEMENT_EXECUTE|[4]
17:49:19.1 (2280662)|VARIABLE_SCOPE_BEGIN|[4]|data|gameize.ETLC_ApexBridge_Data|true|false
17:49:19.1 (2293000)|VARIABLE_ASSIGNMENT|[4]|data|null|
17:49:19.1 (2295804)|STATEMENT_EXECUTE|[5]
17:49:19.1 (2296943)|STATEMENT_EXECUTE|[5]
17:49:19.1 (2298022)|STATEMENT_EXECUTE|[6]
17:49:19.1 (2314168)|HEAP_ALLOCATE|[6]|Bytes:11
17:49:19.1 (2319948)|HEAP_ALLOCATE|[6]|Bytes:248
17:49:19.1 (2322554)|HEAP_ALLOCATE|[6]|Bytes:39
17:49:19.1 (2351452)|METHOD_ENTRY|[2]|01p41000000CNQH|ETLC_ApexBridge_Data.ETLC_ApexBridge_Data()
17:49:19.1 (2355437)|STATEMENT_EXECUTE|[2]
17:49:19.1 (2360297)|STATEMENT_EXECUTE|[2]
17:49:19.1 (2367221)|METHOD_EXIT|[2]|ETLC_ApexBridge_Data
17:49:19.1 (2381822)|METHOD_ENTRY|[6]|01p41000000CNQH|gameize.ETLC_ApexBridge_Data.fromJSON(String)
17:49:19.1 (2401322)|VARIABLE_SCOPE_BEGIN|[60]|strJson|String|false|false
17:49:19.1 (2411004)|VARIABLE_ASSIGNMENT|[60]|strJson|"{\"operation\":\"Gameiz (1748 more) ..."
17:49:19.1 (2415531)|STATEMENT_EXECUTE|[60]
17:49:19.1 (2417066)|STATEMENT_EXECUTE|[61]
17:49:19.1 (2425168)|HEAP_ALLOCATE|[61]|Bytes:28
17:49:19.1 (2452639)|HEAP_ALLOCATE|[50]|Bytes:5
17:49:19.1 (2480332)|HEAP_ALLOCATE|[56]|Bytes:5
17:49:19.1 (2488768)|HEAP_ALLOCATE|[64]|Bytes:7
17:49:19.1 (2593484)|HEAP_ALLOCATE|[61]|Bytes:24
17:49:19.1 (2608849)|SYSTEM_METHOD_ENTRY|[1]|Type.Type()
17:49:19.1 (2612735)|STATEMENT_EXECUTE|[1]
17:49:19.1 (2623532)|SYSTEM_METHOD_EXIT|[1]|Type
17:49:19.1 (2630350)|HEAP_ALLOCATE|[61]|Bytes:8
17:49:19.1 (2660842)|HEAP_ALLOCATE|[61]|Bytes:8
17:49:19.1 (2665775)|VARIABLE_SCOPE_BEGIN|[4]|this|System.Type|true|false
17:49:19.1 (2699901)|VARIABLE_ASSIGNMENT|[4]|this|{}|0x6351897
17:49:19.1 (2704247)|VARIABLE_SCOPE_BEGIN|[4]|apextype|java:common.apex.runtime.ApexObjectType|true|false
17:49:19.1 (2834822)|VARIABLE_ASSIGNMENT|[4]|apextype|"gameize.ETLC_ApexBridge_Data"|0x32a60840
17:49:19.1 (2901852)|HEAP_ALLOCATE|[61]|Bytes:8
17:49:19.1 (2947263)|HEAP_ALLOCATE|[61]|Bytes:24
17:49:19.1 (2962181)|SYSTEM_METHOD_ENTRY|[1]|JSON.JSON()
17:49:19.1 (2965388)|STATEMENT_EXECUTE|[1]
17:49:19.1 (2974980)|SYSTEM_METHOD_EXIT|[1]|JSON
17:49:19.1 (2988077)|METHOD_ENTRY|[61]||System.JSON.deserializeStrict(String, System.Type)
17:49:19.1 (3579247)|METHOD_EXIT|[61]||System.JSON.deserializeStrict(String, System.Type)
17:49:19.1 (3590958)|METHOD_EXIT|[6]|01p41000000CNQH|gameize.ETLC_ApexBridge_Data.fromJSON(String)
17:49:19.1 (3621913)|VARIABLE_ASSIGNMENT|[6]|data|{"debug":true,"input":"{\"mode\":\"saveUserDat (1399 more) ...","operation":"GameizeController"}|0x2b6e45dc
17:49:19.1 (3626449)|STATEMENT_EXECUTE|[7]
17:49:19.1 (3676375)|VARIABLE_ASSIGNMENT|[EXTERNAL]|this|{"debug":true,"input":"{\"mode\":\"saveUserDat (1399 more) ...","operation":"GameizeController"}|0x2b6e45dc
17:49:19.1 (3693964)|METHOD_ENTRY|[7]||System.Type.forName(String)
17:49:19.1 (3940003)|METHOD_EXIT|[7]||System.Type.forName(String)
17:49:19.1 (3950514)|METHOD_ENTRY|[7]||System.Type.newInstance()
17:49:19.1 (4103633)|STATEMENT_EXECUTE|[1]
17:49:19.1 (4115621)|HEAP_ALLOCATE|[33]|Bytes:5
17:49:19.1 (4130267)|METHOD_EXIT|[1]|GameizeController
17:49:19.1 (4135587)|HEAP_ALLOCATE|[33]|Bytes:4
17:49:19.1 (4139826)|VARIABLE_SCOPE_BEGIN|[1]|this|gameize.GameizeController|true|false
17:49:19.1 (4161507)|VARIABLE_ASSIGNMENT|[1]|this|{}|0x1a1b28b
17:49:19.1 (4169825)|HEAP_ALLOCATE|[33]|Bytes:5
17:49:19.1 (4178261)|HEAP_ALLOCATE|[33]|Bytes:11
17:49:19.1 (4191055)|METHOD_ENTRY|[1]|01p41000000CNQC|ETLC_ApexBridge_Abstract.ETLC_ApexBridge_Abstract()
17:49:19.1 (4194468)|STATEMENT_EXECUTE|[1]
17:49:19.1 (4199224)|STATEMENT_EXECUTE|[1]
17:49:19.1 (4205592)|METHOD_EXIT|[1]|ETLC_ApexBridge_Abstract
17:49:19.1 (4211924)|CONSTRUCTOR_ENTRY|[EXTERNAL]|01p41000000CNQC|<init>()
17:49:19.1 (4217949)|VARIABLE_SCOPE_BEGIN|[1]|this|gameize.ETLC_ApexBridge_Abstract|true|false
17:49:19.1 (4231106)|VARIABLE_ASSIGNMENT|[1]|this|{}|0x1a1b28b
17:49:19.1 (4243485)|STATEMENT_EXECUTE|[1]
17:49:19.1 (4247309)|CONSTRUCTOR_EXIT|[EXTERNAL]|01p41000000CNQC|<init>()
17:49:19.1 (4252083)|STATEMENT_EXECUTE|[1]
17:49:19.1 (4256580)|HEAP_ALLOCATE|[33]|Bytes:5
17:49:19.1 (4271762)|METHOD_EXIT|[7]||System.Type.newInstance()
17:49:19.1 (4278932)|VARIABLE_SCOPE_BEGIN|[7]|executor|gameize.ETLC_ApexBridge_Abstract|true|false
17:49:19.1 (4290742)|VARIABLE_ASSIGNMENT|[7]|executor|{}|0x1a1b28b
17:49:19.1 (4293279)|STATEMENT_EXECUTE|[8]
17:49:19.1 (4314034)|METHOD_ENTRY|[8]|01p41000000CQtU|gameize.GameizeController.process(gameize.ETLC_ApexBridge_Data)
17:49:19.1 (4327768)|VARIABLE_SCOPE_BEGIN|[3]|this|gameize.GameizeController|true|false
17:49:19.1 (4340519)|VARIABLE_ASSIGNMENT|[3]|this|{}|0x1a1b28b
17:49:19.1 (4343028)|VARIABLE_SCOPE_BEGIN|[3]|data|gameize.ETLC_ApexBridge_Data|true|false
17:49:19.1 (4365309)|VARIABLE_ASSIGNMENT|[3]|data|{"debug":true,"input":"{\"mode\":\"saveUserDat (1399 more) ...","operation":"GameizeController"}|0x2b6e45dc
17:49:19.1 (4373926)|HEAP_ALLOCATE|[4]|Bytes:5
17:49:19.1 (4377951)|STATEMENT_EXECUTE|[3]
17:49:19.1 (4379112)|STATEMENT_EXECUTE|[4]
17:49:19.1 (4416618)|VARIABLE_ASSIGNMENT|[4]|GameizeController.apexBridgedata|{"debug":true,"input":"{\"mode\":\"saveUserDat (1399 more) ...","operation":"GameizeController"}|0x2b6e45dc
17:49:19.1 (4456788)|VARIABLE_ASSIGNMENT|[EXTERNAL]|this|{"debug":true,"input":"{\"mode\":\"saveUserDat (1399 more) ...","operation":"GameizeController"}|0x2b6e45dc
17:49:19.1 (4472776)|STATEMENT_EXECUTE|[5]
17:49:19.1 (4499618)|ENTERING_MANAGED_PKG|
17:49:19.1 (4547515)|USER_DEBUG|[5]|DEBUG|ETLC_ApexBridge_Data:[debug=true, input={"mode":"saveUserData","fieldName":"dataHistory__c","fieldData":"[{\"name\":\"Hangman\",\"cmpname\":\"Hangman\",\"datePlayed\":\"Mon Aug 08 2016 15:45:23 GMT-0400 (Eastern Daylight Time)\",\"id\":2},{\"name\":\"Age Counter\",\"cmpname\":\"AgeCounter\",\"datePlayed\":\"Mon Aug 08 2016 15:45:26 GMT-0400 (Eastern Daylight Time)\",\"id\":1},{\"name\":\"Hangman\",\"cmpname\":\"Hangman\",\"datePlayed\":\"Mon Aug 08 2016 15:45:31 GMT-0400 (Eastern Daylight Time)\",\"id\":2},{\"name\":\"Age Counter\",\"cmpname\":\"AgeCounter\",\"datePlayed\":\"Mon Aug 08 2016 15:48:19 GMT-0400 (Eastern Daylight Time)\",\"id\":1},{\"name\":\"Hangman\",\"cmpname\":\"Hangman\",\"datePlayed\":\"Mon Aug 08 2016 15:48:22 GMT-0400 (Eastern Daylight Time)\",\"id\":2},{\"name\":\"Hangman\",\"cmpname\":\"Hangman\",\"datePlayed\":\"Mon Aug 08 2016 15:48:28 GMT-0400 (Eastern Daylight Time)\",\"id\":2},{\"name\":\"Hangman\",\"cmpname\":\"Hangman\",\"datePlayed\":\"Mon Aug 08 2016 15:48:31 GMT-0400 (Eastern Daylight Time)\",\"id\":2},{\"name\":\"Age Counter\",\"cmpname\":\"AgeCounter\",\"datePlayed\":\"Mon Aug 08 2016 15:48:34 GMT-0400 (Eastern Daylight Time)\",\"id\":1},{\"name\":\"Hangman\",\"cmpname\":\"Hangman\",\"datePlayed\":\"Mon Aug 08 2016 15:48:42 GMT-0400 (Eastern Daylight Time)\",\"id\":2},{\"name\":\"Hangman\",\"cmpname\":\"Hangman\",\"datePlayed\":\"Mon Aug 08 2016 17:49:22 GMT-0400 (Eastern Daylight Time)\",\"id\":2}]"}, isSuccess=null, messages=null, operation=GameizeController, output=null, outputFlag=null, records=null]
17:49:19.1 (4563376)|STATEMENT_EXECUTE|[7]
17:49:19.1 (4571671)|HEAP_ALLOCATE|[7]|Bytes:4
17:49:19.1 (4583934)|METHOD_ENTRY|[7]|01p41000000CNQH|gameize.ETLC_ApexBridge_Data.getInputValue(String)
17:49:19.1 (4596587)|VARIABLE_SCOPE_BEGIN|[52]|this|gameize.ETLC_ApexBridge_Data|true|false
17:49:19.1 (4621415)|VARIABLE_ASSIGNMENT|[52]|this|{"debug":true,"input":"{\"mode\":\"saveUserDat (1399 more) ...","operation":"GameizeController"}|0x2b6e45dc
17:49:19.1 (4625047)|VARIABLE_SCOPE_BEGIN|[52]|key|String|false|false
17:49:19.1 (4628651)|VARIABLE_ASSIGNMENT|[52]|key|"mode"
17:49:19.1 (4632832)|STATEMENT_EXECUTE|[52]
17:49:19.1 (4634065)|STATEMENT_EXECUTE|[53]
17:49:19.1 (4674103)|VARIABLE_ASSIGNMENT|[EXTERNAL]|this|{"debug":true,"input":"{\"mode\":\"saveUserDat (1399 more) ...","operation":"GameizeController"}|0x2b6e45dc
17:49:19.1 (4690078)|METHOD_ENTRY|[53]||System.JSON.deserializeUntyped(String)
17:49:19.1 (5165282)|METHOD_EXIT|[53]||System.JSON.deserializeUntyped(String)
17:49:19.1 (5174993)|VARIABLE_SCOPE_BEGIN|[53]|inputMap|Map<String,ANY>|true|false
17:49:19.1 (5209922)|VARIABLE_ASSIGNMENT|[53]|inputMap|{"s":1,"v":{"mode":"saveUserData","fieldName":"dataHistory__c","fieldData":"[{\"name\":\"Hangman\",\" (1192 more) ..."}}|0x389a1d79
17:49:19.1 (5214291)|STATEMENT_EXECUTE|[54]
17:49:19.1 (5237923)|ENTERING_MANAGED_PKG|
17:49:19.1 (5268845)|METHOD_EXIT|[7]|01p41000000CNQH|gameize.ETLC_ApexBridge_Data.getInputValue(String)
17:49:19.1 (5276208)|VARIABLE_SCOPE_BEGIN|[7]|mode|String|false|false
17:49:19.1 (5283791)|VARIABLE_ASSIGNMENT|[7]|mode|"saveUserData"
17:49:19.1 (5288537)|HEAP_ALLOCATE|[8]|Bytes:13
17:49:19.1 (5319565)|HEAP_ALLOCATE|[11]|Bytes:12
17:49:19.1 (5330899)|STATEMENT_EXECUTE|[11]
17:49:19.1 (5332496)|STATEMENT_EXECUTE|[12]
17:49:19.1 (5379905)|HEAP_ALLOCATE|[12]|Bytes:85
17:49:19.1 (5395588)|SYSTEM_METHOD_ENTRY|[1]|UserInfo.UserInfo()
17:49:19.1 (5398951)|STATEMENT_EXECUTE|[1]
17:49:19.1 (5408289)|SYSTEM_METHOD_EXIT|[1]|UserInfo
17:49:19.1 (5418647)|METHOD_ENTRY|[12]||System.UserInfo.getUserId()
17:49:19.1 (5451392)|METHOD_EXIT|[12]||System.UserInfo.getUserId()
17:49:19.1 (5469631)|HEAP_ALLOCATE|[12]|Bytes:4
17:49:19.1 (5478285)|METHOD_ENTRY|[12]||System.UserInfo.getUserName()
17:49:19.1 (5502804)|METHOD_EXIT|[12]||System.UserInfo.getUserName()
17:49:19.1 (5507092)|HEAP_ALLOCATE|[12]|Bytes:9
17:49:19.1 (5515859)|METHOD_ENTRY|[12]|01p41000000CNQH|gameize.ETLC_ApexBridge_Data.getInputValue(String)
17:49:19.1 (5520013)|VARIABLE_SCOPE_BEGIN|[52]|this|gameize.ETLC_ApexBridge_Data|true|false
17:49:19.1 (5546981)|VARIABLE_ASSIGNMENT|[52]|this|{"debug":true,"input":"{\"mode\":\"saveUserDat (1399 more) ...","operation":"GameizeController"}|0x2b6e45dc
17:49:19.1 (5550559)|VARIABLE_SCOPE_BEGIN|[52]|key|String|false|false
17:49:19.1 (5554324)|VARIABLE_ASSIGNMENT|[52]|key|"fieldName"
17:49:19.1 (5558386)|STATEMENT_EXECUTE|[52]
17:49:19.1 (5559639)|STATEMENT_EXECUTE|[53]
17:49:19.1 (5589190)|VARIABLE_ASSIGNMENT|[EXTERNAL]|this|{"debug":true,"input":"{\"mode\":\"saveUserDat (1399 more) ...","operation":"GameizeController"}|0x2b6e45dc
17:49:19.1 (5600621)|METHOD_ENTRY|[53]||System.JSON.deserializeUntyped(String)
17:49:19.1 (5904378)|METHOD_EXIT|[53]||System.JSON.deserializeUntyped(String)
17:49:19.1 (5912286)|VARIABLE_SCOPE_BEGIN|[53]|inputMap|Map<String,ANY>|true|false
17:49:19.1 (5936279)|VARIABLE_ASSIGNMENT|[53]|inputMap|{"s":1,"v":{"mode":"saveUserData","fieldName":"dataHistory__c","fieldData":"[{\"name\":\"Hangman\",\" (1192 more) ..."}}|0x6183ff13
17:49:19.1 (5940613)|STATEMENT_EXECUTE|[54]
17:49:19.1 (5957936)|ENTERING_MANAGED_PKG|
17:49:19.1 (5969523)|METHOD_EXIT|[12]|01p41000000CNQH|gameize.ETLC_ApexBridge_Data.getInputValue(String)
17:49:19.1 (5974538)|HEAP_ALLOCATE|[12]|Bytes:9
17:49:19.1 (5983415)|METHOD_ENTRY|[12]|01p41000000CNQH|gameize.ETLC_ApexBridge_Data.getInputValue(String)
17:49:19.1 (5987127)|VARIABLE_SCOPE_BEGIN|[52]|this|gameize.ETLC_ApexBridge_Data|true|false
17:49:19.1 (6011969)|VARIABLE_ASSIGNMENT|[52]|this|{"debug":true,"input":"{\"mode\":\"saveUserDat (1399 more) ...","operation":"GameizeController"}|0x2b6e45dc
17:49:19.1 (6016389)|VARIABLE_SCOPE_BEGIN|[52]|key|String|false|false
17:49:19.1 (6019995)|VARIABLE_ASSIGNMENT|[52]|key|"fieldData"
17:49:19.1 (6023810)|STATEMENT_EXECUTE|[52]
17:49:19.1 (6024973)|STATEMENT_EXECUTE|[53]
17:49:19.1 (6053812)|VARIABLE_ASSIGNMENT|[EXTERNAL]|this|{"debug":true,"input":"{\"mode\":\"saveUserDat (1399 more) ...","operation":"GameizeController"}|0x2b6e45dc
17:49:19.1 (6065244)|METHOD_ENTRY|[53]||System.JSON.deserializeUntyped(String)
17:49:19.1 (6366164)|METHOD_EXIT|[53]||System.JSON.deserializeUntyped(String)
17:49:19.1 (6374166)|VARIABLE_SCOPE_BEGIN|[53]|inputMap|Map<String,ANY>|true|false
17:49:19.1 (6397830)|VARIABLE_ASSIGNMENT|[53]|inputMap|{"s":1,"v":{"mode":"saveUserData","fieldName":"dataHistory__c","fieldData":"[{\"name\":\"Hangman\",\" (1192 more) ..."}}|0x6d3a2c42
17:49:19.1 (6402144)|STATEMENT_EXECUTE|[54]
17:49:19.1 (6419318)|ENTERING_MANAGED_PKG|
17:49:19.1 (6430508)|METHOD_EXIT|[12]|01p41000000CNQH|gameize.ETLC_ApexBridge_Data.getInputValue(String)
17:49:19.1 (6449996)|METHOD_ENTRY|[12]|01p41000000CQtU|gameize.GameizeController.saveUserData(Id, String, String, String)
17:49:19.1 (6459263)|VARIABLE_SCOPE_BEGIN|[38]|this|gameize.GameizeController|true|false
17:49:19.1 (6472353)|VARIABLE_ASSIGNMENT|[38]|this|{}|0x1a1b28b
17:49:19.1 (6476701)|VARIABLE_SCOPE_BEGIN|[38]|userId|Id|false|false
17:49:19.1 (6532053)|VARIABLE_ASSIGNMENT|[38]|userId|"00541000000Hq4oAAC"
17:49:19.1 (6539620)|VARIABLE_SCOPE_BEGIN|[38]|userName|String|false|false
17:49:19.1 (6545636)|VARIABLE_ASSIGNMENT|[38]|userName|"gameize@jr.te"
17:49:19.1 (6548486)|VARIABLE_SCOPE_BEGIN|[38]|fieldName|String|false|false
17:49:19.1 (6552158)|VARIABLE_ASSIGNMENT|[38]|fieldName|"dataHistory__c"
17:49:19.1 (6554910)|VARIABLE_SCOPE_BEGIN|[38]|fieldData|String|false|false
17:49:19.1 (6560825)|VARIABLE_ASSIGNMENT|[38]|fieldData|"[{\"name\":\"Hangman\",\" (1192 more) ..."
17:49:19.1 (6569444)|HEAP_ALLOCATE|[39]|Bytes:5
17:49:19.1 (6573902)|STATEMENT_EXECUTE|[38]
17:49:19.1 (6575320)|STATEMENT_EXECUTE|[39]
17:49:19.1 (6583841)|VARIABLE_SCOPE_BEGIN|[39]|returnFlag|Boolean|false|false
17:49:19.1 (6587445)|HEAP_ALLOCATE|[39]|Bytes:5
17:49:19.1 (6591966)|VARIABLE_ASSIGNMENT|[39]|returnFlag|false
17:49:19.1 (6594152)|STATEMENT_EXECUTE|[40]
17:49:19.1 (6595234)|STATEMENT_EXECUTE|[40]
17:49:19.1 (6596183)|STATEMENT_EXECUTE|[41]
17:49:19.1 (6642548)|HEAP_ALLOCATE|[41]|Bytes:4
17:49:19.1 (6664334)|ENTERING_MANAGED_PKG|
17:49:19.1 (6684662)|HEAP_ALLOCATE|[41]|Bytes:4
17:49:19.1 (6695485)|HEAP_ALLOCATE|[41]|Bytes:24
17:49:19.1 (6700383)|HEAP_ALLOCATE|[41]|Bytes:23
17:49:19.1 (6706572)|VARIABLE_SCOPE_BEGIN|[41]|fields|List<String>|true|false
17:49:19.1 (6742830)|HEAP_ALLOCATE|[EXTERNAL]|Bytes:16
17:49:19.1 (6759858)|VARIABLE_ASSIGNMENT|[41]|fields|{"s":1,"v":["Name","gameize__dataFavorit (4 more) ...","gameize__dataHistory (3 more) ..."]}|0x39aec097
17:49:19.1 (6764419)|STATEMENT_EXECUTE|[45]
17:49:19.1 (6772351)|HEAP_ALLOCATE|[45]|Bytes:19
17:49:19.1 (7187859)|HEAP_ALLOCATE|[45]|Bytes:4
17:49:19.1 (7659113)|HEAP_ALLOCATE|[45]|Bytes:60
17:49:19.1 (7670557)|VARIABLE_SCOPE_BEGIN|[45]|m|Map<String,Schema.SObjectField>|true|false
17:49:19.1 (7854689)|VARIABLE_ASSIGNMENT|[45]|m|"{createdbyid=CreatedById, createddate=CreatedDate, gameize__datafavorite__c=gameize__dataFavorite__c, gameize__datahistory__c=gameize__dataHistory__c, gameize__user__c=gameize__User__c, id=Id, isdeleted=IsDeleted, lastmodifiedbyid=LastModifiedById, lastmodifieddate=LastModifiedDate, lastreferenceddate=LastReferencedDate, ...}"|0x444c74e
17:49:19.1 (7876255)|ENTERING_MANAGED_PKG|
17:49:19.1 (7950008)|HEAP_ALLOCATE|[46]|Bytes:5
17:49:19.1 (7964544)|HEAP_ALLOCATE|[46]|Bytes:4
17:49:19.1 (7975254)|VARIABLE_SCOPE_BEGIN|[46]|fieldToCheck|String|false|false
17:49:19.1 (7983062)|VARIABLE_ASSIGNMENT|[46]|fieldToCheck|"Name"
17:49:19.1 (7987031)|STATEMENT_EXECUTE|[46]
17:49:19.1 (8002129)|ENTERING_MANAGED_PKG|
17:49:19.1 (8327090)|HEAP_ALLOCATE|[52]|Bytes:8
17:49:19.1 (8365123)|ENTERING_MANAGED_PKG|
17:49:19.1 (8429405)|HEAP_ALLOCATE|[53]|Bytes:8
17:49:19.1 (8458340)|ENTERING_MANAGED_PKG|
17:49:19.1 (8513280)|HEAP_ALLOCATE|[54]|Bytes:8
17:49:19.1 (8536242)|STATEMENT_EXECUTE|[52]
17:49:19.1 (8553636)|HEAP_ALLOCATE|[46]|Bytes:5
17:49:19.1 (8563276)|HEAP_ALLOCATE|[46]|Bytes:24
17:49:19.1 (8570985)|VARIABLE_SCOPE_BEGIN|[46]|fieldToCheck|String|false|false
17:49:19.1 (8580325)|VARIABLE_ASSIGNMENT|[46]|fieldToCheck|"gameize__dataFavorit (4 more) ..."
17:49:19.1 (8583651)|STATEMENT_EXECUTE|[46]
17:49:19.1 (8593473)|ENTERING_MANAGED_PKG|
17:49:19.1 (8858764)|HEAP_ALLOCATE|[52]|Bytes:8
17:49:19.1 (8883957)|ENTERING_MANAGED_PKG|
17:49:19.1 (8918376)|HEAP_ALLOCATE|[53]|Bytes:8
17:49:19.1 (8937371)|ENTERING_MANAGED_PKG|
17:49:19.1 (8966983)|HEAP_ALLOCATE|[54]|Bytes:8
17:49:19.1 (8981418)|STATEMENT_EXECUTE|[52]
17:49:19.1 (8997984)|HEAP_ALLOCATE|[46]|Bytes:5
17:49:19.1 (9007378)|HEAP_ALLOCATE|[46]|Bytes:23
17:49:19.1 (9015919)|VARIABLE_SCOPE_BEGIN|[46]|fieldToCheck|String|false|false
17:49:19.1 (9025086)|VARIABLE_ASSIGNMENT|[46]|fieldToCheck|"gameize__dataHistory (3 more) ..."
17:49:19.1 (9028225)|STATEMENT_EXECUTE|[46]
17:49:19.1 (9037721)|ENTERING_MANAGED_PKG|
17:49:19.1 (9181268)|HEAP_ALLOCATE|[52]|Bytes:8
17:49:19.1 (9205005)|ENTERING_MANAGED_PKG|
17:49:19.1 (9238414)|HEAP_ALLOCATE|[53]|Bytes:8
17:49:19.1 (9256879)|ENTERING_MANAGED_PKG|
17:49:19.1 (9285878)|HEAP_ALLOCATE|[54]|Bytes:8
17:49:19.1 (9300079)|STATEMENT_EXECUTE|[52]
17:49:19.1 (9316501)|HEAP_ALLOCATE|[46]|Bytes:5
17:49:19.1 (9329145)|VARIABLE_ASSIGNMENT|[46]|fieldToCheck|null
17:49:19.1 (9332668)|STATEMENT_EXECUTE|[59]
17:49:19.1 (9384271)|HEAP_ALLOCATE|[59]|Bytes:4
17:49:19.1 (9510278)|VARIABLE_SCOPE_BEGIN|[59]|g|gameize__Gameize__c|true|false
17:49:19.1 (9528376)|VARIABLE_ASSIGNMENT|[59]|g|{}|0xe66288c
17:49:19.1 (9531972)|STATEMENT_EXECUTE|[60]
17:49:19.1 (9598798)|VARIABLE_ASSIGNMENT|[60]|this.Name|"gameize@jr.te"|0xe66288c
17:49:19.1 (9603007)|STATEMENT_EXECUTE|[61]
17:49:19.1 (9660510)|VARIABLE_ASSIGNMENT|[61]|this.gameize__User__c|"00541000000Hq4oAAC"|0xe66288c
17:49:19.1 (9667168)|HEAP_ALLOCATE|[62]|Bytes:15
17:49:19.1 (9683292)|HEAP_ALLOCATE|[64]|Bytes:14
17:49:19.1 (9694049)|STATEMENT_EXECUTE|[64]
17:49:19.1 (9695835)|STATEMENT_EXECUTE|[65]
17:49:19.1 (9752054)|VARIABLE_ASSIGNMENT|[65]|this.gameize__dataHistory__c|"[{\"name\":\"Hangman\",\" (1192 more) ..."|0xe66288c
17:49:19.1 (9756920)|STATEMENT_EXECUTE|[69]
17:49:19.1 (9764600)|HEAP_ALLOCATE|[69]|Bytes:58
17:49:19.1 (9774163)|HEAP_ALLOCATE|[69]|Bytes:4
17:49:19.1 (9783504)|HEAP_ALLOCATE|[69]|Bytes:7
17:49:19.1 (10028844)|SOQL_EXECUTE_BEGIN|[69]|Aggregations:0|SELECT ID FROM Gameize__c WHERE User__c = :tmpVar1 LIMIT 1
17:49:19.1 (25424540)|SOQL_EXECUTE_END|[69]|Rows:1
17:49:19.1 (25455330)|HEAP_ALLOCATE|[69]|Bytes:8
17:49:19.1 (25472703)|HEAP_ALLOCATE|[69]|Bytes:33
17:49:19.1 (25526428)|HEAP_ALLOCATE|[69]|Bytes:8
17:49:19.1 (25538439)|VARIABLE_SCOPE_BEGIN|[69]|records|List<gameize__Gameize__c>|true|false
17:49:19.1 (25562538)|VARIABLE_ASSIGNMENT|[69]|records|{"s":1,"v":[{"s":2,"v":{"Id":"a0041000000j7nTAAQ"}}]}|0x3dced64e
17:49:19.1 (25642145)|ENTERING_MANAGED_PKG|
17:49:19.1 (25667243)|STATEMENT_EXECUTE|[70]
17:49:19.1 (25669477)|STATEMENT_EXECUTE|[71]
17:49:19.1 (25703962)|HEAP_ALLOCATE|[71]|Bytes:8
17:49:19.1 (25767614)|VARIABLE_ASSIGNMENT|[71]|this.Id|"a0041000000j7nTAAQ"|0xe66288c
17:49:19.1 (25772865)|STATEMENT_EXECUTE|[73]
17:49:19.1 (25818732)|HEAP_ALLOCATE|[73]|Bytes:8
17:49:19.1 (25844607)|DML_BEGIN|[73]|Op:Upsert|Type:gameize__Gameize__c|Rows:1
17:49:19.1 (25874925)|HEAP_ALLOCATE|[EXTERNAL]|Bytes:8
17:49:19.1 (71381609)|DML_END|[73]
17:49:19.1 (71462003)|VARIABLE_ASSIGNMENT|[EXTERNAL]|this|{"debug":true,"input":"{\"mode\":\"saveUserDat (1399 more) ...","operation":"GameizeController"}|0x2b6e45dc
17:49:19.1 (71476979)|STATEMENT_EXECUTE|[74]
17:49:19.1 (71479011)|STATEMENT_EXECUTE|[74]
17:49:19.1 (71489625)|HEAP_ALLOCATE|[74]|Bytes:31
17:49:19.1 (71519374)|ENTERING_MANAGED_PKG|
17:49:19.1 (71574148)|HEAP_ALLOCATE|[74]|Bytes:1338
17:49:19.1 (71597901)|HEAP_ALLOCATE|[74]|Bytes:1369
17:49:19.1 (71612280)|ENTERING_MANAGED_PKG|
17:49:19.1 (71625938)|USER_DEBUG|[74]|DEBUG|GameizeController:saveData:g:: gameize__Gameize__c:{Name=gameize@jr.te, gameize__User__c=00541000000Hq4oAAC, gameize__dataHistory__c=[{"name":"Hangman","cmpname":"Hangman","datePlayed":"Mon Aug 08 2016 15:45:23 GMT-0400 (Eastern Daylight Time)","id":2},{"name":"Age Counter","cmpname":"AgeCounter","datePlayed":"Mon Aug 08 2016 15:45:26 GMT-0400 (Eastern Daylight Time)","id":1},{"name":"Hangman","cmpname":"Hangman","datePlayed":"Mon Aug 08 2016 15:45:31 GMT-0400 (Eastern Daylight Time)","id":2},{"name":"Age Counter","cmpname":"AgeCounter","datePlayed":"Mon Aug 08 2016 15:48:19 GMT-0400 (Eastern Daylight Time)","id":1},{"name":"Hangman","cmpname":"Hangman","datePlayed":"Mon Aug 08 2016 15:48:22 GMT-0400 (Eastern Daylight Time)","id":2},{"name":"Hangman","cmpname":"Hangman","datePlayed":"Mon Aug 08 2016 15:48:28 GMT-0400 (Eastern Daylight Time)","id":2},{"name":"Hangman","cmpname":"Hangman","datePlayed":"Mon Aug 08 2016 15:48:31 GMT-0400 (Eastern Daylight Time)","id":2},{"name":"Age Counter","cmpname":"AgeCounter","datePlayed":"Mon Aug 08 2016 15:48:34 GMT-0400 (Eastern Daylight Time)","id":1},{"name":"Hangman","cmpname":"Hangman","datePlayed":"Mon Aug 08 2016 15:48:42 GMT-0400 (Eastern Daylight Time)","id":2},{"name":"Hangman","cmpname":"Hangman","datePlayed":"Mon Aug 08 2016 17:49:22 GMT-0400 (Eastern Daylight Time)","id":2}], Id=a0041000000j7nTAAQ}
17:49:19.1 (71640013)|STATEMENT_EXECUTE|[75]
17:49:19.1 (71650729)|HEAP_ALLOCATE|[75]|Bytes:5
17:49:19.1 (71658547)|VARIABLE_ASSIGNMENT|[75]|returnFlag|true
17:49:19.1 (71661640)|STATEMENT_EXECUTE|[77]
17:49:19.1 (71666499)|HEAP_ALLOCATE|[77]|Bytes:5
17:49:19.1 (71677772)|METHOD_EXIT|[12]|01p41000000CQtU|gameize.GameizeController.saveUserData(Id, String, String, String)
17:49:19.1 (71715503)|VARIABLE_ASSIGNMENT|[EXTERNAL]|this|{"debug":true,"input":"{\"mode\":\"saveUserDat (1399 more) ...","operation":"GameizeController"}|0x2b6e45dc
17:49:19.1 (71723145)|VARIABLE_ASSIGNMENT|[EXTERNAL]|value|true
17:49:19.1 (71728267)|HEAP_ALLOCATE|[15]|Bytes:5
17:49:19.1 (71735954)|VARIABLE_ASSIGNMENT|[15]|this.outputFlag|true|0x2b6e45dc
17:49:19.1 (71749206)|METHOD_EXIT|[8]|01p41000000CQtU|gameize.GameizeController.process(gameize.ETLC_ApexBridge_Data)
17:49:19.1 (71753342)|STATEMENT_EXECUTE|[23]
17:49:19.1 (71768155)|METHOD_ENTRY|[23]|01p41000000CNQH|gameize.ETLC_ApexBridge_Data.toJSON()
17:49:19.1 (71781677)|VARIABLE_SCOPE_BEGIN|[57]|this|gameize.ETLC_ApexBridge_Data|true|false
17:49:19.1 (71807284)|VARIABLE_ASSIGNMENT|[57]|this|{"debug":true,"input":"{\"mode\":\"saveUserDat (1399 more) ...","operation":"GameizeController","outputFlag":true}|0x2b6e45dc
17:49:19.1 (71812948)|STATEMENT_EXECUTE|[57]
17:49:19.1 (71814144)|STATEMENT_EXECUTE|[58]
17:49:19.1 (71828042)|METHOD_ENTRY|[58]||System.JSON.serialize(Object)
17:49:19.1 (71941367)|STATEMENT_EXECUTE|[22]
17:49:19.1 (71945498)|STATEMENT_EXECUTE|[23]
17:49:19.1 (71954917)|HEAP_ALLOCATE|[23]|Bytes:5
17:49:19.1 (71963346)|VARIABLE_ASSIGNMENT|[23]|this.isSuccess|true|0x2b6e45dc
17:49:19.1 (71966263)|STATEMENT_EXECUTE|[24]
17:49:19.1 (71996578)|STATEMENT_EXECUTE|[31]
17:49:19.1 (71999721)|STATEMENT_EXECUTE|[32]
17:49:19.1 (72098695)|HEAP_ALLOCATE|[32]|Bytes:4
17:49:19.1 (72165914)|VARIABLE_ASSIGNMENT|[32]|this.messages|{"s":1,"v":{}}|0x2b6e45dc
17:49:19.1 (72170984)|STATEMENT_EXECUTE|[33]
17:49:19.1 (72529662)|METHOD_EXIT|[58]||System.JSON.serialize(Object)
17:49:19.1 (72536439)|METHOD_EXIT|[23]|01p41000000CNQH|gameize.ETLC_ApexBridge_Data.toJSON()
17:49:19.1 (72548794)|SYSTEM_MODE_EXIT|false
17:49:19.74 (74548390)|CUMULATIVE_LIMIT_USAGE
17:49:19.74 (74548390)|LIMIT_USAGE_FOR_NS|(default)|
  Number of SOQL queries: 0 out of 100
  Number of query rows: 0 out of 50000
  Number of SOSL queries: 0 out of 20
  Number of DML statements: 0 out of 150
  Number of DML rows: 0 out of 10000
  Maximum CPU time: 0 out of 10000
  Maximum heap size: 0 out of 6000000
  Number of callouts: 0 out of 100
  Number of Email Invocations: 0 out of 10
  Number of future calls: 0 out of 50
  Number of queueable jobs added to the queue: 0 out of 50
  Number of Mobile Apex push calls: 0 out of 10

17:49:19.74 (74548390)|LIMIT_USAGE_FOR_NS|gameize|
  Number of SOQL queries: 1 out of 100
  Number of query rows: 1 out of 50000
  Number of SOSL queries: 0 out of 20
  Number of DML statements: 1 out of 150
  Number of DML rows: 1 out of 10000
  Maximum CPU time: 0 out of 10000
  Maximum heap size: 0 out of 6000000
  Number of callouts: 0 out of 100
  Number of Email Invocations: 0 out of 10
  Number of future calls: 0 out of 50
  Number of queueable jobs added to the queue: 0 out of 50
  Number of Mobile Apex push calls: 0 out of 10

17:49:19.74 (74548390)|CUMULATIVE_LIMIT_USAGE_END

17:49:19.1 (74603194)|CODE_UNIT_FINISHED|ETLC_ApexBridge_Controller.execute
