37.0 APEX_CODE,FINEST;APEX_PROFILING,INFO;CALLOUT,INFO;DB,INFO;SYSTEM,DEBUG;VALIDATION,INFO;VISUALFORCE,INFO;WORKFLOW,INFO
17:53:46.0 (103015)|USER_INFO|[EXTERNAL]|00541000000Hq4o|gameize@jr.te|Eastern Standard Time|GMT-04:00
17:53:46.0 (532897)|HEAP_ALLOCATE|[72]|Bytes:3
17:53:46.0 (586201)|HEAP_ALLOCATE|[77]|Bytes:152
17:53:46.0 (604191)|HEAP_ALLOCATE|[342]|Bytes:408
17:53:46.0 (618342)|HEAP_ALLOCATE|[355]|Bytes:408
17:53:46.0 (630581)|HEAP_ALLOCATE|[467]|Bytes:48
17:53:46.1 (1756365)|USER_INFO|[EXTERNAL]|00541000000Hq4o|gameize@jr.te|Eastern Standard Time|GMT-04:00
17:53:46.1 (1930743)|STATEMENT_EXECUTE|[1]
17:53:46.1 (1939633)|METHOD_EXIT|[1]|ETLC_ApexBridge_Controller
17:53:46.1 (1943726)|HEAP_ALLOCATE|[EXTERNAL]|Bytes:297
17:53:46.1 (1954928)|SYSTEM_MODE_ENTER|false
17:53:46.1 (1967672)|VARIABLE_SCOPE_BEGIN|[3]|dataJson|String|false|false
17:53:46.1 (1995063)|VARIABLE_ASSIGNMENT|[3]|dataJson|"{\"operation\":\"Gameiz (277 more) ..."
17:53:46.1 (2006900)|STATEMENT_EXECUTE|[3]
17:53:46.1 (2009119)|STATEMENT_EXECUTE|[4]
17:53:46.1 (2129119)|VARIABLE_SCOPE_BEGIN|[4]|data|gameize.ETLC_ApexBridge_Data|true|false
17:53:46.1 (2141911)|VARIABLE_ASSIGNMENT|[4]|data|null|
17:53:46.1 (2143917)|STATEMENT_EXECUTE|[5]
17:53:46.1 (2145052)|STATEMENT_EXECUTE|[5]
17:53:46.1 (2146205)|STATEMENT_EXECUTE|[6]
17:53:46.1 (2161796)|HEAP_ALLOCATE|[6]|Bytes:11
17:53:46.1 (2167156)|HEAP_ALLOCATE|[6]|Bytes:248
17:53:46.1 (2169963)|HEAP_ALLOCATE|[6]|Bytes:39
17:53:46.1 (2200452)|METHOD_ENTRY|[2]|01p41000000CNQH|ETLC_ApexBridge_Data.ETLC_ApexBridge_Data()
17:53:46.1 (2203639)|STATEMENT_EXECUTE|[2]
17:53:46.1 (2207063)|STATEMENT_EXECUTE|[2]
17:53:46.1 (2212001)|METHOD_EXIT|[2]|ETLC_ApexBridge_Data
17:53:46.1 (2223414)|METHOD_ENTRY|[6]|01p41000000CNQH|gameize.ETLC_ApexBridge_Data.fromJSON(String)
17:53:46.1 (2239905)|VARIABLE_SCOPE_BEGIN|[60]|strJson|String|false|false
17:53:46.1 (2248452)|VARIABLE_ASSIGNMENT|[60]|strJson|"{\"operation\":\"Gameiz (277 more) ..."
17:53:46.1 (2252408)|STATEMENT_EXECUTE|[60]
17:53:46.1 (2253733)|STATEMENT_EXECUTE|[61]
17:53:46.1 (2260873)|HEAP_ALLOCATE|[61]|Bytes:28
17:53:46.1 (2280695)|HEAP_ALLOCATE|[50]|Bytes:5
17:53:46.1 (2301038)|HEAP_ALLOCATE|[56]|Bytes:5
17:53:46.1 (2306243)|HEAP_ALLOCATE|[64]|Bytes:7
17:53:46.1 (2408400)|HEAP_ALLOCATE|[61]|Bytes:24
17:53:46.1 (2420543)|SYSTEM_METHOD_ENTRY|[1]|Type.Type()
17:53:46.1 (2423413)|STATEMENT_EXECUTE|[1]
17:53:46.1 (2430878)|SYSTEM_METHOD_EXIT|[1]|Type
17:53:46.1 (2437282)|HEAP_ALLOCATE|[61]|Bytes:8
17:53:46.1 (2464528)|HEAP_ALLOCATE|[61]|Bytes:8
17:53:46.1 (2471805)|VARIABLE_SCOPE_BEGIN|[4]|this|System.Type|true|false
17:53:46.1 (2502520)|VARIABLE_ASSIGNMENT|[4]|this|{}|0x186d28e7
17:53:46.1 (2507198)|VARIABLE_SCOPE_BEGIN|[4]|apextype|java:common.apex.runtime.ApexObjectType|true|false
17:53:46.1 (2609236)|VARIABLE_ASSIGNMENT|[4]|apextype|"gameize.ETLC_ApexBridge_Data"|0x2b0888f3
17:53:46.1 (2670675)|HEAP_ALLOCATE|[61]|Bytes:8
17:53:46.1 (2711027)|HEAP_ALLOCATE|[61]|Bytes:24
17:53:46.1 (2721786)|SYSTEM_METHOD_ENTRY|[1]|JSON.JSON()
17:53:46.1 (2724388)|STATEMENT_EXECUTE|[1]
17:53:46.1 (2730293)|SYSTEM_METHOD_EXIT|[1]|JSON
17:53:46.1 (2740858)|METHOD_ENTRY|[61]||System.JSON.deserializeStrict(String, System.Type)
17:53:46.1 (3032897)|METHOD_EXIT|[61]||System.JSON.deserializeStrict(String, System.Type)
17:53:46.1 (3041864)|METHOD_EXIT|[6]|01p41000000CNQH|gameize.ETLC_ApexBridge_Data.fromJSON(String)
17:53:46.1 (3077510)|VARIABLE_ASSIGNMENT|[6]|data|{"debug":true,"input":"{\"mode\":\"saveUserDat (168 more) ...","operation":"GameizeController"}|0x3895e868
17:53:46.1 (3082442)|STATEMENT_EXECUTE|[7]
17:53:46.1 (3128194)|VARIABLE_ASSIGNMENT|[EXTERNAL]|this|{"debug":true,"input":"{\"mode\":\"saveUserDat (168 more) ...","operation":"GameizeController"}|0x3895e868
17:53:46.1 (3141209)|METHOD_ENTRY|[7]||System.Type.forName(String)
17:53:46.1 (3376876)|METHOD_EXIT|[7]||System.Type.forName(String)
17:53:46.1 (3386232)|METHOD_ENTRY|[7]||System.Type.newInstance()
17:53:46.1 (3533611)|STATEMENT_EXECUTE|[1]
17:53:46.1 (3543666)|HEAP_ALLOCATE|[33]|Bytes:5
17:53:46.1 (3555859)|METHOD_EXIT|[1]|GameizeController
17:53:46.1 (3560461)|HEAP_ALLOCATE|[33]|Bytes:4
17:53:46.1 (3568072)|VARIABLE_SCOPE_BEGIN|[1]|this|gameize.GameizeController|true|false
17:53:46.1 (3586597)|VARIABLE_ASSIGNMENT|[1]|this|{}|0x37af2440
17:53:46.1 (3593338)|HEAP_ALLOCATE|[33]|Bytes:5
17:53:46.1 (3600161)|HEAP_ALLOCATE|[33]|Bytes:11
17:53:46.1 (3609928)|METHOD_ENTRY|[1]|01p41000000CNQC|ETLC_ApexBridge_Abstract.ETLC_ApexBridge_Abstract()
17:53:46.1 (3612665)|STATEMENT_EXECUTE|[1]
17:53:46.1 (3615744)|STATEMENT_EXECUTE|[1]
17:53:46.1 (3619797)|METHOD_EXIT|[1]|ETLC_ApexBridge_Abstract
17:53:46.1 (3626928)|CONSTRUCTOR_ENTRY|[EXTERNAL]|01p41000000CNQC|<init>()
17:53:46.1 (3631501)|VARIABLE_SCOPE_BEGIN|[1]|this|gameize.ETLC_ApexBridge_Abstract|true|false
17:53:46.1 (3642256)|VARIABLE_ASSIGNMENT|[1]|this|{}|0x37af2440
17:53:46.1 (3652166)|STATEMENT_EXECUTE|[1]
17:53:46.1 (3656877)|CONSTRUCTOR_EXIT|[EXTERNAL]|01p41000000CNQC|<init>()
17:53:46.1 (3660798)|STATEMENT_EXECUTE|[1]
17:53:46.1 (3663794)|HEAP_ALLOCATE|[33]|Bytes:5
17:53:46.1 (3675640)|METHOD_EXIT|[7]||System.Type.newInstance()
17:53:46.1 (3684152)|VARIABLE_SCOPE_BEGIN|[7]|executor|gameize.ETLC_ApexBridge_Abstract|true|false
17:53:46.1 (3695236)|VARIABLE_ASSIGNMENT|[7]|executor|{}|0x37af2440
17:53:46.1 (3697607)|STATEMENT_EXECUTE|[8]
17:53:46.1 (3716940)|METHOD_ENTRY|[8]|01p41000000CQtU|gameize.GameizeController.process(gameize.ETLC_ApexBridge_Data)
17:53:46.1 (3729238)|VARIABLE_SCOPE_BEGIN|[3]|this|gameize.GameizeController|true|false
17:53:46.1 (3739416)|VARIABLE_ASSIGNMENT|[3]|this|{}|0x37af2440
17:53:46.1 (3741362)|VARIABLE_SCOPE_BEGIN|[3]|data|gameize.ETLC_ApexBridge_Data|true|false
17:53:46.1 (3763568)|VARIABLE_ASSIGNMENT|[3]|data|{"debug":true,"input":"{\"mode\":\"saveUserDat (168 more) ...","operation":"GameizeController"}|0x3895e868
17:53:46.1 (3770522)|HEAP_ALLOCATE|[4]|Bytes:5
17:53:46.1 (3773693)|STATEMENT_EXECUTE|[3]
17:53:46.1 (3774869)|STATEMENT_EXECUTE|[4]
17:53:46.1 (3802012)|VARIABLE_ASSIGNMENT|[4]|GameizeController.apexBridgedata|{"debug":true,"input":"{\"mode\":\"saveUserDat (168 more) ...","operation":"GameizeController"}|0x3895e868
17:53:46.1 (3833925)|VARIABLE_ASSIGNMENT|[EXTERNAL]|this|{"debug":true,"input":"{\"mode\":\"saveUserDat (168 more) ...","operation":"GameizeController"}|0x3895e868
17:53:46.1 (3844809)|STATEMENT_EXECUTE|[5]
17:53:46.1 (3866825)|ENTERING_MANAGED_PKG|
17:53:46.1 (3904026)|USER_DEBUG|[5]|DEBUG|ETLC_ApexBridge_Data:[debug=true, input={"mode":"saveUserData","fieldName":"dataFavorite__c","fieldData":"[{\"name\":\"Hangman\",\"cmpname\":\"Hangman\",\"id\":2},{\"name\":\"Age Counter\",\"cmpname\":\"AgeCounter\",\"id\":1}]"}, isSuccess=null, messages=null, operation=GameizeController, output=null, outputFlag=null, records=null]
17:53:46.1 (3912245)|STATEMENT_EXECUTE|[7]
17:53:46.1 (3918976)|HEAP_ALLOCATE|[7]|Bytes:4
17:53:46.1 (3928833)|METHOD_ENTRY|[7]|01p41000000CNQH|gameize.ETLC_ApexBridge_Data.getInputValue(String)
17:53:46.1 (3939138)|VARIABLE_SCOPE_BEGIN|[52]|this|gameize.ETLC_ApexBridge_Data|true|false
17:53:46.1 (3960884)|VARIABLE_ASSIGNMENT|[52]|this|{"debug":true,"input":"{\"mode\":\"saveUserDat (168 more) ...","operation":"GameizeController"}|0x3895e868
17:53:46.1 (3963544)|VARIABLE_SCOPE_BEGIN|[52]|key|String|false|false
17:53:46.1 (3966793)|VARIABLE_ASSIGNMENT|[52]|key|"mode"
17:53:46.1 (3970480)|STATEMENT_EXECUTE|[52]
17:53:46.1 (3971948)|STATEMENT_EXECUTE|[53]
17:53:46.1 (4003484)|VARIABLE_ASSIGNMENT|[EXTERNAL]|this|{"debug":true,"input":"{\"mode\":\"saveUserDat (168 more) ...","operation":"GameizeController"}|0x3895e868
17:53:46.1 (4016316)|METHOD_ENTRY|[53]||System.JSON.deserializeUntyped(String)
17:53:46.1 (4345675)|METHOD_EXIT|[53]||System.JSON.deserializeUntyped(String)
17:53:46.1 (4356446)|VARIABLE_SCOPE_BEGIN|[53]|inputMap|Map<String,ANY>|true|false
17:53:46.1 (4391630)|VARIABLE_ASSIGNMENT|[53]|inputMap|{"s":1,"v":{"mode":"saveUserData","fieldName":"dataFavorite__c","fieldData":"[{\"name\":\"Hangman\",\" (80 more) ..."}}|0x298eb077
17:53:46.1 (4395716)|STATEMENT_EXECUTE|[54]
17:53:46.1 (4416893)|ENTERING_MANAGED_PKG|
17:53:46.1 (4442023)|METHOD_EXIT|[7]|01p41000000CNQH|gameize.ETLC_ApexBridge_Data.getInputValue(String)
17:53:46.1 (4450147)|VARIABLE_SCOPE_BEGIN|[7]|mode|String|false|false
17:53:46.1 (4462607)|VARIABLE_ASSIGNMENT|[7]|mode|"saveUserData"
17:53:46.1 (4466356)|HEAP_ALLOCATE|[8]|Bytes:13
17:53:46.1 (4489324)|HEAP_ALLOCATE|[11]|Bytes:12
17:53:46.1 (4498125)|STATEMENT_EXECUTE|[11]
17:53:46.1 (4499489)|STATEMENT_EXECUTE|[12]
17:53:46.1 (4544201)|HEAP_ALLOCATE|[12]|Bytes:85
17:53:46.1 (4558526)|SYSTEM_METHOD_ENTRY|[1]|UserInfo.UserInfo()
17:53:46.1 (4561088)|STATEMENT_EXECUTE|[1]
17:53:46.1 (4568275)|SYSTEM_METHOD_EXIT|[1]|UserInfo
17:53:46.1 (4577535)|METHOD_ENTRY|[12]||System.UserInfo.getUserId()
17:53:46.1 (4608654)|METHOD_EXIT|[12]||System.UserInfo.getUserId()
17:53:46.1 (4620964)|HEAP_ALLOCATE|[12]|Bytes:4
17:53:46.1 (4627641)|METHOD_ENTRY|[12]||System.UserInfo.getUserName()
17:53:46.1 (4648331)|METHOD_EXIT|[12]||System.UserInfo.getUserName()
17:53:46.1 (4651262)|HEAP_ALLOCATE|[12]|Bytes:9
17:53:46.1 (4658942)|METHOD_ENTRY|[12]|01p41000000CNQH|gameize.ETLC_ApexBridge_Data.getInputValue(String)
17:53:46.1 (4662564)|VARIABLE_SCOPE_BEGIN|[52]|this|gameize.ETLC_ApexBridge_Data|true|false
17:53:46.1 (4690970)|VARIABLE_ASSIGNMENT|[52]|this|{"debug":true,"input":"{\"mode\":\"saveUserDat (168 more) ...","operation":"GameizeController"}|0x3895e868
17:53:46.1 (4694199)|VARIABLE_SCOPE_BEGIN|[52]|key|String|false|false
17:53:46.1 (4697476)|VARIABLE_ASSIGNMENT|[52]|key|"fieldName"
17:53:46.1 (4700865)|STATEMENT_EXECUTE|[52]
17:53:46.1 (4702159)|STATEMENT_EXECUTE|[53]
17:53:46.1 (4728617)|VARIABLE_ASSIGNMENT|[EXTERNAL]|this|{"debug":true,"input":"{\"mode\":\"saveUserDat (168 more) ...","operation":"GameizeController"}|0x3895e868
17:53:46.1 (4737067)|METHOD_ENTRY|[53]||System.JSON.deserializeUntyped(String)
17:53:46.1 (4962379)|METHOD_EXIT|[53]||System.JSON.deserializeUntyped(String)
17:53:46.1 (4982887)|VARIABLE_SCOPE_BEGIN|[53]|inputMap|Map<String,ANY>|true|false
17:53:46.1 (5012175)|VARIABLE_ASSIGNMENT|[53]|inputMap|{"s":1,"v":{"mode":"saveUserData","fieldName":"dataFavorite__c","fieldData":"[{\"name\":\"Hangman\",\" (80 more) ..."}}|0x3e4fcb86
17:53:46.1 (5017568)|STATEMENT_EXECUTE|[54]
17:53:46.1 (5034231)|ENTERING_MANAGED_PKG|
17:53:46.1 (5042980)|METHOD_EXIT|[12]|01p41000000CNQH|gameize.ETLC_ApexBridge_Data.getInputValue(String)
17:53:46.1 (5047499)|HEAP_ALLOCATE|[12]|Bytes:9
17:53:46.1 (5056174)|METHOD_ENTRY|[12]|01p41000000CNQH|gameize.ETLC_ApexBridge_Data.getInputValue(String)
17:53:46.1 (5059220)|VARIABLE_SCOPE_BEGIN|[52]|this|gameize.ETLC_ApexBridge_Data|true|false
17:53:46.1 (5084850)|VARIABLE_ASSIGNMENT|[52]|this|{"debug":true,"input":"{\"mode\":\"saveUserDat (168 more) ...","operation":"GameizeController"}|0x3895e868
17:53:46.1 (5087708)|VARIABLE_SCOPE_BEGIN|[52]|key|String|false|false
17:53:46.1 (5090871)|VARIABLE_ASSIGNMENT|[52]|key|"fieldData"
17:53:46.1 (5094058)|STATEMENT_EXECUTE|[52]
17:53:46.1 (5095306)|STATEMENT_EXECUTE|[53]
17:53:46.1 (5119035)|VARIABLE_ASSIGNMENT|[EXTERNAL]|this|{"debug":true,"input":"{\"mode\":\"saveUserDat (168 more) ...","operation":"GameizeController"}|0x3895e868
17:53:46.1 (5126995)|METHOD_ENTRY|[53]||System.JSON.deserializeUntyped(String)
17:53:46.1 (5308232)|METHOD_EXIT|[53]||System.JSON.deserializeUntyped(String)
17:53:46.1 (5318195)|VARIABLE_SCOPE_BEGIN|[53]|inputMap|Map<String,ANY>|true|false
17:53:46.1 (5343651)|VARIABLE_ASSIGNMENT|[53]|inputMap|{"s":1,"v":{"mode":"saveUserData","fieldName":"dataFavorite__c","fieldData":"[{\"name\":\"Hangman\",\" (80 more) ..."}}|0x4a1e3f1
17:53:46.1 (5347051)|STATEMENT_EXECUTE|[54]
17:53:46.1 (5361828)|ENTERING_MANAGED_PKG|
17:53:46.1 (5369810)|METHOD_EXIT|[12]|01p41000000CNQH|gameize.ETLC_ApexBridge_Data.getInputValue(String)
17:53:46.1 (5387138)|METHOD_ENTRY|[12]|01p41000000CQtU|gameize.GameizeController.saveUserData(Id, String, String, String)
17:53:46.1 (5393837)|VARIABLE_SCOPE_BEGIN|[38]|this|gameize.GameizeController|true|false
17:53:46.1 (5406943)|VARIABLE_ASSIGNMENT|[38]|this|{}|0x37af2440
17:53:46.1 (5410191)|VARIABLE_SCOPE_BEGIN|[38]|userId|Id|false|false
17:53:46.1 (5470869)|VARIABLE_ASSIGNMENT|[38]|userId|"00541000000Hq4oAAC"
17:53:46.1 (5476036)|VARIABLE_SCOPE_BEGIN|[38]|userName|String|false|false
17:53:46.1 (5480937)|VARIABLE_ASSIGNMENT|[38]|userName|"gameize@jr.te"
17:53:46.1 (5482943)|VARIABLE_SCOPE_BEGIN|[38]|fieldName|String|false|false
17:53:46.1 (5486028)|VARIABLE_ASSIGNMENT|[38]|fieldName|"dataFavorite__c"
17:53:46.1 (5487808)|VARIABLE_SCOPE_BEGIN|[38]|fieldData|String|false|false
17:53:46.1 (5492080)|VARIABLE_ASSIGNMENT|[38]|fieldData|"[{\"name\":\"Hangman\",\" (80 more) ..."
17:53:46.1 (5500242)|HEAP_ALLOCATE|[39]|Bytes:5
17:53:46.1 (5504688)|STATEMENT_EXECUTE|[38]
17:53:46.1 (5506172)|STATEMENT_EXECUTE|[39]
17:53:46.1 (5517572)|VARIABLE_SCOPE_BEGIN|[39]|returnFlag|Boolean|false|false
17:53:46.1 (5521191)|HEAP_ALLOCATE|[39]|Bytes:5
17:53:46.1 (5526437)|VARIABLE_ASSIGNMENT|[39]|returnFlag|false
17:53:46.1 (5528163)|STATEMENT_EXECUTE|[40]
17:53:46.1 (5529256)|STATEMENT_EXECUTE|[40]
17:53:46.1 (5530388)|STATEMENT_EXECUTE|[41]
17:53:46.1 (5573068)|HEAP_ALLOCATE|[41]|Bytes:4
17:53:46.1 (5592358)|ENTERING_MANAGED_PKG|
17:53:46.1 (5610868)|HEAP_ALLOCATE|[41]|Bytes:4
17:53:46.1 (5620871)|HEAP_ALLOCATE|[41]|Bytes:24
17:53:46.1 (5624373)|HEAP_ALLOCATE|[41]|Bytes:23
17:53:46.1 (5631366)|VARIABLE_SCOPE_BEGIN|[41]|fields|List<String>|true|false
17:53:46.1 (5658726)|HEAP_ALLOCATE|[EXTERNAL]|Bytes:16
17:53:46.1 (5676211)|VARIABLE_ASSIGNMENT|[41]|fields|{"s":1,"v":["Name","gameize__dataFavorit (4 more) ...","gameize__dataHistory (3 more) ..."]}|0x204a83
17:53:46.1 (5680619)|STATEMENT_EXECUTE|[45]
17:53:46.1 (5687719)|HEAP_ALLOCATE|[45]|Bytes:19
17:53:46.1 (6058388)|HEAP_ALLOCATE|[45]|Bytes:4
17:53:46.1 (6446752)|HEAP_ALLOCATE|[45]|Bytes:60
17:53:46.1 (6465464)|VARIABLE_SCOPE_BEGIN|[45]|m|Map<String,Schema.SObjectField>|true|false
17:53:46.1 (6640682)|VARIABLE_ASSIGNMENT|[45]|m|"{createdbyid=CreatedById, createddate=CreatedDate, gameize__datafavorite__c=gameize__dataFavorite__c, gameize__datahistory__c=gameize__dataHistory__c, gameize__user__c=gameize__User__c, id=Id, isdeleted=IsDeleted, lastmodifiedbyid=LastModifiedById, lastmodifieddate=LastModifiedDate, lastreferenceddate=LastReferencedDate, ...}"|0x520c8cdc
17:53:46.1 (6661805)|ENTERING_MANAGED_PKG|
17:53:46.1 (6731942)|HEAP_ALLOCATE|[46]|Bytes:5
17:53:46.1 (6743217)|HEAP_ALLOCATE|[46]|Bytes:4
17:53:46.1 (6754400)|VARIABLE_SCOPE_BEGIN|[46]|fieldToCheck|String|false|false
17:53:46.1 (6763485)|VARIABLE_ASSIGNMENT|[46]|fieldToCheck|"Name"
17:53:46.1 (6766873)|STATEMENT_EXECUTE|[46]
17:53:46.1 (6779820)|ENTERING_MANAGED_PKG|
17:53:46.1 (7042292)|HEAP_ALLOCATE|[52]|Bytes:8
17:53:46.1 (7077104)|ENTERING_MANAGED_PKG|
17:53:46.1 (7132065)|HEAP_ALLOCATE|[53]|Bytes:8
17:53:46.1 (7152546)|ENTERING_MANAGED_PKG|
17:53:46.1 (7192842)|HEAP_ALLOCATE|[54]|Bytes:8
17:53:46.1 (7207955)|STATEMENT_EXECUTE|[52]
17:53:46.1 (7223240)|HEAP_ALLOCATE|[46]|Bytes:5
17:53:46.1 (7230544)|HEAP_ALLOCATE|[46]|Bytes:24
17:53:46.1 (7240273)|VARIABLE_SCOPE_BEGIN|[46]|fieldToCheck|String|false|false
17:53:46.1 (7250454)|VARIABLE_ASSIGNMENT|[46]|fieldToCheck|"gameize__dataFavorit (4 more) ..."
17:53:46.1 (7253177)|STATEMENT_EXECUTE|[46]
17:53:46.1 (7260963)|ENTERING_MANAGED_PKG|
17:53:46.1 (7491029)|HEAP_ALLOCATE|[52]|Bytes:8
17:53:46.1 (7512364)|ENTERING_MANAGED_PKG|
17:53:46.1 (7538338)|HEAP_ALLOCATE|[53]|Bytes:8
17:53:46.1 (7550730)|ENTERING_MANAGED_PKG|
17:53:46.1 (7568097)|HEAP_ALLOCATE|[54]|Bytes:8
17:53:46.1 (7576947)|STATEMENT_EXECUTE|[52]
17:53:46.1 (7591074)|HEAP_ALLOCATE|[46]|Bytes:5
17:53:46.1 (7598173)|HEAP_ALLOCATE|[46]|Bytes:23
17:53:46.1 (7607550)|VARIABLE_SCOPE_BEGIN|[46]|fieldToCheck|String|false|false
17:53:46.1 (7617758)|VARIABLE_ASSIGNMENT|[46]|fieldToCheck|"gameize__dataHistory (3 more) ..."
17:53:46.1 (7620468)|STATEMENT_EXECUTE|[46]
17:53:46.1 (7627253)|ENTERING_MANAGED_PKG|
17:53:46.1 (7743587)|HEAP_ALLOCATE|[52]|Bytes:8
17:53:46.1 (7761824)|ENTERING_MANAGED_PKG|
17:53:46.1 (7784955)|HEAP_ALLOCATE|[53]|Bytes:8
17:53:46.1 (7796461)|ENTERING_MANAGED_PKG|
17:53:46.1 (7812911)|HEAP_ALLOCATE|[54]|Bytes:8
17:53:46.1 (7820950)|STATEMENT_EXECUTE|[52]
17:53:46.1 (7834454)|HEAP_ALLOCATE|[46]|Bytes:5
17:53:46.1 (7847722)|VARIABLE_ASSIGNMENT|[46]|fieldToCheck|null
17:53:46.1 (7851102)|STATEMENT_EXECUTE|[59]
17:53:46.1 (7894289)|HEAP_ALLOCATE|[59]|Bytes:4
17:53:46.1 (8009358)|VARIABLE_SCOPE_BEGIN|[59]|g|gameize__Gameize__c|true|false
17:53:46.1 (8027241)|VARIABLE_ASSIGNMENT|[59]|g|{}|0x2a3f3cc3
17:53:46.1 (8030644)|STATEMENT_EXECUTE|[60]
17:53:46.1 (8089951)|VARIABLE_ASSIGNMENT|[60]|this.Name|"gameize@jr.te"|0x2a3f3cc3
17:53:46.1 (8093335)|STATEMENT_EXECUTE|[61]
17:53:46.1 (8136028)|VARIABLE_ASSIGNMENT|[61]|this.gameize__User__c|"00541000000Hq4oAAC"|0x2a3f3cc3
17:53:46.1 (8142182)|HEAP_ALLOCATE|[62]|Bytes:15
17:53:46.1 (8158530)|STATEMENT_EXECUTE|[62]
17:53:46.1 (8159972)|STATEMENT_EXECUTE|[63]
17:53:46.1 (8199244)|VARIABLE_ASSIGNMENT|[63]|this.gameize__dataFavorite__c|"[{\"name\":\"Hangman\",\" (80 more) ..."|0x2a3f3cc3
17:53:46.1 (8203139)|STATEMENT_EXECUTE|[69]
17:53:46.1 (8209569)|HEAP_ALLOCATE|[69]|Bytes:58
17:53:46.1 (8216374)|HEAP_ALLOCATE|[69]|Bytes:4
17:53:46.1 (8223985)|HEAP_ALLOCATE|[69]|Bytes:7
17:53:46.1 (8465674)|SOQL_EXECUTE_BEGIN|[69]|Aggregations:0|SELECT ID FROM Gameize__c WHERE User__c = :tmpVar1 LIMIT 1
17:53:46.1 (11082963)|SOQL_EXECUTE_END|[69]|Rows:1
17:53:46.1 (11121649)|HEAP_ALLOCATE|[69]|Bytes:8
17:53:46.1 (11137780)|HEAP_ALLOCATE|[69]|Bytes:33
17:53:46.1 (11182985)|HEAP_ALLOCATE|[69]|Bytes:8
17:53:46.1 (11196428)|VARIABLE_SCOPE_BEGIN|[69]|records|List<gameize__Gameize__c>|true|false
17:53:46.1 (11224494)|VARIABLE_ASSIGNMENT|[69]|records|{"s":1,"v":[{"s":2,"v":{"Id":"a0041000000j7nTAAQ"}}]}|0x70d01f4c
17:53:46.1 (11295799)|ENTERING_MANAGED_PKG|
17:53:46.1 (11320288)|STATEMENT_EXECUTE|[70]
17:53:46.1 (11321954)|STATEMENT_EXECUTE|[71]
17:53:46.1 (11359283)|HEAP_ALLOCATE|[71]|Bytes:8
17:53:46.1 (11408921)|VARIABLE_ASSIGNMENT|[71]|this.Id|"a0041000000j7nTAAQ"|0x2a3f3cc3
17:53:46.1 (11412854)|STATEMENT_EXECUTE|[73]
17:53:46.1 (11456890)|HEAP_ALLOCATE|[73]|Bytes:8
17:53:46.1 (11476379)|DML_BEGIN|[73]|Op:Upsert|Type:gameize__Gameize__c|Rows:1
17:53:46.1 (11501102)|HEAP_ALLOCATE|[EXTERNAL]|Bytes:8
17:53:46.1 (44274616)|DML_END|[73]
17:53:46.1 (44342035)|VARIABLE_ASSIGNMENT|[EXTERNAL]|this|{"debug":true,"input":"{\"mode\":\"saveUserDat (168 more) ...","operation":"GameizeController"}|0x3895e868
17:53:46.1 (44354440)|STATEMENT_EXECUTE|[74]
17:53:46.1 (44356279)|STATEMENT_EXECUTE|[74]
17:53:46.1 (44367086)|HEAP_ALLOCATE|[74]|Bytes:31
17:53:46.1 (44390399)|ENTERING_MANAGED_PKG|
17:53:46.1 (44435670)|HEAP_ALLOCATE|[74]|Bytes:227
17:53:46.1 (44451223)|HEAP_ALLOCATE|[74]|Bytes:258
17:53:46.1 (44465730)|ENTERING_MANAGED_PKG|
17:53:46.1 (44476003)|USER_DEBUG|[74]|DEBUG|GameizeController:saveData:g:: gameize__Gameize__c:{Name=gameize@jr.te, gameize__User__c=00541000000Hq4oAAC, gameize__dataFavorite__c=[{"name":"Hangman","cmpname":"Hangman","id":2},{"name":"Age Counter","cmpname":"AgeCounter","id":1}], Id=a0041000000j7nTAAQ}
17:53:46.1 (44482714)|STATEMENT_EXECUTE|[75]
17:53:46.1 (44492010)|HEAP_ALLOCATE|[75]|Bytes:5
17:53:46.1 (44502699)|VARIABLE_ASSIGNMENT|[75]|returnFlag|true
17:53:46.1 (44505931)|STATEMENT_EXECUTE|[77]
17:53:46.1 (44510106)|HEAP_ALLOCATE|[77]|Bytes:5
17:53:46.1 (44518186)|METHOD_EXIT|[12]|01p41000000CQtU|gameize.GameizeController.saveUserData(Id, String, String, String)
17:53:46.1 (44553459)|VARIABLE_ASSIGNMENT|[EXTERNAL]|this|{"debug":true,"input":"{\"mode\":\"saveUserDat (168 more) ...","operation":"GameizeController"}|0x3895e868
17:53:46.1 (44559176)|VARIABLE_ASSIGNMENT|[EXTERNAL]|value|true
17:53:46.1 (44563186)|HEAP_ALLOCATE|[15]|Bytes:5
17:53:46.1 (44570259)|VARIABLE_ASSIGNMENT|[15]|this.outputFlag|true|0x3895e868
17:53:46.1 (44579322)|METHOD_EXIT|[8]|01p41000000CQtU|gameize.GameizeController.process(gameize.ETLC_ApexBridge_Data)
17:53:46.1 (44582842)|STATEMENT_EXECUTE|[23]
17:53:46.1 (44593764)|METHOD_ENTRY|[23]|01p41000000CNQH|gameize.ETLC_ApexBridge_Data.toJSON()
17:53:46.1 (44605468)|VARIABLE_SCOPE_BEGIN|[57]|this|gameize.ETLC_ApexBridge_Data|true|false
17:53:46.1 (44628357)|VARIABLE_ASSIGNMENT|[57]|this|{"debug":true,"input":"{\"mode\":\"saveUserDat (168 more) ...","operation":"GameizeController","outputFlag":true}|0x3895e868
17:53:46.1 (44633167)|STATEMENT_EXECUTE|[57]
17:53:46.1 (44634380)|STATEMENT_EXECUTE|[58]
17:53:46.1 (44644541)|METHOD_ENTRY|[58]||System.JSON.serialize(Object)
17:53:46.1 (44747495)|STATEMENT_EXECUTE|[22]
17:53:46.1 (44750760)|STATEMENT_EXECUTE|[23]
17:53:46.1 (44758729)|HEAP_ALLOCATE|[23]|Bytes:5
17:53:46.1 (44765702)|VARIABLE_ASSIGNMENT|[23]|this.isSuccess|true|0x3895e868
17:53:46.1 (44767709)|STATEMENT_EXECUTE|[24]
17:53:46.1 (44797803)|STATEMENT_EXECUTE|[31]
17:53:46.1 (44800360)|STATEMENT_EXECUTE|[32]
17:53:46.1 (44879647)|HEAP_ALLOCATE|[32]|Bytes:4
17:53:46.1 (44930829)|VARIABLE_ASSIGNMENT|[32]|this.messages|{"s":1,"v":{}}|0x3895e868
17:53:46.1 (44934394)|STATEMENT_EXECUTE|[33]
17:53:46.1 (45242194)|METHOD_EXIT|[58]||System.JSON.serialize(Object)
17:53:46.1 (45248609)|METHOD_EXIT|[23]|01p41000000CNQH|gameize.ETLC_ApexBridge_Data.toJSON()
17:53:46.1 (45259630)|SYSTEM_MODE_EXIT|false
17:53:46.47 (47151055)|CUMULATIVE_LIMIT_USAGE
17:53:46.47 (47151055)|LIMIT_USAGE_FOR_NS|(default)|
  Number of SOQL queries: 0 out of 100
  Number of query rows: 0 out of 50000
  Number of SOSL queries: 0 out of 20
  Number of DML statements: 0 out of 150
  Number of DML rows: 0 out of 10000
  Maximum CPU time: 0 out of 10000
  Maximum heap size: 0 out of 6000000
  Number of callouts: 0 out of 100
  Number of Email Invocations: 0 out of 10
  Number of future calls: 0 out of 50
  Number of queueable jobs added to the queue: 0 out of 50
  Number of Mobile Apex push calls: 0 out of 10

17:53:46.47 (47151055)|LIMIT_USAGE_FOR_NS|gameize|
  Number of SOQL queries: 1 out of 100
  Number of query rows: 1 out of 50000
  Number of SOSL queries: 0 out of 20
  Number of DML statements: 1 out of 150
  Number of DML rows: 1 out of 10000
  Maximum CPU time: 0 out of 10000
  Maximum heap size: 0 out of 6000000
  Number of callouts: 0 out of 100
  Number of Email Invocations: 0 out of 10
  Number of future calls: 0 out of 50
  Number of queueable jobs added to the queue: 0 out of 50
  Number of Mobile Apex push calls: 0 out of 10

17:53:46.47 (47151055)|CUMULATIVE_LIMIT_USAGE_END

17:53:46.1 (47228797)|CODE_UNIT_FINISHED|ETLC_ApexBridge_Controller.execute
