37.0 APEX_CODE,FINEST;APEX_PROFILING,INFO;CALLOUT,INFO;DB,INFO;SYSTEM,DEBUG;VALIDATION,INFO;VISUALFORCE,INFO;WORKFLOW,INFO
17:49:11.0 (158928)|USER_INFO|[EXTERNAL]|00541000000Hq4o|gameize@jr.te|Eastern Standard Time|GMT-04:00
17:49:11.0 (632534)|HEAP_ALLOCATE|[72]|Bytes:3
17:49:11.0 (736827)|HEAP_ALLOCATE|[77]|Bytes:152
17:49:11.0 (761528)|HEAP_ALLOCATE|[342]|Bytes:408
17:49:11.0 (784555)|HEAP_ALLOCATE|[355]|Bytes:408
17:49:11.0 (805930)|HEAP_ALLOCATE|[467]|Bytes:48
17:49:11.1 (1991587)|USER_INFO|[EXTERNAL]|00541000000Hq4o|gameize@jr.te|Eastern Standard Time|GMT-04:00
17:49:11.1 (2216362)|STATEMENT_EXECUTE|[1]
17:49:11.1 (2243413)|METHOD_EXIT|[1]|ETLC_ApexBridge_Controller
17:49:11.1 (2249657)|HEAP_ALLOCATE|[EXTERNAL]|Bytes:86
17:49:11.1 (2276208)|SYSTEM_MODE_ENTER|false
17:49:11.1 (2413278)|VARIABLE_SCOPE_BEGIN|[3]|dataJson|String|false|false
17:49:11.1 (2499166)|VARIABLE_ASSIGNMENT|[3]|dataJson|"{\"operation\":\"Gameiz (66 more) ..."
17:49:11.1 (2514750)|STATEMENT_EXECUTE|[3]
17:49:11.1 (2516496)|STATEMENT_EXECUTE|[4]
17:49:11.1 (2665270)|VARIABLE_SCOPE_BEGIN|[4]|data|gameize.ETLC_ApexBridge_Data|true|false
17:49:11.1 (2678905)|VARIABLE_ASSIGNMENT|[4]|data|null|
17:49:11.1 (2681549)|STATEMENT_EXECUTE|[5]
17:49:11.1 (2686964)|STATEMENT_EXECUTE|[5]
17:49:11.1 (2688312)|STATEMENT_EXECUTE|[6]
17:49:11.1 (2707555)|HEAP_ALLOCATE|[6]|Bytes:11
17:49:11.1 (2714278)|HEAP_ALLOCATE|[6]|Bytes:248
17:49:11.1 (2716948)|HEAP_ALLOCATE|[6]|Bytes:39
17:49:11.1 (2750071)|METHOD_ENTRY|[2]|01p41000000CNQH|ETLC_ApexBridge_Data.ETLC_ApexBridge_Data()
17:49:11.1 (2754580)|STATEMENT_EXECUTE|[2]
17:49:11.1 (2758100)|STATEMENT_EXECUTE|[2]
17:49:11.1 (2765390)|METHOD_EXIT|[2]|ETLC_ApexBridge_Data
17:49:11.1 (2783369)|METHOD_ENTRY|[6]|01p41000000CNQH|gameize.ETLC_ApexBridge_Data.fromJSON(String)
17:49:11.1 (2808367)|VARIABLE_SCOPE_BEGIN|[60]|strJson|String|false|false
17:49:11.1 (2819050)|VARIABLE_ASSIGNMENT|[60]|strJson|"{\"operation\":\"Gameiz (66 more) ..."
17:49:11.1 (2823794)|STATEMENT_EXECUTE|[60]
17:49:11.1 (2825394)|STATEMENT_EXECUTE|[61]
17:49:11.1 (2835033)|HEAP_ALLOCATE|[61]|Bytes:28
17:49:11.1 (2864205)|HEAP_ALLOCATE|[50]|Bytes:5
17:49:11.1 (2889870)|HEAP_ALLOCATE|[56]|Bytes:5
17:49:11.1 (2898643)|HEAP_ALLOCATE|[64]|Bytes:7
17:49:11.1 (3024228)|HEAP_ALLOCATE|[61]|Bytes:24
17:49:11.1 (3040707)|SYSTEM_METHOD_ENTRY|[1]|Type.Type()
17:49:11.1 (3044665)|STATEMENT_EXECUTE|[1]
17:49:11.1 (3055594)|SYSTEM_METHOD_EXIT|[1]|Type
17:49:11.1 (3063465)|HEAP_ALLOCATE|[61]|Bytes:8
17:49:11.1 (3094764)|HEAP_ALLOCATE|[61]|Bytes:8
17:49:11.1 (3100382)|VARIABLE_SCOPE_BEGIN|[4]|this|System.Type|true|false
17:49:11.1 (3154063)|VARIABLE_ASSIGNMENT|[4]|this|{}|0x3b1b2256
17:49:11.1 (3160197)|VARIABLE_SCOPE_BEGIN|[4]|apextype|java:common.apex.runtime.ApexObjectType|true|false
17:49:11.1 (3275708)|VARIABLE_ASSIGNMENT|[4]|apextype|"gameize.ETLC_ApexBridge_Data"|0x69e951d2
17:49:11.1 (3358737)|HEAP_ALLOCATE|[61]|Bytes:8
17:49:11.1 (3406742)|HEAP_ALLOCATE|[61]|Bytes:24
17:49:11.1 (3422497)|SYSTEM_METHOD_ENTRY|[1]|JSON.JSON()
17:49:11.1 (3425788)|STATEMENT_EXECUTE|[1]
17:49:11.1 (3435009)|SYSTEM_METHOD_EXIT|[1]|JSON
17:49:11.1 (3451173)|METHOD_ENTRY|[61]||System.JSON.deserializeStrict(String, System.Type)
17:49:11.1 (3816883)|METHOD_EXIT|[61]||System.JSON.deserializeStrict(String, System.Type)
17:49:11.1 (3828713)|METHOD_EXIT|[6]|01p41000000CNQH|gameize.ETLC_ApexBridge_Data.fromJSON(String)
17:49:11.1 (3863497)|VARIABLE_ASSIGNMENT|[6]|data|{"debug":false,"input":"{\"mode\":\"fetchGameDa (4 more) ...","operation":"GameizeController"}|0x7c47e986
17:49:11.1 (3867973)|STATEMENT_EXECUTE|[7]
17:49:11.1 (3929490)|VARIABLE_ASSIGNMENT|[EXTERNAL]|this|{"debug":false,"input":"{\"mode\":\"fetchGameDa (4 more) ...","operation":"GameizeController"}|0x7c47e986
17:49:11.1 (3947493)|METHOD_ENTRY|[7]||System.Type.forName(String)
17:49:11.1 (4224951)|METHOD_EXIT|[7]||System.Type.forName(String)
17:49:11.1 (4237204)|METHOD_ENTRY|[7]||System.Type.newInstance()
17:49:11.1 (4397679)|STATEMENT_EXECUTE|[1]
17:49:11.1 (4409151)|HEAP_ALLOCATE|[33]|Bytes:5
17:49:11.1 (4427138)|METHOD_EXIT|[1]|GameizeController
17:49:11.1 (4432500)|HEAP_ALLOCATE|[33]|Bytes:4
17:49:11.1 (4438354)|VARIABLE_SCOPE_BEGIN|[1]|this|gameize.GameizeController|true|false
17:49:11.1 (4456523)|VARIABLE_ASSIGNMENT|[1]|this|{}|0x61210957
17:49:11.1 (4464848)|HEAP_ALLOCATE|[33]|Bytes:5
17:49:11.1 (4474397)|HEAP_ALLOCATE|[33]|Bytes:11
17:49:11.1 (4487684)|METHOD_ENTRY|[1]|01p41000000CNQC|ETLC_ApexBridge_Abstract.ETLC_ApexBridge_Abstract()
17:49:11.1 (4491072)|STATEMENT_EXECUTE|[1]
17:49:11.1 (4494653)|STATEMENT_EXECUTE|[1]
17:49:11.1 (4501159)|METHOD_EXIT|[1]|ETLC_ApexBridge_Abstract
17:49:11.1 (4508279)|CONSTRUCTOR_ENTRY|[EXTERNAL]|01p41000000CNQC|<init>()
17:49:11.1 (4514046)|VARIABLE_SCOPE_BEGIN|[1]|this|gameize.ETLC_ApexBridge_Abstract|true|false
17:49:11.1 (4527996)|VARIABLE_ASSIGNMENT|[1]|this|{}|0x61210957
17:49:11.1 (4540786)|STATEMENT_EXECUTE|[1]
17:49:11.1 (4544968)|CONSTRUCTOR_EXIT|[EXTERNAL]|01p41000000CNQC|<init>()
17:49:11.1 (4550263)|STATEMENT_EXECUTE|[1]
17:49:11.1 (4554774)|HEAP_ALLOCATE|[33]|Bytes:5
17:49:11.1 (4570349)|METHOD_EXIT|[7]||System.Type.newInstance()
17:49:11.1 (4578302)|VARIABLE_SCOPE_BEGIN|[7]|executor|gameize.ETLC_ApexBridge_Abstract|true|false
17:49:11.1 (4591334)|VARIABLE_ASSIGNMENT|[7]|executor|{}|0x61210957
17:49:11.1 (4593827)|STATEMENT_EXECUTE|[8]
17:49:11.1 (4620428)|METHOD_ENTRY|[8]|01p41000000CQtU|gameize.GameizeController.process(gameize.ETLC_ApexBridge_Data)
17:49:11.1 (4640412)|VARIABLE_SCOPE_BEGIN|[3]|this|gameize.GameizeController|true|false
17:49:11.1 (4654708)|VARIABLE_ASSIGNMENT|[3]|this|{}|0x61210957
17:49:11.1 (4657441)|VARIABLE_SCOPE_BEGIN|[3]|data|gameize.ETLC_ApexBridge_Data|true|false
17:49:11.1 (4679162)|VARIABLE_ASSIGNMENT|[3]|data|{"debug":false,"input":"{\"mode\":\"fetchGameDa (4 more) ...","operation":"GameizeController"}|0x7c47e986
17:49:11.1 (4693619)|HEAP_ALLOCATE|[4]|Bytes:5
17:49:11.1 (4697879)|STATEMENT_EXECUTE|[3]
17:49:11.1 (4699124)|STATEMENT_EXECUTE|[4]
17:49:11.1 (4747934)|VARIABLE_ASSIGNMENT|[4]|GameizeController.apexBridgedata|{"debug":false,"input":"{\"mode\":\"fetchGameDa (4 more) ...","operation":"GameizeController"}|0x7c47e986
17:49:11.1 (4800922)|VARIABLE_ASSIGNMENT|[EXTERNAL]|this|{"debug":false,"input":"{\"mode\":\"fetchGameDa (4 more) ...","operation":"GameizeController"}|0x7c47e986
17:49:11.1 (4829755)|STATEMENT_EXECUTE|[5]
17:49:11.1 (4837902)|STATEMENT_EXECUTE|[7]
17:49:11.1 (4843157)|HEAP_ALLOCATE|[7]|Bytes:4
17:49:11.1 (4856225)|METHOD_ENTRY|[7]|01p41000000CNQH|gameize.ETLC_ApexBridge_Data.getInputValue(String)
17:49:11.1 (4874969)|VARIABLE_SCOPE_BEGIN|[52]|this|gameize.ETLC_ApexBridge_Data|true|false
17:49:11.1 (4901659)|VARIABLE_ASSIGNMENT|[52]|this|{"debug":false,"input":"{\"mode\":\"fetchGameDa (4 more) ...","operation":"GameizeController"}|0x7c47e986
17:49:11.1 (4905787)|VARIABLE_SCOPE_BEGIN|[52]|key|String|false|false
17:49:11.1 (4909921)|VARIABLE_ASSIGNMENT|[52]|key|"mode"
17:49:11.1 (4914355)|STATEMENT_EXECUTE|[52]
17:49:11.1 (4915783)|STATEMENT_EXECUTE|[53]
17:49:11.1 (4967899)|VARIABLE_ASSIGNMENT|[EXTERNAL]|this|{"debug":false,"input":"{\"mode\":\"fetchGameDa (4 more) ...","operation":"GameizeController"}|0x7c47e986
17:49:11.1 (4985481)|METHOD_ENTRY|[53]||System.JSON.deserializeUntyped(String)
17:49:11.1 (5276211)|METHOD_EXIT|[53]||System.JSON.deserializeUntyped(String)
17:49:11.1 (5286697)|VARIABLE_SCOPE_BEGIN|[53]|inputMap|Map<String,ANY>|true|false
17:49:11.1 (5318253)|VARIABLE_ASSIGNMENT|[53]|inputMap|{"s":1,"v":{"mode":"fetchGameData"}}|0x65d773dd
17:49:11.1 (5322457)|STATEMENT_EXECUTE|[54]
17:49:11.1 (5353345)|ENTERING_MANAGED_PKG|
17:49:11.1 (5392742)|METHOD_EXIT|[7]|01p41000000CNQH|gameize.ETLC_ApexBridge_Data.getInputValue(String)
17:49:11.1 (5399858)|VARIABLE_SCOPE_BEGIN|[7]|mode|String|false|false
17:49:11.1 (5407245)|VARIABLE_ASSIGNMENT|[7]|mode|"fetchGameData"
17:49:11.1 (5411977)|HEAP_ALLOCATE|[8]|Bytes:13
17:49:11.1 (5442989)|HEAP_ALLOCATE|[11]|Bytes:12
17:49:11.1 (5452982)|HEAP_ALLOCATE|[13]|Bytes:13
17:49:11.1 (5463254)|STATEMENT_EXECUTE|[13]
17:49:11.1 (5464877)|STATEMENT_EXECUTE|[14]
17:49:11.1 (5479229)|METHOD_ENTRY|[14]|01p41000000CQtU|gameize.GameizeController.fetchGameData()
17:49:11.1 (5498345)|VARIABLE_SCOPE_BEGIN|[82]|this|gameize.GameizeController|true|false
17:49:11.1 (5513892)|VARIABLE_ASSIGNMENT|[82]|this|{}|0x61210957
17:49:11.1 (5522538)|HEAP_ALLOCATE|[83]|Bytes:5
17:49:11.1 (5526401)|STATEMENT_EXECUTE|[82]
17:49:11.1 (5527725)|STATEMENT_EXECUTE|[83]
17:49:11.1 (5537235)|VARIABLE_SCOPE_BEGIN|[83]|returnData|String|false|false
17:49:11.1 (5543228)|VARIABLE_ASSIGNMENT|[83]|returnData|null
17:49:11.1 (5545139)|STATEMENT_EXECUTE|[84]
17:49:11.1 (5546234)|STATEMENT_EXECUTE|[84]
17:49:11.1 (5547262)|STATEMENT_EXECUTE|[85]
17:49:11.1 (5552537)|HEAP_ALLOCATE|[85]|Bytes:63
17:49:11.1 (5560051)|HEAP_ALLOCATE|[85]|Bytes:4
17:49:11.1 (5859305)|SOQL_EXECUTE_BEGIN|[85]|Aggregations:0|SELECT Body FROM StaticResource WHERE Name = 'Gameize_GameList'
17:49:11.1 (9787003)|SOQL_EXECUTE_END|[85]|Rows:1
17:49:11.1 (9822145)|HEAP_ALLOCATE|[85]|Bytes:8
17:49:11.1 (9839184)|HEAP_ALLOCATE|[85]|Bytes:536
17:49:11.1 (9973909)|HEAP_ALLOCATE|[85]|Bytes:8
17:49:11.1 (9987269)|VARIABLE_SCOPE_BEGIN|[85]|records|List<StaticResource>|true|false
17:49:11.1 (10023197)|VARIABLE_ASSIGNMENT|[85]|records|{"s":1,"v":[{"s":2,"v":{"Body":BLOB(491 bytes),"Id":"081410000000JmSAAU"}}]}|0x7beb4c92
17:49:11.1 (10108986)|ENTERING_MANAGED_PKG|
17:49:11.1 (10143127)|STATEMENT_EXECUTE|[86]
17:49:11.1 (10145858)|STATEMENT_EXECUTE|[88]
17:49:11.1 (10186171)|HEAP_ALLOCATE|[88]|Bytes:12
17:49:11.1 (10257087)|ENTERING_MANAGED_PKG|
17:49:11.1 (10336598)|HEAP_ALLOCATE|[88]|Bytes:491
17:49:11.1 (10361258)|VARIABLE_ASSIGNMENT|[88]|returnData|"[{\"id\": 1, \"name\": \" (471 more) ..."
17:49:11.1 (10365145)|STATEMENT_EXECUTE|[89]
17:49:11.1 (10375084)|HEAP_ALLOCATE|[89]|Bytes:12
17:49:11.1 (10388890)|HEAP_ALLOCATE|[89]|Bytes:503
17:49:11.1 (10417162)|ENTERING_MANAGED_PKG|
17:49:11.1 (10455807)|USER_DEBUG|[89]|DEBUG|returnData::[{"id": 1, "name": "Age Counter", "auraid": "agecounter", "cmpname": "AgeCounter", "desc": "Count how long you've lived, in days+hours+minutes."},{"id": 2, "name": "Hangman", "auraid": "hangman", "cmpname": "Hangman", "desc": "Games are a good way to keep your visitors- and yourself- occupied on your site. Here's where this script comes in. It's the great JavaScript reincarnation of the classic Hang Man game. Play against the computer. The vocabulary to be used is configurable. Cool!"}]
17:49:11.1 (10519639)|VARIABLE_ASSIGNMENT|[EXTERNAL]|this|{"debug":false,"input":"{\"mode\":\"fetchGameDa (4 more) ...","operation":"GameizeController"}|0x7c47e986
17:49:11.1 (10532705)|STATEMENT_EXECUTE|[90]
17:49:11.1 (10541456)|STATEMENT_EXECUTE|[93]
17:49:11.1 (10550244)|METHOD_EXIT|[14]|01p41000000CQtU|gameize.GameizeController.fetchGameData()
17:49:11.1 (10588775)|VARIABLE_ASSIGNMENT|[EXTERNAL]|this|{"debug":false,"input":"{\"mode\":\"fetchGameDa (4 more) ...","operation":"GameizeController"}|0x7c47e986
17:49:11.1 (10597149)|VARIABLE_ASSIGNMENT|[EXTERNAL]|value|"[{\"id\": 1, \"name\": \" (471 more) ..."
17:49:11.1 (10610036)|VARIABLE_ASSIGNMENT|[12]|this.output|"[{\"id\": 1, \"name\": \" (471 more) ..."|0x7c47e986
17:49:11.1 (10617474)|STATEMENT_EXECUTE|[15]
17:49:11.1 (10670914)|VARIABLE_ASSIGNMENT|[EXTERNAL]|this|{"debug":false,"input":"{\"mode\":\"fetchGameDa (4 more) ...","operation":"GameizeController","output":"[{\"id\": 1, \"name\": \" (471 more) ..."}|0x7c47e986
17:49:11.1 (10716215)|VARIABLE_ASSIGNMENT|[EXTERNAL]|this|{"debug":false,"input":"{\"mode\":\"fetchGameDa (4 more) ...","operation":"GameizeController","output":"[{\"id\": 1, \"name\": \" (471 more) ..."}|0x7c47e986
17:49:11.1 (10723921)|VARIABLE_ASSIGNMENT|[EXTERNAL]|value|true
17:49:11.1 (10729464)|HEAP_ALLOCATE|[15]|Bytes:5
17:49:11.1 (10736893)|VARIABLE_ASSIGNMENT|[15]|this.outputFlag|true|0x7c47e986
17:49:11.1 (10749235)|METHOD_EXIT|[8]|01p41000000CQtU|gameize.GameizeController.process(gameize.ETLC_ApexBridge_Data)
17:49:11.1 (10753449)|STATEMENT_EXECUTE|[23]
17:49:11.1 (10769617)|METHOD_ENTRY|[23]|01p41000000CNQH|gameize.ETLC_ApexBridge_Data.toJSON()
17:49:11.1 (10788261)|VARIABLE_SCOPE_BEGIN|[57]|this|gameize.ETLC_ApexBridge_Data|true|false
17:49:11.1 (10816956)|VARIABLE_ASSIGNMENT|[57]|this|{"debug":false,"input":"{\"mode\":\"fetchGameDa (4 more) ...","operation":"GameizeController","output":"[{\"id\": 1, \"name\": \" (471 more) ...","outputFlag":true}|0x7c47e986
17:49:11.1 (10823213)|STATEMENT_EXECUTE|[57]
17:49:11.1 (10824590)|STATEMENT_EXECUTE|[58]
17:49:11.1 (10840684)|METHOD_ENTRY|[58]||System.JSON.serialize(Object)
17:49:11.1 (10971476)|STATEMENT_EXECUTE|[22]
17:49:11.1 (10975768)|STATEMENT_EXECUTE|[23]
17:49:11.1 (10986283)|HEAP_ALLOCATE|[23]|Bytes:5
17:49:11.1 (10995429)|VARIABLE_ASSIGNMENT|[23]|this.isSuccess|true|0x7c47e986
17:49:11.1 (10998099)|STATEMENT_EXECUTE|[24]
17:49:11.1 (11043813)|STATEMENT_EXECUTE|[31]
17:49:11.1 (11048545)|STATEMENT_EXECUTE|[32]
17:49:11.1 (11140669)|HEAP_ALLOCATE|[32]|Bytes:4
17:49:11.1 (11195514)|VARIABLE_ASSIGNMENT|[32]|this.messages|{"s":1,"v":{}}|0x7c47e986
17:49:11.1 (11200172)|STATEMENT_EXECUTE|[33]
17:49:11.1 (11615583)|METHOD_EXIT|[58]||System.JSON.serialize(Object)
17:49:11.1 (11622714)|METHOD_EXIT|[23]|01p41000000CNQH|gameize.ETLC_ApexBridge_Data.toJSON()
17:49:11.1 (11633602)|SYSTEM_MODE_EXIT|false
17:49:11.11 (11681075)|CUMULATIVE_LIMIT_USAGE
17:49:11.11 (11681075)|LIMIT_USAGE_FOR_NS|(default)|
  Number of SOQL queries: 0 out of 100
  Number of query rows: 0 out of 50000
  Number of SOSL queries: 0 out of 20
  Number of DML statements: 0 out of 150
  Number of DML rows: 0 out of 10000
  Maximum CPU time: 0 out of 10000
  Maximum heap size: 0 out of 6000000
  Number of callouts: 0 out of 100
  Number of Email Invocations: 0 out of 10
  Number of future calls: 0 out of 50
  Number of queueable jobs added to the queue: 0 out of 50
  Number of Mobile Apex push calls: 0 out of 10

17:49:11.11 (11681075)|LIMIT_USAGE_FOR_NS|gameize|
  Number of SOQL queries: 1 out of 100
  Number of query rows: 1 out of 50000
  Number of SOSL queries: 0 out of 20
  Number of DML statements: 0 out of 150
  Number of DML rows: 0 out of 10000
  Maximum CPU time: 0 out of 10000
  Maximum heap size: 0 out of 6000000
  Number of callouts: 0 out of 100
  Number of Email Invocations: 0 out of 10
  Number of future calls: 0 out of 50
  Number of queueable jobs added to the queue: 0 out of 50
  Number of Mobile Apex push calls: 0 out of 10

17:49:11.11 (11681075)|CUMULATIVE_LIMIT_USAGE_END

17:49:11.1 (11762671)|CODE_UNIT_FINISHED|ETLC_ApexBridge_Controller.execute
17:49:11.0 (12051622)|HEAP_ALLOCATE|[EXTERNAL]|Bytes:86
17:49:11.0 (12067252)|HEAP_ALLOCATE|[EXTERNAL]|Bytes:86
17:49:11.13 (13466665)|USER_INFO|[EXTERNAL]|00541000000Hq4o|gameize@jr.te|Eastern Standard Time|GMT-04:00
17:49:11.13 (13542388)|STATEMENT_EXECUTE|[3]
17:49:11.13 (13545093)|STATEMENT_EXECUTE|[4]
17:49:11.13 (13555970)|VARIABLE_SCOPE_BEGIN|[4]|data|gameize.ETLC_ApexBridge_Data|true|false
17:49:11.13 (13576758)|VARIABLE_ASSIGNMENT|[4]|data|null|
17:49:11.13 (13579800)|STATEMENT_EXECUTE|[5]
17:49:11.13 (13580900)|STATEMENT_EXECUTE|[5]
17:49:11.13 (13581857)|STATEMENT_EXECUTE|[6]
17:49:11.13 (13592313)|METHOD_ENTRY|[6]|01p41000000CNQH|gameize.ETLC_ApexBridge_Data.fromJSON(String)
17:49:11.13 (13597714)|VARIABLE_SCOPE_BEGIN|[60]|strJson|String|false|false
17:49:11.13 (13606456)|VARIABLE_ASSIGNMENT|[60]|strJson|"{\"operation\":\"Gameiz (66 more) ..."
17:49:11.13 (13609881)|STATEMENT_EXECUTE|[60]
17:49:11.13 (13611223)|STATEMENT_EXECUTE|[61]
17:49:11.13 (13663288)|HEAP_ALLOCATE|[61]|Bytes:8
17:49:11.13 (13670146)|HEAP_ALLOCATE|[61]|Bytes:8
17:49:11.13 (13674958)|VARIABLE_SCOPE_BEGIN|[4]|this|System.Type|true|false
17:49:11.13 (13699622)|VARIABLE_ASSIGNMENT|[4]|this|{}|0x191324c0
17:49:11.13 (13704335)|VARIABLE_SCOPE_BEGIN|[4]|apextype|java:common.apex.runtime.ApexObjectType|true|false
17:49:11.13 (13811250)|VARIABLE_ASSIGNMENT|[4]|apextype|"gameize.ETLC_ApexBridge_Data"|0x69e951d2
17:49:11.13 (13843465)|HEAP_ALLOCATE|[61]|Bytes:8
17:49:11.13 (13853688)|METHOD_ENTRY|[61]||System.JSON.deserializeStrict(String, System.Type)
17:49:11.13 (14019554)|METHOD_EXIT|[61]||System.JSON.deserializeStrict(String, System.Type)
17:49:11.13 (14029453)|METHOD_EXIT|[6]|01p41000000CNQH|gameize.ETLC_ApexBridge_Data.fromJSON(String)
17:49:11.13 (14059864)|VARIABLE_ASSIGNMENT|[6]|data|{"debug":false,"input":"{\"mode\":\"fetchUserDa (4 more) ...","operation":"GameizeController"}|0x2bc8aa66
17:49:11.13 (14064235)|STATEMENT_EXECUTE|[7]
17:49:11.13 (14100646)|VARIABLE_ASSIGNMENT|[EXTERNAL]|this|{"debug":false,"input":"{\"mode\":\"fetchUserDa (4 more) ...","operation":"GameizeController"}|0x2bc8aa66
17:49:11.13 (14112927)|METHOD_ENTRY|[7]||System.Type.forName(String)
17:49:11.13 (14228246)|METHOD_EXIT|[7]||System.Type.forName(String)
17:49:11.13 (14235576)|METHOD_ENTRY|[7]||System.Type.newInstance()
17:49:11.13 (14289619)|HEAP_ALLOCATE|[33]|Bytes:5
17:49:11.13 (14298015)|CONSTRUCTOR_ENTRY|[EXTERNAL]|01p41000000CNQC|<init>()
17:49:11.13 (14302451)|VARIABLE_SCOPE_BEGIN|[1]|this|gameize.ETLC_ApexBridge_Abstract|true|false
17:49:11.13 (14316928)|VARIABLE_ASSIGNMENT|[1]|this|{}|0x3bae6983
17:49:11.13 (14328913)|STATEMENT_EXECUTE|[1]
17:49:11.13 (14332822)|CONSTRUCTOR_EXIT|[EXTERNAL]|01p41000000CNQC|<init>()
17:49:11.13 (14337655)|STATEMENT_EXECUTE|[1]
17:49:11.13 (14341658)|HEAP_ALLOCATE|[33]|Bytes:5
17:49:11.13 (14356802)|METHOD_EXIT|[7]||System.Type.newInstance()
17:49:11.13 (14364674)|VARIABLE_SCOPE_BEGIN|[7]|executor|gameize.ETLC_ApexBridge_Abstract|true|false
17:49:11.13 (14377771)|VARIABLE_ASSIGNMENT|[7]|executor|{}|0x3bae6983
17:49:11.13 (14380205)|STATEMENT_EXECUTE|[8]
17:49:11.13 (14393224)|METHOD_ENTRY|[8]|01p41000000CQtU|gameize.GameizeController.process(gameize.ETLC_ApexBridge_Data)
17:49:11.13 (14397759)|VARIABLE_SCOPE_BEGIN|[3]|this|gameize.GameizeController|true|false
17:49:11.13 (14409007)|VARIABLE_ASSIGNMENT|[3]|this|{}|0x3bae6983
17:49:11.13 (14411110)|VARIABLE_SCOPE_BEGIN|[3]|data|gameize.ETLC_ApexBridge_Data|true|false
17:49:11.13 (14432236)|VARIABLE_ASSIGNMENT|[3]|data|{"debug":false,"input":"{\"mode\":\"fetchUserDa (4 more) ...","operation":"GameizeController"}|0x2bc8aa66
17:49:11.13 (14440419)|HEAP_ALLOCATE|[4]|Bytes:5
17:49:11.13 (14444490)|STATEMENT_EXECUTE|[3]
17:49:11.13 (14445700)|STATEMENT_EXECUTE|[4]
17:49:11.13 (14477773)|VARIABLE_ASSIGNMENT|[4]|GameizeController.apexBridgedata|{"debug":false,"input":"{\"mode\":\"fetchUserDa (4 more) ...","operation":"GameizeController"}|0x2bc8aa66
17:49:11.13 (14505227)|VARIABLE_ASSIGNMENT|[EXTERNAL]|this|{"debug":false,"input":"{\"mode\":\"fetchUserDa (4 more) ...","operation":"GameizeController"}|0x2bc8aa66
17:49:11.13 (14514968)|STATEMENT_EXECUTE|[5]
17:49:11.13 (14520930)|STATEMENT_EXECUTE|[7]
17:49:11.13 (14528858)|METHOD_ENTRY|[7]|01p41000000CNQH|gameize.ETLC_ApexBridge_Data.getInputValue(String)
17:49:11.13 (14533018)|VARIABLE_SCOPE_BEGIN|[52]|this|gameize.ETLC_ApexBridge_Data|true|false
17:49:11.13 (14555397)|VARIABLE_ASSIGNMENT|[52]|this|{"debug":false,"input":"{\"mode\":\"fetchUserDa (4 more) ...","operation":"GameizeController"}|0x2bc8aa66
17:49:11.13 (14558743)|VARIABLE_SCOPE_BEGIN|[52]|key|String|false|false
17:49:11.13 (14562014)|VARIABLE_ASSIGNMENT|[52]|key|"mode"
17:49:11.13 (14565358)|STATEMENT_EXECUTE|[52]
17:49:11.13 (14566890)|STATEMENT_EXECUTE|[53]
17:49:11.13 (14597163)|VARIABLE_ASSIGNMENT|[EXTERNAL]|this|{"debug":false,"input":"{\"mode\":\"fetchUserDa (4 more) ...","operation":"GameizeController"}|0x2bc8aa66
17:49:11.13 (14608449)|METHOD_ENTRY|[53]||System.JSON.deserializeUntyped(String)
17:49:11.13 (14753072)|METHOD_EXIT|[53]||System.JSON.deserializeUntyped(String)
17:49:11.13 (14762431)|VARIABLE_SCOPE_BEGIN|[53]|inputMap|Map<String,ANY>|true|false
17:49:11.13 (14783486)|VARIABLE_ASSIGNMENT|[53]|inputMap|{"s":1,"v":{"mode":"fetchUserData"}}|0x1e0ec21f
17:49:11.13 (14787500)|STATEMENT_EXECUTE|[54]
17:49:11.13 (14810641)|ENTERING_MANAGED_PKG|
17:49:11.13 (14822965)|METHOD_EXIT|[7]|01p41000000CNQH|gameize.ETLC_ApexBridge_Data.getInputValue(String)
17:49:11.13 (14828793)|VARIABLE_SCOPE_BEGIN|[7]|mode|String|false|false
17:49:11.13 (14835568)|VARIABLE_ASSIGNMENT|[7]|mode|"fetchUserData"
17:49:11.13 (14853294)|STATEMENT_EXECUTE|[8]
17:49:11.13 (14854934)|STATEMENT_EXECUTE|[9]
17:49:11.13 (14908593)|HEAP_ALLOCATE|[9]|Bytes:85
17:49:11.13 (14928455)|SYSTEM_METHOD_ENTRY|[1]|UserInfo.UserInfo()
17:49:11.13 (14932289)|STATEMENT_EXECUTE|[1]
17:49:11.13 (14943149)|SYSTEM_METHOD_EXIT|[1]|UserInfo
17:49:11.13 (14957788)|METHOD_ENTRY|[9]||System.UserInfo.getUserId()
17:49:11.13 (15000923)|METHOD_EXIT|[9]||System.UserInfo.getUserId()
17:49:11.13 (15017449)|HEAP_ALLOCATE|[9]|Bytes:4
17:49:11.13 (15030265)|METHOD_ENTRY|[9]|01p41000000CQtU|gameize.GameizeController.fetchUserData(Id)
17:49:11.13 (15034797)|VARIABLE_SCOPE_BEGIN|[21]|this|gameize.GameizeController|true|false
17:49:11.13 (15050210)|VARIABLE_ASSIGNMENT|[21]|this|{}|0x3bae6983
17:49:11.13 (15052959)|VARIABLE_SCOPE_BEGIN|[21]|userId|Id|false|false
17:49:11.13 (15113460)|VARIABLE_ASSIGNMENT|[21]|userId|"00541000000Hq4oAAC"
17:49:11.13 (15124632)|HEAP_ALLOCATE|[22]|Bytes:5
17:49:11.13 (15129353)|STATEMENT_EXECUTE|[21]
17:49:11.13 (15130827)|STATEMENT_EXECUTE|[22]
17:49:11.13 (15141434)|VARIABLE_SCOPE_BEGIN|[22]|returnData|String|false|false
17:49:11.13 (15147663)|VARIABLE_ASSIGNMENT|[22]|returnData|null
17:49:11.13 (15149603)|STATEMENT_EXECUTE|[23]
17:49:11.13 (15150707)|STATEMENT_EXECUTE|[23]
17:49:11.13 (15151704)|STATEMENT_EXECUTE|[24]
17:49:11.13 (15157153)|HEAP_ALLOCATE|[24]|Bytes:109
17:49:11.13 (15162978)|HEAP_ALLOCATE|[24]|Bytes:4
17:49:11.13 (15169854)|HEAP_ALLOCATE|[24]|Bytes:7
17:49:11.13 (15789827)|SOQL_EXECUTE_BEGIN|[24]|Aggregations:0|SELECT ID, gameize__dataFavorite__c, gameize__dataHistory__c FROM Gameize__c WHERE User__c = :tmpVar1 LIMIT 1
17:49:11.13 (20894095)|SOQL_EXECUTE_END|[24]|Rows:1
17:49:11.13 (20922131)|HEAP_ALLOCATE|[24]|Bytes:8
17:49:11.13 (20932935)|HEAP_ALLOCATE|[24]|Bytes:1347
17:49:11.13 (21002612)|HEAP_ALLOCATE|[24]|Bytes:8
17:49:11.13 (21015694)|VARIABLE_SCOPE_BEGIN|[24]|records|List<gameize__Gameize__c>|true|false
17:49:11.13 (21045465)|VARIABLE_ASSIGNMENT|[24]|records|{"s":1,"v":[{"s":2,"v":{"Id":"a0041000000j7nTAAQ","gameize__dataFavorit (4 more) ...":"[{\"name\":\"Hangman\",\" (27 more) ...","gameize__dataHistory (3 more) ...":"[{\"name\":\"Hangman\",\" (1192 more) ..."}}]}|0x1157c9d0
17:49:11.13 (21106264)|ENTERING_MANAGED_PKG|
17:49:11.13 (21137166)|STATEMENT_EXECUTE|[25]
17:49:11.13 (21139915)|STATEMENT_EXECUTE|[27]
17:49:11.13 (21249811)|HEAP_ALLOCATE|[27]|Bytes:9
17:49:11.13 (21256570)|HEAP_ALLOCATE|[27]|Bytes:29
17:49:11.13 (21259239)|HEAP_ALLOCATE|[27]|Bytes:21
17:49:11.13 (21274311)|METHOD_ENTRY|[7]|01p41000000CNQM|ETLC_SecuredDB.ETLC_SecuredDB()
17:49:11.13 (21277957)|STATEMENT_EXECUTE|[7]
17:49:11.13 (21282093)|STATEMENT_EXECUTE|[7]
17:49:11.13 (21288578)|HEAP_ALLOCATE|[27]|Bytes:5
17:49:11.13 (21300864)|METHOD_EXIT|[7]|ETLC_SecuredDB
17:49:11.13 (21316852)|METHOD_ENTRY|[27]|01p41000000CNQM|gameize.ETLC_SecuredDB.validateQuery(List<SObject>)
17:49:11.13 (21336487)|VARIABLE_SCOPE_BEGIN|[28]|dbRecords|List<SObject>|true|false
17:49:11.13 (21360306)|VARIABLE_ASSIGNMENT|[28]|dbRecords|{"s":1,"v":[{"s":2,"v":{"Id":"a0041000000j7nTAAQ","gameize__dataFavorit (4 more) ...":"[{\"name\":\"Hangman\",\" (27 more) ...","gameize__dataHistory (3 more) ...":"[{\"name\":\"Hangman\",\" (1192 more) ..."}}]}|0x1157c9d0
17:49:11.13 (21370980)|HEAP_ALLOCATE|[29]|Bytes:5
17:49:11.13 (21377215)|STATEMENT_EXECUTE|[28]
17:49:11.13 (21378612)|STATEMENT_EXECUTE|[29]
17:49:11.13 (21451479)|HEAP_ALLOCATE|[29]|Bytes:12
17:49:11.13 (21458254)|HEAP_ALLOCATE|[29]|Bytes:8
17:49:11.13 (21492270)|HEAP_ALLOCATE|[29]|Bytes:12
17:49:11.13 (21496631)|HEAP_ALLOCATE|[29]|Bytes:9
17:49:11.13 (21507640)|HEAP_ALLOCATE|[29]|Bytes:12
17:49:11.13 (21510955)|HEAP_ALLOCATE|[29]|Bytes:8
17:49:11.13 (21521579)|HEAP_ALLOCATE|[29]|Bytes:12
17:49:11.13 (21524801)|HEAP_ALLOCATE|[29]|Bytes:8
17:49:11.13 (21536664)|HEAP_ALLOCATE|[29]|Bytes:12
17:49:11.13 (21539854)|HEAP_ALLOCATE|[29]|Bytes:9
17:49:11.13 (21562967)|METHOD_ENTRY|[29]|01p41000000CNQM|gameize.ETLC_SecuredDB.findFields(List<SObject>)
17:49:11.13 (21586189)|VARIABLE_SCOPE_BEGIN|[108]|dbRecords|List<SObject>|true|false
17:49:11.13 (21608451)|VARIABLE_ASSIGNMENT|[108]|dbRecords|{"s":1,"v":[{"s":2,"v":{"Id":"a0041000000j7nTAAQ","gameize__dataFavorit (4 more) ...":"[{\"name\":\"Hangman\",\" (27 more) ...","gameize__dataHistory (3 more) ...":"[{\"name\":\"Hangman\",\" (1192 more) ..."}}]}|0x1157c9d0
17:49:11.13 (21619767)|HEAP_ALLOCATE|[109]|Bytes:5
17:49:11.13 (21624430)|STATEMENT_EXECUTE|[108]
17:49:11.13 (21626018)|STATEMENT_EXECUTE|[109]
17:49:11.13 (21636873)|VARIABLE_SCOPE_BEGIN|[109]|strJSON|String|false|false
17:49:11.13 (21643325)|VARIABLE_ASSIGNMENT|[109]|strJSON|null
17:49:11.13 (21645487)|STATEMENT_EXECUTE|[110]
17:49:11.13 (21654625)|VARIABLE_SCOPE_BEGIN|[110]|mapFields|Map<String,Set<String>>|true|false
17:49:11.13 (21660125)|VARIABLE_ASSIGNMENT|[110]|mapFields|null|
17:49:11.13 (21662169)|STATEMENT_EXECUTE|[112]
17:49:11.13 (21672890)|METHOD_ENTRY|[112]||System.JSON.serialize(Object)
17:49:11.13 (22113192)|METHOD_EXIT|[112]||System.JSON.serialize(Object)
17:49:11.13 (22129449)|VARIABLE_ASSIGNMENT|[112]|strJSON|"[{\"attributes\":{\"typ (1598 more) ..."
17:49:11.13 (22133294)|STATEMENT_EXECUTE|[113]
17:49:11.13 (22143362)|HEAP_ALLOCATE|[113]|Bytes:5
17:49:11.13 (22152965)|HEAP_ALLOCATE|[113]|Bytes:1623
17:49:11.13 (22173586)|ENTERING_MANAGED_PKG|
17:49:11.13 (22203431)|USER_DEBUG|[113]|DEBUG|JSON:[{"attributes":{"type":"gameize__Gameize__c","url":"/services/data/v37.0/sobjects/gameize__Gameize__c/a0041000000j7nTAAQ"},"Id":"a0041000000j7nTAAQ","gameize__dataFavorite__c":"[{\"name\":\"Hangman\",\"cmpname\":\"Hangman\",\"id\":2}]","gameize__dataHistory__c":"[{\"name\":\"Hangman\",\"cmpname\":\"Hangman\",\"datePlayed\":\"Mon Aug 08 2016 15:45:16 GMT-0400 (Eastern Daylight Time)\",\"id\":2},{\"name\":\"Hangman\",\"cmpname\":\"Hangman\",\"datePlayed\":\"Mon Aug 08 2016 15:45:23 GMT-0400 (Eastern Daylight Time)\",\"id\":2},{\"name\":\"Age Counter\",\"cmpname\":\"AgeCounter\",\"datePlayed\":\"Mon Aug 08 2016 15:45:26 GMT-0400 (Eastern Daylight Time)\",\"id\":1},{\"name\":\"Hangman\",\"cmpname\":\"Hangman\",\"datePlayed\":\"Mon Aug 08 2016 15:45:31 GMT-0400 (Eastern Daylight Time)\",\"id\":2},{\"name\":\"Age Counter\",\"cmpname\":\"AgeCounter\",\"datePlayed\":\"Mon Aug 08 2016 15:48:19 GMT-0400 (Eastern Daylight Time)\",\"id\":1},{\"name\":\"Hangman\",\"cmpname\":\"Hangman\",\"datePlayed\":\"Mon Aug 08 2016 15:48:22 GMT-0400 (Eastern Daylight Time)\",\"id\":2},{\"name\":\"Hangman\",\"cmpname\":\"Hangman\",\"datePlayed\":\"Mon Aug 08 2016 15:48:28 GMT-0400 (Eastern Daylight Time)\",\"id\":2},{\"name\":\"Hangman\",\"cmpname\":\"Hangman\",\"datePlayed\":\"Mon Aug 08 2016 15:48:31 GMT-0400 (Eastern Daylight Time)\",\"id\":2},{\"name\":\"Age Counter\",\"cmpname\":\"AgeCounter\",\"datePlayed\":\"Mon Aug 08 2016 15:48:34 GMT-0400 (Eastern Daylight Time)\",\"id\":1},{\"name\":\"Hangman\",\"cmpname\":\"Hangman\",\"datePlayed\":\"Mon Aug 08 2016 15:48:42 GMT-0400 (Eastern Daylight Time)\",\"id\":2}]"}]
17:49:11.13 (22221627)|STATEMENT_EXECUTE|[114]
17:49:11.13 (22233158)|HEAP_ALLOCATE|[114]|Bytes:4
17:49:11.13 (22258989)|VARIABLE_ASSIGNMENT|[114]|mapFields|{"s":1,"v":{}}|0x1c40f9c0
17:49:11.13 (22262714)|STATEMENT_EXECUTE|[115]
17:49:11.13 (22275751)|METHOD_ENTRY|[115]||System.JSON.deserializeUntyped(String)
17:49:11.13 (22777783)|METHOD_EXIT|[115]||System.JSON.deserializeUntyped(String)
17:49:11.13 (22788024)|VARIABLE_SCOPE_BEGIN|[115]|records|List<ANY>|true|false
17:49:11.13 (22817768)|HEAP_ALLOCATE|[EXTERNAL]|Bytes:8
17:49:11.13 (22849120)|VARIABLE_ASSIGNMENT|[115]|records|{"s":1,"v":[{"s":2,"v":{"attributes":{"s":3,"v":{"type":"gameize__Gameize__c","url":"/services/data/v37.0 (48 more) ..."}},"Id":"a0041000000j7nTAAQ","gameize__dataFavorit (4 more) ...":"[{\"name\":\"Hangman\",\" (27 more) ...","gameize__dataHistory (3 more) ...":"[{\"name\":\"Hangman\",\" (1192 more) ..."}}]}|0x3f7dd6fb
17:49:11.13 (22886369)|ENTERING_MANAGED_PKG|
17:49:11.13 (22932549)|HEAP_ALLOCATE|[116]|Bytes:5
17:49:11.13 (22949261)|HEAP_ALLOCATE|[116]|Bytes:20
17:49:11.13 (22961241)|VARIABLE_SCOPE_BEGIN|[116]|record|Object|false|false
17:49:11.13 (22992533)|VARIABLE_ASSIGNMENT|[116]|record|{"s":1,"v":{"attributes":{"s":2,"v":{"type":"gameize__Gameize__c","url":"/services/data/v37.0 (48 more) ..."}},"Id":"a0041000000j7nTAAQ","gameize__dataFavorit (4 more) ...":"[{\"name\":\"Hangman\",\" (27 more) ...","gameize__dataHistory (3 more) ...":"[{\"name\":\"Hangman\",\" (1192 more) ..."}}
17:49:11.13 (22999246)|STATEMENT_EXECUTE|[116]
17:49:11.13 (23000821)|STATEMENT_EXECUTE|[117]
17:49:11.13 (23022938)|METHOD_ENTRY|[117]|01p41000000CNQM|gameize.ETLC_SecuredDB.findFieldsRecursive(Map<String,Set<String>>, Map<String,ANY>)
17:49:11.13 (23044452)|VARIABLE_SCOPE_BEGIN|[124]|mapFields|Map<String,Set<String>>|true|false
17:49:11.13 (23059309)|VARIABLE_ASSIGNMENT|[124]|mapFields|{"s":1,"v":{}}|0x1c40f9c0
17:49:11.13 (23062942)|VARIABLE_SCOPE_BEGIN|[124]|record|Map<String,ANY>|true|false
17:49:11.13 (23082147)|VARIABLE_ASSIGNMENT|[124]|record|{"s":1,"v":{"attributes":{"s":2,"v":{"type":"gameize__Gameize__c","url":"/services/data/v37.0 (48 more) ..."}},"Id":"a0041000000j7nTAAQ","gameize__dataFavorit (4 more) ...":"[{\"name\":\"Hangman\",\" (27 more) ...","gameize__dataHistory (3 more) ...":"[{\"name\":\"Hangman\",\" (1192 more) ..."}}|0x5ae81ec4
17:49:11.13 (23092704)|HEAP_ALLOCATE|[125]|Bytes:5
17:49:11.13 (23097691)|STATEMENT_EXECUTE|[124]
17:49:11.13 (23099341)|STATEMENT_EXECUTE|[125]
17:49:11.13 (23107766)|HEAP_ALLOCATE|[125]|Bytes:10
17:49:11.13 (23113181)|VARIABLE_SCOPE_BEGIN|[125]|strAttributes|String|false|false
17:49:11.13 (23120212)|VARIABLE_ASSIGNMENT|[125]|strAttributes|"attributes"
17:49:11.13 (23122413)|STATEMENT_EXECUTE|[126]
17:49:11.13 (23127767)|HEAP_ALLOCATE|[126]|Bytes:7
17:49:11.13 (23131547)|VARIABLE_SCOPE_BEGIN|[126]|strRecord|String|false|false
17:49:11.13 (23136566)|VARIABLE_ASSIGNMENT|[126]|strRecord|"records"
17:49:11.13 (23155963)|ENTERING_MANAGED_PKG|
17:49:11.13 (23192524)|STATEMENT_EXECUTE|[127]
17:49:11.13 (23195029)|STATEMENT_EXECUTE|[128]
17:49:11.13 (23215501)|ENTERING_MANAGED_PKG|
17:49:11.13 (23253434)|VARIABLE_SCOPE_BEGIN|[128]|attributes|Map<String,ANY>|true|false
17:49:11.13 (23274300)|VARIABLE_ASSIGNMENT|[128]|attributes|{"s":1,"v":{"type":"gameize__Gameize__c","url":"/services/data/v37.0 (48 more) ..."}}|0x5ce18d39
17:49:11.13 (23278888)|STATEMENT_EXECUTE|[129]
17:49:11.13 (23288058)|HEAP_ALLOCATE|[129]|Bytes:4
17:49:11.13 (23306783)|ENTERING_MANAGED_PKG|
17:49:11.13 (23340778)|VARIABLE_SCOPE_BEGIN|[129]|objectName|String|false|false
17:49:11.13 (23349483)|VARIABLE_ASSIGNMENT|[129]|objectName|"gameize__Gameize__c"
17:49:11.13 (23358260)|HEAP_ALLOCATE|[130]|Bytes:4
17:49:11.13 (23378079)|ENTERING_MANAGED_PKG|
17:49:11.13 (23413804)|ENTERING_MANAGED_PKG|
17:49:11.13 (23446224)|HEAP_ALLOCATE|[130]|Bytes:79
17:49:11.13 (23469048)|ENTERING_MANAGED_PKG|
17:49:11.13 (23477156)|HEAP_ALLOCATE|[130]|Bytes:16
17:49:11.13 (23496224)|ENTERING_MANAGED_PKG|
17:49:11.13 (23521759)|HEAP_ALLOCATE|[130]|Bytes:5
17:49:11.13 (23539967)|VARIABLE_SCOPE_BEGIN|[130]|fieldName|String|false|false
17:49:11.13 (23548320)|VARIABLE_ASSIGNMENT|[130]|fieldName|"attributes"
17:49:11.13 (23551553)|STATEMENT_EXECUTE|[130]
17:49:11.13 (23552907)|STATEMENT_EXECUTE|[131]
17:49:11.13 (23573948)|ENTERING_MANAGED_PKG|
17:49:11.13 (23614207)|VARIABLE_SCOPE_BEGIN|[131]|field|Object|false|false
17:49:11.13 (23636628)|VARIABLE_ASSIGNMENT|[131]|field|{"s":1,"v":{"type":"gameize__Gameize__c","url":"/services/data/v37.0 (48 more) ..."}}
17:49:11.13 (23655685)|STATEMENT_EXECUTE|[132]
17:49:11.13 (23673485)|HEAP_ALLOCATE|[130]|Bytes:5
17:49:11.13 (23691059)|VARIABLE_SCOPE_BEGIN|[130]|fieldName|String|false|false
17:49:11.13 (23698383)|VARIABLE_ASSIGNMENT|[130]|fieldName|"Id"
17:49:11.13 (23701150)|STATEMENT_EXECUTE|[130]
17:49:11.13 (23702301)|STATEMENT_EXECUTE|[131]
17:49:11.13 (23722358)|ENTERING_MANAGED_PKG|
17:49:11.13 (23737298)|VARIABLE_SCOPE_BEGIN|[131]|field|Object|false|false
17:49:11.13 (23746407)|VARIABLE_ASSIGNMENT|[131]|field|"a0041000000j7nTAAQ"
17:49:11.13 (23758526)|HEAP_ALLOCATE|[134]|Bytes:68
17:49:11.13 (23781027)|STATEMENT_EXECUTE|[136]
17:49:11.13 (23782867)|STATEMENT_EXECUTE|[137]
17:49:11.13 (23793991)|HEAP_ALLOCATE|[137]|Bytes:4
17:49:11.13 (23813354)|ENTERING_MANAGED_PKG|
17:49:11.13 (23839071)|VARIABLE_SCOPE_BEGIN|[137]|fieldNames|Set<String>|true|false
17:49:11.13 (23861201)|VARIABLE_ASSIGNMENT|[137]|fieldNames|{"s":1,"v":[]}|0x4774e19c
17:49:11.13 (23883272)|ENTERING_MANAGED_PKG|
17:49:11.13 (23916100)|STATEMENT_EXECUTE|[138]
17:49:11.13 (23923912)|STATEMENT_EXECUTE|[139]
17:49:11.13 (23944372)|ENTERING_MANAGED_PKG|
17:49:11.13 (23976871)|HEAP_ALLOCATE|[EXTERNAL]|Bytes:4
17:49:11.13 (23986894)|STATEMENT_EXECUTE|[140]
17:49:11.13 (24008686)|ENTERING_MANAGED_PKG|
17:49:11.13 (24040086)|HEAP_ALLOCATE|[EXTERNAL]|Bytes:-4
17:49:11.13 (24055512)|HEAP_ALLOCATE|[130]|Bytes:5
17:49:11.13 (24068169)|VARIABLE_SCOPE_BEGIN|[130]|fieldName|String|false|false
17:49:11.13 (24077370)|VARIABLE_ASSIGNMENT|[130]|fieldName|"gameize__dataFavorit (4 more) ..."
17:49:11.13 (24085469)|STATEMENT_EXECUTE|[130]
17:49:11.13 (24086771)|STATEMENT_EXECUTE|[131]
17:49:11.13 (24109563)|ENTERING_MANAGED_PKG|
17:49:11.13 (24127269)|VARIABLE_SCOPE_BEGIN|[131]|field|Object|false|false
17:49:11.13 (24139108)|VARIABLE_ASSIGNMENT|[131]|field|"[{\"name\":\"Hangman\",\" (27 more) ..."
17:49:11.13 (24158044)|STATEMENT_EXECUTE|[136]
17:49:11.13 (24160137)|STATEMENT_EXECUTE|[137]
17:49:11.13 (24169222)|HEAP_ALLOCATE|[137]|Bytes:4
17:49:11.13 (24184892)|ENTERING_MANAGED_PKG|
17:49:11.13 (24192803)|VARIABLE_SCOPE_BEGIN|[137]|fieldNames|Set<String>|true|false
17:49:11.13 (24210417)|VARIABLE_ASSIGNMENT|[137]|fieldNames|{"s":1,"v":[]}|0x16ef3d87
17:49:11.13 (24225016)|ENTERING_MANAGED_PKG|
17:49:11.13 (24234078)|STATEMENT_EXECUTE|[138]
17:49:11.13 (24250819)|ENTERING_MANAGED_PKG|
17:49:11.13 (24270832)|VARIABLE_ASSIGNMENT|[138]|fieldNames|{"s":1,"v":["Id"]}|0x4774e19c
17:49:11.13 (24274827)|STATEMENT_EXECUTE|[139]
17:49:11.13 (24291491)|ENTERING_MANAGED_PKG|
17:49:11.13 (24298653)|HEAP_ALLOCATE|[EXTERNAL]|Bytes:4
17:49:11.13 (24306458)|STATEMENT_EXECUTE|[140]
17:49:11.13 (24320840)|ENTERING_MANAGED_PKG|
17:49:11.13 (24339139)|HEAP_ALLOCATE|[130]|Bytes:5
17:49:11.13 (24351429)|VARIABLE_SCOPE_BEGIN|[130]|fieldName|String|false|false
17:49:11.13 (24360449)|VARIABLE_ASSIGNMENT|[130]|fieldName|"gameize__dataHistory (3 more) ..."
17:49:11.13 (24363563)|STATEMENT_EXECUTE|[130]
17:49:11.13 (24364789)|STATEMENT_EXECUTE|[131]
17:49:11.13 (24382571)|ENTERING_MANAGED_PKG|
17:49:11.13 (24396885)|VARIABLE_SCOPE_BEGIN|[131]|field|Object|false|false
17:49:11.13 (24408081)|VARIABLE_ASSIGNMENT|[131]|field|"[{\"name\":\"Hangman\",\" (1192 more) ..."
17:49:11.13 (24425408)|STATEMENT_EXECUTE|[136]
17:49:11.13 (24427140)|STATEMENT_EXECUTE|[137]
17:49:11.13 (24435960)|HEAP_ALLOCATE|[137]|Bytes:4
17:49:11.13 (24450788)|ENTERING_MANAGED_PKG|
17:49:11.13 (24458228)|VARIABLE_SCOPE_BEGIN|[137]|fieldNames|Set<String>|true|false
17:49:11.13 (24475326)|VARIABLE_ASSIGNMENT|[137]|fieldNames|{"s":1,"v":[]}|0xc6b0fa0
17:49:11.13 (24489462)|ENTERING_MANAGED_PKG|
17:49:11.13 (24498451)|STATEMENT_EXECUTE|[138]
17:49:11.13 (24512346)|ENTERING_MANAGED_PKG|
17:49:11.13 (24532896)|VARIABLE_ASSIGNMENT|[138]|fieldNames|{"s":1,"v":["Id","gameize__dataFavorit (4 more) ..."]}|0x4774e19c
17:49:11.13 (24536600)|STATEMENT_EXECUTE|[139]
17:49:11.13 (24553001)|ENTERING_MANAGED_PKG|
17:49:11.13 (24560300)|HEAP_ALLOCATE|[EXTERNAL]|Bytes:4
17:49:11.13 (24567934)|STATEMENT_EXECUTE|[140]
17:49:11.13 (24582380)|ENTERING_MANAGED_PKG|
17:49:11.13 (24600458)|HEAP_ALLOCATE|[130]|Bytes:5
17:49:11.13 (24612693)|VARIABLE_ASSIGNMENT|[130]|fieldName|null
17:49:11.13 (24623207)|METHOD_EXIT|[117]|01p41000000CNQM|gameize.ETLC_SecuredDB.findFieldsRecursive(Map<String,Set<String>>, Map<String,ANY>)
17:49:11.13 (24632888)|HEAP_ALLOCATE|[116]|Bytes:5
17:49:11.13 (24647785)|VARIABLE_ASSIGNMENT|[116]|record|null
17:49:11.13 (24653857)|HEAP_ALLOCATE|[119]|Bytes:4
17:49:11.13 (24667516)|ENTERING_MANAGED_PKG|
17:49:11.13 (24705079)|ENTERING_MANAGED_PKG|
17:49:11.13 (24716751)|HEAP_ALLOCATE|[119]|Bytes:27
17:49:11.13 (24733598)|ENTERING_MANAGED_PKG|
17:49:11.13 (24738243)|HEAP_ALLOCATE|[119]|Bytes:4
17:49:11.13 (24750783)|ENTERING_MANAGED_PKG|
17:49:11.13 (24765733)|HEAP_ALLOCATE|[119]|Bytes:5
17:49:11.13 (24778828)|VARIABLE_SCOPE_BEGIN|[119]|objectName|String|false|false
17:49:11.13 (24786844)|VARIABLE_ASSIGNMENT|[119]|objectName|"gameize__Gameize__c"
17:49:11.13 (24790102)|STATEMENT_EXECUTE|[119]
17:49:11.13 (24791335)|STATEMENT_EXECUTE|[120]
17:49:11.13 (24800946)|HEAP_ALLOCATE|[120]|Bytes:2
17:49:11.13 (24816945)|ENTERING_MANAGED_PKG|
17:49:11.13 (24885020)|ENTERING_MANAGED_PKG|
17:49:11.13 (24901115)|HEAP_ALLOCATE|[120]|Bytes:55
17:49:11.13 (24921118)|HEAP_ALLOCATE|[120]|Bytes:76
17:49:11.13 (24936830)|ENTERING_MANAGED_PKG|
17:49:11.13 (24947045)|USER_DEBUG|[120]|DEBUG|gameize__Gameize__c: {Id, gameize__dataFavorite__c, gameize__dataHistory__c}
17:49:11.13 (24962364)|HEAP_ALLOCATE|[119]|Bytes:5
17:49:11.13 (24974606)|VARIABLE_ASSIGNMENT|[119]|objectName|null
17:49:11.13 (24978282)|STATEMENT_EXECUTE|[122]
17:49:11.13 (24991507)|METHOD_EXIT|[29]|01p41000000CNQM|gameize.ETLC_SecuredDB.findFields(List<SObject>)
17:49:11.13 (25003340)|METHOD_ENTRY|[29]|01p41000000CNQM|gameize.ETLC_SecuredDB.validate(gameize.ETLC_SecuredDB.Operation, Map<String,Set<String>>)
17:49:11.13 (25009528)|VARIABLE_SCOPE_BEGIN|[55]|op|gameize.ETLC_SecuredDB.Operation|true|false
17:49:11.13 (25024958)|VARIABLE_ASSIGNMENT|[55]|op|"Querying"|0x5c33c351
17:49:11.13 (25027555)|VARIABLE_SCOPE_BEGIN|[55]|mapFieldNames|Map<String,Set<String>>|true|false
17:49:11.13 (25046903)|VARIABLE_ASSIGNMENT|[55]|mapFieldNames|{"s":1,"v":{"gameize__Gameize__c":{"s":2,"v":["Id","gameize__dataFavorit (4 more) ...","gameize__dataHistory (3 more) ..."]}}}|0x1c40f9c0
17:49:11.13 (25057205)|HEAP_ALLOCATE|[56]|Bytes:5
17:49:11.13 (25062090)|STATEMENT_EXECUTE|[55]
17:49:11.13 (25063566)|STATEMENT_EXECUTE|[56]
17:49:11.13 (25073074)|VARIABLE_SCOPE_BEGIN|[56]|securityMessage|String|false|false
17:49:11.13 (25078800)|VARIABLE_ASSIGNMENT|[56]|securityMessage|null
17:49:11.13 (25080771)|STATEMENT_EXECUTE|[57]
17:49:11.13 (25110515)|ENTERING_MANAGED_PKG|
17:49:11.13 (36754295)|HEAP_ALLOCATE|[57]|Bytes:1256
17:49:11.13 (36783113)|VARIABLE_SCOPE_BEGIN|[57]|mapObjects|Map<String,Schema.SObjectType>|true|false
17:49:11.13 (36981282)|VARIABLE_ASSIGNMENT|[57]|mapObjects|"{acceptedeventrelation=AcceptedEventRelation, account=Account, accountcontactrole=AccountContactRole, accounthistory=AccountHistory, accountpartner=AccountPartner, accountshare=AccountShare, actionlinkgrouptemplate=ActionLinkGroupTemplate, actionlinktemplate=ActionLinkTemplate, activityhistory=ActivityHistory, additionalnumber=AdditionalNumber, ...}"|0x3c2ba14a
17:49:11.13 (36996734)|HEAP_ALLOCATE|[58]|Bytes:4
17:49:11.13 (37022036)|ENTERING_MANAGED_PKG|
17:49:11.13 (37071054)|ENTERING_MANAGED_PKG|
17:49:11.13 (37086814)|HEAP_ALLOCATE|[58]|Bytes:27
17:49:11.13 (37107741)|ENTERING_MANAGED_PKG|
17:49:11.13 (37114843)|HEAP_ALLOCATE|[58]|Bytes:4
17:49:11.13 (37128151)|ENTERING_MANAGED_PKG|
17:49:11.13 (37151106)|HEAP_ALLOCATE|[58]|Bytes:5
17:49:11.13 (37168370)|VARIABLE_SCOPE_BEGIN|[58]|sObjectName|String|false|false
17:49:11.13 (37178118)|VARIABLE_ASSIGNMENT|[58]|sObjectName|"gameize__Gameize__c"
17:49:11.13 (37182821)|STATEMENT_EXECUTE|[58]
17:49:11.13 (37184747)|STATEMENT_EXECUTE|[59]
17:49:11.13 (37201522)|HEAP_ALLOCATE|[59]|Bytes:9
17:49:11.13 (37206160)|HEAP_ALLOCATE|[59]|Bytes:7
17:49:11.13 (37234647)|ENTERING_MANAGED_PKG|
17:49:11.13 (37280215)|HEAP_ALLOCATE|[59]|Bytes:8
17:49:11.13 (37293051)|HEAP_ALLOCATE|[59]|Bytes:1
17:49:11.13 (37313856)|HEAP_ALLOCATE|[59]|Bytes:44
17:49:11.13 (37324507)|VARIABLE_ASSIGNMENT|[59]|securityMessage|"CRUD on [gameize__Ga (24 more) ..."
17:49:11.13 (37328469)|STATEMENT_EXECUTE|[60]
17:49:11.13 (37337674)|HEAP_ALLOCATE|[60]|Bytes:10
17:49:11.13 (37345909)|HEAP_ALLOCATE|[60]|Bytes:54
17:49:11.13 (37368347)|ENTERING_MANAGED_PKG|
17:49:11.13 (37401647)|USER_DEBUG|[60]|DEBUG|Checking: CRUD on [gameize__Gameize__c] for [Querying]
17:49:11.13 (37411537)|STATEMENT_EXECUTE|[61]
17:49:11.13 (37436839)|ENTERING_MANAGED_PKG|
17:49:11.13 (37777066)|HEAP_ALLOCATE|[61]|Bytes:4
17:49:11.13 (37822703)|VARIABLE_SCOPE_BEGIN|[61]|drSObj|Schema.DescribeSObjectResult|true|false
17:49:11.13 (37902579)|VARIABLE_ASSIGNMENT|[61]|drSObj|"common.api.soap.wsdl.DescribeSObjectResult@53f8aaa0"|0x785a39a
17:49:11.13 (38063309)|STATEMENT_EXECUTE|[64]
17:49:11.13 (38097259)|STATEMENT_EXECUTE|[65]
17:49:11.13 (38167468)|STATEMENT_EXECUTE|[77]
17:49:11.13 (38170155)|STATEMENT_EXECUTE|[79]
17:49:11.13 (38475558)|HEAP_ALLOCATE|[79]|Bytes:60
17:49:11.13 (38487814)|VARIABLE_SCOPE_BEGIN|[79]|mapFields|Map<String,Schema.SObjectField>|true|false
17:49:11.13 (38652540)|VARIABLE_ASSIGNMENT|[79]|mapFields|"{createdbyid=CreatedById, createddate=CreatedDate, gameize__datafavorite__c=gameize__dataFavorite__c, gameize__datahistory__c=gameize__dataHistory__c, gameize__user__c=gameize__User__c, id=Id, isdeleted=IsDeleted, lastmodifiedbyid=LastModifiedById, lastmodifieddate=LastModifiedDate, lastreferenceddate=LastReferencedDate, ...}"|0x45eec170
17:49:11.13 (38662847)|HEAP_ALLOCATE|[80]|Bytes:4
17:49:11.13 (38680587)|ENTERING_MANAGED_PKG|
17:49:11.13 (38719971)|ENTERING_MANAGED_PKG|
17:49:11.13 (38742993)|ENTERING_MANAGED_PKG|
17:49:11.13 (38749244)|HEAP_ALLOCATE|[80]|Bytes:12
17:49:11.13 (38762677)|ENTERING_MANAGED_PKG|
17:49:11.13 (38778300)|HEAP_ALLOCATE|[80]|Bytes:5
17:49:11.13 (38791881)|VARIABLE_SCOPE_BEGIN|[80]|fieldName|String|false|false
17:49:11.13 (38800063)|VARIABLE_ASSIGNMENT|[80]|fieldName|"Id"
17:49:11.13 (38803229)|STATEMENT_EXECUTE|[80]
17:49:11.13 (38804645)|STATEMENT_EXECUTE|[81]
17:49:11.13 (38828879)|ENTERING_MANAGED_PKG|
17:49:11.13 (39196669)|HEAP_ALLOCATE|[81]|Bytes:8
17:49:11.13 (39232010)|VARIABLE_SCOPE_BEGIN|[81]|drField|Schema.DescribeFieldResult|true|false
17:49:11.13 (39305752)|VARIABLE_ASSIGNMENT|[81]|drField|"common.api.soap.wsdl.Field@e86f3eb7"|0x5360dbe8
17:49:11.13 (39332683)|STATEMENT_EXECUTE|[99]
17:49:11.13 (39334666)|STATEMENT_EXECUTE|[100]
17:49:11.13 (39344761)|HEAP_ALLOCATE|[100]|Bytes:22
17:49:11.13 (39349574)|HEAP_ALLOCATE|[100]|Bytes:1
17:49:11.13 (39374753)|ENTERING_MANAGED_PKG|
17:49:11.13 (39407794)|HEAP_ALLOCATE|[100]|Bytes:8
17:49:11.13 (39437692)|HEAP_ALLOCATE|[100]|Bytes:59
17:49:11.13 (39442434)|HEAP_ALLOCATE|[100]|Bytes:35
17:49:11.13 (39446856)|HEAP_ALLOCATE|[100]|Bytes:94
17:49:11.13 (39465091)|ENTERING_MANAGED_PKG|
17:49:11.13 (39475294)|USER_DEBUG|[100]|DEBUG|Bypass Check: FLS on [gameize__Gameize__c.Id] for [Querying] since it's not isPermissionable()
17:49:11.13 (39491815)|HEAP_ALLOCATE|[80]|Bytes:5
17:49:11.13 (39505015)|VARIABLE_SCOPE_BEGIN|[80]|fieldName|String|false|false
17:49:11.13 (39515076)|VARIABLE_ASSIGNMENT|[80]|fieldName|"gameize__dataFavorit (4 more) ..."
17:49:11.13 (39518695)|STATEMENT_EXECUTE|[80]
17:49:11.13 (39520004)|STATEMENT_EXECUTE|[81]
17:49:11.13 (39539820)|ENTERING_MANAGED_PKG|
17:49:11.13 (39823575)|HEAP_ALLOCATE|[81]|Bytes:8
17:49:11.13 (39835583)|VARIABLE_SCOPE_BEGIN|[81]|drField|Schema.DescribeFieldResult|true|false
17:49:11.13 (39902685)|VARIABLE_ASSIGNMENT|[81]|drField|"common.api.soap.wsdl.Field@b9c29235"|0x67a036af
17:49:11.13 (39916360)|STATEMENT_EXECUTE|[82]
17:49:11.13 (39918047)|STATEMENT_EXECUTE|[83]
17:49:11.13 (39928010)|HEAP_ALLOCATE|[83]|Bytes:8
17:49:11.13 (39954326)|ENTERING_MANAGED_PKG|
17:49:11.13 (39986897)|HEAP_ALLOCATE|[83]|Bytes:8
17:49:11.13 (40005739)|HEAP_ALLOCATE|[83]|Bytes:67
17:49:11.13 (40012854)|HEAP_ALLOCATE|[83]|Bytes:68
17:49:11.13 (40022906)|VARIABLE_ASSIGNMENT|[83]|securityMessage|"FLS on [gameize__Gam (48 more) ..."
17:49:11.13 (40026448)|STATEMENT_EXECUTE|[84]
17:49:11.13 (40037994)|HEAP_ALLOCATE|[84]|Bytes:78
17:49:11.13 (40057318)|ENTERING_MANAGED_PKG|
17:49:11.13 (40082580)|USER_DEBUG|[84]|DEBUG|Checking: FLS on [gameize__Gameize__c.gameize__dataFavorite__c] for [Querying]
17:49:11.13 (40191109)|STATEMENT_EXECUTE|[87]
17:49:11.13 (40211087)|STATEMENT_EXECUTE|[88]
17:49:11.13 (40228897)|HEAP_ALLOCATE|[80]|Bytes:5
17:49:11.13 (40242649)|VARIABLE_SCOPE_BEGIN|[80]|fieldName|String|false|false
17:49:11.13 (40252656)|VARIABLE_ASSIGNMENT|[80]|fieldName|"gameize__dataHistory (3 more) ..."
17:49:11.13 (40255650)|STATEMENT_EXECUTE|[80]
17:49:11.13 (40256839)|STATEMENT_EXECUTE|[81]
17:49:11.13 (40276556)|ENTERING_MANAGED_PKG|
17:49:11.13 (40433540)|HEAP_ALLOCATE|[81]|Bytes:8
17:49:11.13 (40445014)|VARIABLE_SCOPE_BEGIN|[81]|drField|Schema.DescribeFieldResult|true|false
17:49:11.13 (40510752)|VARIABLE_ASSIGNMENT|[81]|drField|"common.api.soap.wsdl.Field@da928985"|0x469b5ba
17:49:11.13 (40524422)|STATEMENT_EXECUTE|[82]
17:49:11.13 (40525942)|STATEMENT_EXECUTE|[83]
17:49:11.13 (40556133)|ENTERING_MANAGED_PKG|
17:49:11.13 (40565648)|HEAP_ALLOCATE|[83]|Bytes:8
17:49:11.13 (40582218)|HEAP_ALLOCATE|[83]|Bytes:66
17:49:11.13 (40587377)|HEAP_ALLOCATE|[83]|Bytes:67
17:49:11.13 (40597391)|VARIABLE_ASSIGNMENT|[83]|securityMessage|"FLS on [gameize__Gam (47 more) ..."
17:49:11.13 (40600694)|STATEMENT_EXECUTE|[84]
17:49:11.13 (40610553)|HEAP_ALLOCATE|[84]|Bytes:77
17:49:11.13 (40625991)|ENTERING_MANAGED_PKG|
17:49:11.13 (40635534)|USER_DEBUG|[84]|DEBUG|Checking: FLS on [gameize__Gameize__c.gameize__dataHistory__c] for [Querying]
17:49:11.13 (40681245)|STATEMENT_EXECUTE|[87]
17:49:11.13 (40695674)|STATEMENT_EXECUTE|[88]
17:49:11.13 (40712689)|HEAP_ALLOCATE|[80]|Bytes:5
17:49:11.13 (40726310)|VARIABLE_ASSIGNMENT|[80]|fieldName|null
17:49:11.13 (40735427)|HEAP_ALLOCATE|[58]|Bytes:5
17:49:11.13 (40744318)|VARIABLE_ASSIGNMENT|[58]|sObjectName|null
17:49:11.13 (40758538)|METHOD_EXIT|[29]|01p41000000CNQM|gameize.ETLC_SecuredDB.validate(gameize.ETLC_SecuredDB.Operation, Map<String,Set<String>>)
17:49:11.13 (40769340)|METHOD_EXIT|[27]|01p41000000CNQM|gameize.ETLC_SecuredDB.validateQuery(List<SObject>)
17:49:11.13 (40773253)|STATEMENT_EXECUTE|[29]
17:49:11.13 (40794596)|HEAP_ALLOCATE|[29]|Bytes:16
17:49:11.13 (40809006)|METHOD_ENTRY|[29]||System.JSON.serialize(Object)
17:49:11.13 (40983787)|METHOD_EXIT|[29]||System.JSON.serialize(Object)
17:49:11.13 (40999268)|VARIABLE_ASSIGNMENT|[29]|returnData|"{\"attributes\":{\"type (1596 more) ..."
17:49:11.13 (41072986)|VARIABLE_ASSIGNMENT|[EXTERNAL]|this|{"debug":false,"input":"{\"mode\":\"fetchUserDa (4 more) ...","operation":"GameizeController"}|0x2bc8aa66
17:49:11.13 (41088333)|STATEMENT_EXECUTE|[30]
17:49:11.13 (41097086)|STATEMENT_EXECUTE|[33]
17:49:11.13 (41107357)|METHOD_EXIT|[9]|01p41000000CQtU|gameize.GameizeController.fetchUserData(Id)
17:49:11.13 (41142392)|VARIABLE_ASSIGNMENT|[EXTERNAL]|this|{"debug":false,"input":"{\"mode\":\"fetchUserDa (4 more) ...","operation":"GameizeController"}|0x2bc8aa66
17:49:11.13 (41149933)|VARIABLE_ASSIGNMENT|[EXTERNAL]|value|"{\"attributes\":{\"type (1596 more) ..."
17:49:11.13 (41165401)|VARIABLE_ASSIGNMENT|[12]|this.output|"{\"attributes\":{\"type (1596 more) ..."|0x2bc8aa66
17:49:11.13 (41172458)|STATEMENT_EXECUTE|[10]
17:49:11.13 (41224954)|VARIABLE_ASSIGNMENT|[EXTERNAL]|this|{"debug":false,"input":"{\"mode\":\"fetchUserDa (4 more) ...","operation":"GameizeController","output":"{\"attributes\":{\"type (1596 more) ..."}|0x2bc8aa66
17:49:11.13 (41263437)|VARIABLE_ASSIGNMENT|[EXTERNAL]|this|{"debug":false,"input":"{\"mode\":\"fetchUserDa (4 more) ...","operation":"GameizeController","output":"{\"attributes\":{\"type (1596 more) ..."}|0x2bc8aa66
17:49:11.13 (41270802)|VARIABLE_ASSIGNMENT|[EXTERNAL]|value|true
17:49:11.13 (41275316)|HEAP_ALLOCATE|[15]|Bytes:5
17:49:11.13 (41282976)|VARIABLE_ASSIGNMENT|[15]|this.outputFlag|true|0x2bc8aa66
17:49:11.13 (41296296)|METHOD_EXIT|[8]|01p41000000CQtU|gameize.GameizeController.process(gameize.ETLC_ApexBridge_Data)
17:49:11.13 (41300811)|STATEMENT_EXECUTE|[23]
17:49:11.13 (41315823)|METHOD_ENTRY|[23]|01p41000000CNQH|gameize.ETLC_ApexBridge_Data.toJSON()
17:49:11.13 (41320529)|VARIABLE_SCOPE_BEGIN|[57]|this|gameize.ETLC_ApexBridge_Data|true|false
17:49:11.13 (41347164)|VARIABLE_ASSIGNMENT|[57]|this|{"debug":false,"input":"{\"mode\":\"fetchUserDa (4 more) ...","operation":"GameizeController","output":"{\"attributes\":{\"type (1596 more) ...","outputFlag":true}|0x2bc8aa66
17:49:11.13 (41352868)|STATEMENT_EXECUTE|[57]
17:49:11.13 (41354234)|STATEMENT_EXECUTE|[58]
17:49:11.13 (41364789)|METHOD_ENTRY|[58]||System.JSON.serialize(Object)
17:49:11.13 (41470272)|STATEMENT_EXECUTE|[22]
17:49:11.13 (41473755)|STATEMENT_EXECUTE|[23]
17:49:11.13 (41483829)|HEAP_ALLOCATE|[23]|Bytes:5
17:49:11.13 (41492833)|VARIABLE_ASSIGNMENT|[23]|this.isSuccess|true|0x2bc8aa66
17:49:11.13 (41495372)|STATEMENT_EXECUTE|[24]
17:49:11.13 (41540968)|STATEMENT_EXECUTE|[31]
17:49:11.13 (41544123)|STATEMENT_EXECUTE|[32]
17:49:11.13 (41554498)|HEAP_ALLOCATE|[32]|Bytes:4
17:49:11.13 (41582335)|VARIABLE_ASSIGNMENT|[32]|this.messages|{"s":1,"v":{}}|0x2bc8aa66
17:49:11.13 (41586249)|STATEMENT_EXECUTE|[33]
17:49:11.13 (41828422)|METHOD_EXIT|[58]||System.JSON.serialize(Object)
17:49:11.13 (41834973)|METHOD_EXIT|[23]|01p41000000CNQH|gameize.ETLC_ApexBridge_Data.toJSON()
17:49:11.13 (41846594)|SYSTEM_MODE_EXIT|false
17:49:11.41 (41894154)|CUMULATIVE_LIMIT_USAGE
17:49:11.41 (41894154)|LIMIT_USAGE_FOR_NS|(default)|
  Number of SOQL queries: 0 out of 100
  Number of query rows: 0 out of 50000
  Number of SOSL queries: 0 out of 20
  Number of DML statements: 0 out of 150
  Number of DML rows: 0 out of 10000
  Maximum CPU time: 0 out of 10000
  Maximum heap size: 0 out of 6000000
  Number of callouts: 0 out of 100
  Number of Email Invocations: 0 out of 10
  Number of future calls: 0 out of 50
  Number of queueable jobs added to the queue: 0 out of 50
  Number of Mobile Apex push calls: 0 out of 10

17:49:11.41 (41894154)|LIMIT_USAGE_FOR_NS|gameize|
  Number of SOQL queries: 2 out of 100
  Number of query rows: 2 out of 50000
  Number of SOSL queries: 0 out of 20
  Number of DML statements: 0 out of 150
  Number of DML rows: 0 out of 10000
  Maximum CPU time: 0 out of 10000
  Maximum heap size: 0 out of 6000000
  Number of callouts: 0 out of 100
  Number of Email Invocations: 0 out of 10
  Number of future calls: 0 out of 50
  Number of queueable jobs added to the queue: 0 out of 50
  Number of Mobile Apex push calls: 0 out of 10

17:49:11.41 (41894154)|CUMULATIVE_LIMIT_USAGE_END

17:49:11.13 (41980624)|CODE_UNIT_FINISHED|ETLC_ApexBridge_Controller.execute
