37.0 APEX_CODE,FINEST;APEX_PROFILING,INFO;CALLOUT,INFO;DB,INFO;SYSTEM,DEBUG;VALIDATION,INFO;VISUALFORCE,INFO;WORKFLOW,INFO
17:53:56.0 (186915)|USER_INFO|[EXTERNAL]|00541000000Hq4o|gameize@jr.te|Eastern Standard Time|GMT-04:00
17:53:56.0 (653750)|HEAP_ALLOCATE|[72]|Bytes:3
17:53:56.0 (740290)|HEAP_ALLOCATE|[77]|Bytes:152
17:53:56.0 (760402)|HEAP_ALLOCATE|[342]|Bytes:408
17:53:56.0 (779100)|HEAP_ALLOCATE|[355]|Bytes:408
17:53:56.0 (796071)|HEAP_ALLOCATE|[467]|Bytes:48
17:53:56.2 (2357229)|USER_INFO|[EXTERNAL]|00541000000Hq4o|gameize@jr.te|Eastern Standard Time|GMT-04:00
17:53:56.2 (2550310)|STATEMENT_EXECUTE|[1]
17:53:56.2 (2574700)|METHOD_EXIT|[1]|ETLC_ApexBridge_Controller
17:53:56.2 (2581235)|HEAP_ALLOCATE|[EXTERNAL]|Bytes:1775
17:53:56.2 (2624021)|SYSTEM_MODE_ENTER|false
17:53:56.2 (2743104)|VARIABLE_SCOPE_BEGIN|[3]|dataJson|String|false|false
17:53:56.2 (2829995)|VARIABLE_ASSIGNMENT|[3]|dataJson|"{\"operation\":\"Gameiz (1755 more) ..."
17:53:56.2 (2845155)|STATEMENT_EXECUTE|[3]
17:53:56.2 (2846796)|STATEMENT_EXECUTE|[4]
17:53:56.2 (2984751)|VARIABLE_SCOPE_BEGIN|[4]|data|gameize.ETLC_ApexBridge_Data|true|false
17:53:56.2 (2999784)|VARIABLE_ASSIGNMENT|[4]|data|null|
17:53:56.2 (3002468)|STATEMENT_EXECUTE|[5]
17:53:56.2 (3004693)|STATEMENT_EXECUTE|[5]
17:53:56.2 (3005744)|STATEMENT_EXECUTE|[6]
17:53:56.2 (3029089)|HEAP_ALLOCATE|[6]|Bytes:11
17:53:56.2 (3037830)|HEAP_ALLOCATE|[6]|Bytes:248
17:53:56.2 (3041281)|HEAP_ALLOCATE|[6]|Bytes:39
17:53:56.2 (3073026)|METHOD_ENTRY|[2]|01p41000000CNQH|ETLC_ApexBridge_Data.ETLC_ApexBridge_Data()
17:53:56.2 (3077157)|STATEMENT_EXECUTE|[2]
17:53:56.2 (3081181)|STATEMENT_EXECUTE|[2]
17:53:56.2 (3087103)|METHOD_EXIT|[2]|ETLC_ApexBridge_Data
17:53:56.2 (3102425)|METHOD_ENTRY|[6]|01p41000000CNQH|gameize.ETLC_ApexBridge_Data.fromJSON(String)
17:53:56.2 (3128565)|VARIABLE_SCOPE_BEGIN|[60]|strJson|String|false|false
17:53:56.2 (3141133)|VARIABLE_ASSIGNMENT|[60]|strJson|"{\"operation\":\"Gameiz (1755 more) ..."
17:53:56.2 (3148172)|STATEMENT_EXECUTE|[60]
17:53:56.2 (3150585)|STATEMENT_EXECUTE|[61]
17:53:56.2 (3164763)|HEAP_ALLOCATE|[61]|Bytes:28
17:53:56.2 (3199224)|HEAP_ALLOCATE|[50]|Bytes:5
17:53:56.2 (3235743)|HEAP_ALLOCATE|[56]|Bytes:5
17:53:56.2 (3250541)|HEAP_ALLOCATE|[64]|Bytes:7
17:53:56.2 (3386437)|HEAP_ALLOCATE|[61]|Bytes:24
17:53:56.2 (3403957)|SYSTEM_METHOD_ENTRY|[1]|Type.Type()
17:53:56.2 (3407863)|STATEMENT_EXECUTE|[1]
17:53:56.2 (3417656)|SYSTEM_METHOD_EXIT|[1]|Type
17:53:56.2 (3425694)|HEAP_ALLOCATE|[61]|Bytes:8
17:53:56.2 (3450612)|HEAP_ALLOCATE|[61]|Bytes:8
17:53:56.2 (3458924)|VARIABLE_SCOPE_BEGIN|[4]|this|System.Type|true|false
17:53:56.2 (3498669)|VARIABLE_ASSIGNMENT|[4]|this|{}|0x115ea31f
17:53:56.2 (3505584)|VARIABLE_SCOPE_BEGIN|[4]|apextype|java:common.apex.runtime.ApexObjectType|true|false
17:53:56.2 (3685503)|VARIABLE_ASSIGNMENT|[4]|apextype|"gameize.ETLC_ApexBridge_Data"|0x5cc6ff95
17:53:56.2 (3767021)|HEAP_ALLOCATE|[61]|Bytes:8
17:53:56.2 (3814884)|HEAP_ALLOCATE|[61]|Bytes:24
17:53:56.2 (3830437)|SYSTEM_METHOD_ENTRY|[1]|JSON.JSON()
17:53:56.2 (3833928)|STATEMENT_EXECUTE|[1]
17:53:56.2 (3842486)|SYSTEM_METHOD_EXIT|[1]|JSON
17:53:56.2 (3855033)|METHOD_ENTRY|[61]||System.JSON.deserializeStrict(String, System.Type)
17:53:56.2 (4236530)|METHOD_EXIT|[61]||System.JSON.deserializeStrict(String, System.Type)
17:53:56.2 (4247993)|METHOD_EXIT|[6]|01p41000000CNQH|gameize.ETLC_ApexBridge_Data.fromJSON(String)
17:53:56.2 (4282544)|VARIABLE_ASSIGNMENT|[6]|data|{"debug":true,"input":"{\"mode\":\"saveUserDat (1406 more) ...","operation":"GameizeController"}|0xdf9daa5
17:53:56.2 (4287096)|STATEMENT_EXECUTE|[7]
17:53:56.2 (4346603)|VARIABLE_ASSIGNMENT|[EXTERNAL]|this|{"debug":true,"input":"{\"mode\":\"saveUserDat (1406 more) ...","operation":"GameizeController"}|0xdf9daa5
17:53:56.2 (4364838)|METHOD_ENTRY|[7]||System.Type.forName(String)
17:53:56.2 (4645211)|METHOD_EXIT|[7]||System.Type.forName(String)
17:53:56.2 (4663519)|METHOD_ENTRY|[7]||System.Type.newInstance()
17:53:56.2 (4829301)|STATEMENT_EXECUTE|[1]
17:53:56.2 (4838329)|HEAP_ALLOCATE|[33]|Bytes:5
17:53:56.2 (4850866)|METHOD_EXIT|[1]|GameizeController
17:53:56.2 (4856392)|HEAP_ALLOCATE|[33]|Bytes:4
17:53:56.2 (4864160)|VARIABLE_SCOPE_BEGIN|[1]|this|gameize.GameizeController|true|false
17:53:56.2 (4887308)|VARIABLE_ASSIGNMENT|[1]|this|{}|0x22346de
17:53:56.2 (4899864)|HEAP_ALLOCATE|[33]|Bytes:5
17:53:56.2 (4914034)|HEAP_ALLOCATE|[33]|Bytes:11
17:53:56.2 (4935623)|METHOD_ENTRY|[1]|01p41000000CNQC|ETLC_ApexBridge_Abstract.ETLC_ApexBridge_Abstract()
17:53:56.2 (4941777)|STATEMENT_EXECUTE|[1]
17:53:56.2 (4948639)|STATEMENT_EXECUTE|[1]
17:53:56.2 (4960821)|METHOD_EXIT|[1]|ETLC_ApexBridge_Abstract
17:53:56.2 (4976991)|CONSTRUCTOR_ENTRY|[EXTERNAL]|01p41000000CNQC|<init>()
17:53:56.2 (4987787)|VARIABLE_SCOPE_BEGIN|[1]|this|gameize.ETLC_ApexBridge_Abstract|true|false
17:53:56.2 (5007921)|VARIABLE_ASSIGNMENT|[1]|this|{}|0x22346de
17:53:56.2 (5023008)|STATEMENT_EXECUTE|[1]
17:53:56.2 (5036988)|CONSTRUCTOR_EXIT|[EXTERNAL]|01p41000000CNQC|<init>()
17:53:56.2 (5043481)|STATEMENT_EXECUTE|[1]
17:53:56.2 (5048303)|HEAP_ALLOCATE|[33]|Bytes:5
17:53:56.2 (5066509)|METHOD_EXIT|[7]||System.Type.newInstance()
17:53:56.2 (5077405)|VARIABLE_SCOPE_BEGIN|[7]|executor|gameize.ETLC_ApexBridge_Abstract|true|false
17:53:56.2 (5092126)|VARIABLE_ASSIGNMENT|[7]|executor|{}|0x22346de
17:53:56.2 (5094856)|STATEMENT_EXECUTE|[8]
17:53:56.2 (5117537)|METHOD_ENTRY|[8]|01p41000000CQtU|gameize.GameizeController.process(gameize.ETLC_ApexBridge_Data)
17:53:56.2 (5136323)|VARIABLE_SCOPE_BEGIN|[3]|this|gameize.GameizeController|true|false
17:53:56.2 (5151300)|VARIABLE_ASSIGNMENT|[3]|this|{}|0x22346de
17:53:56.2 (5155327)|VARIABLE_SCOPE_BEGIN|[3]|data|gameize.ETLC_ApexBridge_Data|true|false
17:53:56.2 (5194400)|VARIABLE_ASSIGNMENT|[3]|data|{"debug":true,"input":"{\"mode\":\"saveUserDat (1406 more) ...","operation":"GameizeController"}|0xdf9daa5
17:53:56.2 (5208633)|HEAP_ALLOCATE|[4]|Bytes:5
17:53:56.2 (5215862)|STATEMENT_EXECUTE|[3]
17:53:56.2 (5217997)|STATEMENT_EXECUTE|[4]
17:53:56.2 (5272312)|VARIABLE_ASSIGNMENT|[4]|GameizeController.apexBridgedata|{"debug":true,"input":"{\"mode\":\"saveUserDat (1406 more) ...","operation":"GameizeController"}|0xdf9daa5
17:53:56.2 (5327646)|VARIABLE_ASSIGNMENT|[EXTERNAL]|this|{"debug":true,"input":"{\"mode\":\"saveUserDat (1406 more) ...","operation":"GameizeController"}|0xdf9daa5
17:53:56.2 (5343702)|STATEMENT_EXECUTE|[5]
17:53:56.2 (5377139)|ENTERING_MANAGED_PKG|
17:53:56.2 (5444202)|USER_DEBUG|[5]|DEBUG|ETLC_ApexBridge_Data:[debug=true, input={"mode":"saveUserData","fieldName":"dataHistory__c","fieldData":"[{\"name\":\"Age Counter\",\"cmpname\":\"AgeCounter\",\"datePlayed\":\"Mon Aug 08 2016 15:48:19 GMT-0400 (Eastern Daylight Time)\",\"id\":1},{\"name\":\"Hangman\",\"cmpname\":\"Hangman\",\"datePlayed\":\"Mon Aug 08 2016 15:48:22 GMT-0400 (Eastern Daylight Time)\",\"id\":2},{\"name\":\"Hangman\",\"cmpname\":\"Hangman\",\"datePlayed\":\"Mon Aug 08 2016 15:48:28 GMT-0400 (Eastern Daylight Time)\",\"id\":2},{\"name\":\"Hangman\",\"cmpname\":\"Hangman\",\"datePlayed\":\"Mon Aug 08 2016 15:48:31 GMT-0400 (Eastern Daylight Time)\",\"id\":2},{\"name\":\"Age Counter\",\"cmpname\":\"AgeCounter\",\"datePlayed\":\"Mon Aug 08 2016 15:48:34 GMT-0400 (Eastern Daylight Time)\",\"id\":1},{\"name\":\"Hangman\",\"cmpname\":\"Hangman\",\"datePlayed\":\"Mon Aug 08 2016 15:48:42 GMT-0400 (Eastern Daylight Time)\",\"id\":2},{\"name\":\"Hangman\",\"cmpname\":\"Hangman\",\"datePlayed\":\"Mon Aug 08 2016 17:49:22 GMT-0400 (Eastern Daylight Time)\",\"id\":2},{\"name\":\"Hangman\",\"cmpname\":\"Hangman\",\"datePlayed\":\"Mon Aug 08 2016 17:53:11 GMT-0400 (Eastern Daylight Time)\",\"id\":2},{\"name\":\"Age Counter\",\"cmpname\":\"AgeCounter\",\"datePlayed\":\"Mon Aug 08 2016 17:53:47 GMT-0400 (Eastern Daylight Time)\",\"id\":1},{\"name\":\"Age Counter\",\"cmpname\":\"AgeCounter\",\"datePlayed\":\"Mon Aug 08 2016 17:53:59 GMT-0400 (Eastern Daylight Time)\",\"id\":1}]"}, isSuccess=null, messages=null, operation=GameizeController, output=null, outputFlag=null, records=null]
17:53:56.2 (5469892)|STATEMENT_EXECUTE|[7]
17:53:56.2 (5483968)|HEAP_ALLOCATE|[7]|Bytes:4
17:53:56.2 (5503695)|METHOD_ENTRY|[7]|01p41000000CNQH|gameize.ETLC_ApexBridge_Data.getInputValue(String)
17:53:56.2 (5531504)|VARIABLE_SCOPE_BEGIN|[52]|this|gameize.ETLC_ApexBridge_Data|true|false
17:53:56.2 (5576362)|VARIABLE_ASSIGNMENT|[52]|this|{"debug":true,"input":"{\"mode\":\"saveUserDat (1406 more) ...","operation":"GameizeController"}|0xdf9daa5
17:53:56.2 (5583514)|VARIABLE_SCOPE_BEGIN|[52]|key|String|false|false
17:53:56.2 (5589646)|VARIABLE_ASSIGNMENT|[52]|key|"mode"
17:53:56.2 (5596051)|STATEMENT_EXECUTE|[52]
17:53:56.2 (5597951)|STATEMENT_EXECUTE|[53]
17:53:56.2 (5679174)|VARIABLE_ASSIGNMENT|[EXTERNAL]|this|{"debug":true,"input":"{\"mode\":\"saveUserDat (1406 more) ...","operation":"GameizeController"}|0xdf9daa5
17:53:56.2 (5705456)|METHOD_ENTRY|[53]||System.JSON.deserializeUntyped(String)
17:53:56.2 (6147087)|METHOD_EXIT|[53]||System.JSON.deserializeUntyped(String)
17:53:56.2 (6161269)|VARIABLE_SCOPE_BEGIN|[53]|inputMap|Map<String,ANY>|true|false
17:53:56.2 (6199208)|VARIABLE_ASSIGNMENT|[53]|inputMap|{"s":1,"v":{"mode":"saveUserData","fieldName":"dataHistory__c","fieldData":"[{\"name\":\"Age Counte (1199 more) ..."}}|0x5a3ceb57
17:53:56.2 (6204002)|STATEMENT_EXECUTE|[54]
17:53:56.2 (6234239)|ENTERING_MANAGED_PKG|
17:53:56.2 (6285476)|METHOD_EXIT|[7]|01p41000000CNQH|gameize.ETLC_ApexBridge_Data.getInputValue(String)
17:53:56.2 (6295965)|VARIABLE_SCOPE_BEGIN|[7]|mode|String|false|false
17:53:56.2 (6303566)|VARIABLE_ASSIGNMENT|[7]|mode|"saveUserData"
17:53:56.2 (6308396)|HEAP_ALLOCATE|[8]|Bytes:13
17:53:56.2 (6338887)|HEAP_ALLOCATE|[11]|Bytes:12
17:53:56.2 (6349964)|STATEMENT_EXECUTE|[11]
17:53:56.2 (6351580)|STATEMENT_EXECUTE|[12]
17:53:56.2 (6402543)|HEAP_ALLOCATE|[12]|Bytes:85
17:53:56.2 (6418973)|SYSTEM_METHOD_ENTRY|[1]|UserInfo.UserInfo()
17:53:56.2 (6422194)|STATEMENT_EXECUTE|[1]
17:53:56.2 (6430990)|SYSTEM_METHOD_EXIT|[1]|UserInfo
17:53:56.2 (6441146)|METHOD_ENTRY|[12]||System.UserInfo.getUserId()
17:53:56.2 (6479109)|METHOD_EXIT|[12]||System.UserInfo.getUserId()
17:53:56.2 (6496749)|HEAP_ALLOCATE|[12]|Bytes:4
17:53:56.2 (6505480)|METHOD_ENTRY|[12]||System.UserInfo.getUserName()
17:53:56.2 (6529138)|METHOD_EXIT|[12]||System.UserInfo.getUserName()
17:53:56.2 (6533734)|HEAP_ALLOCATE|[12]|Bytes:9
17:53:56.2 (6543684)|METHOD_ENTRY|[12]|01p41000000CNQH|gameize.ETLC_ApexBridge_Data.getInputValue(String)
17:53:56.2 (6548223)|VARIABLE_SCOPE_BEGIN|[52]|this|gameize.ETLC_ApexBridge_Data|true|false
17:53:56.2 (6577188)|VARIABLE_ASSIGNMENT|[52]|this|{"debug":true,"input":"{\"mode\":\"saveUserDat (1406 more) ...","operation":"GameizeController"}|0xdf9daa5
17:53:56.2 (6580742)|VARIABLE_SCOPE_BEGIN|[52]|key|String|false|false
17:53:56.2 (6584333)|VARIABLE_ASSIGNMENT|[52]|key|"fieldName"
17:53:56.2 (6588221)|STATEMENT_EXECUTE|[52]
17:53:56.2 (6589378)|STATEMENT_EXECUTE|[53]
17:53:56.2 (6623748)|VARIABLE_ASSIGNMENT|[EXTERNAL]|this|{"debug":true,"input":"{\"mode\":\"saveUserDat (1406 more) ...","operation":"GameizeController"}|0xdf9daa5
17:53:56.2 (6635233)|METHOD_ENTRY|[53]||System.JSON.deserializeUntyped(String)
17:53:56.2 (6855449)|METHOD_EXIT|[53]||System.JSON.deserializeUntyped(String)
17:53:56.2 (6868026)|VARIABLE_SCOPE_BEGIN|[53]|inputMap|Map<String,ANY>|true|false
17:53:56.2 (6898847)|VARIABLE_ASSIGNMENT|[53]|inputMap|{"s":1,"v":{"mode":"saveUserData","fieldName":"dataHistory__c","fieldData":"[{\"name\":\"Age Counte (1199 more) ..."}}|0x19d33e47
17:53:56.2 (6903578)|STATEMENT_EXECUTE|[54]
17:53:56.2 (6927417)|ENTERING_MANAGED_PKG|
17:53:56.2 (6939649)|METHOD_EXIT|[12]|01p41000000CNQH|gameize.ETLC_ApexBridge_Data.getInputValue(String)
17:53:56.2 (6945506)|HEAP_ALLOCATE|[12]|Bytes:9
17:53:56.2 (6955498)|METHOD_ENTRY|[12]|01p41000000CNQH|gameize.ETLC_ApexBridge_Data.getInputValue(String)
17:53:56.2 (6959847)|VARIABLE_SCOPE_BEGIN|[52]|this|gameize.ETLC_ApexBridge_Data|true|false
17:53:56.2 (6987603)|VARIABLE_ASSIGNMENT|[52]|this|{"debug":true,"input":"{\"mode\":\"saveUserDat (1406 more) ...","operation":"GameizeController"}|0xdf9daa5
17:53:56.2 (6991396)|VARIABLE_SCOPE_BEGIN|[52]|key|String|false|false
17:53:56.2 (6994898)|VARIABLE_ASSIGNMENT|[52]|key|"fieldData"
17:53:56.2 (6998908)|STATEMENT_EXECUTE|[52]
17:53:56.2 (7000200)|STATEMENT_EXECUTE|[53]
17:53:56.2 (7039940)|VARIABLE_ASSIGNMENT|[EXTERNAL]|this|{"debug":true,"input":"{\"mode\":\"saveUserDat (1406 more) ...","operation":"GameizeController"}|0xdf9daa5
17:53:56.2 (7051860)|METHOD_ENTRY|[53]||System.JSON.deserializeUntyped(String)
17:53:56.2 (7322078)|METHOD_EXIT|[53]||System.JSON.deserializeUntyped(String)
17:53:56.2 (7334468)|VARIABLE_SCOPE_BEGIN|[53]|inputMap|Map<String,ANY>|true|false
17:53:56.2 (7362293)|VARIABLE_ASSIGNMENT|[53]|inputMap|{"s":1,"v":{"mode":"saveUserData","fieldName":"dataHistory__c","fieldData":"[{\"name\":\"Age Counte (1199 more) ..."}}|0x4887ff1f
17:53:56.2 (7366850)|STATEMENT_EXECUTE|[54]
17:53:56.2 (7390129)|ENTERING_MANAGED_PKG|
17:53:56.2 (7401917)|METHOD_EXIT|[12]|01p41000000CNQH|gameize.ETLC_ApexBridge_Data.getInputValue(String)
17:53:56.2 (7421352)|METHOD_ENTRY|[12]|01p41000000CQtU|gameize.GameizeController.saveUserData(Id, String, String, String)
17:53:56.2 (7430544)|VARIABLE_SCOPE_BEGIN|[38]|this|gameize.GameizeController|true|false
17:53:56.2 (7445547)|VARIABLE_ASSIGNMENT|[38]|this|{}|0x22346de
17:53:56.2 (7450257)|VARIABLE_SCOPE_BEGIN|[38]|userId|Id|false|false
17:53:56.2 (7509885)|VARIABLE_ASSIGNMENT|[38]|userId|"00541000000Hq4oAAC"
17:53:56.2 (7517557)|VARIABLE_SCOPE_BEGIN|[38]|userName|String|false|false
17:53:56.2 (7523517)|VARIABLE_ASSIGNMENT|[38]|userName|"gameize@jr.te"
17:53:56.2 (7526241)|VARIABLE_SCOPE_BEGIN|[38]|fieldName|String|false|false
17:53:56.2 (7529867)|VARIABLE_ASSIGNMENT|[38]|fieldName|"dataHistory__c"
17:53:56.2 (7532422)|VARIABLE_SCOPE_BEGIN|[38]|fieldData|String|false|false
17:53:56.2 (7537908)|VARIABLE_ASSIGNMENT|[38]|fieldData|"[{\"name\":\"Age Counte (1199 more) ..."
17:53:56.2 (7546785)|HEAP_ALLOCATE|[39]|Bytes:5
17:53:56.2 (7551873)|STATEMENT_EXECUTE|[38]
17:53:56.2 (7553137)|STATEMENT_EXECUTE|[39]
17:53:56.2 (7565677)|VARIABLE_SCOPE_BEGIN|[39]|returnFlag|Boolean|false|false
17:53:56.2 (7569827)|HEAP_ALLOCATE|[39]|Bytes:5
17:53:56.2 (7575454)|VARIABLE_ASSIGNMENT|[39]|returnFlag|false
17:53:56.2 (7577625)|STATEMENT_EXECUTE|[40]
17:53:56.2 (7578653)|STATEMENT_EXECUTE|[40]
17:53:56.2 (7579810)|STATEMENT_EXECUTE|[41]
17:53:56.2 (7619274)|HEAP_ALLOCATE|[41]|Bytes:4
17:53:56.2 (7643181)|ENTERING_MANAGED_PKG|
17:53:56.2 (7669309)|HEAP_ALLOCATE|[41]|Bytes:4
17:53:56.2 (7679459)|HEAP_ALLOCATE|[41]|Bytes:24
17:53:56.2 (7684389)|HEAP_ALLOCATE|[41]|Bytes:23
17:53:56.2 (7692795)|VARIABLE_SCOPE_BEGIN|[41]|fields|List<String>|true|false
17:53:56.2 (7727349)|HEAP_ALLOCATE|[EXTERNAL]|Bytes:16
17:53:56.2 (7747698)|VARIABLE_ASSIGNMENT|[41]|fields|{"s":1,"v":["Name","gameize__dataFavorit (4 more) ...","gameize__dataHistory (3 more) ..."]}|0x77ae9471
17:53:56.2 (7752230)|STATEMENT_EXECUTE|[45]
17:53:56.2 (7761952)|HEAP_ALLOCATE|[45]|Bytes:19
17:53:56.2 (8191106)|HEAP_ALLOCATE|[45]|Bytes:4
17:53:56.2 (8684160)|HEAP_ALLOCATE|[45]|Bytes:60
17:53:56.2 (8705088)|VARIABLE_SCOPE_BEGIN|[45]|m|Map<String,Schema.SObjectField>|true|false
17:53:56.2 (8997513)|VARIABLE_ASSIGNMENT|[45]|m|"{createdbyid=CreatedById, createddate=CreatedDate, gameize__datafavorite__c=gameize__dataFavorite__c, gameize__datahistory__c=gameize__dataHistory__c, gameize__user__c=gameize__User__c, id=Id, isdeleted=IsDeleted, lastmodifiedbyid=LastModifiedById, lastmodifieddate=LastModifiedDate, lastreferenceddate=LastReferencedDate, ...}"|0x72b29a7f
17:53:56.2 (9032998)|ENTERING_MANAGED_PKG|
17:53:56.2 (9115456)|HEAP_ALLOCATE|[46]|Bytes:5
17:53:56.2 (9148966)|HEAP_ALLOCATE|[46]|Bytes:4
17:53:56.2 (9169692)|VARIABLE_SCOPE_BEGIN|[46]|fieldToCheck|String|false|false
17:53:56.2 (9183977)|VARIABLE_ASSIGNMENT|[46]|fieldToCheck|"Name"
17:53:56.2 (9189031)|STATEMENT_EXECUTE|[46]
17:53:56.2 (9216478)|ENTERING_MANAGED_PKG|
17:53:56.2 (9640833)|HEAP_ALLOCATE|[52]|Bytes:8
17:53:56.2 (9682150)|ENTERING_MANAGED_PKG|
17:53:56.2 (9751810)|HEAP_ALLOCATE|[53]|Bytes:8
17:53:56.2 (9784275)|ENTERING_MANAGED_PKG|
17:53:56.2 (9846157)|HEAP_ALLOCATE|[54]|Bytes:8
17:53:56.2 (9867332)|STATEMENT_EXECUTE|[52]
17:53:56.2 (9886753)|HEAP_ALLOCATE|[46]|Bytes:5
17:53:56.2 (9897522)|HEAP_ALLOCATE|[46]|Bytes:24
17:53:56.2 (9907905)|VARIABLE_SCOPE_BEGIN|[46]|fieldToCheck|String|false|false
17:53:56.2 (9917844)|VARIABLE_ASSIGNMENT|[46]|fieldToCheck|"gameize__dataFavorit (4 more) ..."
17:53:56.2 (9920986)|STATEMENT_EXECUTE|[46]
17:53:56.2 (9934684)|ENTERING_MANAGED_PKG|
17:53:56.2 (10208979)|HEAP_ALLOCATE|[52]|Bytes:8
17:53:56.2 (10238343)|ENTERING_MANAGED_PKG|
17:53:56.2 (10273592)|HEAP_ALLOCATE|[53]|Bytes:8
17:53:56.2 (10295892)|ENTERING_MANAGED_PKG|
17:53:56.2 (10327795)|HEAP_ALLOCATE|[54]|Bytes:8
17:53:56.2 (10341749)|STATEMENT_EXECUTE|[52]
17:53:56.2 (10359809)|HEAP_ALLOCATE|[46]|Bytes:5
17:53:56.2 (10370149)|HEAP_ALLOCATE|[46]|Bytes:23
17:53:56.2 (10384608)|VARIABLE_SCOPE_BEGIN|[46]|fieldToCheck|String|false|false
17:53:56.2 (10394524)|VARIABLE_ASSIGNMENT|[46]|fieldToCheck|"gameize__dataHistory (3 more) ..."
17:53:56.2 (10397635)|STATEMENT_EXECUTE|[46]
17:53:56.2 (10411026)|ENTERING_MANAGED_PKG|
17:53:56.2 (10558556)|HEAP_ALLOCATE|[52]|Bytes:8
17:53:56.2 (10585133)|ENTERING_MANAGED_PKG|
17:53:56.2 (10618809)|HEAP_ALLOCATE|[53]|Bytes:8
17:53:56.2 (10640828)|ENTERING_MANAGED_PKG|
17:53:56.2 (10672969)|HEAP_ALLOCATE|[54]|Bytes:8
17:53:56.2 (10686813)|STATEMENT_EXECUTE|[52]
17:53:56.2 (10704306)|HEAP_ALLOCATE|[46]|Bytes:5
17:53:56.2 (10719034)|VARIABLE_ASSIGNMENT|[46]|fieldToCheck|null
17:53:56.2 (10723045)|STATEMENT_EXECUTE|[59]
17:53:56.2 (10762432)|HEAP_ALLOCATE|[59]|Bytes:4
17:53:56.2 (10850773)|VARIABLE_SCOPE_BEGIN|[59]|g|gameize__Gameize__c|true|false
17:53:56.2 (10866838)|VARIABLE_ASSIGNMENT|[59]|g|{}|0x35c6de99
17:53:56.2 (10870242)|STATEMENT_EXECUTE|[60]
17:53:56.2 (10983742)|VARIABLE_ASSIGNMENT|[60]|this.Name|"gameize@jr.te"|0x35c6de99
17:53:56.2 (10988202)|STATEMENT_EXECUTE|[61]
17:53:56.2 (11056220)|VARIABLE_ASSIGNMENT|[61]|this.gameize__User__c|"00541000000Hq4oAAC"|0x35c6de99
17:53:56.2 (11064566)|HEAP_ALLOCATE|[62]|Bytes:15
17:53:56.2 (11082810)|HEAP_ALLOCATE|[64]|Bytes:14
17:53:56.2 (11093394)|STATEMENT_EXECUTE|[64]
17:53:56.2 (11094919)|STATEMENT_EXECUTE|[65]
17:53:56.2 (11153567)|VARIABLE_ASSIGNMENT|[65]|this.gameize__dataHistory__c|"[{\"name\":\"Age Counte (1199 more) ..."|0x35c6de99
17:53:56.2 (11158217)|STATEMENT_EXECUTE|[69]
17:53:56.2 (11167861)|HEAP_ALLOCATE|[69]|Bytes:58
17:53:56.2 (11175725)|HEAP_ALLOCATE|[69]|Bytes:4
17:53:56.2 (11184077)|HEAP_ALLOCATE|[69]|Bytes:7
17:53:56.2 (11472852)|SOQL_EXECUTE_BEGIN|[69]|Aggregations:0|SELECT ID FROM Gameize__c WHERE User__c = :tmpVar1 LIMIT 1
17:53:56.2 (15811738)|SOQL_EXECUTE_END|[69]|Rows:1
17:53:56.2 (15843618)|HEAP_ALLOCATE|[69]|Bytes:8
17:53:56.2 (15860655)|HEAP_ALLOCATE|[69]|Bytes:33
17:53:56.2 (15914426)|HEAP_ALLOCATE|[69]|Bytes:8
17:53:56.2 (15930343)|VARIABLE_SCOPE_BEGIN|[69]|records|List<gameize__Gameize__c>|true|false
17:53:56.2 (15960921)|VARIABLE_ASSIGNMENT|[69]|records|{"s":1,"v":[{"s":2,"v":{"Id":"a0041000000j7nTAAQ"}}]}|0x2e924b8e
17:53:56.2 (16032626)|ENTERING_MANAGED_PKG|
17:53:56.2 (16068817)|STATEMENT_EXECUTE|[70]
17:53:56.2 (16070978)|STATEMENT_EXECUTE|[71]
17:53:56.2 (16106162)|HEAP_ALLOCATE|[71]|Bytes:8
17:53:56.2 (16190889)|VARIABLE_ASSIGNMENT|[71]|this.Id|"a0041000000j7nTAAQ"|0x35c6de99
17:53:56.2 (16196439)|STATEMENT_EXECUTE|[73]
17:53:56.2 (16244740)|HEAP_ALLOCATE|[73]|Bytes:8
17:53:56.2 (16268545)|DML_BEGIN|[73]|Op:Upsert|Type:gameize__Gameize__c|Rows:1
17:53:56.2 (16297346)|HEAP_ALLOCATE|[EXTERNAL]|Bytes:8
17:53:56.2 (58353816)|DML_END|[73]
17:53:56.2 (58506411)|VARIABLE_ASSIGNMENT|[EXTERNAL]|this|{"debug":true,"input":"{\"mode\":\"saveUserDat (1406 more) ...","operation":"GameizeController"}|0xdf9daa5
17:53:56.2 (58524047)|STATEMENT_EXECUTE|[74]
17:53:56.2 (58526678)|STATEMENT_EXECUTE|[74]
17:53:56.2 (58549950)|HEAP_ALLOCATE|[74]|Bytes:31
17:53:56.2 (58590894)|ENTERING_MANAGED_PKG|
17:53:56.2 (58654462)|HEAP_ALLOCATE|[74]|Bytes:1345
17:53:56.2 (58677247)|HEAP_ALLOCATE|[74]|Bytes:1376
17:53:56.2 (58697637)|ENTERING_MANAGED_PKG|
17:53:56.2 (58713244)|USER_DEBUG|[74]|DEBUG|GameizeController:saveData:g:: gameize__Gameize__c:{Name=gameize@jr.te, gameize__User__c=00541000000Hq4oAAC, gameize__dataHistory__c=[{"name":"Age Counter","cmpname":"AgeCounter","datePlayed":"Mon Aug 08 2016 15:48:19 GMT-0400 (Eastern Daylight Time)","id":1},{"name":"Hangman","cmpname":"Hangman","datePlayed":"Mon Aug 08 2016 15:48:22 GMT-0400 (Eastern Daylight Time)","id":2},{"name":"Hangman","cmpname":"Hangman","datePlayed":"Mon Aug 08 2016 15:48:28 GMT-0400 (Eastern Daylight Time)","id":2},{"name":"Hangman","cmpname":"Hangman","datePlayed":"Mon Aug 08 2016 15:48:31 GMT-0400 (Eastern Daylight Time)","id":2},{"name":"Age Counter","cmpname":"AgeCounter","datePlayed":"Mon Aug 08 2016 15:48:34 GMT-0400 (Eastern Daylight Time)","id":1},{"name":"Hangman","cmpname":"Hangman","datePlayed":"Mon Aug 08 2016 15:48:42 GMT-0400 (Eastern Daylight Time)","id":2},{"name":"Hangman","cmpname":"Hangman","datePlayed":"Mon Aug 08 2016 17:49:22 GMT-0400 (Eastern Daylight Time)","id":2},{"name":"Hangman","cmpname":"Hangman","datePlayed":"Mon Aug 08 2016 17:53:11 GMT-0400 (Eastern Daylight Time)","id":2},{"name":"Age Counter","cmpname":"AgeCounter","datePlayed":"Mon Aug 08 2016 17:53:47 GMT-0400 (Eastern Daylight Time)","id":1},{"name":"Age Counter","cmpname":"AgeCounter","datePlayed":"Mon Aug 08 2016 17:53:59 GMT-0400 (Eastern Daylight Time)","id":1}], Id=a0041000000j7nTAAQ}
17:53:56.2 (58729353)|STATEMENT_EXECUTE|[75]
17:53:56.2 (58740832)|HEAP_ALLOCATE|[75]|Bytes:5
17:53:56.2 (58751203)|VARIABLE_ASSIGNMENT|[75]|returnFlag|true
17:53:56.2 (58754569)|STATEMENT_EXECUTE|[77]
17:53:56.2 (58760137)|HEAP_ALLOCATE|[77]|Bytes:5
17:53:56.2 (58773095)|METHOD_EXIT|[12]|01p41000000CQtU|gameize.GameizeController.saveUserData(Id, String, String, String)
17:53:56.2 (58817174)|VARIABLE_ASSIGNMENT|[EXTERNAL]|this|{"debug":true,"input":"{\"mode\":\"saveUserDat (1406 more) ...","operation":"GameizeController"}|0xdf9daa5
17:53:56.2 (58824971)|VARIABLE_ASSIGNMENT|[EXTERNAL]|value|true
17:53:56.2 (58829665)|HEAP_ALLOCATE|[15]|Bytes:5
17:53:56.2 (58838526)|VARIABLE_ASSIGNMENT|[15]|this.outputFlag|true|0xdf9daa5
17:53:56.2 (58852871)|METHOD_EXIT|[8]|01p41000000CQtU|gameize.GameizeController.process(gameize.ETLC_ApexBridge_Data)
17:53:56.2 (58857524)|STATEMENT_EXECUTE|[23]
17:53:56.2 (58876576)|METHOD_ENTRY|[23]|01p41000000CNQH|gameize.ETLC_ApexBridge_Data.toJSON()
17:53:56.2 (58899417)|VARIABLE_SCOPE_BEGIN|[57]|this|gameize.ETLC_ApexBridge_Data|true|false
17:53:56.2 (58929662)|VARIABLE_ASSIGNMENT|[57]|this|{"debug":true,"input":"{\"mode\":\"saveUserDat (1406 more) ...","operation":"GameizeController","outputFlag":true}|0xdf9daa5
17:53:56.2 (58936703)|STATEMENT_EXECUTE|[57]
17:53:56.2 (58938785)|STATEMENT_EXECUTE|[58]
17:53:56.2 (58958360)|METHOD_ENTRY|[58]||System.JSON.serialize(Object)
17:53:56.2 (59107072)|STATEMENT_EXECUTE|[22]
17:53:56.2 (59111849)|STATEMENT_EXECUTE|[23]
17:53:56.2 (59121683)|HEAP_ALLOCATE|[23]|Bytes:5
17:53:56.2 (59131019)|VARIABLE_ASSIGNMENT|[23]|this.isSuccess|true|0xdf9daa5
17:53:56.2 (59133541)|STATEMENT_EXECUTE|[24]
17:53:56.2 (59173363)|STATEMENT_EXECUTE|[31]
17:53:56.2 (59176466)|STATEMENT_EXECUTE|[32]
17:53:56.2 (59280417)|HEAP_ALLOCATE|[32]|Bytes:4
17:53:56.2 (59360876)|VARIABLE_ASSIGNMENT|[32]|this.messages|{"s":1,"v":{}}|0xdf9daa5
17:53:56.2 (59365563)|STATEMENT_EXECUTE|[33]
17:53:56.2 (59749913)|METHOD_EXIT|[58]||System.JSON.serialize(Object)
17:53:56.2 (59756748)|METHOD_EXIT|[23]|01p41000000CNQH|gameize.ETLC_ApexBridge_Data.toJSON()
17:53:56.2 (59769539)|SYSTEM_MODE_EXIT|false
17:53:56.61 (61803120)|CUMULATIVE_LIMIT_USAGE
17:53:56.61 (61803120)|LIMIT_USAGE_FOR_NS|(default)|
  Number of SOQL queries: 0 out of 100
  Number of query rows: 0 out of 50000
  Number of SOSL queries: 0 out of 20
  Number of DML statements: 0 out of 150
  Number of DML rows: 0 out of 10000
  Maximum CPU time: 0 out of 10000
  Maximum heap size: 0 out of 6000000
  Number of callouts: 0 out of 100
  Number of Email Invocations: 0 out of 10
  Number of future calls: 0 out of 50
  Number of queueable jobs added to the queue: 0 out of 50
  Number of Mobile Apex push calls: 0 out of 10

17:53:56.61 (61803120)|LIMIT_USAGE_FOR_NS|gameize|
  Number of SOQL queries: 1 out of 100
  Number of query rows: 1 out of 50000
  Number of SOSL queries: 0 out of 20
  Number of DML statements: 1 out of 150
  Number of DML rows: 1 out of 10000
  Maximum CPU time: 0 out of 10000
  Maximum heap size: 0 out of 6000000
  Number of callouts: 0 out of 100
  Number of Email Invocations: 0 out of 10
  Number of future calls: 0 out of 50
  Number of queueable jobs added to the queue: 0 out of 50
  Number of Mobile Apex push calls: 0 out of 10

17:53:56.61 (61803120)|CUMULATIVE_LIMIT_USAGE_END

17:53:56.2 (61868371)|CODE_UNIT_FINISHED|ETLC_ApexBridge_Controller.execute
