37.0 APEX_CODE,FINEST;APEX_PROFILING,INFO;CALLOUT,INFO;DB,INFO;SYSTEM,DEBUG;VALIDATION,INFO;VISUALFORCE,INFO;WORKFLOW,INFO
17:40:48.0 (341702)|USER_INFO|[EXTERNAL]|00541000000Hq4o|gameize@jr.te|Eastern Standard Time|GMT-04:00
17:40:48.0 (734409)|HEAP_ALLOCATE|[72]|Bytes:3
17:40:48.0 (805005)|HEAP_ALLOCATE|[77]|Bytes:152
17:40:48.0 (827179)|HEAP_ALLOCATE|[342]|Bytes:408
17:40:48.0 (847903)|HEAP_ALLOCATE|[355]|Bytes:408
17:40:48.0 (867593)|HEAP_ALLOCATE|[467]|Bytes:48
17:40:48.1 (1957829)|USER_INFO|[EXTERNAL]|00541000000Hq4o|gameize@jr.te|Eastern Standard Time|GMT-04:00
17:40:48.1 (2450003)|STATEMENT_EXECUTE|[1]
17:40:48.1 (2461887)|METHOD_EXIT|[1]|ETLC_ApexBridge_Controller
17:40:48.1 (2467195)|HEAP_ALLOCATE|[EXTERNAL]|Bytes:86
17:40:48.1 (2479781)|SYSTEM_MODE_ENTER|false
17:40:48.1 (2494428)|VARIABLE_SCOPE_BEGIN|[3]|dataJson|String|false|false
17:40:48.1 (2530719)|VARIABLE_ASSIGNMENT|[3]|dataJson|"{\"operation\":\"Gameiz (66 more) ..."
17:40:48.1 (2543333)|STATEMENT_EXECUTE|[3]
17:40:48.1 (2545356)|STATEMENT_EXECUTE|[4]
17:40:48.1 (4555793)|VARIABLE_SCOPE_BEGIN|[4]|data|gameize.ETLC_ApexBridge_Data|true|false
17:40:48.1 (4569712)|VARIABLE_ASSIGNMENT|[4]|data|null|
17:40:48.1 (4572489)|STATEMENT_EXECUTE|[5]
17:40:48.1 (4573700)|STATEMENT_EXECUTE|[5]
17:40:48.1 (4574794)|STATEMENT_EXECUTE|[6]
17:40:48.1 (4591782)|HEAP_ALLOCATE|[6]|Bytes:11
17:40:48.1 (4598064)|HEAP_ALLOCATE|[6]|Bytes:248
17:40:48.1 (4600646)|HEAP_ALLOCATE|[6]|Bytes:39
17:40:48.1 (4644298)|METHOD_ENTRY|[2]|01p41000000CNQH|ETLC_ApexBridge_Data.ETLC_ApexBridge_Data()
17:40:48.1 (4649310)|STATEMENT_EXECUTE|[2]
17:40:48.1 (4654417)|STATEMENT_EXECUTE|[2]
17:40:48.1 (4661587)|METHOD_EXIT|[2]|ETLC_ApexBridge_Data
17:40:48.1 (4691564)|METHOD_ENTRY|[6]|01p41000000CNQH|gameize.ETLC_ApexBridge_Data.fromJSON(String)
17:40:48.1 (4720969)|VARIABLE_SCOPE_BEGIN|[60]|strJson|String|false|false
17:40:48.1 (4731378)|VARIABLE_ASSIGNMENT|[60]|strJson|"{\"operation\":\"Gameiz (66 more) ..."
17:40:48.1 (4735859)|STATEMENT_EXECUTE|[60]
17:40:48.1 (4737222)|STATEMENT_EXECUTE|[61]
17:40:48.1 (4752680)|HEAP_ALLOCATE|[61]|Bytes:28
17:40:48.1 (4778688)|HEAP_ALLOCATE|[50]|Bytes:5
17:40:48.1 (4802488)|HEAP_ALLOCATE|[56]|Bytes:5
17:40:48.1 (4810169)|HEAP_ALLOCATE|[64]|Bytes:7
17:40:48.1 (4922634)|HEAP_ALLOCATE|[61]|Bytes:24
17:40:48.1 (4937830)|SYSTEM_METHOD_ENTRY|[1]|Type.Type()
17:40:48.1 (4941492)|STATEMENT_EXECUTE|[1]
17:40:48.1 (4951864)|SYSTEM_METHOD_EXIT|[1]|Type
17:40:48.1 (4959516)|HEAP_ALLOCATE|[61]|Bytes:8
17:40:48.1 (4985599)|HEAP_ALLOCATE|[61]|Bytes:8
17:40:48.1 (4990845)|VARIABLE_SCOPE_BEGIN|[4]|this|System.Type|true|false
17:40:48.1 (5027134)|VARIABLE_ASSIGNMENT|[4]|this|{}|0x4b282ba0
17:40:48.1 (5032378)|VARIABLE_SCOPE_BEGIN|[4]|apextype|java:common.apex.runtime.ApexObjectType|true|false
17:40:48.1 (5142973)|VARIABLE_ASSIGNMENT|[4]|apextype|"gameize.ETLC_ApexBridge_Data"|0x3a7f2206
17:40:48.1 (5212909)|HEAP_ALLOCATE|[61]|Bytes:8
17:40:48.1 (5260767)|HEAP_ALLOCATE|[61]|Bytes:24
17:40:48.1 (5275226)|SYSTEM_METHOD_ENTRY|[1]|JSON.JSON()
17:40:48.1 (5278482)|STATEMENT_EXECUTE|[1]
17:40:48.1 (5286812)|SYSTEM_METHOD_EXIT|[1]|JSON
17:40:48.1 (5300939)|METHOD_ENTRY|[61]||System.JSON.deserializeStrict(String, System.Type)
17:40:48.1 (5988955)|METHOD_EXIT|[61]||System.JSON.deserializeStrict(String, System.Type)
17:40:48.1 (6001663)|METHOD_EXIT|[6]|01p41000000CNQH|gameize.ETLC_ApexBridge_Data.fromJSON(String)
17:40:48.1 (6063299)|VARIABLE_ASSIGNMENT|[6]|data|{"debug":false,"input":"{\"mode\":\"fetchGameDa (4 more) ...","operation":"GameizeController"}|0x5f99c1d1
17:40:48.1 (6068425)|STATEMENT_EXECUTE|[7]
17:40:48.1 (6132612)|VARIABLE_ASSIGNMENT|[EXTERNAL]|this|{"debug":false,"input":"{\"mode\":\"fetchGameDa (4 more) ...","operation":"GameizeController"}|0x5f99c1d1
17:40:48.1 (6153149)|METHOD_ENTRY|[7]||System.Type.forName(String)
17:40:48.1 (8270632)|METHOD_EXIT|[7]||System.Type.forName(String)
17:40:48.1 (8283743)|METHOD_ENTRY|[7]||System.Type.newInstance()
17:40:48.1 (9669731)|STATEMENT_EXECUTE|[1]
17:40:48.1 (9682925)|HEAP_ALLOCATE|[33]|Bytes:5
17:40:48.1 (9699951)|METHOD_EXIT|[1]|GameizeController
17:40:48.1 (9716166)|HEAP_ALLOCATE|[33]|Bytes:4
17:40:48.1 (9756479)|VARIABLE_SCOPE_BEGIN|[1]|this|gameize.GameizeController|true|false
17:40:48.1 (9778658)|VARIABLE_ASSIGNMENT|[1]|this|{}|0x62ac697d
17:40:48.1 (9788752)|HEAP_ALLOCATE|[33]|Bytes:5
17:40:48.1 (9797007)|HEAP_ALLOCATE|[33]|Bytes:11
17:40:48.1 (9820897)|METHOD_ENTRY|[1]|01p41000000CNQC|ETLC_ApexBridge_Abstract.ETLC_ApexBridge_Abstract()
17:40:48.1 (9825565)|STATEMENT_EXECUTE|[1]
17:40:48.1 (9830402)|STATEMENT_EXECUTE|[1]
17:40:48.1 (9837066)|METHOD_EXIT|[1]|ETLC_ApexBridge_Abstract
17:40:48.1 (9848287)|CONSTRUCTOR_ENTRY|[EXTERNAL]|01p41000000CNQC|<init>()
17:40:48.1 (9867381)|VARIABLE_SCOPE_BEGIN|[1]|this|gameize.ETLC_ApexBridge_Abstract|true|false
17:40:48.1 (9884054)|VARIABLE_ASSIGNMENT|[1]|this|{}|0x62ac697d
17:40:48.1 (9898402)|STATEMENT_EXECUTE|[1]
17:40:48.1 (9907809)|CONSTRUCTOR_EXIT|[EXTERNAL]|01p41000000CNQC|<init>()
17:40:48.1 (9913646)|STATEMENT_EXECUTE|[1]
17:40:48.1 (9918633)|HEAP_ALLOCATE|[33]|Bytes:5
17:40:48.1 (9935752)|METHOD_EXIT|[7]||System.Type.newInstance()
17:40:48.1 (9945484)|VARIABLE_SCOPE_BEGIN|[7]|executor|gameize.ETLC_ApexBridge_Abstract|true|false
17:40:48.1 (9960280)|VARIABLE_ASSIGNMENT|[7]|executor|{}|0x62ac697d
17:40:48.1 (9962860)|STATEMENT_EXECUTE|[8]
17:40:48.1 (10006076)|METHOD_ENTRY|[8]|01p41000000CQtU|gameize.GameizeController.process(gameize.ETLC_ApexBridge_Data)
17:40:48.1 (10036273)|VARIABLE_SCOPE_BEGIN|[3]|this|gameize.GameizeController|true|false
17:40:48.1 (10052037)|VARIABLE_ASSIGNMENT|[3]|this|{}|0x62ac697d
17:40:48.1 (10056060)|VARIABLE_SCOPE_BEGIN|[3]|data|gameize.ETLC_ApexBridge_Data|true|false
17:40:48.1 (10079705)|VARIABLE_ASSIGNMENT|[3]|data|{"debug":false,"input":"{\"mode\":\"fetchGameDa (4 more) ...","operation":"GameizeController"}|0x5f99c1d1
17:40:48.1 (10089882)|HEAP_ALLOCATE|[4]|Bytes:5
17:40:48.1 (10093778)|STATEMENT_EXECUTE|[3]
17:40:48.1 (10095081)|STATEMENT_EXECUTE|[4]
17:40:48.1 (10130535)|VARIABLE_ASSIGNMENT|[4]|GameizeController.apexBridgedata|{"debug":false,"input":"{\"mode\":\"fetchGameDa (4 more) ...","operation":"GameizeController"}|0x5f99c1d1
17:40:48.1 (10209229)|VARIABLE_ASSIGNMENT|[EXTERNAL]|this|{"debug":false,"input":"{\"mode\":\"fetchGameDa (4 more) ...","operation":"GameizeController"}|0x5f99c1d1
17:40:48.1 (10226118)|STATEMENT_EXECUTE|[5]
17:40:48.1 (10234032)|STATEMENT_EXECUTE|[7]
17:40:48.1 (10239087)|HEAP_ALLOCATE|[7]|Bytes:4
17:40:48.1 (10262584)|METHOD_ENTRY|[7]|01p41000000CNQH|gameize.ETLC_ApexBridge_Data.getInputValue(String)
17:40:48.1 (10289747)|VARIABLE_SCOPE_BEGIN|[52]|this|gameize.ETLC_ApexBridge_Data|true|false
17:40:48.1 (10316533)|VARIABLE_ASSIGNMENT|[52]|this|{"debug":false,"input":"{\"mode\":\"fetchGameDa (4 more) ...","operation":"GameizeController"}|0x5f99c1d1
17:40:48.1 (10322844)|VARIABLE_SCOPE_BEGIN|[52]|key|String|false|false
17:40:48.1 (10327487)|VARIABLE_ASSIGNMENT|[52]|key|"mode"
17:40:48.1 (10331545)|STATEMENT_EXECUTE|[52]
17:40:48.1 (10332986)|STATEMENT_EXECUTE|[53]
17:40:48.1 (10389748)|VARIABLE_ASSIGNMENT|[EXTERNAL]|this|{"debug":false,"input":"{\"mode\":\"fetchGameDa (4 more) ...","operation":"GameizeController"}|0x5f99c1d1
17:40:48.1 (10408272)|METHOD_ENTRY|[53]||System.JSON.deserializeUntyped(String)
17:40:48.1 (10676830)|METHOD_EXIT|[53]||System.JSON.deserializeUntyped(String)
17:40:48.1 (10686946)|VARIABLE_SCOPE_BEGIN|[53]|inputMap|Map<String,ANY>|true|false
17:40:48.1 (10720424)|VARIABLE_ASSIGNMENT|[53]|inputMap|{"s":1,"v":{"mode":"fetchGameData"}}|0x73707a7c
17:40:48.1 (10724390)|STATEMENT_EXECUTE|[54]
17:40:48.1 (10753877)|ENTERING_MANAGED_PKG|
17:40:48.1 (10793379)|METHOD_EXIT|[7]|01p41000000CNQH|gameize.ETLC_ApexBridge_Data.getInputValue(String)
17:40:48.1 (10800952)|VARIABLE_SCOPE_BEGIN|[7]|mode|String|false|false
17:40:48.1 (10808595)|VARIABLE_ASSIGNMENT|[7]|mode|"fetchGameData"
17:40:48.1 (10813054)|HEAP_ALLOCATE|[8]|Bytes:13
17:40:48.1 (10841315)|HEAP_ALLOCATE|[11]|Bytes:12
17:40:48.1 (10849121)|HEAP_ALLOCATE|[13]|Bytes:13
17:40:48.1 (10858251)|STATEMENT_EXECUTE|[13]
17:40:48.1 (10859772)|STATEMENT_EXECUTE|[14]
17:40:48.1 (10876435)|METHOD_ENTRY|[14]|01p41000000CQtU|gameize.GameizeController.fetchGameData()
17:40:48.1 (10899255)|VARIABLE_SCOPE_BEGIN|[82]|this|gameize.GameizeController|true|false
17:40:48.1 (10915784)|VARIABLE_ASSIGNMENT|[82]|this|{}|0x62ac697d
17:40:48.1 (10925028)|HEAP_ALLOCATE|[83]|Bytes:5
17:40:48.1 (10928629)|STATEMENT_EXECUTE|[82]
17:40:48.1 (10929782)|STATEMENT_EXECUTE|[83]
17:40:48.1 (10938815)|VARIABLE_SCOPE_BEGIN|[83]|returnData|String|false|false
17:40:48.1 (10945286)|VARIABLE_ASSIGNMENT|[83]|returnData|null
17:40:48.1 (10947168)|STATEMENT_EXECUTE|[84]
17:40:48.1 (10948169)|STATEMENT_EXECUTE|[84]
17:40:48.1 (10949044)|STATEMENT_EXECUTE|[85]
17:40:48.1 (10953818)|HEAP_ALLOCATE|[85]|Bytes:63
17:40:48.1 (10961131)|HEAP_ALLOCATE|[85]|Bytes:4
17:40:48.1 (11258633)|SOQL_EXECUTE_BEGIN|[85]|Aggregations:0|SELECT Body FROM StaticResource WHERE Name = 'Gameize_GameList'
17:40:48.1 (14595994)|SOQL_EXECUTE_END|[85]|Rows:1
17:40:48.1 (14630566)|HEAP_ALLOCATE|[85]|Bytes:8
17:40:48.1 (14647166)|HEAP_ALLOCATE|[85]|Bytes:536
17:40:48.1 (14722862)|HEAP_ALLOCATE|[85]|Bytes:8
17:40:48.1 (14734387)|VARIABLE_SCOPE_BEGIN|[85]|records|List<StaticResource>|true|false
17:40:48.1 (14775265)|VARIABLE_ASSIGNMENT|[85]|records|{"s":1,"v":[{"s":2,"v":{"Body":BLOB(491 bytes),"Id":"081410000000JmSAAU"}}]}|0x72b5a99
17:40:48.1 (14840241)|ENTERING_MANAGED_PKG|
17:40:48.1 (14870977)|STATEMENT_EXECUTE|[86]
17:40:48.1 (14873105)|STATEMENT_EXECUTE|[88]
17:40:48.1 (14909832)|HEAP_ALLOCATE|[88]|Bytes:12
17:40:48.1 (14968346)|ENTERING_MANAGED_PKG|
17:40:48.1 (15041002)|HEAP_ALLOCATE|[88]|Bytes:491
17:40:48.1 (15065478)|VARIABLE_ASSIGNMENT|[88]|returnData|"[{\"id\": 1, \"name\": \" (471 more) ..."
17:40:48.1 (15069149)|STATEMENT_EXECUTE|[89]
17:40:48.1 (15078434)|HEAP_ALLOCATE|[89]|Bytes:12
17:40:48.1 (15091067)|HEAP_ALLOCATE|[89]|Bytes:503
17:40:48.1 (15113050)|ENTERING_MANAGED_PKG|
17:40:48.1 (15144499)|USER_DEBUG|[89]|DEBUG|returnData::[{"id": 1, "name": "Age Counter", "auraid": "agecounter", "cmpname": "AgeCounter", "desc": "Count how long you've lived, in days+hours+minutes."},{"id": 2, "name": "Hangman", "auraid": "hangman", "cmpname": "Hangman", "desc": "Games are a good way to keep your visitors- and yourself- occupied on your site. Here's where this script comes in. It's the great JavaScript reincarnation of the classic Hang Man game. Play against the computer. The vocabulary to be used is configurable. Cool!"}]
17:40:48.1 (15204428)|VARIABLE_ASSIGNMENT|[EXTERNAL]|this|{"debug":false,"input":"{\"mode\":\"fetchGameDa (4 more) ...","operation":"GameizeController"}|0x5f99c1d1
17:40:48.1 (15216534)|STATEMENT_EXECUTE|[90]
17:40:48.1 (15224355)|STATEMENT_EXECUTE|[93]
17:40:48.1 (15233035)|METHOD_EXIT|[14]|01p41000000CQtU|gameize.GameizeController.fetchGameData()
17:40:48.1 (15280031)|VARIABLE_ASSIGNMENT|[EXTERNAL]|this|{"debug":false,"input":"{\"mode\":\"fetchGameDa (4 more) ...","operation":"GameizeController"}|0x5f99c1d1
17:40:48.1 (15291190)|VARIABLE_ASSIGNMENT|[EXTERNAL]|value|"[{\"id\": 1, \"name\": \" (471 more) ..."
17:40:48.1 (15302377)|VARIABLE_ASSIGNMENT|[12]|this.output|"[{\"id\": 1, \"name\": \" (471 more) ..."|0x5f99c1d1
17:40:48.1 (15310316)|STATEMENT_EXECUTE|[15]
17:40:48.1 (15368339)|VARIABLE_ASSIGNMENT|[EXTERNAL]|this|{"debug":false,"input":"{\"mode\":\"fetchGameDa (4 more) ...","operation":"GameizeController","output":"[{\"id\": 1, \"name\": \" (471 more) ..."}|0x5f99c1d1
17:40:48.1 (15419276)|VARIABLE_ASSIGNMENT|[EXTERNAL]|this|{"debug":false,"input":"{\"mode\":\"fetchGameDa (4 more) ...","operation":"GameizeController","output":"[{\"id\": 1, \"name\": \" (471 more) ..."}|0x5f99c1d1
17:40:48.1 (15429872)|VARIABLE_ASSIGNMENT|[EXTERNAL]|value|true
17:40:48.1 (15434802)|HEAP_ALLOCATE|[15]|Bytes:5
17:40:48.1 (15442375)|VARIABLE_ASSIGNMENT|[15]|this.outputFlag|true|0x5f99c1d1
17:40:48.1 (15454849)|METHOD_EXIT|[8]|01p41000000CQtU|gameize.GameizeController.process(gameize.ETLC_ApexBridge_Data)
17:40:48.1 (15458911)|STATEMENT_EXECUTE|[23]
17:40:48.1 (15475909)|METHOD_ENTRY|[23]|01p41000000CNQH|gameize.ETLC_ApexBridge_Data.toJSON()
17:40:48.1 (15497892)|VARIABLE_SCOPE_BEGIN|[57]|this|gameize.ETLC_ApexBridge_Data|true|false
17:40:48.1 (15525981)|VARIABLE_ASSIGNMENT|[57]|this|{"debug":false,"input":"{\"mode\":\"fetchGameDa (4 more) ...","operation":"GameizeController","output":"[{\"id\": 1, \"name\": \" (471 more) ...","outputFlag":true}|0x5f99c1d1
17:40:48.1 (15532189)|STATEMENT_EXECUTE|[57]
17:40:48.1 (15533479)|STATEMENT_EXECUTE|[58]
17:40:48.1 (15548805)|METHOD_ENTRY|[58]||System.JSON.serialize(Object)
17:40:48.1 (15667062)|STATEMENT_EXECUTE|[22]
17:40:48.1 (15671652)|STATEMENT_EXECUTE|[23]
17:40:48.1 (15682128)|HEAP_ALLOCATE|[23]|Bytes:5
17:40:48.1 (15691389)|VARIABLE_ASSIGNMENT|[23]|this.isSuccess|true|0x5f99c1d1
17:40:48.1 (15694343)|STATEMENT_EXECUTE|[24]
17:40:48.1 (15750070)|STATEMENT_EXECUTE|[31]
17:40:48.1 (15754451)|STATEMENT_EXECUTE|[32]
17:40:48.1 (15764521)|HEAP_ALLOCATE|[32]|Bytes:4
17:40:48.1 (15819443)|VARIABLE_ASSIGNMENT|[32]|this.messages|{"s":1,"v":{}}|0x5f99c1d1
17:40:48.1 (15823902)|STATEMENT_EXECUTE|[33]
17:40:48.1 (16189304)|METHOD_EXIT|[58]||System.JSON.serialize(Object)
17:40:48.1 (16197755)|METHOD_EXIT|[23]|01p41000000CNQH|gameize.ETLC_ApexBridge_Data.toJSON()
17:40:48.1 (16208827)|SYSTEM_MODE_EXIT|false
17:40:48.16 (16247333)|CUMULATIVE_LIMIT_USAGE
17:40:48.16 (16247333)|LIMIT_USAGE_FOR_NS|(default)|
  Number of SOQL queries: 0 out of 100
  Number of query rows: 0 out of 50000
  Number of SOSL queries: 0 out of 20
  Number of DML statements: 0 out of 150
  Number of DML rows: 0 out of 10000
  Maximum CPU time: 0 out of 10000
  Maximum heap size: 0 out of 6000000
  Number of callouts: 0 out of 100
  Number of Email Invocations: 0 out of 10
  Number of future calls: 0 out of 50
  Number of queueable jobs added to the queue: 0 out of 50
  Number of Mobile Apex push calls: 0 out of 10

17:40:48.16 (16247333)|LIMIT_USAGE_FOR_NS|gameize|
  Number of SOQL queries: 1 out of 100
  Number of query rows: 1 out of 50000
  Number of SOSL queries: 0 out of 20
  Number of DML statements: 0 out of 150
  Number of DML rows: 0 out of 10000
  Maximum CPU time: 0 out of 10000
  Maximum heap size: 0 out of 6000000
  Number of callouts: 0 out of 100
  Number of Email Invocations: 0 out of 10
  Number of future calls: 0 out of 50
  Number of queueable jobs added to the queue: 0 out of 50
  Number of Mobile Apex push calls: 0 out of 10

17:40:48.16 (16247333)|CUMULATIVE_LIMIT_USAGE_END

17:40:48.1 (16319972)|CODE_UNIT_FINISHED|ETLC_ApexBridge_Controller.execute
17:40:48.0 (16573148)|HEAP_ALLOCATE|[EXTERNAL]|Bytes:86
17:40:48.0 (16586157)|HEAP_ALLOCATE|[EXTERNAL]|Bytes:86
17:40:48.17 (17912592)|USER_INFO|[EXTERNAL]|00541000000Hq4o|gameize@jr.te|Eastern Standard Time|GMT-04:00
17:40:48.17 (17978768)|STATEMENT_EXECUTE|[3]
17:40:48.17 (17981467)|STATEMENT_EXECUTE|[4]
17:40:48.17 (17991465)|VARIABLE_SCOPE_BEGIN|[4]|data|gameize.ETLC_ApexBridge_Data|true|false
17:40:48.17 (18011456)|VARIABLE_ASSIGNMENT|[4]|data|null|
17:40:48.17 (18014953)|STATEMENT_EXECUTE|[5]
17:40:48.17 (18016035)|STATEMENT_EXECUTE|[5]
17:40:48.17 (18016966)|STATEMENT_EXECUTE|[6]
17:40:48.17 (18028897)|METHOD_ENTRY|[6]|01p41000000CNQH|gameize.ETLC_ApexBridge_Data.fromJSON(String)
17:40:48.17 (18034134)|VARIABLE_SCOPE_BEGIN|[60]|strJson|String|false|false
17:40:48.17 (18042630)|VARIABLE_ASSIGNMENT|[60]|strJson|"{\"operation\":\"Gameiz (66 more) ..."
17:40:48.17 (18046245)|STATEMENT_EXECUTE|[60]
17:40:48.17 (18047555)|STATEMENT_EXECUTE|[61]
17:40:48.17 (18094496)|HEAP_ALLOCATE|[61]|Bytes:8
17:40:48.17 (18100684)|HEAP_ALLOCATE|[61]|Bytes:8
17:40:48.17 (18104198)|VARIABLE_SCOPE_BEGIN|[4]|this|System.Type|true|false
17:40:48.17 (18124623)|VARIABLE_ASSIGNMENT|[4]|this|{}|0x645153f5
17:40:48.17 (18128195)|VARIABLE_SCOPE_BEGIN|[4]|apextype|java:common.apex.runtime.ApexObjectType|true|false
17:40:48.17 (18206249)|VARIABLE_ASSIGNMENT|[4]|apextype|"gameize.ETLC_ApexBridge_Data"|0x3a7f2206
17:40:48.17 (18235958)|HEAP_ALLOCATE|[61]|Bytes:8
17:40:48.17 (18246257)|METHOD_ENTRY|[61]||System.JSON.deserializeStrict(String, System.Type)
17:40:48.17 (18413768)|METHOD_EXIT|[61]||System.JSON.deserializeStrict(String, System.Type)
17:40:48.17 (18424175)|METHOD_EXIT|[6]|01p41000000CNQH|gameize.ETLC_ApexBridge_Data.fromJSON(String)
17:40:48.17 (18453056)|VARIABLE_ASSIGNMENT|[6]|data|{"debug":false,"input":"{\"mode\":\"fetchUserDa (4 more) ...","operation":"GameizeController"}|0x2388e84f
17:40:48.17 (18457208)|STATEMENT_EXECUTE|[7]
17:40:48.17 (18492332)|VARIABLE_ASSIGNMENT|[EXTERNAL]|this|{"debug":false,"input":"{\"mode\":\"fetchUserDa (4 more) ...","operation":"GameizeController"}|0x2388e84f
17:40:48.17 (18504744)|METHOD_ENTRY|[7]||System.Type.forName(String)
17:40:48.17 (18608571)|METHOD_EXIT|[7]||System.Type.forName(String)
17:40:48.17 (18615974)|METHOD_ENTRY|[7]||System.Type.newInstance()
17:40:48.17 (18668297)|HEAP_ALLOCATE|[33]|Bytes:5
17:40:48.17 (18680806)|CONSTRUCTOR_ENTRY|[EXTERNAL]|01p41000000CNQC|<init>()
17:40:48.17 (18685234)|VARIABLE_SCOPE_BEGIN|[1]|this|gameize.ETLC_ApexBridge_Abstract|true|false
17:40:48.17 (18701321)|VARIABLE_ASSIGNMENT|[1]|this|{}|0x723c0a95
17:40:48.17 (18713703)|STATEMENT_EXECUTE|[1]
17:40:48.17 (18722189)|CONSTRUCTOR_EXIT|[EXTERNAL]|01p41000000CNQC|<init>()
17:40:48.17 (18727542)|STATEMENT_EXECUTE|[1]
17:40:48.17 (18732129)|HEAP_ALLOCATE|[33]|Bytes:5
17:40:48.17 (18753421)|METHOD_EXIT|[7]||System.Type.newInstance()
17:40:48.17 (18761937)|VARIABLE_SCOPE_BEGIN|[7]|executor|gameize.ETLC_ApexBridge_Abstract|true|false
17:40:48.17 (18776629)|VARIABLE_ASSIGNMENT|[7]|executor|{}|0x723c0a95
17:40:48.17 (18779180)|STATEMENT_EXECUTE|[8]
17:40:48.17 (18792932)|METHOD_ENTRY|[8]|01p41000000CQtU|gameize.GameizeController.process(gameize.ETLC_ApexBridge_Data)
17:40:48.17 (18797086)|VARIABLE_SCOPE_BEGIN|[3]|this|gameize.GameizeController|true|false
17:40:48.17 (18809227)|VARIABLE_ASSIGNMENT|[3]|this|{}|0x723c0a95
17:40:48.17 (18811588)|VARIABLE_SCOPE_BEGIN|[3]|data|gameize.ETLC_ApexBridge_Data|true|false
17:40:48.17 (18832550)|VARIABLE_ASSIGNMENT|[3]|data|{"debug":false,"input":"{\"mode\":\"fetchUserDa (4 more) ...","operation":"GameizeController"}|0x2388e84f
17:40:48.17 (18840783)|HEAP_ALLOCATE|[4]|Bytes:5
17:40:48.17 (18844347)|STATEMENT_EXECUTE|[3]
17:40:48.17 (18845508)|STATEMENT_EXECUTE|[4]
17:40:48.17 (18875008)|VARIABLE_ASSIGNMENT|[4]|GameizeController.apexBridgedata|{"debug":false,"input":"{\"mode\":\"fetchUserDa (4 more) ...","operation":"GameizeController"}|0x2388e84f
17:40:48.17 (18903439)|VARIABLE_ASSIGNMENT|[EXTERNAL]|this|{"debug":false,"input":"{\"mode\":\"fetchUserDa (4 more) ...","operation":"GameizeController"}|0x2388e84f
17:40:48.17 (18913696)|STATEMENT_EXECUTE|[5]
17:40:48.17 (18919811)|STATEMENT_EXECUTE|[7]
17:40:48.17 (18927464)|METHOD_ENTRY|[7]|01p41000000CNQH|gameize.ETLC_ApexBridge_Data.getInputValue(String)
17:40:48.17 (18931669)|VARIABLE_SCOPE_BEGIN|[52]|this|gameize.ETLC_ApexBridge_Data|true|false
17:40:48.17 (18953289)|VARIABLE_ASSIGNMENT|[52]|this|{"debug":false,"input":"{\"mode\":\"fetchUserDa (4 more) ...","operation":"GameizeController"}|0x2388e84f
17:40:48.17 (18956825)|VARIABLE_SCOPE_BEGIN|[52]|key|String|false|false
17:40:48.17 (18960148)|VARIABLE_ASSIGNMENT|[52]|key|"mode"
17:40:48.17 (18963687)|STATEMENT_EXECUTE|[52]
17:40:48.17 (18965025)|STATEMENT_EXECUTE|[53]
17:40:48.17 (18994272)|VARIABLE_ASSIGNMENT|[EXTERNAL]|this|{"debug":false,"input":"{\"mode\":\"fetchUserDa (4 more) ...","operation":"GameizeController"}|0x2388e84f
17:40:48.17 (19005878)|METHOD_ENTRY|[53]||System.JSON.deserializeUntyped(String)
17:40:48.17 (19152535)|METHOD_EXIT|[53]||System.JSON.deserializeUntyped(String)
17:40:48.17 (19162082)|VARIABLE_SCOPE_BEGIN|[53]|inputMap|Map<String,ANY>|true|false
17:40:48.17 (19185921)|VARIABLE_ASSIGNMENT|[53]|inputMap|{"s":1,"v":{"mode":"fetchUserData"}}|0x22e1bf26
17:40:48.17 (19189845)|STATEMENT_EXECUTE|[54]
17:40:48.17 (19208404)|ENTERING_MANAGED_PKG|
17:40:48.17 (19219768)|METHOD_EXIT|[7]|01p41000000CNQH|gameize.ETLC_ApexBridge_Data.getInputValue(String)
17:40:48.17 (19225300)|VARIABLE_SCOPE_BEGIN|[7]|mode|String|false|false
17:40:48.17 (19232423)|VARIABLE_ASSIGNMENT|[7]|mode|"fetchUserData"
17:40:48.17 (19246391)|STATEMENT_EXECUTE|[8]
17:40:48.17 (19247835)|STATEMENT_EXECUTE|[9]
17:40:48.17 (19295842)|HEAP_ALLOCATE|[9]|Bytes:85
17:40:48.17 (19312614)|SYSTEM_METHOD_ENTRY|[1]|UserInfo.UserInfo()
17:40:48.17 (19316069)|STATEMENT_EXECUTE|[1]
17:40:48.17 (19324775)|SYSTEM_METHOD_EXIT|[1]|UserInfo
17:40:48.17 (19336234)|METHOD_ENTRY|[9]||System.UserInfo.getUserId()
17:40:48.17 (19378532)|METHOD_EXIT|[9]||System.UserInfo.getUserId()
17:40:48.17 (19391495)|HEAP_ALLOCATE|[9]|Bytes:4
17:40:48.17 (19407269)|METHOD_ENTRY|[9]|01p41000000CQtU|gameize.GameizeController.fetchUserData(Id)
17:40:48.17 (19414827)|VARIABLE_SCOPE_BEGIN|[21]|this|gameize.GameizeController|true|false
17:40:48.17 (19430698)|VARIABLE_ASSIGNMENT|[21]|this|{}|0x723c0a95
17:40:48.17 (19435178)|VARIABLE_SCOPE_BEGIN|[21]|userId|Id|false|false
17:40:48.17 (19488965)|VARIABLE_ASSIGNMENT|[21]|userId|"00541000000Hq4oAAC"
17:40:48.17 (19499367)|HEAP_ALLOCATE|[22]|Bytes:5
17:40:48.17 (19503283)|STATEMENT_EXECUTE|[21]
17:40:48.17 (19504478)|STATEMENT_EXECUTE|[22]
17:40:48.17 (19515091)|VARIABLE_SCOPE_BEGIN|[22]|returnData|String|false|false
17:40:48.17 (19521636)|VARIABLE_ASSIGNMENT|[22]|returnData|null
17:40:48.17 (19523577)|STATEMENT_EXECUTE|[23]
17:40:48.17 (19524575)|STATEMENT_EXECUTE|[23]
17:40:48.17 (19525597)|STATEMENT_EXECUTE|[24]
17:40:48.17 (19530785)|HEAP_ALLOCATE|[24]|Bytes:109
17:40:48.17 (19536322)|HEAP_ALLOCATE|[24]|Bytes:4
17:40:48.17 (19542024)|HEAP_ALLOCATE|[24]|Bytes:7
17:40:48.17 (20674323)|SOQL_EXECUTE_BEGIN|[24]|Aggregations:0|SELECT ID, gameize__dataFavorite__c, gameize__dataHistory__c FROM Gameize__c WHERE User__c = :tmpVar1 LIMIT 1
17:40:48.17 (25362007)|SOQL_EXECUTE_END|[24]|Rows:1
17:40:48.17 (25388701)|HEAP_ALLOCATE|[24]|Bytes:8
17:40:48.17 (25399730)|HEAP_ALLOCATE|[24]|Bytes:1347
17:40:48.17 (25462481)|HEAP_ALLOCATE|[24]|Bytes:8
17:40:48.17 (25473633)|VARIABLE_SCOPE_BEGIN|[24]|records|List<gameize__Gameize__c>|true|false
17:40:48.17 (25502946)|VARIABLE_ASSIGNMENT|[24]|records|{"s":1,"v":[{"s":2,"v":{"Id":"a0041000000j7nTAAQ","gameize__dataFavorit (4 more) ...":"[{\"name\":\"Hangman\",\" (27 more) ...","gameize__dataHistory (3 more) ...":"[{\"name\":\"Hangman\",\" (1192 more) ..."}}]}|0x5c7020c4
17:40:48.17 (25553757)|ENTERING_MANAGED_PKG|
17:40:48.17 (25582747)|STATEMENT_EXECUTE|[25]
17:40:48.17 (25584962)|STATEMENT_EXECUTE|[27]
17:40:48.17 (28250825)|HEAP_ALLOCATE|[27]|Bytes:9
17:40:48.17 (28258051)|HEAP_ALLOCATE|[27]|Bytes:29
17:40:48.17 (28260809)|HEAP_ALLOCATE|[27]|Bytes:21
17:40:48.17 (28285614)|METHOD_ENTRY|[7]|01p41000000CNQM|ETLC_SecuredDB.ETLC_SecuredDB()
17:40:48.17 (28290341)|STATEMENT_EXECUTE|[7]
17:40:48.17 (28295496)|STATEMENT_EXECUTE|[7]
17:40:48.17 (28301966)|HEAP_ALLOCATE|[27]|Bytes:5
17:40:48.17 (28313502)|METHOD_EXIT|[7]|ETLC_SecuredDB
17:40:48.17 (28339000)|METHOD_ENTRY|[27]|01p41000000CNQM|gameize.ETLC_SecuredDB.validateQuery(List<SObject>)
17:40:48.17 (28369544)|VARIABLE_SCOPE_BEGIN|[28]|dbRecords|List<SObject>|true|false
17:40:48.17 (28396804)|VARIABLE_ASSIGNMENT|[28]|dbRecords|{"s":1,"v":[{"s":2,"v":{"Id":"a0041000000j7nTAAQ","gameize__dataFavorit (4 more) ...":"[{\"name\":\"Hangman\",\" (27 more) ...","gameize__dataHistory (3 more) ...":"[{\"name\":\"Hangman\",\" (1192 more) ..."}}]}|0x5c7020c4
17:40:48.17 (28407516)|HEAP_ALLOCATE|[29]|Bytes:5
17:40:48.17 (28411891)|STATEMENT_EXECUTE|[28]
17:40:48.17 (28413221)|STATEMENT_EXECUTE|[29]
17:40:48.17 (28638547)|HEAP_ALLOCATE|[29]|Bytes:12
17:40:48.17 (28644912)|HEAP_ALLOCATE|[29]|Bytes:8
17:40:48.17 (28697100)|HEAP_ALLOCATE|[29]|Bytes:12
17:40:48.17 (28701974)|HEAP_ALLOCATE|[29]|Bytes:9
17:40:48.17 (28713956)|HEAP_ALLOCATE|[29]|Bytes:12
17:40:48.17 (28716867)|HEAP_ALLOCATE|[29]|Bytes:8
17:40:48.17 (28726073)|HEAP_ALLOCATE|[29]|Bytes:12
17:40:48.17 (28728874)|HEAP_ALLOCATE|[29]|Bytes:8
17:40:48.17 (28746112)|HEAP_ALLOCATE|[29]|Bytes:12
17:40:48.17 (28749627)|HEAP_ALLOCATE|[29]|Bytes:9
17:40:48.17 (28779673)|METHOD_ENTRY|[29]|01p41000000CNQM|gameize.ETLC_SecuredDB.findFields(List<SObject>)
17:40:48.17 (28841923)|VARIABLE_SCOPE_BEGIN|[108]|dbRecords|List<SObject>|true|false
17:40:48.17 (28868172)|VARIABLE_ASSIGNMENT|[108]|dbRecords|{"s":1,"v":[{"s":2,"v":{"Id":"a0041000000j7nTAAQ","gameize__dataFavorit (4 more) ...":"[{\"name\":\"Hangman\",\" (27 more) ...","gameize__dataHistory (3 more) ...":"[{\"name\":\"Hangman\",\" (1192 more) ..."}}]}|0x5c7020c4
17:40:48.17 (28878459)|HEAP_ALLOCATE|[109]|Bytes:5
17:40:48.17 (28882686)|STATEMENT_EXECUTE|[108]
17:40:48.17 (28884138)|STATEMENT_EXECUTE|[109]
17:40:48.17 (28895391)|VARIABLE_SCOPE_BEGIN|[109]|strJSON|String|false|false
17:40:48.17 (28902326)|VARIABLE_ASSIGNMENT|[109]|strJSON|null
17:40:48.17 (28904143)|STATEMENT_EXECUTE|[110]
17:40:48.17 (28909830)|VARIABLE_SCOPE_BEGIN|[110]|mapFields|Map<String,Set<String>>|true|false
17:40:48.17 (28914850)|VARIABLE_ASSIGNMENT|[110]|mapFields|null|
17:40:48.17 (28916571)|STATEMENT_EXECUTE|[112]
17:40:48.17 (28927833)|METHOD_ENTRY|[112]||System.JSON.serialize(Object)
17:40:48.17 (29343119)|METHOD_EXIT|[112]||System.JSON.serialize(Object)
17:40:48.17 (29358914)|VARIABLE_ASSIGNMENT|[112]|strJSON|"[{\"attributes\":{\"typ (1598 more) ..."
17:40:48.17 (29362477)|STATEMENT_EXECUTE|[113]
17:40:48.17 (29372525)|HEAP_ALLOCATE|[113]|Bytes:5
17:40:48.17 (29381396)|HEAP_ALLOCATE|[113]|Bytes:1623
17:40:48.17 (29397169)|ENTERING_MANAGED_PKG|
17:40:48.17 (29420900)|USER_DEBUG|[113]|DEBUG|JSON:[{"attributes":{"type":"gameize__Gameize__c","url":"/services/data/v37.0/sobjects/gameize__Gameize__c/a0041000000j7nTAAQ"},"Id":"a0041000000j7nTAAQ","gameize__dataFavorite__c":"[{\"name\":\"Hangman\",\"cmpname\":\"Hangman\",\"id\":2}]","gameize__dataHistory__c":"[{\"name\":\"Hangman\",\"cmpname\":\"Hangman\",\"datePlayed\":\"Mon Aug 08 2016 15:45:16 GMT-0400 (Eastern Daylight Time)\",\"id\":2},{\"name\":\"Hangman\",\"cmpname\":\"Hangman\",\"datePlayed\":\"Mon Aug 08 2016 15:45:23 GMT-0400 (Eastern Daylight Time)\",\"id\":2},{\"name\":\"Age Counter\",\"cmpname\":\"AgeCounter\",\"datePlayed\":\"Mon Aug 08 2016 15:45:26 GMT-0400 (Eastern Daylight Time)\",\"id\":1},{\"name\":\"Hangman\",\"cmpname\":\"Hangman\",\"datePlayed\":\"Mon Aug 08 2016 15:45:31 GMT-0400 (Eastern Daylight Time)\",\"id\":2},{\"name\":\"Age Counter\",\"cmpname\":\"AgeCounter\",\"datePlayed\":\"Mon Aug 08 2016 15:48:19 GMT-0400 (Eastern Daylight Time)\",\"id\":1},{\"name\":\"Hangman\",\"cmpname\":\"Hangman\",\"datePlayed\":\"Mon Aug 08 2016 15:48:22 GMT-0400 (Eastern Daylight Time)\",\"id\":2},{\"name\":\"Hangman\",\"cmpname\":\"Hangman\",\"datePlayed\":\"Mon Aug 08 2016 15:48:28 GMT-0400 (Eastern Daylight Time)\",\"id\":2},{\"name\":\"Hangman\",\"cmpname\":\"Hangman\",\"datePlayed\":\"Mon Aug 08 2016 15:48:31 GMT-0400 (Eastern Daylight Time)\",\"id\":2},{\"name\":\"Age Counter\",\"cmpname\":\"AgeCounter\",\"datePlayed\":\"Mon Aug 08 2016 15:48:34 GMT-0400 (Eastern Daylight Time)\",\"id\":1},{\"name\":\"Hangman\",\"cmpname\":\"Hangman\",\"datePlayed\":\"Mon Aug 08 2016 15:48:42 GMT-0400 (Eastern Daylight Time)\",\"id\":2}]"}]
17:40:48.17 (29438083)|STATEMENT_EXECUTE|[114]
17:40:48.17 (29449398)|HEAP_ALLOCATE|[114]|Bytes:4
17:40:48.17 (29477579)|VARIABLE_ASSIGNMENT|[114]|mapFields|{"s":1,"v":{}}|0x68de5eba
17:40:48.17 (29481360)|STATEMENT_EXECUTE|[115]
17:40:48.17 (29494847)|METHOD_ENTRY|[115]||System.JSON.deserializeUntyped(String)
17:40:48.17 (29980614)|METHOD_EXIT|[115]||System.JSON.deserializeUntyped(String)
17:40:48.17 (29990677)|VARIABLE_SCOPE_BEGIN|[115]|records|List<ANY>|true|false
17:40:48.17 (30026183)|HEAP_ALLOCATE|[EXTERNAL]|Bytes:8
17:40:48.17 (30059439)|VARIABLE_ASSIGNMENT|[115]|records|{"s":1,"v":[{"s":2,"v":{"attributes":{"s":3,"v":{"type":"gameize__Gameize__c","url":"/services/data/v37.0 (48 more) ..."}},"Id":"a0041000000j7nTAAQ","gameize__dataFavorit (4 more) ...":"[{\"name\":\"Hangman\",\" (27 more) ...","gameize__dataHistory (3 more) ...":"[{\"name\":\"Hangman\",\" (1192 more) ..."}}]}|0x68ad32db
17:40:48.17 (30082277)|ENTERING_MANAGED_PKG|
17:40:48.17 (30121312)|HEAP_ALLOCATE|[116]|Bytes:5
17:40:48.17 (30136518)|HEAP_ALLOCATE|[116]|Bytes:20
17:40:48.17 (30147359)|VARIABLE_SCOPE_BEGIN|[116]|record|Object|false|false
17:40:48.17 (30181781)|VARIABLE_ASSIGNMENT|[116]|record|{"s":1,"v":{"attributes":{"s":2,"v":{"type":"gameize__Gameize__c","url":"/services/data/v37.0 (48 more) ..."}},"Id":"a0041000000j7nTAAQ","gameize__dataFavorit (4 more) ...":"[{\"name\":\"Hangman\",\" (27 more) ...","gameize__dataHistory (3 more) ...":"[{\"name\":\"Hangman\",\" (1192 more) ..."}}
17:40:48.17 (30187650)|STATEMENT_EXECUTE|[116]
17:40:48.17 (30189043)|STATEMENT_EXECUTE|[117]
17:40:48.17 (30214186)|METHOD_ENTRY|[117]|01p41000000CNQM|gameize.ETLC_SecuredDB.findFieldsRecursive(Map<String,Set<String>>, Map<String,ANY>)
17:40:48.17 (30242651)|VARIABLE_SCOPE_BEGIN|[124]|mapFields|Map<String,Set<String>>|true|false
17:40:48.17 (30261291)|VARIABLE_ASSIGNMENT|[124]|mapFields|{"s":1,"v":{}}|0x68de5eba
17:40:48.17 (30266398)|VARIABLE_SCOPE_BEGIN|[124]|record|Map<String,ANY>|true|false
17:40:48.17 (30289069)|VARIABLE_ASSIGNMENT|[124]|record|{"s":1,"v":{"attributes":{"s":2,"v":{"type":"gameize__Gameize__c","url":"/services/data/v37.0 (48 more) ..."}},"Id":"a0041000000j7nTAAQ","gameize__dataFavorit (4 more) ...":"[{\"name\":\"Hangman\",\" (27 more) ...","gameize__dataHistory (3 more) ...":"[{\"name\":\"Hangman\",\" (1192 more) ..."}}|0x1aebd9d7
17:40:48.17 (30299057)|HEAP_ALLOCATE|[125]|Bytes:5
17:40:48.17 (30303396)|STATEMENT_EXECUTE|[124]
17:40:48.17 (30304751)|STATEMENT_EXECUTE|[125]
17:40:48.17 (30312438)|HEAP_ALLOCATE|[125]|Bytes:10
17:40:48.17 (30317630)|VARIABLE_SCOPE_BEGIN|[125]|strAttributes|String|false|false
17:40:48.17 (30324076)|VARIABLE_ASSIGNMENT|[125]|strAttributes|"attributes"
17:40:48.17 (30326188)|STATEMENT_EXECUTE|[126]
17:40:48.17 (30331136)|HEAP_ALLOCATE|[126]|Bytes:7
17:40:48.17 (30334785)|VARIABLE_SCOPE_BEGIN|[126]|strRecord|String|false|false
17:40:48.17 (30339334)|VARIABLE_ASSIGNMENT|[126]|strRecord|"records"
17:40:48.17 (30353950)|ENTERING_MANAGED_PKG|
17:40:48.17 (30391555)|STATEMENT_EXECUTE|[127]
17:40:48.17 (30393742)|STATEMENT_EXECUTE|[128]
17:40:48.17 (30409788)|ENTERING_MANAGED_PKG|
17:40:48.17 (30445994)|VARIABLE_SCOPE_BEGIN|[128]|attributes|Map<String,ANY>|true|false
17:40:48.17 (30468723)|VARIABLE_ASSIGNMENT|[128]|attributes|{"s":1,"v":{"type":"gameize__Gameize__c","url":"/services/data/v37.0 (48 more) ..."}}|0x36b70899
17:40:48.17 (30472840)|STATEMENT_EXECUTE|[129]
17:40:48.17 (30481841)|HEAP_ALLOCATE|[129]|Bytes:4
17:40:48.17 (30496557)|ENTERING_MANAGED_PKG|
17:40:48.17 (30528397)|VARIABLE_SCOPE_BEGIN|[129]|objectName|String|false|false
17:40:48.17 (30536605)|VARIABLE_ASSIGNMENT|[129]|objectName|"gameize__Gameize__c"
17:40:48.17 (30545552)|HEAP_ALLOCATE|[130]|Bytes:4
17:40:48.17 (30564056)|ENTERING_MANAGED_PKG|
17:40:48.17 (30592044)|ENTERING_MANAGED_PKG|
17:40:48.17 (30625072)|HEAP_ALLOCATE|[130]|Bytes:79
17:40:48.17 (30644036)|ENTERING_MANAGED_PKG|
17:40:48.17 (30651016)|HEAP_ALLOCATE|[130]|Bytes:16
17:40:48.17 (30660503)|ENTERING_MANAGED_PKG|
17:40:48.17 (30678959)|HEAP_ALLOCATE|[130]|Bytes:5
17:40:48.17 (30694729)|VARIABLE_SCOPE_BEGIN|[130]|fieldName|String|false|false
17:40:48.17 (30702684)|VARIABLE_ASSIGNMENT|[130]|fieldName|"attributes"
17:40:48.17 (30705544)|STATEMENT_EXECUTE|[130]
17:40:48.17 (30706627)|STATEMENT_EXECUTE|[131]
17:40:48.17 (30723618)|ENTERING_MANAGED_PKG|
17:40:48.17 (30768427)|VARIABLE_SCOPE_BEGIN|[131]|field|Object|false|false
17:40:48.17 (30793863)|VARIABLE_ASSIGNMENT|[131]|field|{"s":1,"v":{"type":"gameize__Gameize__c","url":"/services/data/v37.0 (48 more) ..."}}
17:40:48.17 (30811756)|STATEMENT_EXECUTE|[132]
17:40:48.17 (30829226)|HEAP_ALLOCATE|[130]|Bytes:5
17:40:48.17 (30841753)|VARIABLE_SCOPE_BEGIN|[130]|fieldName|String|false|false
17:40:48.17 (30849128)|VARIABLE_ASSIGNMENT|[130]|fieldName|"Id"
17:40:48.17 (30851658)|STATEMENT_EXECUTE|[130]
17:40:48.17 (30852811)|STATEMENT_EXECUTE|[131]
17:40:48.17 (30867804)|ENTERING_MANAGED_PKG|
17:40:48.17 (30880101)|VARIABLE_SCOPE_BEGIN|[131]|field|Object|false|false
17:40:48.17 (30889459)|VARIABLE_ASSIGNMENT|[131]|field|"a0041000000j7nTAAQ"
17:40:48.17 (30900240)|HEAP_ALLOCATE|[134]|Bytes:68
17:40:48.17 (30925917)|STATEMENT_EXECUTE|[136]
17:40:48.17 (30927846)|STATEMENT_EXECUTE|[137]
17:40:48.17 (30938680)|HEAP_ALLOCATE|[137]|Bytes:4
17:40:48.17 (30956143)|ENTERING_MANAGED_PKG|
17:40:48.17 (30979267)|VARIABLE_SCOPE_BEGIN|[137]|fieldNames|Set<String>|true|false
17:40:48.17 (31003514)|VARIABLE_ASSIGNMENT|[137]|fieldNames|{"s":1,"v":[]}|0x2d3c7fda
17:40:48.17 (31021266)|ENTERING_MANAGED_PKG|
17:40:48.17 (31055358)|STATEMENT_EXECUTE|[138]
17:40:48.17 (31062564)|STATEMENT_EXECUTE|[139]
17:40:48.17 (31077184)|ENTERING_MANAGED_PKG|
17:40:48.17 (31105210)|HEAP_ALLOCATE|[EXTERNAL]|Bytes:4
17:40:48.17 (31114319)|STATEMENT_EXECUTE|[140]
17:40:48.17 (31131293)|ENTERING_MANAGED_PKG|
17:40:48.17 (31163444)|HEAP_ALLOCATE|[EXTERNAL]|Bytes:-4
17:40:48.17 (31179242)|HEAP_ALLOCATE|[130]|Bytes:5
17:40:48.17 (31191562)|VARIABLE_SCOPE_BEGIN|[130]|fieldName|String|false|false
17:40:48.17 (31200525)|VARIABLE_ASSIGNMENT|[130]|fieldName|"gameize__dataFavorit (4 more) ..."
17:40:48.17 (31203352)|STATEMENT_EXECUTE|[130]
17:40:48.17 (31204475)|STATEMENT_EXECUTE|[131]
17:40:48.17 (31220130)|ENTERING_MANAGED_PKG|
17:40:48.17 (31232502)|VARIABLE_SCOPE_BEGIN|[131]|field|Object|false|false
17:40:48.17 (31243000)|VARIABLE_ASSIGNMENT|[131]|field|"[{\"name\":\"Hangman\",\" (27 more) ..."
17:40:48.17 (31263999)|STATEMENT_EXECUTE|[136]
17:40:48.17 (31266116)|STATEMENT_EXECUTE|[137]
17:40:48.17 (31275320)|HEAP_ALLOCATE|[137]|Bytes:4
17:40:48.17 (31289035)|ENTERING_MANAGED_PKG|
17:40:48.17 (31297043)|VARIABLE_SCOPE_BEGIN|[137]|fieldNames|Set<String>|true|false
17:40:48.17 (31317642)|VARIABLE_ASSIGNMENT|[137]|fieldNames|{"s":1,"v":[]}|0x69dd2ecb
17:40:48.17 (31329697)|ENTERING_MANAGED_PKG|
17:40:48.17 (31341461)|STATEMENT_EXECUTE|[138]
17:40:48.17 (31355327)|ENTERING_MANAGED_PKG|
17:40:48.17 (31378197)|VARIABLE_ASSIGNMENT|[138]|fieldNames|{"s":1,"v":["Id"]}|0x2d3c7fda
17:40:48.17 (31381932)|STATEMENT_EXECUTE|[139]
17:40:48.17 (31395347)|ENTERING_MANAGED_PKG|
17:40:48.17 (31402108)|HEAP_ALLOCATE|[EXTERNAL]|Bytes:4
17:40:48.17 (31408591)|STATEMENT_EXECUTE|[140]
17:40:48.17 (31418900)|ENTERING_MANAGED_PKG|
17:40:48.17 (31441637)|HEAP_ALLOCATE|[130]|Bytes:5
17:40:48.17 (31453622)|VARIABLE_SCOPE_BEGIN|[130]|fieldName|String|false|false
17:40:48.17 (31462593)|VARIABLE_ASSIGNMENT|[130]|fieldName|"gameize__dataHistory (3 more) ..."
17:40:48.17 (31465635)|STATEMENT_EXECUTE|[130]
17:40:48.17 (31466740)|STATEMENT_EXECUTE|[131]
17:40:48.17 (31480766)|ENTERING_MANAGED_PKG|
17:40:48.17 (31492667)|VARIABLE_SCOPE_BEGIN|[131]|field|Object|false|false
17:40:48.17 (31503286)|VARIABLE_ASSIGNMENT|[131]|field|"[{\"name\":\"Hangman\",\" (1192 more) ..."
17:40:48.17 (31523838)|STATEMENT_EXECUTE|[136]
17:40:48.17 (31525784)|STATEMENT_EXECUTE|[137]
17:40:48.17 (31534700)|HEAP_ALLOCATE|[137]|Bytes:4
17:40:48.17 (31548455)|ENTERING_MANAGED_PKG|
17:40:48.17 (31556376)|VARIABLE_SCOPE_BEGIN|[137]|fieldNames|Set<String>|true|false
17:40:48.17 (31576528)|VARIABLE_ASSIGNMENT|[137]|fieldNames|{"s":1,"v":[]}|0x67a010a9
17:40:48.17 (31588196)|ENTERING_MANAGED_PKG|
17:40:48.17 (31599598)|STATEMENT_EXECUTE|[138]
17:40:48.17 (31611066)|ENTERING_MANAGED_PKG|
17:40:48.17 (31634769)|VARIABLE_ASSIGNMENT|[138]|fieldNames|{"s":1,"v":["Id","gameize__dataFavorit (4 more) ..."]}|0x2d3c7fda
17:40:48.17 (31638579)|STATEMENT_EXECUTE|[139]
17:40:48.17 (31651931)|ENTERING_MANAGED_PKG|
17:40:48.17 (31658935)|HEAP_ALLOCATE|[EXTERNAL]|Bytes:4
17:40:48.17 (31665261)|STATEMENT_EXECUTE|[140]
17:40:48.17 (31675279)|ENTERING_MANAGED_PKG|
17:40:48.17 (31697872)|HEAP_ALLOCATE|[130]|Bytes:5
17:40:48.17 (31710557)|VARIABLE_ASSIGNMENT|[130]|fieldName|null
17:40:48.17 (31720194)|METHOD_EXIT|[117]|01p41000000CNQM|gameize.ETLC_SecuredDB.findFieldsRecursive(Map<String,Set<String>>, Map<String,ANY>)
17:40:48.17 (31730334)|HEAP_ALLOCATE|[116]|Bytes:5
17:40:48.17 (31752828)|VARIABLE_ASSIGNMENT|[116]|record|null
17:40:48.17 (31759386)|HEAP_ALLOCATE|[119]|Bytes:4
17:40:48.17 (31773081)|ENTERING_MANAGED_PKG|
17:40:48.17 (31799646)|ENTERING_MANAGED_PKG|
17:40:48.17 (31815662)|HEAP_ALLOCATE|[119]|Bytes:27
17:40:48.17 (31830578)|ENTERING_MANAGED_PKG|
17:40:48.17 (31834963)|HEAP_ALLOCATE|[119]|Bytes:4
17:40:48.17 (31843503)|ENTERING_MANAGED_PKG|
17:40:48.17 (31856913)|HEAP_ALLOCATE|[119]|Bytes:5
17:40:48.17 (31870696)|VARIABLE_SCOPE_BEGIN|[119]|objectName|String|false|false
17:40:48.17 (31879082)|VARIABLE_ASSIGNMENT|[119]|objectName|"gameize__Gameize__c"
17:40:48.17 (31882042)|STATEMENT_EXECUTE|[119]
17:40:48.17 (31883179)|STATEMENT_EXECUTE|[120]
17:40:48.17 (31891790)|HEAP_ALLOCATE|[120]|Bytes:2
17:40:48.17 (31904269)|ENTERING_MANAGED_PKG|
17:40:48.17 (31954821)|ENTERING_MANAGED_PKG|
17:40:48.17 (31975914)|HEAP_ALLOCATE|[120]|Bytes:55
17:40:48.17 (31993263)|HEAP_ALLOCATE|[120]|Bytes:76
17:40:48.17 (32005340)|ENTERING_MANAGED_PKG|
17:40:48.17 (32013449)|USER_DEBUG|[120]|DEBUG|gameize__Gameize__c: {Id, gameize__dataFavorite__c, gameize__dataHistory__c}
17:40:48.17 (32028285)|HEAP_ALLOCATE|[119]|Bytes:5
17:40:48.17 (32040761)|VARIABLE_ASSIGNMENT|[119]|objectName|null
17:40:48.17 (32044061)|STATEMENT_EXECUTE|[122]
17:40:48.17 (32057174)|METHOD_EXIT|[29]|01p41000000CNQM|gameize.ETLC_SecuredDB.findFields(List<SObject>)
17:40:48.17 (32072982)|METHOD_ENTRY|[29]|01p41000000CNQM|gameize.ETLC_SecuredDB.validate(gameize.ETLC_SecuredDB.Operation, Map<String,Set<String>>)
17:40:48.17 (32081233)|VARIABLE_SCOPE_BEGIN|[55]|op|gameize.ETLC_SecuredDB.Operation|true|false
17:40:48.17 (32098870)|VARIABLE_ASSIGNMENT|[55]|op|"Querying"|0x30e8d0ec
17:40:48.17 (32103087)|VARIABLE_SCOPE_BEGIN|[55]|mapFieldNames|Map<String,Set<String>>|true|false
17:40:48.17 (32127423)|VARIABLE_ASSIGNMENT|[55]|mapFieldNames|{"s":1,"v":{"gameize__Gameize__c":{"s":2,"v":["Id","gameize__dataFavorit (4 more) ...","gameize__dataHistory (3 more) ..."]}}}|0x68de5eba
17:40:48.17 (32137554)|HEAP_ALLOCATE|[56]|Bytes:5
17:40:48.17 (32141318)|STATEMENT_EXECUTE|[55]
17:40:48.17 (32142636)|STATEMENT_EXECUTE|[56]
17:40:48.17 (32152103)|VARIABLE_SCOPE_BEGIN|[56]|securityMessage|String|false|false
17:40:48.17 (32158266)|VARIABLE_ASSIGNMENT|[56]|securityMessage|null
17:40:48.17 (32160026)|STATEMENT_EXECUTE|[57]
17:40:48.17 (32183182)|ENTERING_MANAGED_PKG|
17:40:48.17 (43156144)|HEAP_ALLOCATE|[57]|Bytes:1256
17:40:48.17 (43170058)|VARIABLE_SCOPE_BEGIN|[57]|mapObjects|Map<String,Schema.SObjectType>|true|false
17:40:48.17 (43329146)|VARIABLE_ASSIGNMENT|[57]|mapObjects|"{acceptedeventrelation=AcceptedEventRelation, account=Account, accountcontactrole=AccountContactRole, accounthistory=AccountHistory, accountpartner=AccountPartner, accountshare=AccountShare, actionlinkgrouptemplate=ActionLinkGroupTemplate, actionlinktemplate=ActionLinkTemplate, activityhistory=ActivityHistory, additionalnumber=AdditionalNumber, ...}"|0x30c31b4c
17:40:48.17 (43339747)|HEAP_ALLOCATE|[58]|Bytes:4
17:40:48.17 (43357961)|ENTERING_MANAGED_PKG|
17:40:48.17 (43387577)|ENTERING_MANAGED_PKG|
17:40:48.17 (43404542)|HEAP_ALLOCATE|[58]|Bytes:27
17:40:48.17 (43421124)|ENTERING_MANAGED_PKG|
17:40:48.17 (43425750)|HEAP_ALLOCATE|[58]|Bytes:4
17:40:48.17 (43434780)|ENTERING_MANAGED_PKG|
17:40:48.17 (43449368)|HEAP_ALLOCATE|[58]|Bytes:5
17:40:48.17 (43463968)|VARIABLE_SCOPE_BEGIN|[58]|sObjectName|String|false|false
17:40:48.17 (43472691)|VARIABLE_ASSIGNMENT|[58]|sObjectName|"gameize__Gameize__c"
17:40:48.17 (43475741)|STATEMENT_EXECUTE|[58]
17:40:48.17 (43477134)|STATEMENT_EXECUTE|[59]
17:40:48.17 (43487036)|HEAP_ALLOCATE|[59]|Bytes:9
17:40:48.17 (43490556)|HEAP_ALLOCATE|[59]|Bytes:7
17:40:48.17 (43508805)|ENTERING_MANAGED_PKG|
17:40:48.17 (43540928)|HEAP_ALLOCATE|[59]|Bytes:8
17:40:48.17 (43552986)|HEAP_ALLOCATE|[59]|Bytes:1
17:40:48.17 (43566107)|HEAP_ALLOCATE|[59]|Bytes:44
17:40:48.17 (43576283)|VARIABLE_ASSIGNMENT|[59]|securityMessage|"CRUD on [gameize__Ga (24 more) ..."
17:40:48.17 (43579470)|STATEMENT_EXECUTE|[60]
17:40:48.17 (43588362)|HEAP_ALLOCATE|[60]|Bytes:10
17:40:48.17 (43594678)|HEAP_ALLOCATE|[60]|Bytes:54
17:40:48.17 (43609314)|ENTERING_MANAGED_PKG|
17:40:48.17 (43631746)|USER_DEBUG|[60]|DEBUG|Checking: CRUD on [gameize__Gameize__c] for [Querying]
17:40:48.17 (43640191)|STATEMENT_EXECUTE|[61]
17:40:48.17 (43658962)|ENTERING_MANAGED_PKG|
17:40:48.17 (43934178)|HEAP_ALLOCATE|[61]|Bytes:4
17:40:48.17 (43972722)|VARIABLE_SCOPE_BEGIN|[61]|drSObj|Schema.DescribeSObjectResult|true|false
17:40:48.17 (44046380)|VARIABLE_ASSIGNMENT|[61]|drSObj|"common.api.soap.wsdl.DescribeSObjectResult@53f8aaa0"|0xcac061a
17:40:48.17 (44190630)|STATEMENT_EXECUTE|[64]
17:40:48.17 (44217270)|STATEMENT_EXECUTE|[65]
17:40:48.17 (44280339)|STATEMENT_EXECUTE|[77]
17:40:48.17 (44282834)|STATEMENT_EXECUTE|[79]
17:40:48.17 (44532115)|HEAP_ALLOCATE|[79]|Bytes:60
17:40:48.17 (44543712)|VARIABLE_SCOPE_BEGIN|[79]|mapFields|Map<String,Schema.SObjectField>|true|false
17:40:48.17 (44701077)|VARIABLE_ASSIGNMENT|[79]|mapFields|"{createdbyid=CreatedById, createddate=CreatedDate, gameize__datafavorite__c=gameize__dataFavorite__c, gameize__datahistory__c=gameize__dataHistory__c, gameize__user__c=gameize__User__c, id=Id, isdeleted=IsDeleted, lastmodifiedbyid=LastModifiedById, lastmodifieddate=LastModifiedDate, lastreferenceddate=LastReferencedDate, ...}"|0x7a35d8d3
17:40:48.17 (44711776)|HEAP_ALLOCATE|[80]|Bytes:4
17:40:48.17 (44728419)|ENTERING_MANAGED_PKG|
17:40:48.17 (44761968)|ENTERING_MANAGED_PKG|
17:40:48.17 (44779165)|ENTERING_MANAGED_PKG|
17:40:48.17 (44784550)|HEAP_ALLOCATE|[80]|Bytes:12
17:40:48.17 (44794374)|ENTERING_MANAGED_PKG|
17:40:48.17 (44808636)|HEAP_ALLOCATE|[80]|Bytes:5
17:40:48.17 (44823186)|VARIABLE_SCOPE_BEGIN|[80]|fieldName|String|false|false
17:40:48.17 (44831306)|VARIABLE_ASSIGNMENT|[80]|fieldName|"Id"
17:40:48.17 (44834408)|STATEMENT_EXECUTE|[80]
17:40:48.17 (44835588)|STATEMENT_EXECUTE|[81]
17:40:48.17 (44854585)|ENTERING_MANAGED_PKG|
17:40:48.17 (45416723)|HEAP_ALLOCATE|[81]|Bytes:8
17:40:48.17 (45450631)|VARIABLE_SCOPE_BEGIN|[81]|drField|Schema.DescribeFieldResult|true|false
17:40:48.17 (45519067)|VARIABLE_ASSIGNMENT|[81]|drField|"common.api.soap.wsdl.Field@974d9ace"|0x368b07ce
17:40:48.17 (45542312)|STATEMENT_EXECUTE|[99]
17:40:48.17 (45544287)|STATEMENT_EXECUTE|[100]
17:40:48.17 (45554560)|HEAP_ALLOCATE|[100]|Bytes:22
17:40:48.17 (45558724)|HEAP_ALLOCATE|[100]|Bytes:1
17:40:48.17 (45579451)|ENTERING_MANAGED_PKG|
17:40:48.17 (45611021)|HEAP_ALLOCATE|[100]|Bytes:8
17:40:48.17 (45634989)|HEAP_ALLOCATE|[100]|Bytes:59
17:40:48.17 (45638866)|HEAP_ALLOCATE|[100]|Bytes:35
17:40:48.17 (45643132)|HEAP_ALLOCATE|[100]|Bytes:94
17:40:48.17 (45657046)|ENTERING_MANAGED_PKG|
17:40:48.17 (45664564)|USER_DEBUG|[100]|DEBUG|Bypass Check: FLS on [gameize__Gameize__c.Id] for [Querying] since it's not isPermissionable()
17:40:48.17 (45680398)|HEAP_ALLOCATE|[80]|Bytes:5
17:40:48.17 (45693139)|VARIABLE_SCOPE_BEGIN|[80]|fieldName|String|false|false
17:40:48.17 (45703377)|VARIABLE_ASSIGNMENT|[80]|fieldName|"gameize__dataFavorit (4 more) ..."
17:40:48.17 (45706822)|STATEMENT_EXECUTE|[80]
17:40:48.17 (45708110)|STATEMENT_EXECUTE|[81]
17:40:48.17 (45723423)|ENTERING_MANAGED_PKG|
17:40:48.17 (46188181)|HEAP_ALLOCATE|[81]|Bytes:8
17:40:48.17 (46201011)|VARIABLE_SCOPE_BEGIN|[81]|drField|Schema.DescribeFieldResult|true|false
17:40:48.17 (46264487)|VARIABLE_ASSIGNMENT|[81]|drField|"common.api.soap.wsdl.Field@aaf36233"|0x41c81c82
17:40:48.17 (46277771)|STATEMENT_EXECUTE|[82]
17:40:48.17 (46279370)|STATEMENT_EXECUTE|[83]
17:40:48.17 (46289383)|HEAP_ALLOCATE|[83]|Bytes:8
17:40:48.17 (46311781)|ENTERING_MANAGED_PKG|
17:40:48.17 (46343507)|HEAP_ALLOCATE|[83]|Bytes:8
17:40:48.17 (46362020)|HEAP_ALLOCATE|[83]|Bytes:67
17:40:48.17 (46367537)|HEAP_ALLOCATE|[83]|Bytes:68
17:40:48.17 (46377401)|VARIABLE_ASSIGNMENT|[83]|securityMessage|"FLS on [gameize__Gam (48 more) ..."
17:40:48.17 (46380602)|STATEMENT_EXECUTE|[84]
17:40:48.17 (46391368)|HEAP_ALLOCATE|[84]|Bytes:78
17:40:48.17 (46406527)|ENTERING_MANAGED_PKG|
17:40:48.17 (46427840)|USER_DEBUG|[84]|DEBUG|Checking: FLS on [gameize__Gameize__c.gameize__dataFavorite__c] for [Querying]
17:40:48.17 (46528915)|STATEMENT_EXECUTE|[87]
17:40:48.17 (46546500)|STATEMENT_EXECUTE|[88]
17:40:48.17 (46564534)|HEAP_ALLOCATE|[80]|Bytes:5
17:40:48.17 (46577498)|VARIABLE_SCOPE_BEGIN|[80]|fieldName|String|false|false
17:40:48.17 (46587589)|VARIABLE_ASSIGNMENT|[80]|fieldName|"gameize__dataHistory (3 more) ..."
17:40:48.17 (46590353)|STATEMENT_EXECUTE|[80]
17:40:48.17 (46591535)|STATEMENT_EXECUTE|[81]
17:40:48.17 (46606911)|ENTERING_MANAGED_PKG|
17:40:48.17 (46763726)|HEAP_ALLOCATE|[81]|Bytes:8
17:40:48.17 (46775215)|VARIABLE_SCOPE_BEGIN|[81]|drField|Schema.DescribeFieldResult|true|false
17:40:48.17 (46838035)|VARIABLE_ASSIGNMENT|[81]|drField|"common.api.soap.wsdl.Field@16c03c10"|0x760e4e5a
17:40:48.17 (46851221)|STATEMENT_EXECUTE|[82]
17:40:48.17 (46852826)|STATEMENT_EXECUTE|[83]
17:40:48.17 (46878082)|ENTERING_MANAGED_PKG|
17:40:48.17 (46887906)|HEAP_ALLOCATE|[83]|Bytes:8
17:40:48.17 (46903348)|HEAP_ALLOCATE|[83]|Bytes:66
17:40:48.17 (46908281)|HEAP_ALLOCATE|[83]|Bytes:67
17:40:48.17 (46918177)|VARIABLE_ASSIGNMENT|[83]|securityMessage|"FLS on [gameize__Gam (47 more) ..."
17:40:48.17 (46921067)|STATEMENT_EXECUTE|[84]
17:40:48.17 (46930486)|HEAP_ALLOCATE|[84]|Bytes:77
17:40:48.17 (46941849)|ENTERING_MANAGED_PKG|
17:40:48.17 (46948850)|USER_DEBUG|[84]|DEBUG|Checking: FLS on [gameize__Gameize__c.gameize__dataHistory__c] for [Querying]
17:40:48.17 (46991440)|STATEMENT_EXECUTE|[87]
17:40:48.17 (47000708)|STATEMENT_EXECUTE|[88]
17:40:48.17 (47018137)|HEAP_ALLOCATE|[80]|Bytes:5
17:40:48.17 (47031937)|VARIABLE_ASSIGNMENT|[80]|fieldName|null
17:40:48.17 (47040621)|HEAP_ALLOCATE|[58]|Bytes:5
17:40:48.17 (47049898)|VARIABLE_ASSIGNMENT|[58]|sObjectName|null
17:40:48.17 (47059403)|METHOD_EXIT|[29]|01p41000000CNQM|gameize.ETLC_SecuredDB.validate(gameize.ETLC_SecuredDB.Operation, Map<String,Set<String>>)
17:40:48.17 (47066691)|METHOD_EXIT|[27]|01p41000000CNQM|gameize.ETLC_SecuredDB.validateQuery(List<SObject>)
17:40:48.17 (47069544)|STATEMENT_EXECUTE|[29]
17:40:48.17 (47084711)|HEAP_ALLOCATE|[29]|Bytes:16
17:40:48.17 (47094880)|METHOD_ENTRY|[29]||System.JSON.serialize(Object)
17:40:48.17 (47219891)|METHOD_EXIT|[29]||System.JSON.serialize(Object)
17:40:48.17 (47234451)|VARIABLE_ASSIGNMENT|[29]|returnData|"{\"attributes\":{\"type (1596 more) ..."
17:40:48.17 (47288860)|VARIABLE_ASSIGNMENT|[EXTERNAL]|this|{"debug":false,"input":"{\"mode\":\"fetchUserDa (4 more) ...","operation":"GameizeController"}|0x2388e84f
17:40:48.17 (47301969)|STATEMENT_EXECUTE|[30]
17:40:48.17 (47310088)|STATEMENT_EXECUTE|[33]
17:40:48.17 (47319553)|METHOD_EXIT|[9]|01p41000000CQtU|gameize.GameizeController.fetchUserData(Id)
17:40:48.17 (47351265)|VARIABLE_ASSIGNMENT|[EXTERNAL]|this|{"debug":false,"input":"{\"mode\":\"fetchUserDa (4 more) ...","operation":"GameizeController"}|0x2388e84f
17:40:48.17 (47358734)|VARIABLE_ASSIGNMENT|[EXTERNAL]|value|"{\"attributes\":{\"type (1596 more) ..."
17:40:48.17 (47368652)|VARIABLE_ASSIGNMENT|[12]|this.output|"{\"attributes\":{\"type (1596 more) ..."|0x2388e84f
17:40:48.17 (47375711)|STATEMENT_EXECUTE|[10]
17:40:48.17 (47425077)|VARIABLE_ASSIGNMENT|[EXTERNAL]|this|{"debug":false,"input":"{\"mode\":\"fetchUserDa (4 more) ...","operation":"GameizeController","output":"{\"attributes\":{\"type (1596 more) ..."}|0x2388e84f
17:40:48.17 (47461856)|VARIABLE_ASSIGNMENT|[EXTERNAL]|this|{"debug":false,"input":"{\"mode\":\"fetchUserDa (4 more) ...","operation":"GameizeController","output":"{\"attributes\":{\"type (1596 more) ..."}|0x2388e84f
17:40:48.17 (47469658)|VARIABLE_ASSIGNMENT|[EXTERNAL]|value|true
17:40:48.17 (47473630)|HEAP_ALLOCATE|[15]|Bytes:5
17:40:48.17 (47480562)|VARIABLE_ASSIGNMENT|[15]|this.outputFlag|true|0x2388e84f
17:40:48.17 (47493310)|METHOD_EXIT|[8]|01p41000000CQtU|gameize.GameizeController.process(gameize.ETLC_ApexBridge_Data)
17:40:48.17 (47496896)|STATEMENT_EXECUTE|[23]
17:40:48.17 (47509106)|METHOD_ENTRY|[23]|01p41000000CNQH|gameize.ETLC_ApexBridge_Data.toJSON()
17:40:48.17 (47513039)|VARIABLE_SCOPE_BEGIN|[57]|this|gameize.ETLC_ApexBridge_Data|true|false
17:40:48.17 (47538122)|VARIABLE_ASSIGNMENT|[57]|this|{"debug":false,"input":"{\"mode\":\"fetchUserDa (4 more) ...","operation":"GameizeController","output":"{\"attributes\":{\"type (1596 more) ...","outputFlag":true}|0x2388e84f
17:40:48.17 (47543205)|STATEMENT_EXECUTE|[57]
17:40:48.17 (47544458)|STATEMENT_EXECUTE|[58]
17:40:48.17 (47555258)|METHOD_ENTRY|[58]||System.JSON.serialize(Object)
17:40:48.17 (47634475)|STATEMENT_EXECUTE|[22]
17:40:48.17 (47638031)|STATEMENT_EXECUTE|[23]
17:40:48.17 (47648105)|HEAP_ALLOCATE|[23]|Bytes:5
17:40:48.17 (47657007)|VARIABLE_ASSIGNMENT|[23]|this.isSuccess|true|0x2388e84f
17:40:48.17 (47659440)|STATEMENT_EXECUTE|[24]
17:40:48.17 (47697657)|STATEMENT_EXECUTE|[31]
17:40:48.17 (47700727)|STATEMENT_EXECUTE|[32]
17:40:48.17 (47709317)|HEAP_ALLOCATE|[32]|Bytes:4
17:40:48.17 (47735225)|VARIABLE_ASSIGNMENT|[32]|this.messages|{"s":1,"v":{}}|0x2388e84f
17:40:48.17 (47738953)|STATEMENT_EXECUTE|[33]
17:40:48.17 (47939544)|METHOD_EXIT|[58]||System.JSON.serialize(Object)
17:40:48.17 (47946488)|METHOD_EXIT|[23]|01p41000000CNQH|gameize.ETLC_ApexBridge_Data.toJSON()
17:40:48.17 (47957838)|SYSTEM_MODE_EXIT|false
17:40:48.47 (47987426)|CUMULATIVE_LIMIT_USAGE
17:40:48.47 (47987426)|LIMIT_USAGE_FOR_NS|(default)|
  Number of SOQL queries: 0 out of 100
  Number of query rows: 0 out of 50000
  Number of SOSL queries: 0 out of 20
  Number of DML statements: 0 out of 150
  Number of DML rows: 0 out of 10000
  Maximum CPU time: 0 out of 10000
  Maximum heap size: 0 out of 6000000
  Number of callouts: 0 out of 100
  Number of Email Invocations: 0 out of 10
  Number of future calls: 0 out of 50
  Number of queueable jobs added to the queue: 0 out of 50
  Number of Mobile Apex push calls: 0 out of 10

17:40:48.47 (47987426)|LIMIT_USAGE_FOR_NS|gameize|
  Number of SOQL queries: 2 out of 100
  Number of query rows: 2 out of 50000
  Number of SOSL queries: 0 out of 20
  Number of DML statements: 0 out of 150
  Number of DML rows: 0 out of 10000
  Maximum CPU time: 0 out of 10000
  Maximum heap size: 0 out of 6000000
  Number of callouts: 0 out of 100
  Number of Email Invocations: 0 out of 10
  Number of future calls: 0 out of 50
  Number of queueable jobs added to the queue: 0 out of 50
  Number of Mobile Apex push calls: 0 out of 10

17:40:48.47 (47987426)|CUMULATIVE_LIMIT_USAGE_END

17:40:48.17 (48054733)|CODE_UNIT_FINISHED|ETLC_ApexBridge_Controller.execute
