37.0 APEX_CODE,FINEST;APEX_PROFILING,INFO;CALLOUT,INFO;DB,INFO;SYSTEM,DEBUG;VALIDATION,INFO;VISUALFORCE,INFO;WORKFLOW,INFO
17:53:44.0 (389283)|USER_INFO|[EXTERNAL]|00541000000Hq4o|gameize@jr.te|Eastern Standard Time|GMT-04:00
17:53:44.0 (793268)|HEAP_ALLOCATE|[72]|Bytes:3
17:53:44.0 (879379)|HEAP_ALLOCATE|[77]|Bytes:152
17:53:44.0 (900020)|HEAP_ALLOCATE|[342]|Bytes:408
17:53:44.0 (914451)|HEAP_ALLOCATE|[355]|Bytes:408
17:53:44.0 (926831)|HEAP_ALLOCATE|[467]|Bytes:48
17:53:44.2 (2180199)|USER_INFO|[EXTERNAL]|00541000000Hq4o|gameize@jr.te|Eastern Standard Time|GMT-04:00
17:53:44.2 (2397199)|STATEMENT_EXECUTE|[1]
17:53:44.2 (2415137)|METHOD_EXIT|[1]|ETLC_ApexBridge_Controller
17:53:44.2 (2419783)|HEAP_ALLOCATE|[EXTERNAL]|Bytes:1768
17:53:44.2 (2440253)|SYSTEM_MODE_ENTER|false
17:53:44.2 (2562715)|VARIABLE_SCOPE_BEGIN|[3]|dataJson|String|false|false
17:53:44.2 (2628215)|VARIABLE_ASSIGNMENT|[3]|dataJson|"{\"operation\":\"Gameiz (1748 more) ..."
17:53:44.2 (2640949)|STATEMENT_EXECUTE|[3]
17:53:44.2 (2642459)|STATEMENT_EXECUTE|[4]
17:53:44.2 (4717800)|VARIABLE_SCOPE_BEGIN|[4]|data|gameize.ETLC_ApexBridge_Data|true|false
17:53:44.2 (4730013)|VARIABLE_ASSIGNMENT|[4]|data|null|
17:53:44.2 (4732647)|STATEMENT_EXECUTE|[5]
17:53:44.2 (4733940)|STATEMENT_EXECUTE|[5]
17:53:44.2 (4734953)|STATEMENT_EXECUTE|[6]
17:53:44.2 (4749449)|HEAP_ALLOCATE|[6]|Bytes:11
17:53:44.2 (4755106)|HEAP_ALLOCATE|[6]|Bytes:248
17:53:44.2 (4757475)|HEAP_ALLOCATE|[6]|Bytes:39
17:53:44.2 (4795731)|METHOD_ENTRY|[2]|01p41000000CNQH|ETLC_ApexBridge_Data.ETLC_ApexBridge_Data()
17:53:44.2 (4799190)|STATEMENT_EXECUTE|[2]
17:53:44.2 (4804621)|STATEMENT_EXECUTE|[2]
17:53:44.2 (4810299)|METHOD_EXIT|[2]|ETLC_ApexBridge_Data
17:53:44.2 (4836627)|METHOD_ENTRY|[6]|01p41000000CNQH|gameize.ETLC_ApexBridge_Data.fromJSON(String)
17:53:44.2 (4858139)|VARIABLE_SCOPE_BEGIN|[60]|strJson|String|false|false
17:53:44.2 (4867563)|VARIABLE_ASSIGNMENT|[60]|strJson|"{\"operation\":\"Gameiz (1748 more) ..."
17:53:44.2 (4871271)|STATEMENT_EXECUTE|[60]
17:53:44.2 (4872510)|STATEMENT_EXECUTE|[61]
17:53:44.2 (4879930)|HEAP_ALLOCATE|[61]|Bytes:28
17:53:44.2 (4904357)|HEAP_ALLOCATE|[50]|Bytes:5
17:53:44.2 (4926414)|HEAP_ALLOCATE|[56]|Bytes:5
17:53:44.2 (4932111)|HEAP_ALLOCATE|[64]|Bytes:7
17:53:44.2 (5028455)|HEAP_ALLOCATE|[61]|Bytes:24
17:53:44.2 (5039421)|SYSTEM_METHOD_ENTRY|[1]|Type.Type()
17:53:44.2 (5042490)|STATEMENT_EXECUTE|[1]
17:53:44.2 (5050277)|SYSTEM_METHOD_EXIT|[1]|Type
17:53:44.2 (5060760)|HEAP_ALLOCATE|[61]|Bytes:8
17:53:44.2 (5085038)|HEAP_ALLOCATE|[61]|Bytes:8
17:53:44.2 (5089965)|VARIABLE_SCOPE_BEGIN|[4]|this|System.Type|true|false
17:53:44.2 (5119536)|VARIABLE_ASSIGNMENT|[4]|this|{}|0x722b90d1
17:53:44.2 (5122671)|VARIABLE_SCOPE_BEGIN|[4]|apextype|java:common.apex.runtime.ApexObjectType|true|false
17:53:44.2 (5225753)|VARIABLE_ASSIGNMENT|[4]|apextype|"gameize.ETLC_ApexBridge_Data"|0x6940c3ea
17:53:44.2 (5284576)|HEAP_ALLOCATE|[61]|Bytes:8
17:53:44.2 (5322676)|HEAP_ALLOCATE|[61]|Bytes:24
17:53:44.2 (5331567)|SYSTEM_METHOD_ENTRY|[1]|JSON.JSON()
17:53:44.2 (5334044)|STATEMENT_EXECUTE|[1]
17:53:44.2 (5339633)|SYSTEM_METHOD_EXIT|[1]|JSON
17:53:44.2 (5350505)|METHOD_ENTRY|[61]||System.JSON.deserializeStrict(String, System.Type)
17:53:44.2 (6002912)|METHOD_EXIT|[61]||System.JSON.deserializeStrict(String, System.Type)
17:53:44.2 (6013420)|METHOD_EXIT|[6]|01p41000000CNQH|gameize.ETLC_ApexBridge_Data.fromJSON(String)
17:53:44.2 (6075272)|VARIABLE_ASSIGNMENT|[6]|data|{"debug":true,"input":"{\"mode\":\"saveUserDat (1399 more) ...","operation":"GameizeController"}|0x417945b4
17:53:44.2 (6079709)|STATEMENT_EXECUTE|[7]
17:53:44.2 (6130360)|VARIABLE_ASSIGNMENT|[EXTERNAL]|this|{"debug":true,"input":"{\"mode\":\"saveUserDat (1399 more) ...","operation":"GameizeController"}|0x417945b4
17:53:44.2 (6146470)|METHOD_ENTRY|[7]||System.Type.forName(String)
17:53:44.2 (8232412)|METHOD_EXIT|[7]||System.Type.forName(String)
17:53:44.2 (8245162)|METHOD_ENTRY|[7]||System.Type.newInstance()
17:53:44.2 (9592582)|STATEMENT_EXECUTE|[1]
17:53:44.2 (9605405)|HEAP_ALLOCATE|[33]|Bytes:5
17:53:44.2 (9620740)|METHOD_EXIT|[1]|GameizeController
17:53:44.2 (9636555)|HEAP_ALLOCATE|[33]|Bytes:4
17:53:44.2 (9646026)|VARIABLE_SCOPE_BEGIN|[1]|this|gameize.GameizeController|true|false
17:53:44.2 (9665811)|VARIABLE_ASSIGNMENT|[1]|this|{}|0x279e8798
17:53:44.2 (9672501)|HEAP_ALLOCATE|[33]|Bytes:5
17:53:44.2 (9679411)|HEAP_ALLOCATE|[33]|Bytes:11
17:53:44.2 (9696811)|METHOD_ENTRY|[1]|01p41000000CNQC|ETLC_ApexBridge_Abstract.ETLC_ApexBridge_Abstract()
17:53:44.2 (9699986)|STATEMENT_EXECUTE|[1]
17:53:44.2 (9705180)|STATEMENT_EXECUTE|[1]
17:53:44.2 (9709662)|METHOD_EXIT|[1]|ETLC_ApexBridge_Abstract
17:53:44.2 (9717895)|CONSTRUCTOR_ENTRY|[EXTERNAL]|01p41000000CNQC|<init>()
17:53:44.2 (9738564)|VARIABLE_SCOPE_BEGIN|[1]|this|gameize.ETLC_ApexBridge_Abstract|true|false
17:53:44.2 (9750454)|VARIABLE_ASSIGNMENT|[1]|this|{}|0x279e8798
17:53:44.2 (9761557)|STATEMENT_EXECUTE|[1]
17:53:44.2 (9766316)|CONSTRUCTOR_EXIT|[EXTERNAL]|01p41000000CNQC|<init>()
17:53:44.2 (9770992)|STATEMENT_EXECUTE|[1]
17:53:44.2 (9774655)|HEAP_ALLOCATE|[33]|Bytes:5
17:53:44.2 (9787473)|METHOD_EXIT|[7]||System.Type.newInstance()
17:53:44.2 (9794397)|VARIABLE_SCOPE_BEGIN|[7]|executor|gameize.ETLC_ApexBridge_Abstract|true|false
17:53:44.2 (9803417)|VARIABLE_ASSIGNMENT|[7]|executor|{}|0x279e8798
17:53:44.2 (9805355)|STATEMENT_EXECUTE|[8]
17:53:44.2 (9841103)|METHOD_ENTRY|[8]|01p41000000CQtU|gameize.GameizeController.process(gameize.ETLC_ApexBridge_Data)
17:53:44.2 (9863601)|VARIABLE_SCOPE_BEGIN|[3]|this|gameize.GameizeController|true|false
17:53:44.2 (9872916)|VARIABLE_ASSIGNMENT|[3]|this|{}|0x279e8798
17:53:44.2 (9875436)|VARIABLE_SCOPE_BEGIN|[3]|data|gameize.ETLC_ApexBridge_Data|true|false
17:53:44.2 (9898683)|VARIABLE_ASSIGNMENT|[3]|data|{"debug":true,"input":"{\"mode\":\"saveUserDat (1399 more) ...","operation":"GameizeController"}|0x417945b4
17:53:44.2 (9906016)|HEAP_ALLOCATE|[4]|Bytes:5
17:53:44.2 (9909303)|STATEMENT_EXECUTE|[3]
17:53:44.2 (9910498)|STATEMENT_EXECUTE|[4]
17:53:44.2 (9937260)|VARIABLE_ASSIGNMENT|[4]|GameizeController.apexBridgedata|{"debug":true,"input":"{\"mode\":\"saveUserDat (1399 more) ...","operation":"GameizeController"}|0x417945b4
17:53:44.2 (9994170)|VARIABLE_ASSIGNMENT|[EXTERNAL]|this|{"debug":true,"input":"{\"mode\":\"saveUserDat (1399 more) ...","operation":"GameizeController"}|0x417945b4
17:53:44.2 (10007711)|STATEMENT_EXECUTE|[5]
17:53:44.2 (10037421)|ENTERING_MANAGED_PKG|
17:53:44.2 (10085548)|USER_DEBUG|[5]|DEBUG|ETLC_ApexBridge_Data:[debug=true, input={"mode":"saveUserData","fieldName":"dataHistory__c","fieldData":"[{\"name\":\"Hangman\",\"cmpname\":\"Hangman\",\"datePlayed\":\"Mon Aug 08 2016 15:45:31 GMT-0400 (Eastern Daylight Time)\",\"id\":2},{\"name\":\"Age Counter\",\"cmpname\":\"AgeCounter\",\"datePlayed\":\"Mon Aug 08 2016 15:48:19 GMT-0400 (Eastern Daylight Time)\",\"id\":1},{\"name\":\"Hangman\",\"cmpname\":\"Hangman\",\"datePlayed\":\"Mon Aug 08 2016 15:48:22 GMT-0400 (Eastern Daylight Time)\",\"id\":2},{\"name\":\"Hangman\",\"cmpname\":\"Hangman\",\"datePlayed\":\"Mon Aug 08 2016 15:48:28 GMT-0400 (Eastern Daylight Time)\",\"id\":2},{\"name\":\"Hangman\",\"cmpname\":\"Hangman\",\"datePlayed\":\"Mon Aug 08 2016 15:48:31 GMT-0400 (Eastern Daylight Time)\",\"id\":2},{\"name\":\"Age Counter\",\"cmpname\":\"AgeCounter\",\"datePlayed\":\"Mon Aug 08 2016 15:48:34 GMT-0400 (Eastern Daylight Time)\",\"id\":1},{\"name\":\"Hangman\",\"cmpname\":\"Hangman\",\"datePlayed\":\"Mon Aug 08 2016 15:48:42 GMT-0400 (Eastern Daylight Time)\",\"id\":2},{\"name\":\"Hangman\",\"cmpname\":\"Hangman\",\"datePlayed\":\"Mon Aug 08 2016 17:49:22 GMT-0400 (Eastern Daylight Time)\",\"id\":2},{\"name\":\"Hangman\",\"cmpname\":\"Hangman\",\"datePlayed\":\"Mon Aug 08 2016 17:53:11 GMT-0400 (Eastern Daylight Time)\",\"id\":2},{\"name\":\"Age Counter\",\"cmpname\":\"AgeCounter\",\"datePlayed\":\"Mon Aug 08 2016 17:53:47 GMT-0400 (Eastern Daylight Time)\",\"id\":1}]"}, isSuccess=null, messages=null, operation=GameizeController, output=null, outputFlag=null, records=null]
17:53:44.2 (10099334)|STATEMENT_EXECUTE|[7]
17:53:44.2 (10106469)|HEAP_ALLOCATE|[7]|Bytes:4
17:53:44.2 (10126873)|METHOD_ENTRY|[7]|01p41000000CNQH|gameize.ETLC_ApexBridge_Data.getInputValue(String)
17:53:44.2 (10147124)|VARIABLE_SCOPE_BEGIN|[52]|this|gameize.ETLC_ApexBridge_Data|true|false
17:53:44.2 (10168701)|VARIABLE_ASSIGNMENT|[52]|this|{"debug":true,"input":"{\"mode\":\"saveUserDat (1399 more) ...","operation":"GameizeController"}|0x417945b4
17:53:44.2 (10172966)|VARIABLE_SCOPE_BEGIN|[52]|key|String|false|false
17:53:44.2 (10176307)|VARIABLE_ASSIGNMENT|[52]|key|"mode"
17:53:44.2 (10179697)|STATEMENT_EXECUTE|[52]
17:53:44.2 (10181090)|STATEMENT_EXECUTE|[53]
17:53:44.2 (10216893)|VARIABLE_ASSIGNMENT|[EXTERNAL]|this|{"debug":true,"input":"{\"mode\":\"saveUserDat (1399 more) ...","operation":"GameizeController"}|0x417945b4
17:53:44.2 (10230170)|METHOD_ENTRY|[53]||System.JSON.deserializeUntyped(String)
17:53:44.2 (10557424)|METHOD_EXIT|[53]||System.JSON.deserializeUntyped(String)
17:53:44.2 (10565306)|VARIABLE_SCOPE_BEGIN|[53]|inputMap|Map<String,ANY>|true|false
17:53:44.2 (10595725)|VARIABLE_ASSIGNMENT|[53]|inputMap|{"s":1,"v":{"mode":"saveUserData","fieldName":"dataHistory__c","fieldData":"[{\"name\":\"Hangman\",\" (1192 more) ..."}}|0x51d92cea
17:53:44.2 (10599423)|STATEMENT_EXECUTE|[54]
17:53:44.2 (10625544)|ENTERING_MANAGED_PKG|
17:53:44.2 (10651582)|METHOD_EXIT|[7]|01p41000000CNQH|gameize.ETLC_ApexBridge_Data.getInputValue(String)
17:53:44.2 (10657519)|VARIABLE_SCOPE_BEGIN|[7]|mode|String|false|false
17:53:44.2 (10663939)|VARIABLE_ASSIGNMENT|[7]|mode|"saveUserData"
17:53:44.2 (10667769)|HEAP_ALLOCATE|[8]|Bytes:13
17:53:44.2 (10690171)|HEAP_ALLOCATE|[11]|Bytes:12
17:53:44.2 (10699295)|STATEMENT_EXECUTE|[11]
17:53:44.2 (10700591)|STATEMENT_EXECUTE|[12]
17:53:44.2 (10751273)|HEAP_ALLOCATE|[12]|Bytes:85
17:53:44.2 (10763807)|SYSTEM_METHOD_ENTRY|[1]|UserInfo.UserInfo()
17:53:44.2 (10766476)|STATEMENT_EXECUTE|[1]
17:53:44.2 (10774604)|SYSTEM_METHOD_EXIT|[1]|UserInfo
17:53:44.2 (10783809)|METHOD_ENTRY|[12]||System.UserInfo.getUserId()
17:53:44.2 (10818318)|METHOD_EXIT|[12]||System.UserInfo.getUserId()
17:53:44.2 (10832963)|HEAP_ALLOCATE|[12]|Bytes:4
17:53:44.2 (10839500)|METHOD_ENTRY|[12]||System.UserInfo.getUserName()
17:53:44.2 (10861041)|METHOD_EXIT|[12]||System.UserInfo.getUserName()
17:53:44.2 (10864174)|HEAP_ALLOCATE|[12]|Bytes:9
17:53:44.2 (10871861)|METHOD_ENTRY|[12]|01p41000000CNQH|gameize.ETLC_ApexBridge_Data.getInputValue(String)
17:53:44.2 (10875458)|VARIABLE_SCOPE_BEGIN|[52]|this|gameize.ETLC_ApexBridge_Data|true|false
17:53:44.2 (10901673)|VARIABLE_ASSIGNMENT|[52]|this|{"debug":true,"input":"{\"mode\":\"saveUserDat (1399 more) ...","operation":"GameizeController"}|0x417945b4
17:53:44.2 (10904325)|VARIABLE_SCOPE_BEGIN|[52]|key|String|false|false
17:53:44.2 (10907683)|VARIABLE_ASSIGNMENT|[52]|key|"fieldName"
17:53:44.2 (10910921)|STATEMENT_EXECUTE|[52]
17:53:44.2 (10912129)|STATEMENT_EXECUTE|[53]
17:53:44.2 (10935022)|VARIABLE_ASSIGNMENT|[EXTERNAL]|this|{"debug":true,"input":"{\"mode\":\"saveUserDat (1399 more) ...","operation":"GameizeController"}|0x417945b4
17:53:44.2 (10942875)|METHOD_ENTRY|[53]||System.JSON.deserializeUntyped(String)
17:53:44.2 (11133824)|METHOD_EXIT|[53]||System.JSON.deserializeUntyped(String)
17:53:44.2 (11141682)|VARIABLE_SCOPE_BEGIN|[53]|inputMap|Map<String,ANY>|true|false
17:53:44.2 (11163692)|VARIABLE_ASSIGNMENT|[53]|inputMap|{"s":1,"v":{"mode":"saveUserData","fieldName":"dataHistory__c","fieldData":"[{\"name\":\"Hangman\",\" (1192 more) ..."}}|0x2e123416
17:53:44.2 (11167491)|STATEMENT_EXECUTE|[54]
17:53:44.2 (11186363)|ENTERING_MANAGED_PKG|
17:53:44.2 (11195608)|METHOD_EXIT|[12]|01p41000000CNQH|gameize.ETLC_ApexBridge_Data.getInputValue(String)
17:53:44.2 (11199900)|HEAP_ALLOCATE|[12]|Bytes:9
17:53:44.2 (11208025)|METHOD_ENTRY|[12]|01p41000000CNQH|gameize.ETLC_ApexBridge_Data.getInputValue(String)
17:53:44.2 (11211217)|VARIABLE_SCOPE_BEGIN|[52]|this|gameize.ETLC_ApexBridge_Data|true|false
17:53:44.2 (11233581)|VARIABLE_ASSIGNMENT|[52]|this|{"debug":true,"input":"{\"mode\":\"saveUserDat (1399 more) ...","operation":"GameizeController"}|0x417945b4
17:53:44.2 (11235950)|VARIABLE_SCOPE_BEGIN|[52]|key|String|false|false
17:53:44.2 (11239314)|VARIABLE_ASSIGNMENT|[52]|key|"fieldData"
17:53:44.2 (11242261)|STATEMENT_EXECUTE|[52]
17:53:44.2 (11243502)|STATEMENT_EXECUTE|[53]
17:53:44.2 (11264488)|VARIABLE_ASSIGNMENT|[EXTERNAL]|this|{"debug":true,"input":"{\"mode\":\"saveUserDat (1399 more) ...","operation":"GameizeController"}|0x417945b4
17:53:44.2 (11271854)|METHOD_ENTRY|[53]||System.JSON.deserializeUntyped(String)
17:53:44.2 (11449166)|METHOD_EXIT|[53]||System.JSON.deserializeUntyped(String)
17:53:44.2 (11455639)|VARIABLE_SCOPE_BEGIN|[53]|inputMap|Map<String,ANY>|true|false
17:53:44.2 (11476369)|VARIABLE_ASSIGNMENT|[53]|inputMap|{"s":1,"v":{"mode":"saveUserData","fieldName":"dataHistory__c","fieldData":"[{\"name\":\"Hangman\",\" (1192 more) ..."}}|0x417f1f38
17:53:44.2 (11479814)|STATEMENT_EXECUTE|[54]
17:53:44.2 (11498014)|ENTERING_MANAGED_PKG|
17:53:44.2 (11506665)|METHOD_EXIT|[12]|01p41000000CNQH|gameize.ETLC_ApexBridge_Data.getInputValue(String)
17:53:44.2 (11521456)|METHOD_ENTRY|[12]|01p41000000CQtU|gameize.GameizeController.saveUserData(Id, String, String, String)
17:53:44.2 (11527658)|VARIABLE_SCOPE_BEGIN|[38]|this|gameize.GameizeController|true|false
17:53:44.2 (11539124)|VARIABLE_ASSIGNMENT|[38]|this|{}|0x279e8798
17:53:44.2 (11542309)|VARIABLE_SCOPE_BEGIN|[38]|userId|Id|false|false
17:53:44.2 (11598883)|VARIABLE_ASSIGNMENT|[38]|userId|"00541000000Hq4oAAC"
17:53:44.2 (11603688)|VARIABLE_SCOPE_BEGIN|[38]|userName|String|false|false
17:53:44.2 (11608225)|VARIABLE_ASSIGNMENT|[38]|userName|"gameize@jr.te"
17:53:44.2 (11610339)|VARIABLE_SCOPE_BEGIN|[38]|fieldName|String|false|false
17:53:44.2 (11613178)|VARIABLE_ASSIGNMENT|[38]|fieldName|"dataHistory__c"
17:53:44.2 (11615157)|VARIABLE_SCOPE_BEGIN|[38]|fieldData|String|false|false
17:53:44.2 (11619564)|VARIABLE_ASSIGNMENT|[38]|fieldData|"[{\"name\":\"Hangman\",\" (1192 more) ..."
17:53:44.2 (11627820)|HEAP_ALLOCATE|[39]|Bytes:5
17:53:44.2 (11631740)|STATEMENT_EXECUTE|[38]
17:53:44.2 (11632952)|STATEMENT_EXECUTE|[39]
17:53:44.2 (11640403)|VARIABLE_SCOPE_BEGIN|[39]|returnFlag|Boolean|false|false
17:53:44.2 (11642968)|HEAP_ALLOCATE|[39]|Bytes:5
17:53:44.2 (11646953)|VARIABLE_ASSIGNMENT|[39]|returnFlag|false
17:53:44.2 (11648694)|STATEMENT_EXECUTE|[40]
17:53:44.2 (11649723)|STATEMENT_EXECUTE|[40]
17:53:44.2 (11650683)|STATEMENT_EXECUTE|[41]
17:53:44.2 (11660532)|HEAP_ALLOCATE|[41]|Bytes:4
17:53:44.2 (11679430)|ENTERING_MANAGED_PKG|
17:53:44.2 (11696346)|HEAP_ALLOCATE|[41]|Bytes:4
17:53:44.2 (11704679)|HEAP_ALLOCATE|[41]|Bytes:24
17:53:44.2 (11707980)|HEAP_ALLOCATE|[41]|Bytes:23
17:53:44.2 (11711787)|VARIABLE_SCOPE_BEGIN|[41]|fields|List<String>|true|false
17:53:44.2 (11746402)|HEAP_ALLOCATE|[EXTERNAL]|Bytes:16
17:53:44.2 (11764490)|VARIABLE_ASSIGNMENT|[41]|fields|{"s":1,"v":["Name","gameize__dataFavorit (4 more) ...","gameize__dataHistory (3 more) ..."]}|0x39573ee0
17:53:44.2 (11767636)|STATEMENT_EXECUTE|[45]
17:53:44.2 (11774085)|HEAP_ALLOCATE|[45]|Bytes:19
17:53:44.2 (12178075)|HEAP_ALLOCATE|[45]|Bytes:4
17:53:44.2 (12990151)|HEAP_ALLOCATE|[45]|Bytes:60
17:53:44.2 (13001767)|VARIABLE_SCOPE_BEGIN|[45]|m|Map<String,Schema.SObjectField>|true|false
17:53:44.2 (13167957)|VARIABLE_ASSIGNMENT|[45]|m|"{createdbyid=CreatedById, createddate=CreatedDate, gameize__datafavorite__c=gameize__dataFavorite__c, gameize__datahistory__c=gameize__dataHistory__c, gameize__user__c=gameize__User__c, id=Id, isdeleted=IsDeleted, lastmodifiedbyid=LastModifiedById, lastmodifieddate=LastModifiedDate, lastreferenceddate=LastReferencedDate, ...}"|0x3b192a2a
17:53:44.2 (13191096)|ENTERING_MANAGED_PKG|
17:53:44.2 (13262229)|HEAP_ALLOCATE|[46]|Bytes:5
17:53:44.2 (13289058)|HEAP_ALLOCATE|[46]|Bytes:4
17:53:44.2 (13297148)|VARIABLE_SCOPE_BEGIN|[46]|fieldToCheck|String|false|false
17:53:44.2 (13304146)|VARIABLE_ASSIGNMENT|[46]|fieldToCheck|"Name"
17:53:44.2 (13307459)|STATEMENT_EXECUTE|[46]
17:53:44.2 (13324444)|ENTERING_MANAGED_PKG|
17:53:44.2 (13827574)|HEAP_ALLOCATE|[52]|Bytes:8
17:53:44.2 (13865327)|ENTERING_MANAGED_PKG|
17:53:44.2 (13921540)|HEAP_ALLOCATE|[53]|Bytes:8
17:53:44.2 (13944141)|ENTERING_MANAGED_PKG|
17:53:44.2 (13984242)|HEAP_ALLOCATE|[54]|Bytes:8
17:53:44.2 (13999802)|STATEMENT_EXECUTE|[52]
17:53:44.2 (14015851)|HEAP_ALLOCATE|[46]|Bytes:5
17:53:44.2 (14024337)|HEAP_ALLOCATE|[46]|Bytes:24
17:53:44.2 (14030565)|VARIABLE_SCOPE_BEGIN|[46]|fieldToCheck|String|false|false
17:53:44.2 (14040140)|VARIABLE_ASSIGNMENT|[46]|fieldToCheck|"gameize__dataFavorit (4 more) ..."
17:53:44.2 (14043080)|STATEMENT_EXECUTE|[46]
17:53:44.2 (14053556)|ENTERING_MANAGED_PKG|
17:53:44.2 (14545728)|HEAP_ALLOCATE|[52]|Bytes:8
17:53:44.2 (14571327)|ENTERING_MANAGED_PKG|
17:53:44.2 (14600423)|HEAP_ALLOCATE|[53]|Bytes:8
17:53:44.2 (14615109)|ENTERING_MANAGED_PKG|
17:53:44.2 (14634268)|HEAP_ALLOCATE|[54]|Bytes:8
17:53:44.2 (14643949)|STATEMENT_EXECUTE|[52]
17:53:44.2 (14659080)|HEAP_ALLOCATE|[46]|Bytes:5
17:53:44.2 (14666388)|HEAP_ALLOCATE|[46]|Bytes:23
17:53:44.2 (14672603)|VARIABLE_SCOPE_BEGIN|[46]|fieldToCheck|String|false|false
17:53:44.2 (14682261)|VARIABLE_ASSIGNMENT|[46]|fieldToCheck|"gameize__dataHistory (3 more) ..."
17:53:44.2 (14685040)|STATEMENT_EXECUTE|[46]
17:53:44.2 (14693933)|ENTERING_MANAGED_PKG|
17:53:44.2 (14822835)|HEAP_ALLOCATE|[52]|Bytes:8
17:53:44.2 (14843165)|ENTERING_MANAGED_PKG|
17:53:44.2 (14867696)|HEAP_ALLOCATE|[53]|Bytes:8
17:53:44.2 (14880177)|ENTERING_MANAGED_PKG|
17:53:44.2 (14898006)|HEAP_ALLOCATE|[54]|Bytes:8
17:53:44.2 (14907417)|STATEMENT_EXECUTE|[52]
17:53:44.2 (14921101)|HEAP_ALLOCATE|[46]|Bytes:5
17:53:44.2 (14931797)|VARIABLE_ASSIGNMENT|[46]|fieldToCheck|null
17:53:44.2 (14934473)|STATEMENT_EXECUTE|[59]
17:53:44.2 (14978769)|HEAP_ALLOCATE|[59]|Bytes:4
17:53:44.2 (15090415)|VARIABLE_SCOPE_BEGIN|[59]|g|gameize__Gameize__c|true|false
17:53:44.2 (15106989)|VARIABLE_ASSIGNMENT|[59]|g|{}|0x2fc95a0c
17:53:44.2 (15109998)|STATEMENT_EXECUTE|[60]
17:53:44.2 (15170700)|VARIABLE_ASSIGNMENT|[60]|this.Name|"gameize@jr.te"|0x2fc95a0c
17:53:44.2 (15173754)|STATEMENT_EXECUTE|[61]
17:53:44.2 (15215602)|VARIABLE_ASSIGNMENT|[61]|this.gameize__User__c|"00541000000Hq4oAAC"|0x2fc95a0c
17:53:44.2 (15221414)|HEAP_ALLOCATE|[62]|Bytes:15
17:53:44.2 (15236096)|HEAP_ALLOCATE|[64]|Bytes:14
17:53:44.2 (15244346)|STATEMENT_EXECUTE|[64]
17:53:44.2 (15245602)|STATEMENT_EXECUTE|[65]
17:53:44.2 (15285455)|VARIABLE_ASSIGNMENT|[65]|this.gameize__dataHistory__c|"[{\"name\":\"Hangman\",\" (1192 more) ..."|0x2fc95a0c
17:53:44.2 (15288920)|STATEMENT_EXECUTE|[69]
17:53:44.2 (15295073)|HEAP_ALLOCATE|[69]|Bytes:58
17:53:44.2 (15302567)|HEAP_ALLOCATE|[69]|Bytes:4
17:53:44.2 (15310389)|HEAP_ALLOCATE|[69]|Bytes:7
17:53:44.2 (15580598)|SOQL_EXECUTE_BEGIN|[69]|Aggregations:0|SELECT ID FROM Gameize__c WHERE User__c = :tmpVar1 LIMIT 1
17:53:44.2 (18897673)|SOQL_EXECUTE_END|[69]|Rows:1
17:53:44.2 (18925399)|HEAP_ALLOCATE|[69]|Bytes:8
17:53:44.2 (18941556)|HEAP_ALLOCATE|[69]|Bytes:33
17:53:44.2 (18988628)|HEAP_ALLOCATE|[69]|Bytes:8
17:53:44.2 (18999378)|VARIABLE_SCOPE_BEGIN|[69]|records|List<gameize__Gameize__c>|true|false
17:53:44.2 (19024077)|VARIABLE_ASSIGNMENT|[69]|records|{"s":1,"v":[{"s":2,"v":{"Id":"a0041000000j7nTAAQ"}}]}|0x60188dc0
17:53:44.2 (19105134)|ENTERING_MANAGED_PKG|
17:53:44.2 (19131044)|STATEMENT_EXECUTE|[70]
17:53:44.2 (19132737)|STATEMENT_EXECUTE|[71]
17:53:44.2 (19162519)|HEAP_ALLOCATE|[71]|Bytes:8
17:53:44.2 (19209032)|VARIABLE_ASSIGNMENT|[71]|this.Id|"a0041000000j7nTAAQ"|0x2fc95a0c
17:53:44.2 (19213011)|STATEMENT_EXECUTE|[73]
17:53:44.2 (19252686)|HEAP_ALLOCATE|[73]|Bytes:8
17:53:44.2 (19277582)|DML_BEGIN|[73]|Op:Upsert|Type:gameize__Gameize__c|Rows:1
17:53:44.2 (19306314)|HEAP_ALLOCATE|[EXTERNAL]|Bytes:8
17:53:44.2 (49647561)|DML_END|[73]
17:53:44.2 (49861296)|VARIABLE_ASSIGNMENT|[EXTERNAL]|this|{"debug":true,"input":"{\"mode\":\"saveUserDat (1399 more) ...","operation":"GameizeController"}|0x417945b4
17:53:44.2 (49890960)|STATEMENT_EXECUTE|[74]
17:53:44.2 (49894213)|STATEMENT_EXECUTE|[74]
17:53:44.2 (49925627)|HEAP_ALLOCATE|[74]|Bytes:31
17:53:44.2 (49995119)|ENTERING_MANAGED_PKG|
17:53:44.2 (50085832)|HEAP_ALLOCATE|[74]|Bytes:1338
17:53:44.2 (50119133)|HEAP_ALLOCATE|[74]|Bytes:1369
17:53:44.2 (50150115)|ENTERING_MANAGED_PKG|
17:53:44.2 (50171620)|USER_DEBUG|[74]|DEBUG|GameizeController:saveData:g:: gameize__Gameize__c:{Name=gameize@jr.te, gameize__User__c=00541000000Hq4oAAC, gameize__dataHistory__c=[{"name":"Hangman","cmpname":"Hangman","datePlayed":"Mon Aug 08 2016 15:45:31 GMT-0400 (Eastern Daylight Time)","id":2},{"name":"Age Counter","cmpname":"AgeCounter","datePlayed":"Mon Aug 08 2016 15:48:19 GMT-0400 (Eastern Daylight Time)","id":1},{"name":"Hangman","cmpname":"Hangman","datePlayed":"Mon Aug 08 2016 15:48:22 GMT-0400 (Eastern Daylight Time)","id":2},{"name":"Hangman","cmpname":"Hangman","datePlayed":"Mon Aug 08 2016 15:48:28 GMT-0400 (Eastern Daylight Time)","id":2},{"name":"Hangman","cmpname":"Hangman","datePlayed":"Mon Aug 08 2016 15:48:31 GMT-0400 (Eastern Daylight Time)","id":2},{"name":"Age Counter","cmpname":"AgeCounter","datePlayed":"Mon Aug 08 2016 15:48:34 GMT-0400 (Eastern Daylight Time)","id":1},{"name":"Hangman","cmpname":"Hangman","datePlayed":"Mon Aug 08 2016 15:48:42 GMT-0400 (Eastern Daylight Time)","id":2},{"name":"Hangman","cmpname":"Hangman","datePlayed":"Mon Aug 08 2016 17:49:22 GMT-0400 (Eastern Daylight Time)","id":2},{"name":"Hangman","cmpname":"Hangman","datePlayed":"Mon Aug 08 2016 17:53:11 GMT-0400 (Eastern Daylight Time)","id":2},{"name":"Age Counter","cmpname":"AgeCounter","datePlayed":"Mon Aug 08 2016 17:53:47 GMT-0400 (Eastern Daylight Time)","id":1}], Id=a0041000000j7nTAAQ}
17:53:44.2 (50191366)|STATEMENT_EXECUTE|[75]
17:53:44.2 (50211379)|HEAP_ALLOCATE|[75]|Bytes:5
17:53:44.2 (50224120)|VARIABLE_ASSIGNMENT|[75]|returnFlag|true
17:53:44.2 (50229617)|STATEMENT_EXECUTE|[77]
17:53:44.2 (50237238)|HEAP_ALLOCATE|[77]|Bytes:5
17:53:44.2 (50254989)|METHOD_EXIT|[12]|01p41000000CQtU|gameize.GameizeController.saveUserData(Id, String, String, String)
17:53:44.2 (50331609)|VARIABLE_ASSIGNMENT|[EXTERNAL]|this|{"debug":true,"input":"{\"mode\":\"saveUserDat (1399 more) ...","operation":"GameizeController"}|0x417945b4
17:53:44.2 (50344095)|VARIABLE_ASSIGNMENT|[EXTERNAL]|value|true
17:53:44.2 (50351842)|HEAP_ALLOCATE|[15]|Bytes:5
17:53:44.2 (50366611)|VARIABLE_ASSIGNMENT|[15]|this.outputFlag|true|0x417945b4
17:53:44.2 (50385132)|METHOD_EXIT|[8]|01p41000000CQtU|gameize.GameizeController.process(gameize.ETLC_ApexBridge_Data)
17:53:44.2 (50390437)|STATEMENT_EXECUTE|[23]
17:53:44.2 (50419947)|METHOD_ENTRY|[23]|01p41000000CNQH|gameize.ETLC_ApexBridge_Data.toJSON()
17:53:44.2 (50449622)|VARIABLE_SCOPE_BEGIN|[57]|this|gameize.ETLC_ApexBridge_Data|true|false
17:53:44.2 (50484681)|VARIABLE_ASSIGNMENT|[57]|this|{"debug":true,"input":"{\"mode\":\"saveUserDat (1399 more) ...","operation":"GameizeController","outputFlag":true}|0x417945b4
17:53:44.2 (50492074)|STATEMENT_EXECUTE|[57]
17:53:44.2 (50493928)|STATEMENT_EXECUTE|[58]
17:53:44.2 (50517462)|METHOD_ENTRY|[58]||System.JSON.serialize(Object)
17:53:44.2 (50735119)|STATEMENT_EXECUTE|[22]
17:53:44.2 (50741744)|STATEMENT_EXECUTE|[23]
17:53:44.2 (50753954)|HEAP_ALLOCATE|[23]|Bytes:5
17:53:44.2 (50765429)|VARIABLE_ASSIGNMENT|[23]|this.isSuccess|true|0x417945b4
17:53:44.2 (50769014)|STATEMENT_EXECUTE|[24]
17:53:44.2 (50854886)|STATEMENT_EXECUTE|[31]
17:53:44.2 (50861305)|STATEMENT_EXECUTE|[32]
17:53:44.2 (50880142)|HEAP_ALLOCATE|[32]|Bytes:4
17:53:44.2 (50994471)|VARIABLE_ASSIGNMENT|[32]|this.messages|{"s":1,"v":{}}|0x417945b4
17:53:44.2 (51000193)|STATEMENT_EXECUTE|[33]
17:53:44.2 (51561733)|METHOD_EXIT|[58]||System.JSON.serialize(Object)
17:53:44.2 (51570346)|METHOD_EXIT|[23]|01p41000000CNQH|gameize.ETLC_ApexBridge_Data.toJSON()
17:53:44.2 (51584497)|SYSTEM_MODE_EXIT|false
17:53:44.54 (54014444)|CUMULATIVE_LIMIT_USAGE
17:53:44.54 (54014444)|LIMIT_USAGE_FOR_NS|(default)|
  Number of SOQL queries: 0 out of 100
  Number of query rows: 0 out of 50000
  Number of SOSL queries: 0 out of 20
  Number of DML statements: 0 out of 150
  Number of DML rows: 0 out of 10000
  Maximum CPU time: 0 out of 10000
  Maximum heap size: 0 out of 6000000
  Number of callouts: 0 out of 100
  Number of Email Invocations: 0 out of 10
  Number of future calls: 0 out of 50
  Number of queueable jobs added to the queue: 0 out of 50
  Number of Mobile Apex push calls: 0 out of 10

17:53:44.54 (54014444)|LIMIT_USAGE_FOR_NS|gameize|
  Number of SOQL queries: 1 out of 100
  Number of query rows: 1 out of 50000
  Number of SOSL queries: 0 out of 20
  Number of DML statements: 1 out of 150
  Number of DML rows: 1 out of 10000
  Maximum CPU time: 0 out of 10000
  Maximum heap size: 0 out of 6000000
  Number of callouts: 0 out of 100
  Number of Email Invocations: 0 out of 10
  Number of future calls: 0 out of 50
  Number of queueable jobs added to the queue: 0 out of 50
  Number of Mobile Apex push calls: 0 out of 10

17:53:44.54 (54014444)|CUMULATIVE_LIMIT_USAGE_END

17:53:44.2 (54135041)|CODE_UNIT_FINISHED|ETLC_ApexBridge_Controller.execute
