37.0 APEX_CODE,FINEST;APEX_PROFILING,INFO;CALLOUT,INFO;DB,INFO;SYSTEM,DEBUG;VALIDATION,INFO;VISUALFORCE,INFO;WORKFLOW,INFO
17:49:18.0 (145390)|USER_INFO|[EXTERNAL]|00541000000Hq4o|gameize@jr.te|Eastern Standard Time|GMT-04:00
17:49:18.0 (591757)|HEAP_ALLOCATE|[72]|Bytes:3
17:49:18.0 (669309)|HEAP_ALLOCATE|[77]|Bytes:152
17:49:18.0 (690870)|HEAP_ALLOCATE|[342]|Bytes:408
17:49:18.0 (713064)|HEAP_ALLOCATE|[355]|Bytes:408
17:49:18.0 (733101)|HEAP_ALLOCATE|[467]|Bytes:48
17:49:18.2 (2273395)|USER_INFO|[EXTERNAL]|00541000000Hq4o|gameize@jr.te|Eastern Standard Time|GMT-04:00
17:49:18.2 (2530011)|STATEMENT_EXECUTE|[1]
17:49:18.2 (2566379)|METHOD_EXIT|[1]|ETLC_ApexBridge_Controller
17:49:18.2 (2576402)|HEAP_ALLOCATE|[EXTERNAL]|Bytes:85
17:49:18.2 (2617675)|SYSTEM_MODE_ENTER|false
17:49:18.2 (2754406)|VARIABLE_SCOPE_BEGIN|[3]|dataJson|String|false|false
17:49:18.2 (2834482)|VARIABLE_ASSIGNMENT|[3]|dataJson|"{\"operation\":\"Gameiz (65 more) ..."
17:49:18.2 (2848306)|STATEMENT_EXECUTE|[3]
17:49:18.2 (2850218)|STATEMENT_EXECUTE|[4]
17:49:18.2 (2983376)|VARIABLE_SCOPE_BEGIN|[4]|data|gameize.ETLC_ApexBridge_Data|true|false
17:49:18.2 (3007708)|VARIABLE_ASSIGNMENT|[4]|data|null|
17:49:18.2 (3013736)|STATEMENT_EXECUTE|[5]
17:49:18.2 (3015917)|STATEMENT_EXECUTE|[5]
17:49:18.2 (3018043)|STATEMENT_EXECUTE|[6]
17:49:18.2 (3043248)|HEAP_ALLOCATE|[6]|Bytes:11
17:49:18.2 (3054983)|HEAP_ALLOCATE|[6]|Bytes:248
17:49:18.2 (3061867)|HEAP_ALLOCATE|[6]|Bytes:39
17:49:18.2 (3102591)|METHOD_ENTRY|[2]|01p41000000CNQH|ETLC_ApexBridge_Data.ETLC_ApexBridge_Data()
17:49:18.2 (3106944)|STATEMENT_EXECUTE|[2]
17:49:18.2 (3110720)|STATEMENT_EXECUTE|[2]
17:49:18.2 (3117499)|METHOD_EXIT|[2]|ETLC_ApexBridge_Data
17:49:18.2 (3133681)|METHOD_ENTRY|[6]|01p41000000CNQH|gameize.ETLC_ApexBridge_Data.fromJSON(String)
17:49:18.2 (3152443)|VARIABLE_SCOPE_BEGIN|[60]|strJson|String|false|false
17:49:18.2 (3163301)|VARIABLE_ASSIGNMENT|[60]|strJson|"{\"operation\":\"Gameiz (65 more) ..."
17:49:18.2 (3167877)|STATEMENT_EXECUTE|[60]
17:49:18.2 (3169431)|STATEMENT_EXECUTE|[61]
17:49:18.2 (3178657)|HEAP_ALLOCATE|[61]|Bytes:28
17:49:18.2 (3201954)|HEAP_ALLOCATE|[50]|Bytes:5
17:49:18.2 (3224478)|HEAP_ALLOCATE|[56]|Bytes:5
17:49:18.2 (3232874)|HEAP_ALLOCATE|[64]|Bytes:7
17:49:18.2 (3341800)|HEAP_ALLOCATE|[61]|Bytes:24
17:49:18.2 (3355757)|SYSTEM_METHOD_ENTRY|[1]|Type.Type()
17:49:18.2 (3358800)|STATEMENT_EXECUTE|[1]
17:49:18.2 (3367705)|SYSTEM_METHOD_EXIT|[1]|Type
17:49:18.2 (3375322)|HEAP_ALLOCATE|[61]|Bytes:8
17:49:18.2 (3402126)|HEAP_ALLOCATE|[61]|Bytes:8
17:49:18.2 (3407339)|VARIABLE_SCOPE_BEGIN|[4]|this|System.Type|true|false
17:49:18.2 (3458803)|VARIABLE_ASSIGNMENT|[4]|this|{}|0x2fe64251
17:49:18.2 (3463966)|VARIABLE_SCOPE_BEGIN|[4]|apextype|java:common.apex.runtime.ApexObjectType|true|false
17:49:18.2 (3572347)|VARIABLE_ASSIGNMENT|[4]|apextype|"gameize.ETLC_ApexBridge_Data"|0x2cb247c5
17:49:18.2 (3683816)|HEAP_ALLOCATE|[61]|Bytes:8
17:49:18.2 (3746493)|HEAP_ALLOCATE|[61]|Bytes:24
17:49:18.2 (3765181)|SYSTEM_METHOD_ENTRY|[1]|JSON.JSON()
17:49:18.2 (3769232)|STATEMENT_EXECUTE|[1]
17:49:18.2 (3781530)|SYSTEM_METHOD_EXIT|[1]|JSON
17:49:18.2 (3799583)|METHOD_ENTRY|[61]||System.JSON.deserializeStrict(String, System.Type)
17:49:18.2 (4148604)|METHOD_EXIT|[61]||System.JSON.deserializeStrict(String, System.Type)
17:49:18.2 (4159951)|METHOD_EXIT|[6]|01p41000000CNQH|gameize.ETLC_ApexBridge_Data.fromJSON(String)
17:49:18.2 (4194097)|VARIABLE_ASSIGNMENT|[6]|data|{"debug":true,"input":"{\"mode\":\"fetchGameDa (4 more) ...","operation":"GameizeController"}|0x676ff65
17:49:18.2 (4198821)|STATEMENT_EXECUTE|[7]
17:49:18.2 (4276205)|VARIABLE_ASSIGNMENT|[EXTERNAL]|this|{"debug":true,"input":"{\"mode\":\"fetchGameDa (4 more) ...","operation":"GameizeController"}|0x676ff65
17:49:18.2 (4306130)|METHOD_ENTRY|[7]||System.Type.forName(String)
17:49:18.2 (4587194)|METHOD_EXIT|[7]||System.Type.forName(String)
17:49:18.2 (4616031)|METHOD_ENTRY|[7]||System.Type.newInstance()
17:49:18.2 (4788766)|STATEMENT_EXECUTE|[1]
17:49:18.2 (4799494)|HEAP_ALLOCATE|[33]|Bytes:5
17:49:18.2 (4814230)|METHOD_EXIT|[1]|GameizeController
17:49:18.2 (4819463)|HEAP_ALLOCATE|[33]|Bytes:4
17:49:18.2 (4824128)|VARIABLE_SCOPE_BEGIN|[1]|this|gameize.GameizeController|true|false
17:49:18.2 (4841912)|VARIABLE_ASSIGNMENT|[1]|this|{}|0x4d47fd
17:49:18.2 (4850370)|HEAP_ALLOCATE|[33]|Bytes:5
17:49:18.2 (4859313)|HEAP_ALLOCATE|[33]|Bytes:11
17:49:18.2 (4871037)|METHOD_ENTRY|[1]|01p41000000CNQC|ETLC_ApexBridge_Abstract.ETLC_ApexBridge_Abstract()
17:49:18.2 (4873920)|STATEMENT_EXECUTE|[1]
17:49:18.2 (4876970)|STATEMENT_EXECUTE|[1]
17:49:18.2 (4882608)|METHOD_EXIT|[1]|ETLC_ApexBridge_Abstract
17:49:18.2 (4892019)|CONSTRUCTOR_ENTRY|[EXTERNAL]|01p41000000CNQC|<init>()
17:49:18.2 (4898912)|VARIABLE_SCOPE_BEGIN|[1]|this|gameize.ETLC_ApexBridge_Abstract|true|false
17:49:18.2 (4913490)|VARIABLE_ASSIGNMENT|[1]|this|{}|0x4d47fd
17:49:18.2 (4926091)|STATEMENT_EXECUTE|[1]
17:49:18.2 (4934986)|CONSTRUCTOR_EXIT|[EXTERNAL]|01p41000000CNQC|<init>()
17:49:18.2 (4940809)|STATEMENT_EXECUTE|[1]
17:49:18.2 (4945323)|HEAP_ALLOCATE|[33]|Bytes:5
17:49:18.2 (4962425)|METHOD_EXIT|[7]||System.Type.newInstance()
17:49:18.2 (4970379)|VARIABLE_SCOPE_BEGIN|[7]|executor|gameize.ETLC_ApexBridge_Abstract|true|false
17:49:18.2 (4984138)|VARIABLE_ASSIGNMENT|[7]|executor|{}|0x4d47fd
17:49:18.2 (4986888)|STATEMENT_EXECUTE|[8]
17:49:18.2 (5010517)|METHOD_ENTRY|[8]|01p41000000CQtU|gameize.GameizeController.process(gameize.ETLC_ApexBridge_Data)
17:49:18.2 (5026171)|VARIABLE_SCOPE_BEGIN|[3]|this|gameize.GameizeController|true|false
17:49:18.2 (5040927)|VARIABLE_ASSIGNMENT|[3]|this|{}|0x4d47fd
17:49:18.2 (5043731)|VARIABLE_SCOPE_BEGIN|[3]|data|gameize.ETLC_ApexBridge_Data|true|false
17:49:18.2 (5067500)|VARIABLE_ASSIGNMENT|[3]|data|{"debug":true,"input":"{\"mode\":\"fetchGameDa (4 more) ...","operation":"GameizeController"}|0x676ff65
17:49:18.2 (5077083)|HEAP_ALLOCATE|[4]|Bytes:5
17:49:18.2 (5081418)|STATEMENT_EXECUTE|[3]
17:49:18.2 (5082736)|STATEMENT_EXECUTE|[4]
17:49:18.2 (5138597)|VARIABLE_ASSIGNMENT|[4]|GameizeController.apexBridgedata|{"debug":true,"input":"{\"mode\":\"fetchGameDa (4 more) ...","operation":"GameizeController"}|0x676ff65
17:49:18.2 (5189963)|VARIABLE_ASSIGNMENT|[EXTERNAL]|this|{"debug":true,"input":"{\"mode\":\"fetchGameDa (4 more) ...","operation":"GameizeController"}|0x676ff65
17:49:18.2 (5206441)|STATEMENT_EXECUTE|[5]
17:49:18.2 (5236002)|ENTERING_MANAGED_PKG|
17:49:18.2 (5276875)|USER_DEBUG|[5]|DEBUG|ETLC_ApexBridge_Data:[debug=true, input={"mode":"fetchGameData"}, isSuccess=null, messages=null, operation=GameizeController, output=null, outputFlag=null, records=null]
17:49:18.2 (5287337)|STATEMENT_EXECUTE|[7]
17:49:18.2 (5296181)|HEAP_ALLOCATE|[7]|Bytes:4
17:49:18.2 (5311024)|METHOD_ENTRY|[7]|01p41000000CNQH|gameize.ETLC_ApexBridge_Data.getInputValue(String)
17:49:18.2 (5323364)|VARIABLE_SCOPE_BEGIN|[52]|this|gameize.ETLC_ApexBridge_Data|true|false
17:49:18.2 (5351011)|VARIABLE_ASSIGNMENT|[52]|this|{"debug":true,"input":"{\"mode\":\"fetchGameDa (4 more) ...","operation":"GameizeController"}|0x676ff65
17:49:18.2 (5354843)|VARIABLE_SCOPE_BEGIN|[52]|key|String|false|false
17:49:18.2 (5358478)|VARIABLE_ASSIGNMENT|[52]|key|"mode"
17:49:18.2 (5362938)|STATEMENT_EXECUTE|[52]
17:49:18.2 (5364392)|STATEMENT_EXECUTE|[53]
17:49:18.2 (5411186)|VARIABLE_ASSIGNMENT|[EXTERNAL]|this|{"debug":true,"input":"{\"mode\":\"fetchGameDa (4 more) ...","operation":"GameizeController"}|0x676ff65
17:49:18.2 (5429470)|METHOD_ENTRY|[53]||System.JSON.deserializeUntyped(String)
17:49:18.2 (5689422)|METHOD_EXIT|[53]||System.JSON.deserializeUntyped(String)
17:49:18.2 (5698618)|VARIABLE_SCOPE_BEGIN|[53]|inputMap|Map<String,ANY>|true|false
17:49:18.2 (5733069)|VARIABLE_ASSIGNMENT|[53]|inputMap|{"s":1,"v":{"mode":"fetchGameData"}}|0x33c4953f
17:49:18.2 (5737424)|STATEMENT_EXECUTE|[54]
17:49:18.2 (5762248)|ENTERING_MANAGED_PKG|
17:49:18.2 (5794130)|METHOD_EXIT|[7]|01p41000000CNQH|gameize.ETLC_ApexBridge_Data.getInputValue(String)
17:49:18.2 (5801276)|VARIABLE_SCOPE_BEGIN|[7]|mode|String|false|false
17:49:18.2 (5809660)|VARIABLE_ASSIGNMENT|[7]|mode|"fetchGameData"
17:49:18.2 (5813993)|HEAP_ALLOCATE|[8]|Bytes:13
17:49:18.2 (5843224)|HEAP_ALLOCATE|[11]|Bytes:12
17:49:18.2 (5853256)|HEAP_ALLOCATE|[13]|Bytes:13
17:49:18.2 (5863652)|STATEMENT_EXECUTE|[13]
17:49:18.2 (5865215)|STATEMENT_EXECUTE|[14]
17:49:18.2 (5880098)|METHOD_ENTRY|[14]|01p41000000CQtU|gameize.GameizeController.fetchGameData()
17:49:18.2 (5893293)|VARIABLE_SCOPE_BEGIN|[82]|this|gameize.GameizeController|true|false
17:49:18.2 (5909163)|VARIABLE_ASSIGNMENT|[82]|this|{}|0x4d47fd
17:49:18.2 (5917598)|HEAP_ALLOCATE|[83]|Bytes:5
17:49:18.2 (5921426)|STATEMENT_EXECUTE|[82]
17:49:18.2 (5922794)|STATEMENT_EXECUTE|[83]
17:49:18.2 (5931629)|VARIABLE_SCOPE_BEGIN|[83]|returnData|String|false|false
17:49:18.2 (5938530)|VARIABLE_ASSIGNMENT|[83]|returnData|null
17:49:18.2 (5940658)|STATEMENT_EXECUTE|[84]
17:49:18.2 (5941765)|STATEMENT_EXECUTE|[84]
17:49:18.2 (5942871)|STATEMENT_EXECUTE|[85]
17:49:18.2 (5948017)|HEAP_ALLOCATE|[85]|Bytes:63
17:49:18.2 (5954749)|HEAP_ALLOCATE|[85]|Bytes:4
17:49:18.2 (6225147)|SOQL_EXECUTE_BEGIN|[85]|Aggregations:0|SELECT Body FROM StaticResource WHERE Name = 'Gameize_GameList'
17:49:18.2 (9048647)|SOQL_EXECUTE_END|[85]|Rows:1
17:49:18.2 (9078289)|HEAP_ALLOCATE|[85]|Bytes:8
17:49:18.2 (9093944)|HEAP_ALLOCATE|[85]|Bytes:536
17:49:18.2 (9205390)|HEAP_ALLOCATE|[85]|Bytes:8
17:49:18.2 (9218283)|VARIABLE_SCOPE_BEGIN|[85]|records|List<StaticResource>|true|false
17:49:18.2 (9254638)|VARIABLE_ASSIGNMENT|[85]|records|{"s":1,"v":[{"s":2,"v":{"Body":BLOB(491 bytes),"Id":"081410000000JmSAAU"}}]}|0x167499bc
17:49:18.2 (9323292)|ENTERING_MANAGED_PKG|
17:49:18.2 (9348152)|STATEMENT_EXECUTE|[86]
17:49:18.2 (9350334)|STATEMENT_EXECUTE|[88]
17:49:18.2 (9401035)|HEAP_ALLOCATE|[88]|Bytes:12
17:49:18.2 (9482607)|ENTERING_MANAGED_PKG|
17:49:18.2 (9573007)|HEAP_ALLOCATE|[88]|Bytes:491
17:49:18.2 (9613810)|VARIABLE_ASSIGNMENT|[88]|returnData|"[{\"id\": 1, \"name\": \" (471 more) ..."
17:49:18.2 (9618661)|STATEMENT_EXECUTE|[89]
17:49:18.2 (9628396)|HEAP_ALLOCATE|[89]|Bytes:12
17:49:18.2 (9641979)|HEAP_ALLOCATE|[89]|Bytes:503
17:49:18.2 (9658732)|ENTERING_MANAGED_PKG|
17:49:18.2 (9683473)|USER_DEBUG|[89]|DEBUG|returnData::[{"id": 1, "name": "Age Counter", "auraid": "agecounter", "cmpname": "AgeCounter", "desc": "Count how long you've lived, in days+hours+minutes."},{"id": 2, "name": "Hangman", "auraid": "hangman", "cmpname": "Hangman", "desc": "Games are a good way to keep your visitors- and yourself- occupied on your site. Here's where this script comes in. It's the great JavaScript reincarnation of the classic Hang Man game. Play against the computer. The vocabulary to be used is configurable. Cool!"}]
17:49:18.2 (9738016)|VARIABLE_ASSIGNMENT|[EXTERNAL]|this|{"debug":true,"input":"{\"mode\":\"fetchGameDa (4 more) ...","operation":"GameizeController"}|0x676ff65
17:49:18.2 (9750181)|STATEMENT_EXECUTE|[90]
17:49:18.2 (9751832)|STATEMENT_EXECUTE|[90]
17:49:18.2 (9761624)|HEAP_ALLOCATE|[90]|Bytes:41
17:49:18.2 (9769765)|HEAP_ALLOCATE|[90]|Bytes:532
17:49:18.2 (9783717)|ENTERING_MANAGED_PKG|
17:49:18.2 (9793270)|USER_DEBUG|[90]|DEBUG|GameizeController:fetchData:returnData:: [{"id": 1, "name": "Age Counter", "auraid": "agecounter", "cmpname": "AgeCounter", "desc": "Count how long you've lived, in days+hours+minutes."},{"id": 2, "name": "Hangman", "auraid": "hangman", "cmpname": "Hangman", "desc": "Games are a good way to keep your visitors- and yourself- occupied on your site. Here's where this script comes in. It's the great JavaScript reincarnation of the classic Hang Man game. Play against the computer. The vocabulary to be used is configurable. Cool!"}]
17:49:18.2 (9805705)|STATEMENT_EXECUTE|[93]
17:49:18.2 (9818008)|METHOD_EXIT|[14]|01p41000000CQtU|gameize.GameizeController.fetchGameData()
17:49:18.2 (9857012)|VARIABLE_ASSIGNMENT|[EXTERNAL]|this|{"debug":true,"input":"{\"mode\":\"fetchGameDa (4 more) ...","operation":"GameizeController"}|0x676ff65
17:49:18.2 (9865304)|VARIABLE_ASSIGNMENT|[EXTERNAL]|value|"[{\"id\": 1, \"name\": \" (471 more) ..."
17:49:18.2 (9876655)|VARIABLE_ASSIGNMENT|[12]|this.output|"[{\"id\": 1, \"name\": \" (471 more) ..."|0x676ff65
17:49:18.2 (9884151)|STATEMENT_EXECUTE|[15]
17:49:18.2 (9930650)|VARIABLE_ASSIGNMENT|[EXTERNAL]|this|{"debug":true,"input":"{\"mode\":\"fetchGameDa (4 more) ...","operation":"GameizeController","output":"[{\"id\": 1, \"name\": \" (471 more) ..."}|0x676ff65
17:49:18.2 (9970766)|VARIABLE_ASSIGNMENT|[EXTERNAL]|this|{"debug":true,"input":"{\"mode\":\"fetchGameDa (4 more) ...","operation":"GameizeController","output":"[{\"id\": 1, \"name\": \" (471 more) ..."}|0x676ff65
17:49:18.2 (9979094)|VARIABLE_ASSIGNMENT|[EXTERNAL]|value|true
17:49:18.2 (9983826)|HEAP_ALLOCATE|[15]|Bytes:5
17:49:18.2 (9990768)|VARIABLE_ASSIGNMENT|[15]|this.outputFlag|true|0x676ff65
17:49:18.2 (10002990)|METHOD_EXIT|[8]|01p41000000CQtU|gameize.GameizeController.process(gameize.ETLC_ApexBridge_Data)
17:49:18.2 (10007936)|STATEMENT_EXECUTE|[23]
17:49:18.2 (10023108)|METHOD_ENTRY|[23]|01p41000000CNQH|gameize.ETLC_ApexBridge_Data.toJSON()
17:49:18.2 (10035413)|VARIABLE_SCOPE_BEGIN|[57]|this|gameize.ETLC_ApexBridge_Data|true|false
17:49:18.2 (10063001)|VARIABLE_ASSIGNMENT|[57]|this|{"debug":true,"input":"{\"mode\":\"fetchGameDa (4 more) ...","operation":"GameizeController","output":"[{\"id\": 1, \"name\": \" (471 more) ...","outputFlag":true}|0x676ff65
17:49:18.2 (10068714)|STATEMENT_EXECUTE|[57]
17:49:18.2 (10070136)|STATEMENT_EXECUTE|[58]
17:49:18.2 (10085901)|METHOD_ENTRY|[58]||System.JSON.serialize(Object)
17:49:18.2 (10192963)|STATEMENT_EXECUTE|[22]
17:49:18.2 (10196889)|STATEMENT_EXECUTE|[23]
17:49:18.2 (10206681)|HEAP_ALLOCATE|[23]|Bytes:5
17:49:18.2 (10216207)|VARIABLE_ASSIGNMENT|[23]|this.isSuccess|true|0x676ff65
17:49:18.2 (10218902)|STATEMENT_EXECUTE|[24]
17:49:18.2 (10252991)|STATEMENT_EXECUTE|[31]
17:49:18.2 (10256775)|STATEMENT_EXECUTE|[32]
17:49:18.2 (10339866)|HEAP_ALLOCATE|[32]|Bytes:4
17:49:18.2 (10391449)|VARIABLE_ASSIGNMENT|[32]|this.messages|{"s":1,"v":{}}|0x676ff65
17:49:18.2 (10396617)|STATEMENT_EXECUTE|[33]
17:49:18.2 (10779504)|METHOD_EXIT|[58]||System.JSON.serialize(Object)
17:49:18.2 (10786406)|METHOD_EXIT|[23]|01p41000000CNQH|gameize.ETLC_ApexBridge_Data.toJSON()
17:49:18.2 (10797683)|SYSTEM_MODE_EXIT|false
17:49:18.10 (10838199)|CUMULATIVE_LIMIT_USAGE
17:49:18.10 (10838199)|LIMIT_USAGE_FOR_NS|(default)|
  Number of SOQL queries: 0 out of 100
  Number of query rows: 0 out of 50000
  Number of SOSL queries: 0 out of 20
  Number of DML statements: 0 out of 150
  Number of DML rows: 0 out of 10000
  Maximum CPU time: 0 out of 10000
  Maximum heap size: 0 out of 6000000
  Number of callouts: 0 out of 100
  Number of Email Invocations: 0 out of 10
  Number of future calls: 0 out of 50
  Number of queueable jobs added to the queue: 0 out of 50
  Number of Mobile Apex push calls: 0 out of 10

17:49:18.10 (10838199)|LIMIT_USAGE_FOR_NS|gameize|
  Number of SOQL queries: 1 out of 100
  Number of query rows: 1 out of 50000
  Number of SOSL queries: 0 out of 20
  Number of DML statements: 0 out of 150
  Number of DML rows: 0 out of 10000
  Maximum CPU time: 0 out of 10000
  Maximum heap size: 0 out of 6000000
  Number of callouts: 0 out of 100
  Number of Email Invocations: 0 out of 10
  Number of future calls: 0 out of 50
  Number of queueable jobs added to the queue: 0 out of 50
  Number of Mobile Apex push calls: 0 out of 10

17:49:18.10 (10838199)|CUMULATIVE_LIMIT_USAGE_END

17:49:18.2 (10897464)|CODE_UNIT_FINISHED|ETLC_ApexBridge_Controller.execute
17:49:18.0 (11151583)|HEAP_ALLOCATE|[EXTERNAL]|Bytes:85
17:49:18.0 (11170165)|HEAP_ALLOCATE|[EXTERNAL]|Bytes:85
17:49:18.12 (12542249)|USER_INFO|[EXTERNAL]|00541000000Hq4o|gameize@jr.te|Eastern Standard Time|GMT-04:00
17:49:18.12 (12608391)|STATEMENT_EXECUTE|[3]
17:49:18.12 (12611303)|STATEMENT_EXECUTE|[4]
17:49:18.12 (12621505)|VARIABLE_SCOPE_BEGIN|[4]|data|gameize.ETLC_ApexBridge_Data|true|false
17:49:18.12 (12641654)|VARIABLE_ASSIGNMENT|[4]|data|null|
17:49:18.12 (12644293)|STATEMENT_EXECUTE|[5]
17:49:18.12 (12645515)|STATEMENT_EXECUTE|[5]
17:49:18.12 (12646524)|STATEMENT_EXECUTE|[6]
17:49:18.12 (12657765)|METHOD_ENTRY|[6]|01p41000000CNQH|gameize.ETLC_ApexBridge_Data.fromJSON(String)
17:49:18.12 (12663042)|VARIABLE_SCOPE_BEGIN|[60]|strJson|String|false|false
17:49:18.12 (12671981)|VARIABLE_ASSIGNMENT|[60]|strJson|"{\"operation\":\"Gameiz (65 more) ..."
17:49:18.12 (12675791)|STATEMENT_EXECUTE|[60]
17:49:18.12 (12677355)|STATEMENT_EXECUTE|[61]
17:49:18.12 (12719384)|HEAP_ALLOCATE|[61]|Bytes:8
17:49:18.12 (12725811)|HEAP_ALLOCATE|[61]|Bytes:8
17:49:18.12 (12729535)|VARIABLE_SCOPE_BEGIN|[4]|this|System.Type|true|false
17:49:18.12 (12747504)|VARIABLE_ASSIGNMENT|[4]|this|{}|0x408304be
17:49:18.12 (12751095)|VARIABLE_SCOPE_BEGIN|[4]|apextype|java:common.apex.runtime.ApexObjectType|true|false
17:49:18.12 (12831752)|VARIABLE_ASSIGNMENT|[4]|apextype|"gameize.ETLC_ApexBridge_Data"|0x2cb247c5
17:49:18.12 (12861276)|HEAP_ALLOCATE|[61]|Bytes:8
17:49:18.12 (12872317)|METHOD_ENTRY|[61]||System.JSON.deserializeStrict(String, System.Type)
17:49:18.12 (13023573)|METHOD_EXIT|[61]||System.JSON.deserializeStrict(String, System.Type)
17:49:18.12 (13033674)|METHOD_EXIT|[6]|01p41000000CNQH|gameize.ETLC_ApexBridge_Data.fromJSON(String)
17:49:18.12 (13062778)|VARIABLE_ASSIGNMENT|[6]|data|{"debug":true,"input":"{\"mode\":\"fetchUserDa (4 more) ...","operation":"GameizeController"}|0x359e8466
17:49:18.12 (13067519)|STATEMENT_EXECUTE|[7]
17:49:18.12 (13103079)|VARIABLE_ASSIGNMENT|[EXTERNAL]|this|{"debug":true,"input":"{\"mode\":\"fetchUserDa (4 more) ...","operation":"GameizeController"}|0x359e8466
17:49:18.12 (13115977)|METHOD_ENTRY|[7]||System.Type.forName(String)
17:49:18.12 (13214604)|METHOD_EXIT|[7]||System.Type.forName(String)
17:49:18.12 (13222114)|METHOD_ENTRY|[7]||System.Type.newInstance()
17:49:18.12 (13266537)|HEAP_ALLOCATE|[33]|Bytes:5
17:49:18.12 (13279933)|CONSTRUCTOR_ENTRY|[EXTERNAL]|01p41000000CNQC|<init>()
17:49:18.12 (13284779)|VARIABLE_SCOPE_BEGIN|[1]|this|gameize.ETLC_ApexBridge_Abstract|true|false
17:49:18.12 (13299904)|VARIABLE_ASSIGNMENT|[1]|this|{}|0x4892aa62
17:49:18.12 (13311955)|STATEMENT_EXECUTE|[1]
17:49:18.12 (13320521)|CONSTRUCTOR_EXIT|[EXTERNAL]|01p41000000CNQC|<init>()
17:49:18.12 (13326009)|STATEMENT_EXECUTE|[1]
17:49:18.12 (13330406)|HEAP_ALLOCATE|[33]|Bytes:5
17:49:18.12 (13346460)|METHOD_EXIT|[7]||System.Type.newInstance()
17:49:18.12 (13353458)|VARIABLE_SCOPE_BEGIN|[7]|executor|gameize.ETLC_ApexBridge_Abstract|true|false
17:49:18.12 (13366505)|VARIABLE_ASSIGNMENT|[7]|executor|{}|0x4892aa62
17:49:18.12 (13369092)|STATEMENT_EXECUTE|[8]
17:49:18.12 (13382341)|METHOD_ENTRY|[8]|01p41000000CQtU|gameize.GameizeController.process(gameize.ETLC_ApexBridge_Data)
17:49:18.12 (13386755)|VARIABLE_SCOPE_BEGIN|[3]|this|gameize.GameizeController|true|false
17:49:18.12 (13397704)|VARIABLE_ASSIGNMENT|[3]|this|{}|0x4892aa62
17:49:18.12 (13399858)|VARIABLE_SCOPE_BEGIN|[3]|data|gameize.ETLC_ApexBridge_Data|true|false
17:49:18.12 (13421529)|VARIABLE_ASSIGNMENT|[3]|data|{"debug":true,"input":"{\"mode\":\"fetchUserDa (4 more) ...","operation":"GameizeController"}|0x359e8466
17:49:18.12 (13429339)|HEAP_ALLOCATE|[4]|Bytes:5
17:49:18.12 (13433746)|STATEMENT_EXECUTE|[3]
17:49:18.12 (13435178)|STATEMENT_EXECUTE|[4]
17:49:18.12 (13478358)|VARIABLE_ASSIGNMENT|[4]|GameizeController.apexBridgedata|{"debug":true,"input":"{\"mode\":\"fetchUserDa (4 more) ...","operation":"GameizeController"}|0x359e8466
17:49:18.12 (13509507)|VARIABLE_ASSIGNMENT|[EXTERNAL]|this|{"debug":true,"input":"{\"mode\":\"fetchUserDa (4 more) ...","operation":"GameizeController"}|0x359e8466
17:49:18.12 (13519667)|STATEMENT_EXECUTE|[5]
17:49:18.12 (13537667)|ENTERING_MANAGED_PKG|
17:49:18.12 (13567458)|USER_DEBUG|[5]|DEBUG|ETLC_ApexBridge_Data:[debug=true, input={"mode":"fetchUserData"}, isSuccess=null, messages=null, operation=GameizeController, output=null, outputFlag=null, records=null]
17:49:18.12 (13576902)|STATEMENT_EXECUTE|[7]
17:49:18.12 (13588537)|METHOD_ENTRY|[7]|01p41000000CNQH|gameize.ETLC_ApexBridge_Data.getInputValue(String)
17:49:18.12 (13593016)|VARIABLE_SCOPE_BEGIN|[52]|this|gameize.ETLC_ApexBridge_Data|true|false
17:49:18.12 (13624165)|VARIABLE_ASSIGNMENT|[52]|this|{"debug":true,"input":"{\"mode\":\"fetchUserDa (4 more) ...","operation":"GameizeController"}|0x359e8466
17:49:18.12 (13628144)|VARIABLE_SCOPE_BEGIN|[52]|key|String|false|false
17:49:18.12 (13631995)|VARIABLE_ASSIGNMENT|[52]|key|"mode"
17:49:18.12 (13635624)|STATEMENT_EXECUTE|[52]
17:49:18.12 (13636975)|STATEMENT_EXECUTE|[53]
17:49:18.12 (13680485)|VARIABLE_ASSIGNMENT|[EXTERNAL]|this|{"debug":true,"input":"{\"mode\":\"fetchUserDa (4 more) ...","operation":"GameizeController"}|0x359e8466
17:49:18.12 (13699666)|METHOD_ENTRY|[53]||System.JSON.deserializeUntyped(String)
17:49:18.12 (13846122)|METHOD_EXIT|[53]||System.JSON.deserializeUntyped(String)
17:49:18.12 (13854899)|VARIABLE_SCOPE_BEGIN|[53]|inputMap|Map<String,ANY>|true|false
17:49:18.12 (13879139)|VARIABLE_ASSIGNMENT|[53]|inputMap|{"s":1,"v":{"mode":"fetchUserData"}}|0x64f5eb7f
17:49:18.12 (13883687)|STATEMENT_EXECUTE|[54]
17:49:18.12 (13902820)|ENTERING_MANAGED_PKG|
17:49:18.12 (13914430)|METHOD_EXIT|[7]|01p41000000CNQH|gameize.ETLC_ApexBridge_Data.getInputValue(String)
17:49:18.12 (13920433)|VARIABLE_SCOPE_BEGIN|[7]|mode|String|false|false
17:49:18.12 (13927633)|VARIABLE_ASSIGNMENT|[7]|mode|"fetchUserData"
17:49:18.12 (13942774)|STATEMENT_EXECUTE|[8]
17:49:18.12 (13944350)|STATEMENT_EXECUTE|[9]
17:49:18.12 (13995106)|HEAP_ALLOCATE|[9]|Bytes:85
17:49:18.12 (14010460)|SYSTEM_METHOD_ENTRY|[1]|UserInfo.UserInfo()
17:49:18.12 (14014570)|STATEMENT_EXECUTE|[1]
17:49:18.12 (14023573)|SYSTEM_METHOD_EXIT|[1]|UserInfo
17:49:18.12 (14035336)|METHOD_ENTRY|[9]||System.UserInfo.getUserId()
17:49:18.12 (14068069)|METHOD_EXIT|[9]||System.UserInfo.getUserId()
17:49:18.12 (14081857)|HEAP_ALLOCATE|[9]|Bytes:4
17:49:18.12 (14093210)|METHOD_ENTRY|[9]|01p41000000CQtU|gameize.GameizeController.fetchUserData(Id)
17:49:18.12 (14097896)|VARIABLE_SCOPE_BEGIN|[21]|this|gameize.GameizeController|true|false
17:49:18.12 (14113519)|VARIABLE_ASSIGNMENT|[21]|this|{}|0x4892aa62
17:49:18.12 (14116386)|VARIABLE_SCOPE_BEGIN|[21]|userId|Id|false|false
17:49:18.12 (14183980)|VARIABLE_ASSIGNMENT|[21]|userId|"00541000000Hq4oAAC"
17:49:18.12 (14198167)|HEAP_ALLOCATE|[22]|Bytes:5
17:49:18.12 (14203460)|STATEMENT_EXECUTE|[21]
17:49:18.12 (14215033)|STATEMENT_EXECUTE|[22]
17:49:18.12 (14231299)|VARIABLE_SCOPE_BEGIN|[22]|returnData|String|false|false
17:49:18.12 (14242808)|VARIABLE_ASSIGNMENT|[22]|returnData|null
17:49:18.12 (14246883)|STATEMENT_EXECUTE|[23]
17:49:18.12 (14249165)|STATEMENT_EXECUTE|[23]
17:49:18.12 (14250855)|STATEMENT_EXECUTE|[24]
17:49:18.12 (14262134)|HEAP_ALLOCATE|[24]|Bytes:109
17:49:18.12 (14271512)|HEAP_ALLOCATE|[24]|Bytes:4
17:49:18.12 (14282147)|HEAP_ALLOCATE|[24]|Bytes:7
17:49:18.12 (14869259)|SOQL_EXECUTE_BEGIN|[24]|Aggregations:0|SELECT ID, gameize__dataFavorite__c, gameize__dataHistory__c FROM Gameize__c WHERE User__c = :tmpVar1 LIMIT 1
17:49:18.12 (19821298)|SOQL_EXECUTE_END|[24]|Rows:1
17:49:18.12 (19847261)|HEAP_ALLOCATE|[24]|Bytes:8
17:49:18.12 (19858335)|HEAP_ALLOCATE|[24]|Bytes:1347
17:49:18.12 (19921319)|HEAP_ALLOCATE|[24]|Bytes:8
17:49:18.12 (19933206)|VARIABLE_SCOPE_BEGIN|[24]|records|List<gameize__Gameize__c>|true|false
17:49:18.12 (19966472)|VARIABLE_ASSIGNMENT|[24]|records|{"s":1,"v":[{"s":2,"v":{"Id":"a0041000000j7nTAAQ","gameize__dataFavorit (4 more) ...":"[{\"name\":\"Hangman\",\" (27 more) ...","gameize__dataHistory (3 more) ...":"[{\"name\":\"Hangman\",\" (1192 more) ..."}}]}|0x7fdb50cd
17:49:18.12 (20024547)|ENTERING_MANAGED_PKG|
17:49:18.12 (20050755)|STATEMENT_EXECUTE|[25]
17:49:18.12 (20052826)|STATEMENT_EXECUTE|[27]
17:49:18.12 (20164023)|HEAP_ALLOCATE|[27]|Bytes:9
17:49:18.12 (20170934)|HEAP_ALLOCATE|[27]|Bytes:29
17:49:18.12 (20173898)|HEAP_ALLOCATE|[27]|Bytes:21
17:49:18.12 (20186572)|METHOD_ENTRY|[7]|01p41000000CNQM|ETLC_SecuredDB.ETLC_SecuredDB()
17:49:18.12 (20189664)|STATEMENT_EXECUTE|[7]
17:49:18.12 (20193529)|STATEMENT_EXECUTE|[7]
17:49:18.12 (20199630)|HEAP_ALLOCATE|[27]|Bytes:5
17:49:18.12 (20210375)|METHOD_EXIT|[7]|ETLC_SecuredDB
17:49:18.12 (20223090)|METHOD_ENTRY|[27]|01p41000000CNQM|gameize.ETLC_SecuredDB.validateQuery(List<SObject>)
17:49:18.12 (20237591)|VARIABLE_SCOPE_BEGIN|[28]|dbRecords|List<SObject>|true|false
17:49:18.12 (20264520)|VARIABLE_ASSIGNMENT|[28]|dbRecords|{"s":1,"v":[{"s":2,"v":{"Id":"a0041000000j7nTAAQ","gameize__dataFavorit (4 more) ...":"[{\"name\":\"Hangman\",\" (27 more) ...","gameize__dataHistory (3 more) ...":"[{\"name\":\"Hangman\",\" (1192 more) ..."}}]}|0x7fdb50cd
17:49:18.12 (20277859)|HEAP_ALLOCATE|[29]|Bytes:5
17:49:18.12 (20284316)|STATEMENT_EXECUTE|[28]
17:49:18.12 (20285774)|STATEMENT_EXECUTE|[29]
17:49:18.12 (20353585)|HEAP_ALLOCATE|[29]|Bytes:12
17:49:18.12 (20360045)|HEAP_ALLOCATE|[29]|Bytes:8
17:49:18.12 (20389286)|HEAP_ALLOCATE|[29]|Bytes:12
17:49:18.12 (20393475)|HEAP_ALLOCATE|[29]|Bytes:9
17:49:18.12 (20404043)|HEAP_ALLOCATE|[29]|Bytes:12
17:49:18.12 (20407632)|HEAP_ALLOCATE|[29]|Bytes:8
17:49:18.12 (20418789)|HEAP_ALLOCATE|[29]|Bytes:12
17:49:18.12 (20422180)|HEAP_ALLOCATE|[29]|Bytes:8
17:49:18.12 (20433764)|HEAP_ALLOCATE|[29]|Bytes:12
17:49:18.12 (20436856)|HEAP_ALLOCATE|[29]|Bytes:9
17:49:18.12 (20460516)|METHOD_ENTRY|[29]|01p41000000CNQM|gameize.ETLC_SecuredDB.findFields(List<SObject>)
17:49:18.12 (20477409)|VARIABLE_SCOPE_BEGIN|[108]|dbRecords|List<SObject>|true|false
17:49:18.12 (20503300)|VARIABLE_ASSIGNMENT|[108]|dbRecords|{"s":1,"v":[{"s":2,"v":{"Id":"a0041000000j7nTAAQ","gameize__dataFavorit (4 more) ...":"[{\"name\":\"Hangman\",\" (27 more) ...","gameize__dataHistory (3 more) ...":"[{\"name\":\"Hangman\",\" (1192 more) ..."}}]}|0x7fdb50cd
17:49:18.12 (20513625)|HEAP_ALLOCATE|[109]|Bytes:5
17:49:18.12 (20518144)|STATEMENT_EXECUTE|[108]
17:49:18.12 (20519698)|STATEMENT_EXECUTE|[109]
17:49:18.12 (20530299)|VARIABLE_SCOPE_BEGIN|[109]|strJSON|String|false|false
17:49:18.12 (20537431)|VARIABLE_ASSIGNMENT|[109]|strJSON|null
17:49:18.12 (20539514)|STATEMENT_EXECUTE|[110]
17:49:18.12 (20547848)|VARIABLE_SCOPE_BEGIN|[110]|mapFields|Map<String,Set<String>>|true|false
17:49:18.12 (20553438)|VARIABLE_ASSIGNMENT|[110]|mapFields|null|
17:49:18.12 (20555274)|STATEMENT_EXECUTE|[112]
17:49:18.12 (20567059)|METHOD_ENTRY|[112]||System.JSON.serialize(Object)
17:49:18.12 (20958756)|METHOD_EXIT|[112]||System.JSON.serialize(Object)
17:49:18.12 (20974002)|VARIABLE_ASSIGNMENT|[112]|strJSON|"[{\"attributes\":{\"typ (1598 more) ..."
17:49:18.12 (20977845)|STATEMENT_EXECUTE|[113]
17:49:18.12 (20987021)|HEAP_ALLOCATE|[113]|Bytes:5
17:49:18.12 (20996941)|HEAP_ALLOCATE|[113]|Bytes:1623
17:49:18.12 (21013611)|ENTERING_MANAGED_PKG|
17:49:18.12 (21037258)|USER_DEBUG|[113]|DEBUG|JSON:[{"attributes":{"type":"gameize__Gameize__c","url":"/services/data/v37.0/sobjects/gameize__Gameize__c/a0041000000j7nTAAQ"},"Id":"a0041000000j7nTAAQ","gameize__dataFavorite__c":"[{\"name\":\"Hangman\",\"cmpname\":\"Hangman\",\"id\":2}]","gameize__dataHistory__c":"[{\"name\":\"Hangman\",\"cmpname\":\"Hangman\",\"datePlayed\":\"Mon Aug 08 2016 15:45:16 GMT-0400 (Eastern Daylight Time)\",\"id\":2},{\"name\":\"Hangman\",\"cmpname\":\"Hangman\",\"datePlayed\":\"Mon Aug 08 2016 15:45:23 GMT-0400 (Eastern Daylight Time)\",\"id\":2},{\"name\":\"Age Counter\",\"cmpname\":\"AgeCounter\",\"datePlayed\":\"Mon Aug 08 2016 15:45:26 GMT-0400 (Eastern Daylight Time)\",\"id\":1},{\"name\":\"Hangman\",\"cmpname\":\"Hangman\",\"datePlayed\":\"Mon Aug 08 2016 15:45:31 GMT-0400 (Eastern Daylight Time)\",\"id\":2},{\"name\":\"Age Counter\",\"cmpname\":\"AgeCounter\",\"datePlayed\":\"Mon Aug 08 2016 15:48:19 GMT-0400 (Eastern Daylight Time)\",\"id\":1},{\"name\":\"Hangman\",\"cmpname\":\"Hangman\",\"datePlayed\":\"Mon Aug 08 2016 15:48:22 GMT-0400 (Eastern Daylight Time)\",\"id\":2},{\"name\":\"Hangman\",\"cmpname\":\"Hangman\",\"datePlayed\":\"Mon Aug 08 2016 15:48:28 GMT-0400 (Eastern Daylight Time)\",\"id\":2},{\"name\":\"Hangman\",\"cmpname\":\"Hangman\",\"datePlayed\":\"Mon Aug 08 2016 15:48:31 GMT-0400 (Eastern Daylight Time)\",\"id\":2},{\"name\":\"Age Counter\",\"cmpname\":\"AgeCounter\",\"datePlayed\":\"Mon Aug 08 2016 15:48:34 GMT-0400 (Eastern Daylight Time)\",\"id\":1},{\"name\":\"Hangman\",\"cmpname\":\"Hangman\",\"datePlayed\":\"Mon Aug 08 2016 15:48:42 GMT-0400 (Eastern Daylight Time)\",\"id\":2}]"}]
17:49:18.12 (21053943)|STATEMENT_EXECUTE|[114]
17:49:18.12 (21064565)|HEAP_ALLOCATE|[114]|Bytes:4
17:49:18.12 (21094501)|VARIABLE_ASSIGNMENT|[114]|mapFields|{"s":1,"v":{}}|0x3c9ac220
17:49:18.12 (21098496)|STATEMENT_EXECUTE|[115]
17:49:18.12 (21112258)|METHOD_ENTRY|[115]||System.JSON.deserializeUntyped(String)
17:49:18.12 (21543737)|METHOD_EXIT|[115]||System.JSON.deserializeUntyped(String)
17:49:18.12 (21553302)|VARIABLE_SCOPE_BEGIN|[115]|records|List<ANY>|true|false
17:49:18.12 (21586635)|HEAP_ALLOCATE|[EXTERNAL]|Bytes:8
17:49:18.12 (21623730)|VARIABLE_ASSIGNMENT|[115]|records|{"s":1,"v":[{"s":2,"v":{"attributes":{"s":3,"v":{"type":"gameize__Gameize__c","url":"/services/data/v37.0 (48 more) ..."}},"Id":"a0041000000j7nTAAQ","gameize__dataFavorit (4 more) ...":"[{\"name\":\"Hangman\",\" (27 more) ...","gameize__dataHistory (3 more) ...":"[{\"name\":\"Hangman\",\" (1192 more) ..."}}]}|0x50d7d66c
17:49:18.12 (21646363)|ENTERING_MANAGED_PKG|
17:49:18.12 (21676950)|HEAP_ALLOCATE|[116]|Bytes:5
17:49:18.12 (21692400)|HEAP_ALLOCATE|[116]|Bytes:20
17:49:18.12 (21702936)|VARIABLE_SCOPE_BEGIN|[116]|record|Object|false|false
17:49:18.12 (21736744)|VARIABLE_ASSIGNMENT|[116]|record|{"s":1,"v":{"attributes":{"s":2,"v":{"type":"gameize__Gameize__c","url":"/services/data/v37.0 (48 more) ..."}},"Id":"a0041000000j7nTAAQ","gameize__dataFavorit (4 more) ...":"[{\"name\":\"Hangman\",\" (27 more) ...","gameize__dataHistory (3 more) ...":"[{\"name\":\"Hangman\",\" (1192 more) ..."}}
17:49:18.12 (21742790)|STATEMENT_EXECUTE|[116]
17:49:18.12 (21744511)|STATEMENT_EXECUTE|[117]
17:49:18.12 (21765780)|METHOD_ENTRY|[117]|01p41000000CNQM|gameize.ETLC_SecuredDB.findFieldsRecursive(Map<String,Set<String>>, Map<String,ANY>)
17:49:18.12 (21780769)|VARIABLE_SCOPE_BEGIN|[124]|mapFields|Map<String,Set<String>>|true|false
17:49:18.12 (21798544)|VARIABLE_ASSIGNMENT|[124]|mapFields|{"s":1,"v":{}}|0x3c9ac220
17:49:18.12 (21802225)|VARIABLE_SCOPE_BEGIN|[124]|record|Map<String,ANY>|true|false
17:49:18.12 (21823579)|VARIABLE_ASSIGNMENT|[124]|record|{"s":1,"v":{"attributes":{"s":2,"v":{"type":"gameize__Gameize__c","url":"/services/data/v37.0 (48 more) ..."}},"Id":"a0041000000j7nTAAQ","gameize__dataFavorit (4 more) ...":"[{\"name\":\"Hangman\",\" (27 more) ...","gameize__dataHistory (3 more) ...":"[{\"name\":\"Hangman\",\" (1192 more) ..."}}|0x494456e9
17:49:18.12 (21833801)|HEAP_ALLOCATE|[125]|Bytes:5
17:49:18.12 (21838414)|STATEMENT_EXECUTE|[124]
17:49:18.12 (21839823)|STATEMENT_EXECUTE|[125]
17:49:18.12 (21847998)|HEAP_ALLOCATE|[125]|Bytes:10
17:49:18.12 (21853518)|VARIABLE_SCOPE_BEGIN|[125]|strAttributes|String|false|false
17:49:18.12 (21861260)|VARIABLE_ASSIGNMENT|[125]|strAttributes|"attributes"
17:49:18.12 (21863481)|STATEMENT_EXECUTE|[126]
17:49:18.12 (21868889)|HEAP_ALLOCATE|[126]|Bytes:7
17:49:18.12 (21872713)|VARIABLE_SCOPE_BEGIN|[126]|strRecord|String|false|false
17:49:18.12 (21877818)|VARIABLE_ASSIGNMENT|[126]|strRecord|"records"
17:49:18.12 (21893520)|ENTERING_MANAGED_PKG|
17:49:18.12 (21921975)|STATEMENT_EXECUTE|[127]
17:49:18.12 (21924242)|STATEMENT_EXECUTE|[128]
17:49:18.12 (21940086)|ENTERING_MANAGED_PKG|
17:49:18.12 (21969129)|VARIABLE_SCOPE_BEGIN|[128]|attributes|Map<String,ANY>|true|false
17:49:18.12 (21992647)|VARIABLE_ASSIGNMENT|[128]|attributes|{"s":1,"v":{"type":"gameize__Gameize__c","url":"/services/data/v37.0 (48 more) ..."}}|0x450de644
17:49:18.12 (21997195)|STATEMENT_EXECUTE|[129]
17:49:18.12 (22006187)|HEAP_ALLOCATE|[129]|Bytes:4
17:49:18.12 (22022659)|ENTERING_MANAGED_PKG|
17:49:18.12 (22049954)|VARIABLE_SCOPE_BEGIN|[129]|objectName|String|false|false
17:49:18.12 (22058910)|VARIABLE_ASSIGNMENT|[129]|objectName|"gameize__Gameize__c"
17:49:18.12 (22067610)|HEAP_ALLOCATE|[130]|Bytes:4
17:49:18.12 (22086461)|ENTERING_MANAGED_PKG|
17:49:18.12 (22115283)|ENTERING_MANAGED_PKG|
17:49:18.12 (22143575)|HEAP_ALLOCATE|[130]|Bytes:79
17:49:18.12 (22161811)|ENTERING_MANAGED_PKG|
17:49:18.12 (22166067)|HEAP_ALLOCATE|[130]|Bytes:16
17:49:18.12 (22175745)|ENTERING_MANAGED_PKG|
17:49:18.12 (22194196)|HEAP_ALLOCATE|[130]|Bytes:5
17:49:18.12 (22208231)|VARIABLE_SCOPE_BEGIN|[130]|fieldName|String|false|false
17:49:18.12 (22216572)|VARIABLE_ASSIGNMENT|[130]|fieldName|"attributes"
17:49:18.12 (22219814)|STATEMENT_EXECUTE|[130]
17:49:18.12 (22221145)|STATEMENT_EXECUTE|[131]
17:49:18.12 (22237712)|ENTERING_MANAGED_PKG|
17:49:18.12 (22270140)|VARIABLE_SCOPE_BEGIN|[131]|field|Object|false|false
17:49:18.12 (22294450)|VARIABLE_ASSIGNMENT|[131]|field|{"s":1,"v":{"type":"gameize__Gameize__c","url":"/services/data/v37.0 (48 more) ..."}}
17:49:18.12 (22314369)|STATEMENT_EXECUTE|[132]
17:49:18.12 (22331765)|HEAP_ALLOCATE|[130]|Bytes:5
17:49:18.12 (22345029)|VARIABLE_SCOPE_BEGIN|[130]|fieldName|String|false|false
17:49:18.12 (22352296)|VARIABLE_ASSIGNMENT|[130]|fieldName|"Id"
17:49:18.12 (22355164)|STATEMENT_EXECUTE|[130]
17:49:18.12 (22356417)|STATEMENT_EXECUTE|[131]
17:49:18.12 (22371421)|ENTERING_MANAGED_PKG|
17:49:18.12 (22384207)|VARIABLE_SCOPE_BEGIN|[131]|field|Object|false|false
17:49:18.12 (22393001)|VARIABLE_ASSIGNMENT|[131]|field|"a0041000000j7nTAAQ"
17:49:18.12 (22404614)|HEAP_ALLOCATE|[134]|Bytes:68
17:49:18.12 (22426094)|STATEMENT_EXECUTE|[136]
17:49:18.12 (22428235)|STATEMENT_EXECUTE|[137]
17:49:18.12 (22437572)|HEAP_ALLOCATE|[137]|Bytes:4
17:49:18.12 (22454655)|ENTERING_MANAGED_PKG|
17:49:18.12 (22478321)|VARIABLE_SCOPE_BEGIN|[137]|fieldNames|Set<String>|true|false
17:49:18.12 (22498819)|VARIABLE_ASSIGNMENT|[137]|fieldNames|{"s":1,"v":[]}|0x2f6cb707
17:49:18.12 (22515859)|ENTERING_MANAGED_PKG|
17:49:18.12 (22542372)|STATEMENT_EXECUTE|[138]
17:49:18.12 (22549739)|STATEMENT_EXECUTE|[139]
17:49:18.12 (22564562)|ENTERING_MANAGED_PKG|
17:49:18.12 (22587613)|HEAP_ALLOCATE|[EXTERNAL]|Bytes:4
17:49:18.12 (22601785)|STATEMENT_EXECUTE|[140]
17:49:18.12 (22619768)|ENTERING_MANAGED_PKG|
17:49:18.12 (22649545)|HEAP_ALLOCATE|[EXTERNAL]|Bytes:-4
17:49:18.12 (22665985)|HEAP_ALLOCATE|[130]|Bytes:5
17:49:18.12 (22678750)|VARIABLE_SCOPE_BEGIN|[130]|fieldName|String|false|false
17:49:18.12 (22688271)|VARIABLE_ASSIGNMENT|[130]|fieldName|"gameize__dataFavorit (4 more) ..."
17:49:18.12 (22691533)|STATEMENT_EXECUTE|[130]
17:49:18.12 (22692801)|STATEMENT_EXECUTE|[131]
17:49:18.12 (22709256)|ENTERING_MANAGED_PKG|
17:49:18.12 (22722139)|VARIABLE_SCOPE_BEGIN|[131]|field|Object|false|false
17:49:18.12 (22733176)|VARIABLE_ASSIGNMENT|[131]|field|"[{\"name\":\"Hangman\",\" (27 more) ..."
17:49:18.12 (22750813)|STATEMENT_EXECUTE|[136]
17:49:18.12 (22752559)|STATEMENT_EXECUTE|[137]
17:49:18.12 (22761317)|HEAP_ALLOCATE|[137]|Bytes:4
17:49:18.12 (22776188)|ENTERING_MANAGED_PKG|
17:49:18.12 (22784984)|VARIABLE_SCOPE_BEGIN|[137]|fieldNames|Set<String>|true|false
17:49:18.12 (22803475)|VARIABLE_ASSIGNMENT|[137]|fieldNames|{"s":1,"v":[]}|0x41e66030
17:49:18.12 (22815223)|ENTERING_MANAGED_PKG|
17:49:18.12 (22823601)|STATEMENT_EXECUTE|[138]
17:49:18.12 (22837131)|ENTERING_MANAGED_PKG|
17:49:18.12 (22861686)|VARIABLE_ASSIGNMENT|[138]|fieldNames|{"s":1,"v":["Id"]}|0x2f6cb707
17:49:18.12 (22865499)|STATEMENT_EXECUTE|[139]
17:49:18.12 (22879616)|ENTERING_MANAGED_PKG|
17:49:18.12 (22886332)|HEAP_ALLOCATE|[EXTERNAL]|Bytes:4
17:49:18.12 (22893451)|STATEMENT_EXECUTE|[140]
17:49:18.12 (22904719)|ENTERING_MANAGED_PKG|
17:49:18.12 (22928031)|HEAP_ALLOCATE|[130]|Bytes:5
17:49:18.12 (22940521)|VARIABLE_SCOPE_BEGIN|[130]|fieldName|String|false|false
17:49:18.12 (22949571)|VARIABLE_ASSIGNMENT|[130]|fieldName|"gameize__dataHistory (3 more) ..."
17:49:18.12 (22952537)|STATEMENT_EXECUTE|[130]
17:49:18.12 (22953781)|STATEMENT_EXECUTE|[131]
17:49:18.12 (22968220)|ENTERING_MANAGED_PKG|
17:49:18.12 (22980724)|VARIABLE_SCOPE_BEGIN|[131]|field|Object|false|false
17:49:18.12 (22991228)|VARIABLE_ASSIGNMENT|[131]|field|"[{\"name\":\"Hangman\",\" (1192 more) ..."
17:49:18.12 (23008512)|STATEMENT_EXECUTE|[136]
17:49:18.12 (23011210)|STATEMENT_EXECUTE|[137]
17:49:18.12 (23019921)|HEAP_ALLOCATE|[137]|Bytes:4
17:49:18.12 (23034395)|ENTERING_MANAGED_PKG|
17:49:18.12 (23042975)|VARIABLE_SCOPE_BEGIN|[137]|fieldNames|Set<String>|true|false
17:49:18.12 (23063900)|VARIABLE_ASSIGNMENT|[137]|fieldNames|{"s":1,"v":[]}|0x2a7e95fb
17:49:18.12 (23076086)|ENTERING_MANAGED_PKG|
17:49:18.12 (23084541)|STATEMENT_EXECUTE|[138]
17:49:18.12 (23095996)|ENTERING_MANAGED_PKG|
17:49:18.12 (23120219)|VARIABLE_ASSIGNMENT|[138]|fieldNames|{"s":1,"v":["Id","gameize__dataFavorit (4 more) ..."]}|0x2f6cb707
17:49:18.12 (23124580)|STATEMENT_EXECUTE|[139]
17:49:18.12 (23138696)|ENTERING_MANAGED_PKG|
17:49:18.12 (23145167)|HEAP_ALLOCATE|[EXTERNAL]|Bytes:4
17:49:18.12 (23152194)|STATEMENT_EXECUTE|[140]
17:49:18.12 (23163405)|ENTERING_MANAGED_PKG|
17:49:18.12 (23186435)|HEAP_ALLOCATE|[130]|Bytes:5
17:49:18.12 (23199432)|VARIABLE_ASSIGNMENT|[130]|fieldName|null
17:49:18.12 (23210971)|METHOD_EXIT|[117]|01p41000000CNQM|gameize.ETLC_SecuredDB.findFieldsRecursive(Map<String,Set<String>>, Map<String,ANY>)
17:49:18.12 (23221174)|HEAP_ALLOCATE|[116]|Bytes:5
17:49:18.12 (23236113)|VARIABLE_ASSIGNMENT|[116]|record|null
17:49:18.12 (23242294)|HEAP_ALLOCATE|[119]|Bytes:4
17:49:18.12 (23255349)|ENTERING_MANAGED_PKG|
17:49:18.12 (23281323)|ENTERING_MANAGED_PKG|
17:49:18.12 (23291098)|HEAP_ALLOCATE|[119]|Bytes:27
17:49:18.12 (23303993)|ENTERING_MANAGED_PKG|
17:49:18.12 (23307599)|HEAP_ALLOCATE|[119]|Bytes:4
17:49:18.12 (23316264)|ENTERING_MANAGED_PKG|
17:49:18.12 (23329539)|HEAP_ALLOCATE|[119]|Bytes:5
17:49:18.12 (23342606)|VARIABLE_SCOPE_BEGIN|[119]|objectName|String|false|false
17:49:18.12 (23350666)|VARIABLE_ASSIGNMENT|[119]|objectName|"gameize__Gameize__c"
17:49:18.12 (23353783)|STATEMENT_EXECUTE|[119]
17:49:18.12 (23355025)|STATEMENT_EXECUTE|[120]
17:49:18.12 (23363582)|HEAP_ALLOCATE|[120]|Bytes:2
17:49:18.12 (23375891)|ENTERING_MANAGED_PKG|
17:49:18.12 (23422575)|ENTERING_MANAGED_PKG|
17:49:18.12 (23435248)|HEAP_ALLOCATE|[120]|Bytes:55
17:49:18.12 (23452580)|HEAP_ALLOCATE|[120]|Bytes:76
17:49:18.12 (23464308)|ENTERING_MANAGED_PKG|
17:49:18.12 (23474629)|USER_DEBUG|[120]|DEBUG|gameize__Gameize__c: {Id, gameize__dataFavorite__c, gameize__dataHistory__c}
17:49:18.12 (23489742)|HEAP_ALLOCATE|[119]|Bytes:5
17:49:18.12 (23502728)|VARIABLE_ASSIGNMENT|[119]|objectName|null
17:49:18.12 (23506512)|STATEMENT_EXECUTE|[122]
17:49:18.12 (23519851)|METHOD_EXIT|[29]|01p41000000CNQM|gameize.ETLC_SecuredDB.findFields(List<SObject>)
17:49:18.12 (23531676)|METHOD_ENTRY|[29]|01p41000000CNQM|gameize.ETLC_SecuredDB.validate(gameize.ETLC_SecuredDB.Operation, Map<String,Set<String>>)
17:49:18.12 (23536738)|VARIABLE_SCOPE_BEGIN|[55]|op|gameize.ETLC_SecuredDB.Operation|true|false
17:49:18.12 (23554434)|VARIABLE_ASSIGNMENT|[55]|op|"Querying"|0xeb7936
17:49:18.12 (23557025)|VARIABLE_SCOPE_BEGIN|[55]|mapFieldNames|Map<String,Set<String>>|true|false
17:49:18.12 (23580972)|VARIABLE_ASSIGNMENT|[55]|mapFieldNames|{"s":1,"v":{"gameize__Gameize__c":{"s":2,"v":["Id","gameize__dataFavorit (4 more) ...","gameize__dataHistory (3 more) ..."]}}}|0x3c9ac220
17:49:18.12 (23590593)|HEAP_ALLOCATE|[56]|Bytes:5
17:49:18.12 (23599568)|STATEMENT_EXECUTE|[55]
17:49:18.12 (23601178)|STATEMENT_EXECUTE|[56]
17:49:18.12 (23610522)|VARIABLE_SCOPE_BEGIN|[56]|securityMessage|String|false|false
17:49:18.12 (23617435)|VARIABLE_ASSIGNMENT|[56]|securityMessage|null
17:49:18.12 (23619817)|STATEMENT_EXECUTE|[57]
17:49:18.12 (23645256)|ENTERING_MANAGED_PKG|
17:49:18.12 (33475186)|HEAP_ALLOCATE|[57]|Bytes:1256
17:49:18.12 (33490201)|VARIABLE_SCOPE_BEGIN|[57]|mapObjects|Map<String,Schema.SObjectType>|true|false
17:49:18.12 (33671787)|VARIABLE_ASSIGNMENT|[57]|mapObjects|"{acceptedeventrelation=AcceptedEventRelation, account=Account, accountcontactrole=AccountContactRole, accounthistory=AccountHistory, accountpartner=AccountPartner, accountshare=AccountShare, actionlinkgrouptemplate=ActionLinkGroupTemplate, actionlinktemplate=ActionLinkTemplate, activityhistory=ActivityHistory, additionalnumber=AdditionalNumber, ...}"|0x4a7522a3
17:49:18.12 (33682318)|HEAP_ALLOCATE|[58]|Bytes:4
17:49:18.12 (33700461)|ENTERING_MANAGED_PKG|
17:49:18.12 (33729766)|ENTERING_MANAGED_PKG|
17:49:18.12 (33740669)|HEAP_ALLOCATE|[58]|Bytes:27
17:49:18.12 (33755191)|ENTERING_MANAGED_PKG|
17:49:18.12 (33758901)|HEAP_ALLOCATE|[58]|Bytes:4
17:49:18.12 (33767950)|ENTERING_MANAGED_PKG|
17:49:18.12 (33783504)|HEAP_ALLOCATE|[58]|Bytes:5
17:49:18.12 (33797619)|VARIABLE_SCOPE_BEGIN|[58]|sObjectName|String|false|false
17:49:18.12 (33806877)|VARIABLE_ASSIGNMENT|[58]|sObjectName|"gameize__Gameize__c"
17:49:18.12 (33810428)|STATEMENT_EXECUTE|[58]
17:49:18.12 (33812169)|STATEMENT_EXECUTE|[59]
17:49:18.12 (33822213)|HEAP_ALLOCATE|[59]|Bytes:9
17:49:18.12 (33825743)|HEAP_ALLOCATE|[59]|Bytes:7
17:49:18.12 (33844045)|ENTERING_MANAGED_PKG|
17:49:18.12 (33873827)|HEAP_ALLOCATE|[59]|Bytes:8
17:49:18.12 (33885629)|HEAP_ALLOCATE|[59]|Bytes:1
17:49:18.12 (33901332)|HEAP_ALLOCATE|[59]|Bytes:44
17:49:18.12 (33912042)|VARIABLE_ASSIGNMENT|[59]|securityMessage|"CRUD on [gameize__Ga (24 more) ..."
17:49:18.12 (33915561)|STATEMENT_EXECUTE|[60]
17:49:18.12 (33923888)|HEAP_ALLOCATE|[60]|Bytes:10
17:49:18.12 (33930162)|HEAP_ALLOCATE|[60]|Bytes:54
17:49:18.12 (33945036)|ENTERING_MANAGED_PKG|
17:49:18.12 (33965893)|USER_DEBUG|[60]|DEBUG|Checking: CRUD on [gameize__Gameize__c] for [Querying]
17:49:18.12 (33974748)|STATEMENT_EXECUTE|[61]
17:49:18.12 (33994225)|ENTERING_MANAGED_PKG|
17:49:18.12 (34276908)|HEAP_ALLOCATE|[61]|Bytes:4
17:49:18.12 (34320285)|VARIABLE_SCOPE_BEGIN|[61]|drSObj|Schema.DescribeSObjectResult|true|false
17:49:18.12 (34393077)|VARIABLE_ASSIGNMENT|[61]|drSObj|"common.api.soap.wsdl.DescribeSObjectResult@53f8aaa0"|0x66efa787
17:49:18.12 (34515369)|STATEMENT_EXECUTE|[64]
17:49:18.12 (34539869)|STATEMENT_EXECUTE|[65]
17:49:18.12 (34603474)|STATEMENT_EXECUTE|[77]
17:49:18.12 (34606134)|STATEMENT_EXECUTE|[79]
17:49:18.12 (34847689)|HEAP_ALLOCATE|[79]|Bytes:60
17:49:18.12 (34859866)|VARIABLE_SCOPE_BEGIN|[79]|mapFields|Map<String,Schema.SObjectField>|true|false
17:49:18.12 (35006566)|VARIABLE_ASSIGNMENT|[79]|mapFields|"{createdbyid=CreatedById, createddate=CreatedDate, gameize__datafavorite__c=gameize__dataFavorite__c, gameize__datahistory__c=gameize__dataHistory__c, gameize__user__c=gameize__User__c, id=Id, isdeleted=IsDeleted, lastmodifiedbyid=LastModifiedById, lastmodifieddate=LastModifiedDate, lastreferenceddate=LastReferencedDate, ...}"|0x3d9650a5
17:49:18.12 (35017926)|HEAP_ALLOCATE|[80]|Bytes:4
17:49:18.12 (35034388)|ENTERING_MANAGED_PKG|
17:49:18.12 (35062604)|ENTERING_MANAGED_PKG|
17:49:18.12 (35082661)|ENTERING_MANAGED_PKG|
17:49:18.12 (35087343)|HEAP_ALLOCATE|[80]|Bytes:12
17:49:18.12 (35096725)|ENTERING_MANAGED_PKG|
17:49:18.12 (35111109)|HEAP_ALLOCATE|[80]|Bytes:5
17:49:18.12 (35124598)|VARIABLE_SCOPE_BEGIN|[80]|fieldName|String|false|false
17:49:18.12 (35132905)|VARIABLE_ASSIGNMENT|[80]|fieldName|"Id"
17:49:18.12 (35136372)|STATEMENT_EXECUTE|[80]
17:49:18.12 (35137819)|STATEMENT_EXECUTE|[81]
17:49:18.12 (35156656)|ENTERING_MANAGED_PKG|
17:49:18.12 (35510047)|HEAP_ALLOCATE|[81]|Bytes:8
17:49:18.12 (35544905)|VARIABLE_SCOPE_BEGIN|[81]|drField|Schema.DescribeFieldResult|true|false
17:49:18.12 (35619179)|VARIABLE_ASSIGNMENT|[81]|drField|"common.api.soap.wsdl.Field@d29000c5"|0x73f9e719
17:49:18.12 (35643796)|STATEMENT_EXECUTE|[99]
17:49:18.12 (35645843)|STATEMENT_EXECUTE|[100]
17:49:18.12 (35656148)|HEAP_ALLOCATE|[100]|Bytes:22
17:49:18.12 (35660518)|HEAP_ALLOCATE|[100]|Bytes:1
17:49:18.12 (35681091)|ENTERING_MANAGED_PKG|
17:49:18.12 (35709400)|HEAP_ALLOCATE|[100]|Bytes:8
17:49:18.12 (35735694)|HEAP_ALLOCATE|[100]|Bytes:59
17:49:18.12 (35740453)|HEAP_ALLOCATE|[100]|Bytes:35
17:49:18.12 (35744765)|HEAP_ALLOCATE|[100]|Bytes:94
17:49:18.12 (35758477)|ENTERING_MANAGED_PKG|
17:49:18.12 (35767923)|USER_DEBUG|[100]|DEBUG|Bypass Check: FLS on [gameize__Gameize__c.Id] for [Querying] since it's not isPermissionable()
17:49:18.12 (35784175)|HEAP_ALLOCATE|[80]|Bytes:5
17:49:18.12 (35797342)|VARIABLE_SCOPE_BEGIN|[80]|fieldName|String|false|false
17:49:18.12 (35807683)|VARIABLE_ASSIGNMENT|[80]|fieldName|"gameize__dataFavorit (4 more) ..."
17:49:18.12 (35811025)|STATEMENT_EXECUTE|[80]
17:49:18.12 (35812403)|STATEMENT_EXECUTE|[81]
17:49:18.12 (35828408)|ENTERING_MANAGED_PKG|
17:49:18.12 (36061085)|HEAP_ALLOCATE|[81]|Bytes:8
17:49:18.12 (36074464)|VARIABLE_SCOPE_BEGIN|[81]|drField|Schema.DescribeFieldResult|true|false
17:49:18.12 (36140174)|VARIABLE_ASSIGNMENT|[81]|drField|"common.api.soap.wsdl.Field@f8f18c71"|0x609d7ecd
17:49:18.12 (36154328)|STATEMENT_EXECUTE|[82]
17:49:18.12 (36156025)|STATEMENT_EXECUTE|[83]
17:49:18.12 (36165305)|HEAP_ALLOCATE|[83]|Bytes:8
17:49:18.12 (36187233)|ENTERING_MANAGED_PKG|
17:49:18.12 (36214701)|HEAP_ALLOCATE|[83]|Bytes:8
17:49:18.12 (36233727)|HEAP_ALLOCATE|[83]|Bytes:67
17:49:18.12 (36239763)|HEAP_ALLOCATE|[83]|Bytes:68
17:49:18.12 (36249904)|VARIABLE_ASSIGNMENT|[83]|securityMessage|"FLS on [gameize__Gam (48 more) ..."
17:49:18.12 (36253266)|STATEMENT_EXECUTE|[84]
17:49:18.12 (36263994)|HEAP_ALLOCATE|[84]|Bytes:78
17:49:18.12 (36279481)|ENTERING_MANAGED_PKG|
17:49:18.12 (36300196)|USER_DEBUG|[84]|DEBUG|Checking: FLS on [gameize__Gameize__c.gameize__dataFavorite__c] for [Querying]
17:49:18.12 (36394576)|STATEMENT_EXECUTE|[87]
17:49:18.12 (36413642)|STATEMENT_EXECUTE|[88]
17:49:18.12 (36431736)|HEAP_ALLOCATE|[80]|Bytes:5
17:49:18.12 (36445521)|VARIABLE_SCOPE_BEGIN|[80]|fieldName|String|false|false
17:49:18.12 (36456196)|VARIABLE_ASSIGNMENT|[80]|fieldName|"gameize__dataHistory (3 more) ..."
17:49:18.12 (36459323)|STATEMENT_EXECUTE|[80]
17:49:18.12 (36460528)|STATEMENT_EXECUTE|[81]
17:49:18.12 (36476612)|ENTERING_MANAGED_PKG|
17:49:18.12 (36618564)|HEAP_ALLOCATE|[81]|Bytes:8
17:49:18.12 (36630559)|VARIABLE_SCOPE_BEGIN|[81]|drField|Schema.DescribeFieldResult|true|false
17:49:18.12 (36695151)|VARIABLE_ASSIGNMENT|[81]|drField|"common.api.soap.wsdl.Field@8c22c439"|0x70bf2fb0
17:49:18.12 (36709040)|STATEMENT_EXECUTE|[82]
17:49:18.12 (36710680)|STATEMENT_EXECUTE|[83]
17:49:18.12 (36735883)|ENTERING_MANAGED_PKG|
17:49:18.12 (36745795)|HEAP_ALLOCATE|[83]|Bytes:8
17:49:18.12 (36762469)|HEAP_ALLOCATE|[83]|Bytes:66
17:49:18.12 (36767632)|HEAP_ALLOCATE|[83]|Bytes:67
17:49:18.12 (36777489)|VARIABLE_ASSIGNMENT|[83]|securityMessage|"FLS on [gameize__Gam (47 more) ..."
17:49:18.12 (36780689)|STATEMENT_EXECUTE|[84]
17:49:18.12 (36790033)|HEAP_ALLOCATE|[84]|Bytes:77
17:49:18.12 (36801700)|ENTERING_MANAGED_PKG|
17:49:18.12 (36814970)|USER_DEBUG|[84]|DEBUG|Checking: FLS on [gameize__Gameize__c.gameize__dataHistory__c] for [Querying]
17:49:18.12 (36857802)|STATEMENT_EXECUTE|[87]
17:49:18.12 (36867591)|STATEMENT_EXECUTE|[88]
17:49:18.12 (36883882)|HEAP_ALLOCATE|[80]|Bytes:5
17:49:18.12 (36897568)|VARIABLE_ASSIGNMENT|[80]|fieldName|null
17:49:18.12 (36906866)|HEAP_ALLOCATE|[58]|Bytes:5
17:49:18.12 (36916079)|VARIABLE_ASSIGNMENT|[58]|sObjectName|null
17:49:18.12 (36925684)|METHOD_EXIT|[29]|01p41000000CNQM|gameize.ETLC_SecuredDB.validate(gameize.ETLC_SecuredDB.Operation, Map<String,Set<String>>)
17:49:18.12 (36933206)|METHOD_EXIT|[27]|01p41000000CNQM|gameize.ETLC_SecuredDB.validateQuery(List<SObject>)
17:49:18.12 (36936535)|STATEMENT_EXECUTE|[29]
17:49:18.12 (36952275)|HEAP_ALLOCATE|[29]|Bytes:16
17:49:18.12 (36962688)|METHOD_ENTRY|[29]||System.JSON.serialize(Object)
17:49:18.12 (37075600)|METHOD_EXIT|[29]||System.JSON.serialize(Object)
17:49:18.12 (37091361)|VARIABLE_ASSIGNMENT|[29]|returnData|"{\"attributes\":{\"type (1596 more) ..."
17:49:18.12 (37144994)|VARIABLE_ASSIGNMENT|[EXTERNAL]|this|{"debug":true,"input":"{\"mode\":\"fetchUserDa (4 more) ...","operation":"GameizeController"}|0x359e8466
17:49:18.12 (37156521)|STATEMENT_EXECUTE|[30]
17:49:18.12 (37158299)|STATEMENT_EXECUTE|[30]
17:49:18.12 (37172155)|HEAP_ALLOCATE|[30]|Bytes:1657
17:49:18.12 (37188258)|ENTERING_MANAGED_PKG|
17:49:18.12 (37198702)|USER_DEBUG|[30]|DEBUG|GameizeController:fetchData:returnData:: {"attributes":{"type":"gameize__Gameize__c","url":"/services/data/v37.0/sobjects/gameize__Gameize__c/a0041000000j7nTAAQ"},"Id":"a0041000000j7nTAAQ","gameize__dataFavorite__c":"[{\"name\":\"Hangman\",\"cmpname\":\"Hangman\",\"id\":2}]","gameize__dataHistory__c":"[{\"name\":\"Hangman\",\"cmpname\":\"Hangman\",\"datePlayed\":\"Mon Aug 08 2016 15:45:16 GMT-0400 (Eastern Daylight Time)\",\"id\":2},{\"name\":\"Hangman\",\"cmpname\":\"Hangman\",\"datePlayed\":\"Mon Aug 08 2016 15:45:23 GMT-0400 (Eastern Daylight Time)\",\"id\":2},{\"name\":\"Age Counter\",\"cmpname\":\"AgeCounter\",\"datePlayed\":\"Mon Aug 08 2016 15:45:26 GMT-0400 (Eastern Daylight Time)\",\"id\":1},{\"name\":\"Hangman\",\"cmpname\":\"Hangman\",\"datePlayed\":\"Mon Aug 08 2016 15:45:31 GMT-0400 (Eastern Daylight Time)\",\"id\":2},{\"name\":\"Age Counter\",\"cmpname\":\"AgeCounter\",\"datePlayed\":\"Mon Aug 08 2016 15:48:19 GMT-0400 (Eastern Daylight Time)\",\"id\":1},{\"name\":\"Hangman\",\"cmpname\":\"Hangman\",\"datePlayed\":\"Mon Aug 08 2016 15:48:22 GMT-0400 (Eastern Daylight Time)\",\"id\":2},{\"name\":\"Hangman\",\"cmpname\":\"Hangman\",\"datePlayed\":\"Mon Aug 08 2016 15:48:28 GMT-0400 (Eastern Daylight Time)\",\"id\":2},{\"name\":\"Hangman\",\"cmpname\":\"Hangman\",\"datePlayed\":\"Mon Aug 08 2016 15:48:31 GMT-0400 (Eastern Daylight Time)\",\"id\":2},{\"name\":\"Age Counter\",\"cmpname\":\"AgeCounter\",\"datePlayed\":\"Mon Aug 08 2016 15:48:34 GMT-0400 (Eastern Daylight Time)\",\"id\":1},{\"name\":\"Hangman\",\"cmpname\":\"Hangman\",\"datePlayed\":\"Mon Aug 08 2016 15:48:42 GMT-0400 (Eastern Daylight Time)\",\"id\":2}]"}
17:49:18.12 (37216787)|STATEMENT_EXECUTE|[33]
17:49:18.12 (37229964)|METHOD_EXIT|[9]|01p41000000CQtU|gameize.GameizeController.fetchUserData(Id)
17:49:18.12 (37265703)|VARIABLE_ASSIGNMENT|[EXTERNAL]|this|{"debug":true,"input":"{\"mode\":\"fetchUserDa (4 more) ...","operation":"GameizeController"}|0x359e8466
17:49:18.12 (37273676)|VARIABLE_ASSIGNMENT|[EXTERNAL]|value|"{\"attributes\":{\"type (1596 more) ..."
17:49:18.12 (37284542)|VARIABLE_ASSIGNMENT|[12]|this.output|"{\"attributes\":{\"type (1596 more) ..."|0x359e8466
17:49:18.12 (37291639)|STATEMENT_EXECUTE|[10]
17:49:18.12 (37337492)|VARIABLE_ASSIGNMENT|[EXTERNAL]|this|{"debug":true,"input":"{\"mode\":\"fetchUserDa (4 more) ...","operation":"GameizeController","output":"{\"attributes\":{\"type (1596 more) ..."}|0x359e8466
17:49:18.12 (37373902)|VARIABLE_ASSIGNMENT|[EXTERNAL]|this|{"debug":true,"input":"{\"mode\":\"fetchUserDa (4 more) ...","operation":"GameizeController","output":"{\"attributes\":{\"type (1596 more) ..."}|0x359e8466
17:49:18.12 (37381271)|VARIABLE_ASSIGNMENT|[EXTERNAL]|value|true
17:49:18.12 (37385509)|HEAP_ALLOCATE|[15]|Bytes:5
17:49:18.12 (37392596)|VARIABLE_ASSIGNMENT|[15]|this.outputFlag|true|0x359e8466
17:49:18.12 (37405380)|METHOD_EXIT|[8]|01p41000000CQtU|gameize.GameizeController.process(gameize.ETLC_ApexBridge_Data)
17:49:18.12 (37409424)|STATEMENT_EXECUTE|[23]
17:49:18.12 (37421094)|METHOD_ENTRY|[23]|01p41000000CNQH|gameize.ETLC_ApexBridge_Data.toJSON()
17:49:18.12 (37425563)|VARIABLE_SCOPE_BEGIN|[57]|this|gameize.ETLC_ApexBridge_Data|true|false
17:49:18.12 (37452071)|VARIABLE_ASSIGNMENT|[57]|this|{"debug":true,"input":"{\"mode\":\"fetchUserDa (4 more) ...","operation":"GameizeController","output":"{\"attributes\":{\"type (1596 more) ...","outputFlag":true}|0x359e8466
17:49:18.12 (37457541)|STATEMENT_EXECUTE|[57]
17:49:18.12 (37458841)|STATEMENT_EXECUTE|[58]
17:49:18.12 (37470095)|METHOD_ENTRY|[58]||System.JSON.serialize(Object)
17:49:18.12 (37544443)|STATEMENT_EXECUTE|[22]
17:49:18.12 (37547943)|STATEMENT_EXECUTE|[23]
17:49:18.12 (37557578)|HEAP_ALLOCATE|[23]|Bytes:5
17:49:18.12 (37566894)|VARIABLE_ASSIGNMENT|[23]|this.isSuccess|true|0x359e8466
17:49:18.12 (37569227)|STATEMENT_EXECUTE|[24]
17:49:18.12 (37607868)|STATEMENT_EXECUTE|[31]
17:49:18.12 (37610864)|STATEMENT_EXECUTE|[32]
17:49:18.12 (37619326)|HEAP_ALLOCATE|[32]|Bytes:4
17:49:18.12 (37645650)|VARIABLE_ASSIGNMENT|[32]|this.messages|{"s":1,"v":{}}|0x359e8466
17:49:18.12 (37650213)|STATEMENT_EXECUTE|[33]
17:49:18.12 (37859884)|METHOD_EXIT|[58]||System.JSON.serialize(Object)
17:49:18.12 (37866494)|METHOD_EXIT|[23]|01p41000000CNQH|gameize.ETLC_ApexBridge_Data.toJSON()
17:49:18.12 (37877151)|SYSTEM_MODE_EXIT|false
17:49:18.37 (37915856)|CUMULATIVE_LIMIT_USAGE
17:49:18.37 (37915856)|LIMIT_USAGE_FOR_NS|(default)|
  Number of SOQL queries: 0 out of 100
  Number of query rows: 0 out of 50000
  Number of SOSL queries: 0 out of 20
  Number of DML statements: 0 out of 150
  Number of DML rows: 0 out of 10000
  Maximum CPU time: 0 out of 10000
  Maximum heap size: 0 out of 6000000
  Number of callouts: 0 out of 100
  Number of Email Invocations: 0 out of 10
  Number of future calls: 0 out of 50
  Number of queueable jobs added to the queue: 0 out of 50
  Number of Mobile Apex push calls: 0 out of 10

17:49:18.37 (37915856)|LIMIT_USAGE_FOR_NS|gameize|
  Number of SOQL queries: 2 out of 100
  Number of query rows: 2 out of 50000
  Number of SOSL queries: 0 out of 20
  Number of DML statements: 0 out of 150
  Number of DML rows: 0 out of 10000
  Maximum CPU time: 0 out of 10000
  Maximum heap size: 0 out of 6000000
  Number of callouts: 0 out of 100
  Number of Email Invocations: 0 out of 10
  Number of future calls: 0 out of 50
  Number of queueable jobs added to the queue: 0 out of 50
  Number of Mobile Apex push calls: 0 out of 10

17:49:18.37 (37915856)|CUMULATIVE_LIMIT_USAGE_END

17:49:18.12 (37971455)|CODE_UNIT_FINISHED|ETLC_ApexBridge_Controller.execute
