37.0 APEX_CODE,FINEST;APEX_PROFILING,INFO;CALLOUT,INFO;DB,INFO;SYSTEM,DEBUG;VALIDATION,INFO;VISUALFORCE,INFO;WORKFLOW,INFO
17:37:34.0 (102216)|USER_INFO|[EXTERNAL]|00541000000Hq4o|gameize@jr.te|Eastern Standard Time|GMT-04:00
17:37:34.0 (504750)|HEAP_ALLOCATE|[72]|Bytes:3
17:37:34.0 (562146)|HEAP_ALLOCATE|[77]|Bytes:152
17:37:34.0 (580838)|HEAP_ALLOCATE|[342]|Bytes:408
17:37:34.0 (597273)|HEAP_ALLOCATE|[355]|Bytes:408
17:37:34.0 (611931)|HEAP_ALLOCATE|[467]|Bytes:48
17:37:34.1 (1865101)|USER_INFO|[EXTERNAL]|00541000000Hq4o|gameize@jr.te|Eastern Standard Time|GMT-04:00
17:37:34.1 (2028618)|STATEMENT_EXECUTE|[1]
17:37:34.1 (2036913)|METHOD_EXIT|[1]|ETLC_ApexBridge_Controller
17:37:34.1 (2041252)|HEAP_ALLOCATE|[EXTERNAL]|Bytes:86
17:37:34.1 (2052970)|SYSTEM_MODE_ENTER|false
17:37:34.1 (2059987)|VARIABLE_SCOPE_BEGIN|[3]|dataJson|String|false|false
17:37:34.1 (2088144)|VARIABLE_ASSIGNMENT|[3]|dataJson|"{\"operation\":\"Gameiz (66 more) ..."
17:37:34.1 (2100047)|STATEMENT_EXECUTE|[3]
17:37:34.1 (2101524)|STATEMENT_EXECUTE|[4]
17:37:34.1 (2195868)|VARIABLE_SCOPE_BEGIN|[4]|data|gameize.ETLC_ApexBridge_Data|true|false
17:37:34.1 (2206169)|VARIABLE_ASSIGNMENT|[4]|data|null|
17:37:34.1 (2207952)|STATEMENT_EXECUTE|[5]
17:37:34.1 (2208976)|STATEMENT_EXECUTE|[5]
17:37:34.1 (2209933)|STATEMENT_EXECUTE|[6]
17:37:34.1 (2224782)|HEAP_ALLOCATE|[6]|Bytes:11
17:37:34.1 (2230523)|HEAP_ALLOCATE|[6]|Bytes:248
17:37:34.1 (2233111)|HEAP_ALLOCATE|[6]|Bytes:39
17:37:34.1 (2265930)|METHOD_ENTRY|[2]|01p41000000CNQH|ETLC_ApexBridge_Data.ETLC_ApexBridge_Data()
17:37:34.1 (2269163)|STATEMENT_EXECUTE|[2]
17:37:34.1 (2272486)|STATEMENT_EXECUTE|[2]
17:37:34.1 (2277081)|METHOD_EXIT|[2]|ETLC_ApexBridge_Data
17:37:34.1 (2290605)|METHOD_ENTRY|[6]|01p41000000CNQH|gameize.ETLC_ApexBridge_Data.fromJSON(String)
17:37:34.1 (2311772)|VARIABLE_SCOPE_BEGIN|[60]|strJson|String|false|false
17:37:34.1 (2320099)|VARIABLE_ASSIGNMENT|[60]|strJson|"{\"operation\":\"Gameiz (66 more) ..."
17:37:34.1 (2323871)|STATEMENT_EXECUTE|[60]
17:37:34.1 (2325139)|STATEMENT_EXECUTE|[61]
17:37:34.1 (2331835)|HEAP_ALLOCATE|[61]|Bytes:28
17:37:34.1 (2353635)|HEAP_ALLOCATE|[50]|Bytes:5
17:37:34.1 (2373962)|HEAP_ALLOCATE|[56]|Bytes:5
17:37:34.1 (2380068)|HEAP_ALLOCATE|[64]|Bytes:7
17:37:34.1 (2499247)|HEAP_ALLOCATE|[61]|Bytes:24
17:37:34.1 (2517767)|SYSTEM_METHOD_ENTRY|[1]|Type.Type()
17:37:34.1 (2522385)|STATEMENT_EXECUTE|[1]
17:37:34.1 (2533659)|SYSTEM_METHOD_EXIT|[1]|Type
17:37:34.1 (2541093)|HEAP_ALLOCATE|[61]|Bytes:8
17:37:34.1 (2570866)|HEAP_ALLOCATE|[61]|Bytes:8
17:37:34.1 (2577602)|VARIABLE_SCOPE_BEGIN|[4]|this|System.Type|true|false
17:37:34.1 (2607395)|VARIABLE_ASSIGNMENT|[4]|this|{}|0x4e8cfd34
17:37:34.1 (2610127)|VARIABLE_SCOPE_BEGIN|[4]|apextype|java:common.apex.runtime.ApexObjectType|true|false
17:37:34.1 (2735212)|VARIABLE_ASSIGNMENT|[4]|apextype|"gameize.ETLC_ApexBridge_Data"|0x49b83981
17:37:34.1 (2819738)|HEAP_ALLOCATE|[61]|Bytes:8
17:37:34.1 (2861236)|HEAP_ALLOCATE|[61]|Bytes:24
17:37:34.1 (2874016)|SYSTEM_METHOD_ENTRY|[1]|JSON.JSON()
17:37:34.1 (2877034)|STATEMENT_EXECUTE|[1]
17:37:34.1 (2883035)|SYSTEM_METHOD_EXIT|[1]|JSON
17:37:34.1 (2897051)|METHOD_ENTRY|[61]||System.JSON.deserializeStrict(String, System.Type)
17:37:34.1 (3184835)|METHOD_EXIT|[61]||System.JSON.deserializeStrict(String, System.Type)
17:37:34.1 (3193529)|METHOD_EXIT|[6]|01p41000000CNQH|gameize.ETLC_ApexBridge_Data.fromJSON(String)
17:37:34.1 (3225084)|VARIABLE_ASSIGNMENT|[6]|data|{"debug":false,"input":"{\"mode\":\"fetchGameDa (4 more) ...","operation":"GameizeController"}|0x1312de5c
17:37:34.1 (3229091)|STATEMENT_EXECUTE|[7]
17:37:34.1 (3276148)|VARIABLE_ASSIGNMENT|[EXTERNAL]|this|{"debug":false,"input":"{\"mode\":\"fetchGameDa (4 more) ...","operation":"GameizeController"}|0x1312de5c
17:37:34.1 (3289011)|METHOD_ENTRY|[7]||System.Type.forName(String)
17:37:34.1 (3515323)|METHOD_EXIT|[7]||System.Type.forName(String)
17:37:34.1 (3524032)|METHOD_ENTRY|[7]||System.Type.newInstance()
17:37:34.1 (3670854)|STATEMENT_EXECUTE|[1]
17:37:34.1 (3680471)|HEAP_ALLOCATE|[33]|Bytes:5
17:37:34.1 (3692651)|METHOD_EXIT|[1]|GameizeController
17:37:34.1 (3697249)|HEAP_ALLOCATE|[33]|Bytes:4
17:37:34.1 (3700981)|VARIABLE_SCOPE_BEGIN|[1]|this|gameize.GameizeController|true|false
17:37:34.1 (3716887)|VARIABLE_ASSIGNMENT|[1]|this|{}|0x77a79c31
17:37:34.1 (3721952)|HEAP_ALLOCATE|[33]|Bytes:5
17:37:34.1 (3728158)|HEAP_ALLOCATE|[33]|Bytes:11
17:37:34.1 (3738305)|METHOD_ENTRY|[1]|01p41000000CNQC|ETLC_ApexBridge_Abstract.ETLC_ApexBridge_Abstract()
17:37:34.1 (3741100)|STATEMENT_EXECUTE|[1]
17:37:34.1 (3744296)|STATEMENT_EXECUTE|[1]
17:37:34.1 (3747681)|METHOD_EXIT|[1]|ETLC_ApexBridge_Abstract
17:37:34.1 (3752917)|CONSTRUCTOR_ENTRY|[EXTERNAL]|01p41000000CNQC|<init>()
17:37:34.1 (3757830)|VARIABLE_SCOPE_BEGIN|[1]|this|gameize.ETLC_ApexBridge_Abstract|true|false
17:37:34.1 (3767028)|VARIABLE_ASSIGNMENT|[1]|this|{}|0x77a79c31
17:37:34.1 (3776676)|STATEMENT_EXECUTE|[1]
17:37:34.1 (3779594)|CONSTRUCTOR_EXIT|[EXTERNAL]|01p41000000CNQC|<init>()
17:37:34.1 (3783620)|STATEMENT_EXECUTE|[1]
17:37:34.1 (3786654)|HEAP_ALLOCATE|[33]|Bytes:5
17:37:34.1 (3798736)|METHOD_EXIT|[7]||System.Type.newInstance()
17:37:34.1 (3804563)|VARIABLE_SCOPE_BEGIN|[7]|executor|gameize.ETLC_ApexBridge_Abstract|true|false
17:37:34.1 (3812701)|VARIABLE_ASSIGNMENT|[7]|executor|{}|0x77a79c31
17:37:34.1 (3814466)|STATEMENT_EXECUTE|[8]
17:37:34.1 (3837543)|METHOD_ENTRY|[8]|01p41000000CQtU|gameize.GameizeController.process(gameize.ETLC_ApexBridge_Data)
17:37:34.1 (3853663)|VARIABLE_SCOPE_BEGIN|[3]|this|gameize.GameizeController|true|false
17:37:34.1 (3862060)|VARIABLE_ASSIGNMENT|[3]|this|{}|0x77a79c31
17:37:34.1 (3864061)|VARIABLE_SCOPE_BEGIN|[3]|data|gameize.ETLC_ApexBridge_Data|true|false
17:37:34.1 (3884701)|VARIABLE_ASSIGNMENT|[3]|data|{"debug":false,"input":"{\"mode\":\"fetchGameDa (4 more) ...","operation":"GameizeController"}|0x1312de5c
17:37:34.1 (3891621)|HEAP_ALLOCATE|[4]|Bytes:5
17:37:34.1 (3894847)|STATEMENT_EXECUTE|[3]
17:37:34.1 (3895935)|STATEMENT_EXECUTE|[4]
17:37:34.1 (3923161)|VARIABLE_ASSIGNMENT|[4]|GameizeController.apexBridgedata|{"debug":false,"input":"{\"mode\":\"fetchGameDa (4 more) ...","operation":"GameizeController"}|0x1312de5c
17:37:34.1 (3957578)|VARIABLE_ASSIGNMENT|[EXTERNAL]|this|{"debug":false,"input":"{\"mode\":\"fetchGameDa (4 more) ...","operation":"GameizeController"}|0x1312de5c
17:37:34.1 (3973727)|STATEMENT_EXECUTE|[5]
17:37:34.1 (3978286)|STATEMENT_EXECUTE|[7]
17:37:34.1 (3982600)|HEAP_ALLOCATE|[7]|Bytes:4
17:37:34.1 (3993170)|METHOD_ENTRY|[7]|01p41000000CNQH|gameize.ETLC_ApexBridge_Data.getInputValue(String)
17:37:34.1 (4004321)|VARIABLE_SCOPE_BEGIN|[52]|this|gameize.ETLC_ApexBridge_Data|true|false
17:37:34.1 (4023319)|VARIABLE_ASSIGNMENT|[52]|this|{"debug":false,"input":"{\"mode\":\"fetchGameDa (4 more) ...","operation":"GameizeController"}|0x1312de5c
17:37:34.1 (4026069)|VARIABLE_SCOPE_BEGIN|[52]|key|String|false|false
17:37:34.1 (4029389)|VARIABLE_ASSIGNMENT|[52]|key|"mode"
17:37:34.1 (4033156)|STATEMENT_EXECUTE|[52]
17:37:34.1 (4034449)|STATEMENT_EXECUTE|[53]
17:37:34.1 (4064095)|VARIABLE_ASSIGNMENT|[EXTERNAL]|this|{"debug":false,"input":"{\"mode\":\"fetchGameDa (4 more) ...","operation":"GameizeController"}|0x1312de5c
17:37:34.1 (4075919)|METHOD_ENTRY|[53]||System.JSON.deserializeUntyped(String)
17:37:34.1 (4340583)|METHOD_EXIT|[53]||System.JSON.deserializeUntyped(String)
17:37:34.1 (4348431)|VARIABLE_SCOPE_BEGIN|[53]|inputMap|Map<String,ANY>|true|false
17:37:34.1 (4373086)|VARIABLE_ASSIGNMENT|[53]|inputMap|{"s":1,"v":{"mode":"fetchGameData"}}|0x7f5c10bf
17:37:34.1 (4376360)|STATEMENT_EXECUTE|[54]
17:37:34.1 (4400780)|ENTERING_MANAGED_PKG|
17:37:34.1 (4428739)|METHOD_EXIT|[7]|01p41000000CNQH|gameize.ETLC_ApexBridge_Data.getInputValue(String)
17:37:34.1 (4434781)|VARIABLE_SCOPE_BEGIN|[7]|mode|String|false|false
17:37:34.1 (4440843)|VARIABLE_ASSIGNMENT|[7]|mode|"fetchGameData"
17:37:34.1 (4444700)|HEAP_ALLOCATE|[8]|Bytes:13
17:37:34.1 (4469860)|HEAP_ALLOCATE|[11]|Bytes:12
17:37:34.1 (4476843)|HEAP_ALLOCATE|[13]|Bytes:13
17:37:34.1 (4484971)|STATEMENT_EXECUTE|[13]
17:37:34.1 (4486327)|STATEMENT_EXECUTE|[14]
17:37:34.1 (4497675)|METHOD_ENTRY|[14]|01p41000000CQtU|gameize.GameizeController.fetchGameData()
17:37:34.1 (4510975)|VARIABLE_SCOPE_BEGIN|[82]|this|gameize.GameizeController|true|false
17:37:34.1 (4524261)|VARIABLE_ASSIGNMENT|[82]|this|{}|0x77a79c31
17:37:34.1 (4531308)|HEAP_ALLOCATE|[83]|Bytes:5
17:37:34.1 (4534215)|STATEMENT_EXECUTE|[82]
17:37:34.1 (4535393)|STATEMENT_EXECUTE|[83]
17:37:34.1 (4541064)|VARIABLE_SCOPE_BEGIN|[83]|returnData|String|false|false
17:37:34.1 (4545814)|VARIABLE_ASSIGNMENT|[83]|returnData|null
17:37:34.1 (4547456)|STATEMENT_EXECUTE|[84]
17:37:34.1 (4548483)|STATEMENT_EXECUTE|[84]
17:37:34.1 (4549480)|STATEMENT_EXECUTE|[85]
17:37:34.1 (4552690)|HEAP_ALLOCATE|[85]|Bytes:63
17:37:34.1 (4557848)|HEAP_ALLOCATE|[85]|Bytes:4
17:37:34.1 (4816626)|SOQL_EXECUTE_BEGIN|[85]|Aggregations:0|SELECT Body FROM StaticResource WHERE Name = 'Gameize_GameList'
17:37:34.1 (7267280)|SOQL_EXECUTE_END|[85]|Rows:1
17:37:34.1 (7293450)|HEAP_ALLOCATE|[85]|Bytes:8
17:37:34.1 (7306870)|HEAP_ALLOCATE|[85]|Bytes:536
17:37:34.1 (7404416)|HEAP_ALLOCATE|[85]|Bytes:8
17:37:34.1 (7415884)|VARIABLE_SCOPE_BEGIN|[85]|records|List<StaticResource>|true|false
17:37:34.1 (7448567)|VARIABLE_ASSIGNMENT|[85]|records|{"s":1,"v":[{"s":2,"v":{"Body":BLOB(491 bytes),"Id":"081410000000JmSAAU"}}]}|0x6bc6ab0f
17:37:34.1 (7519449)|ENTERING_MANAGED_PKG|
17:37:34.1 (7546537)|STATEMENT_EXECUTE|[86]
17:37:34.1 (7548439)|STATEMENT_EXECUTE|[88]
17:37:34.1 (7581567)|HEAP_ALLOCATE|[88]|Bytes:12
17:37:34.1 (7628233)|ENTERING_MANAGED_PKG|
17:37:34.1 (7686740)|HEAP_ALLOCATE|[88]|Bytes:491
17:37:34.1 (7705441)|VARIABLE_ASSIGNMENT|[88]|returnData|"[{\"id\": 1, \"name\": \" (471 more) ..."
17:37:34.1 (7708539)|STATEMENT_EXECUTE|[89]
17:37:34.1 (7715419)|HEAP_ALLOCATE|[89]|Bytes:12
17:37:34.1 (7725206)|HEAP_ALLOCATE|[89]|Bytes:503
17:37:34.1 (7745774)|ENTERING_MANAGED_PKG|
17:37:34.1 (7772972)|USER_DEBUG|[89]|DEBUG|returnData::[{"id": 1, "name": "Age Counter", "auraid": "agecounter", "cmpname": "AgeCounter", "desc": "Count how long you've lived, in days+hours+minutes."},{"id": 2, "name": "Hangman", "auraid": "hangman", "cmpname": "Hangman", "desc": "Games are a good way to keep your visitors- and yourself- occupied on your site. Here's where this script comes in. It's the great JavaScript reincarnation of the classic Hang Man game. Play against the computer. The vocabulary to be used is configurable. Cool!"}]
17:37:34.1 (7826544)|VARIABLE_ASSIGNMENT|[EXTERNAL]|this|{"debug":false,"input":"{\"mode\":\"fetchGameDa (4 more) ...","operation":"GameizeController"}|0x1312de5c
17:37:34.1 (7836315)|STATEMENT_EXECUTE|[90]
17:37:34.1 (7842559)|STATEMENT_EXECUTE|[93]
17:37:34.1 (7849572)|METHOD_EXIT|[14]|01p41000000CQtU|gameize.GameizeController.fetchGameData()
17:37:34.1 (7877638)|VARIABLE_ASSIGNMENT|[EXTERNAL]|this|{"debug":false,"input":"{\"mode\":\"fetchGameDa (4 more) ...","operation":"GameizeController"}|0x1312de5c
17:37:34.1 (7884431)|VARIABLE_ASSIGNMENT|[EXTERNAL]|value|"[{\"id\": 1, \"name\": \" (471 more) ..."
17:37:34.1 (7893847)|VARIABLE_ASSIGNMENT|[12]|this.output|"[{\"id\": 1, \"name\": \" (471 more) ..."|0x1312de5c
17:37:34.1 (7898767)|STATEMENT_EXECUTE|[15]
17:37:34.1 (7933985)|VARIABLE_ASSIGNMENT|[EXTERNAL]|this|{"debug":false,"input":"{\"mode\":\"fetchGameDa (4 more) ...","operation":"GameizeController","output":"[{\"id\": 1, \"name\": \" (471 more) ..."}|0x1312de5c
17:37:34.1 (7959881)|VARIABLE_ASSIGNMENT|[EXTERNAL]|this|{"debug":false,"input":"{\"mode\":\"fetchGameDa (4 more) ...","operation":"GameizeController","output":"[{\"id\": 1, \"name\": \" (471 more) ..."}|0x1312de5c
17:37:34.1 (7966116)|VARIABLE_ASSIGNMENT|[EXTERNAL]|value|true
17:37:34.1 (7974375)|HEAP_ALLOCATE|[15]|Bytes:5
17:37:34.1 (7980181)|VARIABLE_ASSIGNMENT|[15]|this.outputFlag|true|0x1312de5c
17:37:34.1 (7989293)|METHOD_EXIT|[8]|01p41000000CQtU|gameize.GameizeController.process(gameize.ETLC_ApexBridge_Data)
17:37:34.1 (7992368)|STATEMENT_EXECUTE|[23]
17:37:34.1 (8003281)|METHOD_ENTRY|[23]|01p41000000CNQH|gameize.ETLC_ApexBridge_Data.toJSON()
17:37:34.1 (8016324)|VARIABLE_SCOPE_BEGIN|[57]|this|gameize.ETLC_ApexBridge_Data|true|false
17:37:34.1 (8036862)|VARIABLE_ASSIGNMENT|[57]|this|{"debug":false,"input":"{\"mode\":\"fetchGameDa (4 more) ...","operation":"GameizeController","output":"[{\"id\": 1, \"name\": \" (471 more) ...","outputFlag":true}|0x1312de5c
17:37:34.1 (8041544)|STATEMENT_EXECUTE|[57]
17:37:34.1 (8042666)|STATEMENT_EXECUTE|[58]
17:37:34.1 (8051733)|METHOD_ENTRY|[58]||System.JSON.serialize(Object)
17:37:34.1 (8149157)|STATEMENT_EXECUTE|[22]
17:37:34.1 (8152264)|STATEMENT_EXECUTE|[23]
17:37:34.1 (8160049)|HEAP_ALLOCATE|[23]|Bytes:5
17:37:34.1 (8167349)|VARIABLE_ASSIGNMENT|[23]|this.isSuccess|true|0x1312de5c
17:37:34.1 (8169211)|STATEMENT_EXECUTE|[24]
17:37:34.1 (8198730)|STATEMENT_EXECUTE|[31]
17:37:34.1 (8201191)|STATEMENT_EXECUTE|[32]
17:37:34.1 (8275438)|HEAP_ALLOCATE|[32]|Bytes:4
17:37:34.1 (8322351)|VARIABLE_ASSIGNMENT|[32]|this.messages|{"s":1,"v":{}}|0x1312de5c
17:37:34.1 (8325356)|STATEMENT_EXECUTE|[33]
17:37:34.1 (8659763)|METHOD_EXIT|[58]||System.JSON.serialize(Object)
17:37:34.1 (8665701)|METHOD_EXIT|[23]|01p41000000CNQH|gameize.ETLC_ApexBridge_Data.toJSON()
17:37:34.1 (8675357)|SYSTEM_MODE_EXIT|false
17:37:34.8 (8713060)|CUMULATIVE_LIMIT_USAGE
17:37:34.8 (8713060)|LIMIT_USAGE_FOR_NS|(default)|
  Number of SOQL queries: 0 out of 100
  Number of query rows: 0 out of 50000
  Number of SOSL queries: 0 out of 20
  Number of DML statements: 0 out of 150
  Number of DML rows: 0 out of 10000
  Maximum CPU time: 0 out of 10000
  Maximum heap size: 0 out of 6000000
  Number of callouts: 0 out of 100
  Number of Email Invocations: 0 out of 10
  Number of future calls: 0 out of 50
  Number of queueable jobs added to the queue: 0 out of 50
  Number of Mobile Apex push calls: 0 out of 10

17:37:34.8 (8713060)|LIMIT_USAGE_FOR_NS|gameize|
  Number of SOQL queries: 1 out of 100
  Number of query rows: 1 out of 50000
  Number of SOSL queries: 0 out of 20
  Number of DML statements: 0 out of 150
  Number of DML rows: 0 out of 10000
  Maximum CPU time: 0 out of 10000
  Maximum heap size: 0 out of 6000000
  Number of callouts: 0 out of 100
  Number of Email Invocations: 0 out of 10
  Number of future calls: 0 out of 50
  Number of queueable jobs added to the queue: 0 out of 50
  Number of Mobile Apex push calls: 0 out of 10

17:37:34.8 (8713060)|CUMULATIVE_LIMIT_USAGE_END

17:37:34.1 (8783015)|CODE_UNIT_FINISHED|ETLC_ApexBridge_Controller.execute
17:37:34.0 (9011830)|HEAP_ALLOCATE|[EXTERNAL]|Bytes:86
17:37:34.0 (9024829)|HEAP_ALLOCATE|[EXTERNAL]|Bytes:86
17:37:34.10 (10298001)|USER_INFO|[EXTERNAL]|00541000000Hq4o|gameize@jr.te|Eastern Standard Time|GMT-04:00
17:37:34.10 (10363195)|STATEMENT_EXECUTE|[3]
17:37:34.10 (10365484)|STATEMENT_EXECUTE|[4]
17:37:34.10 (10373995)|VARIABLE_SCOPE_BEGIN|[4]|data|gameize.ETLC_ApexBridge_Data|true|false
17:37:34.10 (10390740)|VARIABLE_ASSIGNMENT|[4]|data|null|
17:37:34.10 (10393039)|STATEMENT_EXECUTE|[5]
17:37:34.10 (10394126)|STATEMENT_EXECUTE|[5]
17:37:34.10 (10395038)|STATEMENT_EXECUTE|[6]
17:37:34.10 (10403649)|METHOD_ENTRY|[6]|01p41000000CNQH|gameize.ETLC_ApexBridge_Data.fromJSON(String)
17:37:34.10 (10407420)|VARIABLE_SCOPE_BEGIN|[60]|strJson|String|false|false
17:37:34.10 (10414705)|VARIABLE_ASSIGNMENT|[60]|strJson|"{\"operation\":\"Gameiz (66 more) ..."
17:37:34.10 (10417774)|STATEMENT_EXECUTE|[60]
17:37:34.10 (10419079)|STATEMENT_EXECUTE|[61]
17:37:34.10 (10460247)|HEAP_ALLOCATE|[61]|Bytes:8
17:37:34.10 (10466160)|HEAP_ALLOCATE|[61]|Bytes:8
17:37:34.10 (10468758)|VARIABLE_SCOPE_BEGIN|[4]|this|System.Type|true|false
17:37:34.10 (10484741)|VARIABLE_ASSIGNMENT|[4]|this|{}|0x2a6b232d
17:37:34.10 (10487062)|VARIABLE_SCOPE_BEGIN|[4]|apextype|java:common.apex.runtime.ApexObjectType|true|false
17:37:34.10 (10565458)|VARIABLE_ASSIGNMENT|[4]|apextype|"gameize.ETLC_ApexBridge_Data"|0x49b83981
17:37:34.10 (10591471)|HEAP_ALLOCATE|[61]|Bytes:8
17:37:34.10 (10600244)|METHOD_ENTRY|[61]||System.JSON.deserializeStrict(String, System.Type)
17:37:34.10 (10744617)|METHOD_EXIT|[61]||System.JSON.deserializeStrict(String, System.Type)
17:37:34.10 (10751366)|METHOD_EXIT|[6]|01p41000000CNQH|gameize.ETLC_ApexBridge_Data.fromJSON(String)
17:37:34.10 (10778820)|VARIABLE_ASSIGNMENT|[6]|data|{"debug":false,"input":"{\"mode\":\"fetchUserDa (4 more) ...","operation":"GameizeController"}|0x23f2030e
17:37:34.10 (10782574)|STATEMENT_EXECUTE|[7]
17:37:34.10 (10808955)|VARIABLE_ASSIGNMENT|[EXTERNAL]|this|{"debug":false,"input":"{\"mode\":\"fetchUserDa (4 more) ...","operation":"GameizeController"}|0x23f2030e
17:37:34.10 (10817450)|METHOD_ENTRY|[7]||System.Type.forName(String)
17:37:34.10 (10914144)|METHOD_EXIT|[7]||System.Type.forName(String)
17:37:34.10 (10919636)|METHOD_ENTRY|[7]||System.Type.newInstance()
17:37:34.10 (10974521)|HEAP_ALLOCATE|[33]|Bytes:5
17:37:34.10 (10980807)|CONSTRUCTOR_ENTRY|[EXTERNAL]|01p41000000CNQC|<init>()
17:37:34.10 (10984201)|VARIABLE_SCOPE_BEGIN|[1]|this|gameize.ETLC_ApexBridge_Abstract|true|false
17:37:34.10 (10996615)|VARIABLE_ASSIGNMENT|[1]|this|{}|0x427cba48
17:37:34.10 (11005757)|STATEMENT_EXECUTE|[1]
17:37:34.10 (11009494)|CONSTRUCTOR_EXIT|[EXTERNAL]|01p41000000CNQC|<init>()
17:37:34.10 (11013440)|STATEMENT_EXECUTE|[1]
17:37:34.10 (11016549)|HEAP_ALLOCATE|[33]|Bytes:5
17:37:34.10 (11027568)|METHOD_EXIT|[7]||System.Type.newInstance()
17:37:34.10 (11032955)|VARIABLE_SCOPE_BEGIN|[7]|executor|gameize.ETLC_ApexBridge_Abstract|true|false
17:37:34.10 (11041336)|VARIABLE_ASSIGNMENT|[7]|executor|{}|0x427cba48
17:37:34.10 (11043134)|STATEMENT_EXECUTE|[8]
17:37:34.10 (11052978)|METHOD_ENTRY|[8]|01p41000000CQtU|gameize.GameizeController.process(gameize.ETLC_ApexBridge_Data)
17:37:34.10 (11055921)|VARIABLE_SCOPE_BEGIN|[3]|this|gameize.GameizeController|true|false
17:37:34.10 (11062512)|VARIABLE_ASSIGNMENT|[3]|this|{}|0x427cba48
17:37:34.10 (11064176)|VARIABLE_SCOPE_BEGIN|[3]|data|gameize.ETLC_ApexBridge_Data|true|false
17:37:34.10 (11082334)|VARIABLE_ASSIGNMENT|[3]|data|{"debug":false,"input":"{\"mode\":\"fetchUserDa (4 more) ...","operation":"GameizeController"}|0x23f2030e
17:37:34.10 (11088316)|HEAP_ALLOCATE|[4]|Bytes:5
17:37:34.10 (11091694)|STATEMENT_EXECUTE|[3]
17:37:34.10 (11092738)|STATEMENT_EXECUTE|[4]
17:37:34.10 (11117037)|VARIABLE_ASSIGNMENT|[4]|GameizeController.apexBridgedata|{"debug":false,"input":"{\"mode\":\"fetchUserDa (4 more) ...","operation":"GameizeController"}|0x23f2030e
17:37:34.10 (11135546)|VARIABLE_ASSIGNMENT|[EXTERNAL]|this|{"debug":false,"input":"{\"mode\":\"fetchUserDa (4 more) ...","operation":"GameizeController"}|0x23f2030e
17:37:34.10 (11142155)|STATEMENT_EXECUTE|[5]
17:37:34.10 (11145758)|STATEMENT_EXECUTE|[7]
17:37:34.10 (11150894)|METHOD_ENTRY|[7]|01p41000000CNQH|gameize.ETLC_ApexBridge_Data.getInputValue(String)
17:37:34.10 (11153710)|VARIABLE_SCOPE_BEGIN|[52]|this|gameize.ETLC_ApexBridge_Data|true|false
17:37:34.10 (11167969)|VARIABLE_ASSIGNMENT|[52]|this|{"debug":false,"input":"{\"mode\":\"fetchUserDa (4 more) ...","operation":"GameizeController"}|0x23f2030e
17:37:34.10 (11170286)|VARIABLE_SCOPE_BEGIN|[52]|key|String|false|false
17:37:34.10 (11173109)|VARIABLE_ASSIGNMENT|[52]|key|"mode"
17:37:34.10 (11175573)|STATEMENT_EXECUTE|[52]
17:37:34.10 (11176812)|STATEMENT_EXECUTE|[53]
17:37:34.10 (11194876)|VARIABLE_ASSIGNMENT|[EXTERNAL]|this|{"debug":false,"input":"{\"mode\":\"fetchUserDa (4 more) ...","operation":"GameizeController"}|0x23f2030e
17:37:34.10 (11202034)|METHOD_ENTRY|[53]||System.JSON.deserializeUntyped(String)
17:37:34.10 (11345955)|METHOD_EXIT|[53]||System.JSON.deserializeUntyped(String)
17:37:34.10 (11352984)|VARIABLE_SCOPE_BEGIN|[53]|inputMap|Map<String,ANY>|true|false
17:37:34.10 (11370926)|VARIABLE_ASSIGNMENT|[53]|inputMap|{"s":1,"v":{"mode":"fetchUserData"}}|0x1990ff80
17:37:34.10 (11373820)|STATEMENT_EXECUTE|[54]
17:37:34.10 (11391601)|ENTERING_MANAGED_PKG|
17:37:34.10 (11400599)|METHOD_EXIT|[7]|01p41000000CNQH|gameize.ETLC_ApexBridge_Data.getInputValue(String)
17:37:34.10 (11404938)|VARIABLE_SCOPE_BEGIN|[7]|mode|String|false|false
17:37:34.10 (11409675)|VARIABLE_ASSIGNMENT|[7]|mode|"fetchUserData"
17:37:34.10 (11423863)|STATEMENT_EXECUTE|[8]
17:37:34.10 (11424961)|STATEMENT_EXECUTE|[9]
17:37:34.10 (11467860)|HEAP_ALLOCATE|[9]|Bytes:85
17:37:34.10 (11483266)|SYSTEM_METHOD_ENTRY|[1]|UserInfo.UserInfo()
17:37:34.10 (11486423)|STATEMENT_EXECUTE|[1]
17:37:34.10 (11493547)|SYSTEM_METHOD_EXIT|[1]|UserInfo
17:37:34.10 (11505852)|METHOD_ENTRY|[9]||System.UserInfo.getUserId()
17:37:34.10 (11539251)|METHOD_EXIT|[9]||System.UserInfo.getUserId()
17:37:34.10 (11550393)|HEAP_ALLOCATE|[9]|Bytes:4
17:37:34.10 (11560117)|METHOD_ENTRY|[9]|01p41000000CQtU|gameize.GameizeController.fetchUserData(Id)
17:37:34.10 (11564380)|VARIABLE_SCOPE_BEGIN|[21]|this|gameize.GameizeController|true|false
17:37:34.10 (11578846)|VARIABLE_ASSIGNMENT|[21]|this|{}|0x427cba48
17:37:34.10 (11580879)|VARIABLE_SCOPE_BEGIN|[21]|userId|Id|false|false
17:37:34.10 (11633407)|VARIABLE_ASSIGNMENT|[21]|userId|"00541000000Hq4oAAC"
17:37:34.10 (11642739)|HEAP_ALLOCATE|[22]|Bytes:5
17:37:34.10 (11646780)|STATEMENT_EXECUTE|[21]
17:37:34.10 (11647969)|STATEMENT_EXECUTE|[22]
17:37:34.10 (11656455)|VARIABLE_SCOPE_BEGIN|[22]|returnData|String|false|false
17:37:34.10 (11660919)|VARIABLE_ASSIGNMENT|[22]|returnData|null
17:37:34.10 (11662422)|STATEMENT_EXECUTE|[23]
17:37:34.10 (11663423)|STATEMENT_EXECUTE|[23]
17:37:34.10 (11664396)|STATEMENT_EXECUTE|[24]
17:37:34.10 (11668692)|HEAP_ALLOCATE|[24]|Bytes:109
17:37:34.10 (11687288)|HEAP_ALLOCATE|[24]|Bytes:4
17:37:34.10 (11693417)|HEAP_ALLOCATE|[24]|Bytes:7
17:37:34.10 (12185040)|SOQL_EXECUTE_BEGIN|[24]|Aggregations:0|SELECT ID, gameize__dataFavorite__c, gameize__dataHistory__c FROM Gameize__c WHERE User__c = :tmpVar1 LIMIT 1
17:37:34.10 (16758650)|SOQL_EXECUTE_END|[24]|Rows:1
17:37:34.10 (16781433)|HEAP_ALLOCATE|[24]|Bytes:8
17:37:34.10 (16791066)|HEAP_ALLOCATE|[24]|Bytes:1347
17:37:34.10 (16852993)|HEAP_ALLOCATE|[24]|Bytes:8
17:37:34.10 (16863655)|VARIABLE_SCOPE_BEGIN|[24]|records|List<gameize__Gameize__c>|true|false
17:37:34.10 (16894989)|VARIABLE_ASSIGNMENT|[24]|records|{"s":1,"v":[{"s":2,"v":{"Id":"a0041000000j7nTAAQ","gameize__dataFavorit (4 more) ...":"[{\"name\":\"Hangman\",\" (27 more) ...","gameize__dataHistory (3 more) ...":"[{\"name\":\"Hangman\",\" (1192 more) ..."}}]}|0x58a14b93
17:37:34.10 (16956340)|ENTERING_MANAGED_PKG|
17:37:34.10 (16987900)|STATEMENT_EXECUTE|[25]
17:37:34.10 (16989888)|STATEMENT_EXECUTE|[27]
17:37:34.10 (17081948)|HEAP_ALLOCATE|[27]|Bytes:9
17:37:34.10 (17089317)|HEAP_ALLOCATE|[27]|Bytes:29
17:37:34.10 (17091899)|HEAP_ALLOCATE|[27]|Bytes:21
17:37:34.10 (17103865)|METHOD_ENTRY|[7]|01p41000000CNQM|ETLC_SecuredDB.ETLC_SecuredDB()
17:37:34.10 (17107135)|STATEMENT_EXECUTE|[7]
17:37:34.10 (17111114)|STATEMENT_EXECUTE|[7]
17:37:34.10 (17116770)|HEAP_ALLOCATE|[27]|Bytes:5
17:37:34.10 (17124968)|METHOD_EXIT|[7]|ETLC_SecuredDB
17:37:34.10 (17138220)|METHOD_ENTRY|[27]|01p41000000CNQM|gameize.ETLC_SecuredDB.validateQuery(List<SObject>)
17:37:34.10 (17154806)|VARIABLE_SCOPE_BEGIN|[28]|dbRecords|List<SObject>|true|false
17:37:34.10 (17177320)|VARIABLE_ASSIGNMENT|[28]|dbRecords|{"s":1,"v":[{"s":2,"v":{"Id":"a0041000000j7nTAAQ","gameize__dataFavorit (4 more) ...":"[{\"name\":\"Hangman\",\" (27 more) ...","gameize__dataHistory (3 more) ...":"[{\"name\":\"Hangman\",\" (1192 more) ..."}}]}|0x58a14b93
17:37:34.10 (17185133)|HEAP_ALLOCATE|[29]|Bytes:5
17:37:34.10 (17190209)|STATEMENT_EXECUTE|[28]
17:37:34.10 (17191575)|STATEMENT_EXECUTE|[29]
17:37:34.10 (17282090)|HEAP_ALLOCATE|[29]|Bytes:12
17:37:34.10 (17295931)|HEAP_ALLOCATE|[29]|Bytes:8
17:37:34.10 (17355182)|HEAP_ALLOCATE|[29]|Bytes:12
17:37:34.10 (17360207)|HEAP_ALLOCATE|[29]|Bytes:9
17:37:34.10 (17373873)|HEAP_ALLOCATE|[29]|Bytes:12
17:37:34.10 (17377669)|HEAP_ALLOCATE|[29]|Bytes:8
17:37:34.10 (17388397)|HEAP_ALLOCATE|[29]|Bytes:12
17:37:34.10 (17391815)|HEAP_ALLOCATE|[29]|Bytes:8
17:37:34.10 (17404286)|HEAP_ALLOCATE|[29]|Bytes:12
17:37:34.10 (17407689)|HEAP_ALLOCATE|[29]|Bytes:9
17:37:34.10 (17430826)|METHOD_ENTRY|[29]|01p41000000CNQM|gameize.ETLC_SecuredDB.findFields(List<SObject>)
17:37:34.10 (17453313)|VARIABLE_SCOPE_BEGIN|[108]|dbRecords|List<SObject>|true|false
17:37:34.10 (17482348)|VARIABLE_ASSIGNMENT|[108]|dbRecords|{"s":1,"v":[{"s":2,"v":{"Id":"a0041000000j7nTAAQ","gameize__dataFavorit (4 more) ...":"[{\"name\":\"Hangman\",\" (27 more) ...","gameize__dataHistory (3 more) ...":"[{\"name\":\"Hangman\",\" (1192 more) ..."}}]}|0x58a14b93
17:37:34.10 (17493560)|HEAP_ALLOCATE|[109]|Bytes:5
17:37:34.10 (17498609)|STATEMENT_EXECUTE|[108]
17:37:34.10 (17500739)|STATEMENT_EXECUTE|[109]
17:37:34.10 (17511460)|VARIABLE_SCOPE_BEGIN|[109]|strJSON|String|false|false
17:37:34.10 (17518118)|VARIABLE_ASSIGNMENT|[109]|strJSON|null
17:37:34.10 (17520599)|STATEMENT_EXECUTE|[110]
17:37:34.10 (17529050)|VARIABLE_SCOPE_BEGIN|[110]|mapFields|Map<String,Set<String>>|true|false
17:37:34.10 (17534766)|VARIABLE_ASSIGNMENT|[110]|mapFields|null|
17:37:34.10 (17536866)|STATEMENT_EXECUTE|[112]
17:37:34.10 (17548092)|METHOD_ENTRY|[112]||System.JSON.serialize(Object)
17:37:34.10 (17925420)|METHOD_EXIT|[112]||System.JSON.serialize(Object)
17:37:34.10 (17938724)|VARIABLE_ASSIGNMENT|[112]|strJSON|"[{\"attributes\":{\"typ (1598 more) ..."
17:37:34.10 (17941959)|STATEMENT_EXECUTE|[113]
17:37:34.10 (17949954)|HEAP_ALLOCATE|[113]|Bytes:5
17:37:34.10 (17959409)|HEAP_ALLOCATE|[113]|Bytes:1623
17:37:34.10 (17981937)|ENTERING_MANAGED_PKG|
17:37:34.10 (18007892)|USER_DEBUG|[113]|DEBUG|JSON:[{"attributes":{"type":"gameize__Gameize__c","url":"/services/data/v37.0/sobjects/gameize__Gameize__c/a0041000000j7nTAAQ"},"Id":"a0041000000j7nTAAQ","gameize__dataFavorite__c":"[{\"name\":\"Hangman\",\"cmpname\":\"Hangman\",\"id\":2}]","gameize__dataHistory__c":"[{\"name\":\"Hangman\",\"cmpname\":\"Hangman\",\"datePlayed\":\"Mon Aug 08 2016 15:45:16 GMT-0400 (Eastern Daylight Time)\",\"id\":2},{\"name\":\"Hangman\",\"cmpname\":\"Hangman\",\"datePlayed\":\"Mon Aug 08 2016 15:45:23 GMT-0400 (Eastern Daylight Time)\",\"id\":2},{\"name\":\"Age Counter\",\"cmpname\":\"AgeCounter\",\"datePlayed\":\"Mon Aug 08 2016 15:45:26 GMT-0400 (Eastern Daylight Time)\",\"id\":1},{\"name\":\"Hangman\",\"cmpname\":\"Hangman\",\"datePlayed\":\"Mon Aug 08 2016 15:45:31 GMT-0400 (Eastern Daylight Time)\",\"id\":2},{\"name\":\"Age Counter\",\"cmpname\":\"AgeCounter\",\"datePlayed\":\"Mon Aug 08 2016 15:48:19 GMT-0400 (Eastern Daylight Time)\",\"id\":1},{\"name\":\"Hangman\",\"cmpname\":\"Hangman\",\"datePlayed\":\"Mon Aug 08 2016 15:48:22 GMT-0400 (Eastern Daylight Time)\",\"id\":2},{\"name\":\"Hangman\",\"cmpname\":\"Hangman\",\"datePlayed\":\"Mon Aug 08 2016 15:48:28 GMT-0400 (Eastern Daylight Time)\",\"id\":2},{\"name\":\"Hangman\",\"cmpname\":\"Hangman\",\"datePlayed\":\"Mon Aug 08 2016 15:48:31 GMT-0400 (Eastern Daylight Time)\",\"id\":2},{\"name\":\"Age Counter\",\"cmpname\":\"AgeCounter\",\"datePlayed\":\"Mon Aug 08 2016 15:48:34 GMT-0400 (Eastern Daylight Time)\",\"id\":1},{\"name\":\"Hangman\",\"cmpname\":\"Hangman\",\"datePlayed\":\"Mon Aug 08 2016 15:48:42 GMT-0400 (Eastern Daylight Time)\",\"id\":2}]"}]
17:37:34.10 (18023479)|STATEMENT_EXECUTE|[114]
17:37:34.10 (18031735)|HEAP_ALLOCATE|[114]|Bytes:4
17:37:34.10 (18053019)|VARIABLE_ASSIGNMENT|[114]|mapFields|{"s":1,"v":{}}|0x66424c68
17:37:34.10 (18055431)|STATEMENT_EXECUTE|[115]
17:37:34.10 (18063937)|METHOD_ENTRY|[115]||System.JSON.deserializeUntyped(String)
17:37:34.10 (18552229)|METHOD_EXIT|[115]||System.JSON.deserializeUntyped(String)
17:37:34.10 (18561461)|VARIABLE_SCOPE_BEGIN|[115]|records|List<ANY>|true|false
17:37:34.10 (18587549)|HEAP_ALLOCATE|[EXTERNAL]|Bytes:8
17:37:34.10 (18633154)|VARIABLE_ASSIGNMENT|[115]|records|{"s":1,"v":[{"s":2,"v":{"attributes":{"s":3,"v":{"type":"gameize__Gameize__c","url":"/services/data/v37.0 (48 more) ..."}},"Id":"a0041000000j7nTAAQ","gameize__dataFavorit (4 more) ...":"[{\"name\":\"Hangman\",\" (27 more) ...","gameize__dataHistory (3 more) ...":"[{\"name\":\"Hangman\",\" (1192 more) ..."}}]}|0x57cbb705
17:37:34.10 (18665209)|ENTERING_MANAGED_PKG|
17:37:34.10 (18708275)|HEAP_ALLOCATE|[116]|Bytes:5
17:37:34.10 (18727516)|HEAP_ALLOCATE|[116]|Bytes:20
17:37:34.10 (18740232)|VARIABLE_SCOPE_BEGIN|[116]|record|Object|false|false
17:37:34.10 (18778998)|VARIABLE_ASSIGNMENT|[116]|record|{"s":1,"v":{"attributes":{"s":2,"v":{"type":"gameize__Gameize__c","url":"/services/data/v37.0 (48 more) ..."}},"Id":"a0041000000j7nTAAQ","gameize__dataFavorit (4 more) ...":"[{\"name\":\"Hangman\",\" (27 more) ...","gameize__dataHistory (3 more) ...":"[{\"name\":\"Hangman\",\" (1192 more) ..."}}
17:37:34.10 (18788185)|STATEMENT_EXECUTE|[116]
17:37:34.10 (18791419)|STATEMENT_EXECUTE|[117]
17:37:34.10 (18836567)|METHOD_ENTRY|[117]|01p41000000CNQM|gameize.ETLC_SecuredDB.findFieldsRecursive(Map<String,Set<String>>, Map<String,ANY>)
17:37:34.10 (18877488)|VARIABLE_SCOPE_BEGIN|[124]|mapFields|Map<String,Set<String>>|true|false
17:37:34.10 (18896876)|VARIABLE_ASSIGNMENT|[124]|mapFields|{"s":1,"v":{}}|0x66424c68
17:37:34.10 (18900632)|VARIABLE_SCOPE_BEGIN|[124]|record|Map<String,ANY>|true|false
17:37:34.10 (18925368)|VARIABLE_ASSIGNMENT|[124]|record|{"s":1,"v":{"attributes":{"s":2,"v":{"type":"gameize__Gameize__c","url":"/services/data/v37.0 (48 more) ..."}},"Id":"a0041000000j7nTAAQ","gameize__dataFavorit (4 more) ...":"[{\"name\":\"Hangman\",\" (27 more) ...","gameize__dataHistory (3 more) ...":"[{\"name\":\"Hangman\",\" (1192 more) ..."}}|0x6f62b8d0
17:37:34.10 (18942505)|HEAP_ALLOCATE|[125]|Bytes:5
17:37:34.10 (18951710)|STATEMENT_EXECUTE|[124]
17:37:34.10 (18955200)|STATEMENT_EXECUTE|[125]
17:37:34.10 (18965936)|HEAP_ALLOCATE|[125]|Bytes:10
17:37:34.10 (18977419)|VARIABLE_SCOPE_BEGIN|[125]|strAttributes|String|false|false
17:37:34.10 (18985775)|VARIABLE_ASSIGNMENT|[125]|strAttributes|"attributes"
17:37:34.10 (18988602)|STATEMENT_EXECUTE|[126]
17:37:34.10 (18994983)|HEAP_ALLOCATE|[126]|Bytes:7
17:37:34.10 (18998371)|VARIABLE_SCOPE_BEGIN|[126]|strRecord|String|false|false
17:37:34.10 (19002742)|VARIABLE_ASSIGNMENT|[126]|strRecord|"records"
17:37:34.10 (19021788)|ENTERING_MANAGED_PKG|
17:37:34.10 (19053851)|STATEMENT_EXECUTE|[127]
17:37:34.10 (19055551)|STATEMENT_EXECUTE|[128]
17:37:34.10 (19068937)|ENTERING_MANAGED_PKG|
17:37:34.10 (19092706)|VARIABLE_SCOPE_BEGIN|[128]|attributes|Map<String,ANY>|true|false
17:37:34.10 (19107613)|VARIABLE_ASSIGNMENT|[128]|attributes|{"s":1,"v":{"type":"gameize__Gameize__c","url":"/services/data/v37.0 (48 more) ..."}}|0x30f5b145
17:37:34.10 (19111083)|STATEMENT_EXECUTE|[129]
17:37:34.10 (19116671)|HEAP_ALLOCATE|[129]|Bytes:4
17:37:34.10 (19128364)|ENTERING_MANAGED_PKG|
17:37:34.10 (19147723)|VARIABLE_SCOPE_BEGIN|[129]|objectName|String|false|false
17:37:34.10 (19153671)|VARIABLE_ASSIGNMENT|[129]|objectName|"gameize__Gameize__c"
17:37:34.10 (19161023)|HEAP_ALLOCATE|[130]|Bytes:4
17:37:34.10 (19174560)|ENTERING_MANAGED_PKG|
17:37:34.10 (19199020)|ENTERING_MANAGED_PKG|
17:37:34.10 (19222971)|HEAP_ALLOCATE|[130]|Bytes:79
17:37:34.10 (19237860)|ENTERING_MANAGED_PKG|
17:37:34.10 (19242868)|HEAP_ALLOCATE|[130]|Bytes:16
17:37:34.10 (19250158)|ENTERING_MANAGED_PKG|
17:37:34.10 (19264816)|HEAP_ALLOCATE|[130]|Bytes:5
17:37:34.10 (19276154)|VARIABLE_SCOPE_BEGIN|[130]|fieldName|String|false|false
17:37:34.10 (19282052)|VARIABLE_ASSIGNMENT|[130]|fieldName|"attributes"
17:37:34.10 (19284711)|STATEMENT_EXECUTE|[130]
17:37:34.10 (19285894)|STATEMENT_EXECUTE|[131]
17:37:34.10 (19297631)|ENTERING_MANAGED_PKG|
17:37:34.10 (19322440)|VARIABLE_SCOPE_BEGIN|[131]|field|Object|false|false
17:37:34.10 (19338564)|VARIABLE_ASSIGNMENT|[131]|field|{"s":1,"v":{"type":"gameize__Gameize__c","url":"/services/data/v37.0 (48 more) ..."}}
17:37:34.10 (19355097)|STATEMENT_EXECUTE|[132]
17:37:34.10 (19366497)|HEAP_ALLOCATE|[130]|Bytes:5
17:37:34.10 (19375466)|VARIABLE_SCOPE_BEGIN|[130]|fieldName|String|false|false
17:37:34.10 (19379970)|VARIABLE_ASSIGNMENT|[130]|fieldName|"Id"
17:37:34.10 (19382005)|STATEMENT_EXECUTE|[130]
17:37:34.10 (19383039)|STATEMENT_EXECUTE|[131]
17:37:34.10 (19394790)|ENTERING_MANAGED_PKG|
17:37:34.10 (19403596)|VARIABLE_SCOPE_BEGIN|[131]|field|Object|false|false
17:37:34.10 (19409145)|VARIABLE_ASSIGNMENT|[131]|field|"a0041000000j7nTAAQ"
17:37:34.10 (19417910)|HEAP_ALLOCATE|[134]|Bytes:68
17:37:34.10 (19434960)|STATEMENT_EXECUTE|[136]
17:37:34.10 (19436569)|STATEMENT_EXECUTE|[137]
17:37:34.10 (19444496)|HEAP_ALLOCATE|[137]|Bytes:4
17:37:34.10 (19456876)|ENTERING_MANAGED_PKG|
17:37:34.10 (19477901)|VARIABLE_SCOPE_BEGIN|[137]|fieldNames|Set<String>|true|false
17:37:34.10 (19494583)|VARIABLE_ASSIGNMENT|[137]|fieldNames|{"s":1,"v":[]}|0x44a09a3f
17:37:34.10 (19507650)|ENTERING_MANAGED_PKG|
17:37:34.10 (19530945)|STATEMENT_EXECUTE|[138]
17:37:34.10 (19535594)|STATEMENT_EXECUTE|[139]
17:37:34.10 (19547781)|ENTERING_MANAGED_PKG|
17:37:34.10 (19566157)|HEAP_ALLOCATE|[EXTERNAL]|Bytes:4
17:37:34.10 (19572877)|STATEMENT_EXECUTE|[140]
17:37:34.10 (19584405)|ENTERING_MANAGED_PKG|
17:37:34.10 (19600880)|HEAP_ALLOCATE|[EXTERNAL]|Bytes:-4
17:37:34.10 (19611539)|HEAP_ALLOCATE|[130]|Bytes:5
17:37:34.10 (19620540)|VARIABLE_SCOPE_BEGIN|[130]|fieldName|String|false|false
17:37:34.10 (19626795)|VARIABLE_ASSIGNMENT|[130]|fieldName|"gameize__dataFavorit (4 more) ..."
17:37:34.10 (19628997)|STATEMENT_EXECUTE|[130]
17:37:34.10 (19630074)|STATEMENT_EXECUTE|[131]
17:37:34.10 (19641045)|ENTERING_MANAGED_PKG|
17:37:34.10 (19649543)|VARIABLE_SCOPE_BEGIN|[131]|field|Object|false|false
17:37:34.10 (19656468)|VARIABLE_ASSIGNMENT|[131]|field|"[{\"name\":\"Hangman\",\" (27 more) ..."
17:37:34.10 (19671063)|STATEMENT_EXECUTE|[136]
17:37:34.10 (19672452)|STATEMENT_EXECUTE|[137]
17:37:34.10 (19678534)|HEAP_ALLOCATE|[137]|Bytes:4
17:37:34.10 (19688166)|ENTERING_MANAGED_PKG|
17:37:34.10 (19692989)|VARIABLE_SCOPE_BEGIN|[137]|fieldNames|Set<String>|true|false
17:37:34.10 (19705720)|VARIABLE_ASSIGNMENT|[137]|fieldNames|{"s":1,"v":[]}|0x4ed97e31
17:37:34.10 (19712619)|ENTERING_MANAGED_PKG|
17:37:34.10 (19720327)|STATEMENT_EXECUTE|[138]
17:37:34.10 (19728655)|ENTERING_MANAGED_PKG|
17:37:34.10 (19742398)|VARIABLE_ASSIGNMENT|[138]|fieldNames|{"s":1,"v":["Id"]}|0x44a09a3f
17:37:34.10 (19744864)|STATEMENT_EXECUTE|[139]
17:37:34.10 (19752504)|ENTERING_MANAGED_PKG|
17:37:34.10 (19757069)|HEAP_ALLOCATE|[EXTERNAL]|Bytes:4
17:37:34.10 (19761707)|STATEMENT_EXECUTE|[140]
17:37:34.10 (19768138)|ENTERING_MANAGED_PKG|
17:37:34.10 (19780204)|HEAP_ALLOCATE|[130]|Bytes:5
17:37:34.10 (19788260)|VARIABLE_SCOPE_BEGIN|[130]|fieldName|String|false|false
17:37:34.10 (19794052)|VARIABLE_ASSIGNMENT|[130]|fieldName|"gameize__dataHistory (3 more) ..."
17:37:34.10 (19796029)|STATEMENT_EXECUTE|[130]
17:37:34.10 (19797089)|STATEMENT_EXECUTE|[131]
17:37:34.10 (19805126)|ENTERING_MANAGED_PKG|
17:37:34.10 (19813233)|VARIABLE_SCOPE_BEGIN|[131]|field|Object|false|false
17:37:34.10 (19820050)|VARIABLE_ASSIGNMENT|[131]|field|"[{\"name\":\"Hangman\",\" (1192 more) ..."
17:37:34.10 (19832714)|STATEMENT_EXECUTE|[136]
17:37:34.10 (19833829)|STATEMENT_EXECUTE|[137]
17:37:34.10 (19839405)|HEAP_ALLOCATE|[137]|Bytes:4
17:37:34.10 (19847741)|ENTERING_MANAGED_PKG|
17:37:34.10 (19852401)|VARIABLE_SCOPE_BEGIN|[137]|fieldNames|Set<String>|true|false
17:37:34.10 (19863821)|VARIABLE_ASSIGNMENT|[137]|fieldNames|{"s":1,"v":[]}|0x3407eb02
17:37:34.10 (19870206)|ENTERING_MANAGED_PKG|
17:37:34.10 (19876896)|STATEMENT_EXECUTE|[138]
17:37:34.10 (19883697)|ENTERING_MANAGED_PKG|
17:37:34.10 (19897078)|VARIABLE_ASSIGNMENT|[138]|fieldNames|{"s":1,"v":["Id","gameize__dataFavorit (4 more) ..."]}|0x44a09a3f
17:37:34.10 (19899587)|STATEMENT_EXECUTE|[139]
17:37:34.10 (19906821)|ENTERING_MANAGED_PKG|
17:37:34.10 (19911661)|HEAP_ALLOCATE|[EXTERNAL]|Bytes:4
17:37:34.10 (19931101)|STATEMENT_EXECUTE|[140]
17:37:34.10 (19947984)|ENTERING_MANAGED_PKG|
17:37:34.10 (19966330)|HEAP_ALLOCATE|[130]|Bytes:5
17:37:34.10 (19984045)|VARIABLE_ASSIGNMENT|[130]|fieldName|null
17:37:34.10 (19996578)|METHOD_EXIT|[117]|01p41000000CNQM|gameize.ETLC_SecuredDB.findFieldsRecursive(Map<String,Set<String>>, Map<String,ANY>)
17:37:34.10 (20008988)|HEAP_ALLOCATE|[116]|Bytes:5
17:37:34.10 (20025875)|VARIABLE_ASSIGNMENT|[116]|record|null
17:37:34.10 (20031273)|HEAP_ALLOCATE|[119]|Bytes:4
17:37:34.10 (20042300)|ENTERING_MANAGED_PKG|
17:37:34.10 (20066800)|ENTERING_MANAGED_PKG|
17:37:34.10 (20074809)|HEAP_ALLOCATE|[119]|Bytes:27
17:37:34.10 (20084586)|ENTERING_MANAGED_PKG|
17:37:34.10 (20087803)|HEAP_ALLOCATE|[119]|Bytes:4
17:37:34.10 (20094145)|ENTERING_MANAGED_PKG|
17:37:34.10 (20118696)|HEAP_ALLOCATE|[119]|Bytes:5
17:37:34.10 (20133800)|VARIABLE_SCOPE_BEGIN|[119]|objectName|String|false|false
17:37:34.10 (20143452)|VARIABLE_ASSIGNMENT|[119]|objectName|"gameize__Gameize__c"
17:37:34.10 (20147519)|STATEMENT_EXECUTE|[119]
17:37:34.10 (20149270)|STATEMENT_EXECUTE|[120]
17:37:34.10 (20159098)|HEAP_ALLOCATE|[120]|Bytes:2
17:37:34.10 (20176612)|ENTERING_MANAGED_PKG|
17:37:34.10 (20238365)|ENTERING_MANAGED_PKG|
17:37:34.10 (20260987)|HEAP_ALLOCATE|[120]|Bytes:55
17:37:34.10 (20284478)|HEAP_ALLOCATE|[120]|Bytes:76
17:37:34.10 (20302933)|ENTERING_MANAGED_PKG|
17:37:34.10 (20313943)|USER_DEBUG|[120]|DEBUG|gameize__Gameize__c: {Id, gameize__dataFavorite__c, gameize__dataHistory__c}
17:37:34.10 (20327915)|HEAP_ALLOCATE|[119]|Bytes:5
17:37:34.10 (20338194)|VARIABLE_ASSIGNMENT|[119]|objectName|null
17:37:34.10 (20341762)|STATEMENT_EXECUTE|[122]
17:37:34.10 (20352709)|METHOD_EXIT|[29]|01p41000000CNQM|gameize.ETLC_SecuredDB.findFields(List<SObject>)
17:37:34.10 (20362937)|METHOD_ENTRY|[29]|01p41000000CNQM|gameize.ETLC_SecuredDB.validate(gameize.ETLC_SecuredDB.Operation, Map<String,Set<String>>)
17:37:34.10 (20367701)|VARIABLE_SCOPE_BEGIN|[55]|op|gameize.ETLC_SecuredDB.Operation|true|false
17:37:34.10 (20380240)|VARIABLE_ASSIGNMENT|[55]|op|"Querying"|0x29e50b5e
17:37:34.10 (20382489)|VARIABLE_SCOPE_BEGIN|[55]|mapFieldNames|Map<String,Set<String>>|true|false
17:37:34.10 (20401923)|VARIABLE_ASSIGNMENT|[55]|mapFieldNames|{"s":1,"v":{"gameize__Gameize__c":{"s":2,"v":["Id","gameize__dataFavorit (4 more) ...","gameize__dataHistory (3 more) ..."]}}}|0x66424c68
17:37:34.10 (20409427)|HEAP_ALLOCATE|[56]|Bytes:5
17:37:34.10 (20412905)|STATEMENT_EXECUTE|[55]
17:37:34.10 (20414160)|STATEMENT_EXECUTE|[56]
17:37:34.10 (20420825)|VARIABLE_SCOPE_BEGIN|[56]|securityMessage|String|false|false
17:37:34.10 (20425151)|VARIABLE_ASSIGNMENT|[56]|securityMessage|null
17:37:34.10 (20426680)|STATEMENT_EXECUTE|[57]
17:37:34.10 (20448953)|ENTERING_MANAGED_PKG|
17:37:34.10 (28885583)|HEAP_ALLOCATE|[57]|Bytes:1256
17:37:34.10 (28904833)|VARIABLE_SCOPE_BEGIN|[57]|mapObjects|Map<String,Schema.SObjectType>|true|false
17:37:34.10 (29106979)|VARIABLE_ASSIGNMENT|[57]|mapObjects|"{acceptedeventrelation=AcceptedEventRelation, account=Account, accountcontactrole=AccountContactRole, accounthistory=AccountHistory, accountpartner=AccountPartner, accountshare=AccountShare, actionlinkgrouptemplate=ActionLinkGroupTemplate, actionlinktemplate=ActionLinkTemplate, activityhistory=ActivityHistory, additionalnumber=AdditionalNumber, ...}"|0x69d40d3f
17:37:34.10 (29119399)|HEAP_ALLOCATE|[58]|Bytes:4
17:37:34.10 (29137366)|ENTERING_MANAGED_PKG|
17:37:34.10 (29172532)|ENTERING_MANAGED_PKG|
17:37:34.10 (29183546)|HEAP_ALLOCATE|[58]|Bytes:27
17:37:34.10 (29196372)|ENTERING_MANAGED_PKG|
17:37:34.10 (29200655)|HEAP_ALLOCATE|[58]|Bytes:4
17:37:34.10 (29207636)|ENTERING_MANAGED_PKG|
17:37:34.10 (29220908)|HEAP_ALLOCATE|[58]|Bytes:5
17:37:34.10 (29232744)|VARIABLE_SCOPE_BEGIN|[58]|sObjectName|String|false|false
17:37:34.10 (29240827)|VARIABLE_ASSIGNMENT|[58]|sObjectName|"gameize__Gameize__c"
17:37:34.10 (29244590)|STATEMENT_EXECUTE|[58]
17:37:34.10 (29246401)|STATEMENT_EXECUTE|[59]
17:37:34.10 (29255541)|HEAP_ALLOCATE|[59]|Bytes:9
17:37:34.10 (29258435)|HEAP_ALLOCATE|[59]|Bytes:7
17:37:34.10 (29275009)|ENTERING_MANAGED_PKG|
17:37:34.10 (29307458)|HEAP_ALLOCATE|[59]|Bytes:8
17:37:34.10 (29315359)|HEAP_ALLOCATE|[59]|Bytes:1
17:37:34.10 (29329690)|HEAP_ALLOCATE|[59]|Bytes:44
17:37:34.10 (29337857)|VARIABLE_ASSIGNMENT|[59]|securityMessage|"CRUD on [gameize__Ga (24 more) ..."
17:37:34.10 (29341297)|STATEMENT_EXECUTE|[60]
17:37:34.10 (29347377)|HEAP_ALLOCATE|[60]|Bytes:10
17:37:34.10 (29352554)|HEAP_ALLOCATE|[60]|Bytes:54
17:37:34.10 (29366797)|ENTERING_MANAGED_PKG|
17:37:34.10 (29388777)|USER_DEBUG|[60]|DEBUG|Checking: CRUD on [gameize__Gameize__c] for [Querying]
17:37:34.10 (29395378)|STATEMENT_EXECUTE|[61]
17:37:34.10 (29410688)|ENTERING_MANAGED_PKG|
17:37:34.10 (29669022)|HEAP_ALLOCATE|[61]|Bytes:4
17:37:34.10 (29705525)|VARIABLE_SCOPE_BEGIN|[61]|drSObj|Schema.DescribeSObjectResult|true|false
17:37:34.10 (29780646)|VARIABLE_ASSIGNMENT|[61]|drSObj|"common.api.soap.wsdl.DescribeSObjectResult@53f8aaa0"|0x672d67b4
17:37:34.10 (29905725)|STATEMENT_EXECUTE|[64]
17:37:34.10 (29930664)|STATEMENT_EXECUTE|[65]
17:37:34.10 (29977822)|STATEMENT_EXECUTE|[77]
17:37:34.10 (29979797)|STATEMENT_EXECUTE|[79]
17:37:34.10 (30227558)|HEAP_ALLOCATE|[79]|Bytes:60
17:37:34.10 (30239183)|VARIABLE_SCOPE_BEGIN|[79]|mapFields|Map<String,Schema.SObjectField>|true|false
17:37:34.10 (30371437)|VARIABLE_ASSIGNMENT|[79]|mapFields|"{createdbyid=CreatedById, createddate=CreatedDate, gameize__datafavorite__c=gameize__dataFavorite__c, gameize__datahistory__c=gameize__dataHistory__c, gameize__user__c=gameize__User__c, id=Id, isdeleted=IsDeleted, lastmodifiedbyid=LastModifiedById, lastmodifieddate=LastModifiedDate, lastreferenceddate=LastReferencedDate, ...}"|0x66132ff4
17:37:34.10 (30381092)|HEAP_ALLOCATE|[80]|Bytes:4
17:37:34.10 (30396011)|ENTERING_MANAGED_PKG|
17:37:34.10 (30423665)|ENTERING_MANAGED_PKG|
17:37:34.10 (30439195)|ENTERING_MANAGED_PKG|
17:37:34.10 (30443496)|HEAP_ALLOCATE|[80]|Bytes:12
17:37:34.10 (30451107)|ENTERING_MANAGED_PKG|
17:37:34.10 (30463055)|HEAP_ALLOCATE|[80]|Bytes:5
17:37:34.10 (30473689)|VARIABLE_SCOPE_BEGIN|[80]|fieldName|String|false|false
17:37:34.10 (30480422)|VARIABLE_ASSIGNMENT|[80]|fieldName|"Id"
17:37:34.10 (30483320)|STATEMENT_EXECUTE|[80]
17:37:34.10 (30484607)|STATEMENT_EXECUTE|[81]
17:37:34.10 (30499994)|ENTERING_MANAGED_PKG|
17:37:34.10 (30833360)|HEAP_ALLOCATE|[81]|Bytes:8
17:37:34.10 (30863480)|VARIABLE_SCOPE_BEGIN|[81]|drField|Schema.DescribeFieldResult|true|false
17:37:34.10 (30931573)|VARIABLE_ASSIGNMENT|[81]|drField|"common.api.soap.wsdl.Field@cb2c869f"|0x7e458a97
17:37:34.10 (30956619)|STATEMENT_EXECUTE|[99]
17:37:34.10 (30958602)|STATEMENT_EXECUTE|[100]
17:37:34.10 (30968134)|HEAP_ALLOCATE|[100]|Bytes:22
17:37:34.10 (30973467)|HEAP_ALLOCATE|[100]|Bytes:1
17:37:34.10 (30996324)|ENTERING_MANAGED_PKG|
17:37:34.10 (31023655)|HEAP_ALLOCATE|[100]|Bytes:8
17:37:34.10 (31047253)|HEAP_ALLOCATE|[100]|Bytes:59
17:37:34.10 (31050494)|HEAP_ALLOCATE|[100]|Bytes:35
17:37:34.10 (31053937)|HEAP_ALLOCATE|[100]|Bytes:94
17:37:34.10 (31072279)|ENTERING_MANAGED_PKG|
17:37:34.10 (31080472)|USER_DEBUG|[100]|DEBUG|Bypass Check: FLS on [gameize__Gameize__c.Id] for [Querying] since it's not isPermissionable()
17:37:34.10 (31094995)|HEAP_ALLOCATE|[80]|Bytes:5
17:37:34.10 (31105756)|VARIABLE_SCOPE_BEGIN|[80]|fieldName|String|false|false
17:37:34.10 (31114257)|VARIABLE_ASSIGNMENT|[80]|fieldName|"gameize__dataFavorit (4 more) ..."
17:37:34.10 (31117381)|STATEMENT_EXECUTE|[80]
17:37:34.10 (31118623)|STATEMENT_EXECUTE|[81]
17:37:34.10 (31131442)|ENTERING_MANAGED_PKG|
17:37:34.10 (31358428)|HEAP_ALLOCATE|[81]|Bytes:8
17:37:34.10 (31369464)|VARIABLE_SCOPE_BEGIN|[81]|drField|Schema.DescribeFieldResult|true|false
17:37:34.10 (31431370)|VARIABLE_ASSIGNMENT|[81]|drField|"common.api.soap.wsdl.Field@ff0f164d"|0x52eaa249
17:37:34.10 (31442978)|STATEMENT_EXECUTE|[82]
17:37:34.10 (31444401)|STATEMENT_EXECUTE|[83]
17:37:34.10 (31452847)|HEAP_ALLOCATE|[83]|Bytes:8
17:37:34.10 (31475557)|ENTERING_MANAGED_PKG|
17:37:34.10 (31502094)|HEAP_ALLOCATE|[83]|Bytes:8
17:37:34.10 (31516527)|HEAP_ALLOCATE|[83]|Bytes:67
17:37:34.10 (31520609)|HEAP_ALLOCATE|[83]|Bytes:68
17:37:34.10 (31528474)|VARIABLE_ASSIGNMENT|[83]|securityMessage|"FLS on [gameize__Gam (48 more) ..."
17:37:34.10 (31531360)|STATEMENT_EXECUTE|[84]
17:37:34.10 (31538269)|HEAP_ALLOCATE|[84]|Bytes:78
17:37:34.10 (31552507)|ENTERING_MANAGED_PKG|
17:37:34.10 (31571376)|USER_DEBUG|[84]|DEBUG|Checking: FLS on [gameize__Gameize__c.gameize__dataFavorite__c] for [Querying]
17:37:34.10 (31648345)|STATEMENT_EXECUTE|[87]
17:37:34.10 (31664682)|STATEMENT_EXECUTE|[88]
17:37:34.10 (31678136)|HEAP_ALLOCATE|[80]|Bytes:5
17:37:34.10 (31688867)|VARIABLE_SCOPE_BEGIN|[80]|fieldName|String|false|false
17:37:34.10 (31697542)|VARIABLE_ASSIGNMENT|[80]|fieldName|"gameize__dataHistory (3 more) ..."
17:37:34.10 (31699901)|STATEMENT_EXECUTE|[80]
17:37:34.10 (31700985)|STATEMENT_EXECUTE|[81]
17:37:34.10 (31714598)|ENTERING_MANAGED_PKG|
17:37:34.10 (31853113)|HEAP_ALLOCATE|[81]|Bytes:8
17:37:34.10 (31863312)|VARIABLE_SCOPE_BEGIN|[81]|drField|Schema.DescribeFieldResult|true|false
17:37:34.10 (31924155)|VARIABLE_ASSIGNMENT|[81]|drField|"common.api.soap.wsdl.Field@733c323a"|0x169a28b6
17:37:34.10 (31935378)|STATEMENT_EXECUTE|[82]
17:37:34.10 (31936606)|STATEMENT_EXECUTE|[83]
17:37:34.10 (31961132)|ENTERING_MANAGED_PKG|
17:37:34.10 (31969231)|HEAP_ALLOCATE|[83]|Bytes:8
17:37:34.10 (31983651)|HEAP_ALLOCATE|[83]|Bytes:66
17:37:34.10 (31987228)|HEAP_ALLOCATE|[83]|Bytes:67
17:37:34.10 (31995298)|VARIABLE_ASSIGNMENT|[83]|securityMessage|"FLS on [gameize__Gam (47 more) ..."
17:37:34.10 (31997917)|STATEMENT_EXECUTE|[84]
17:37:34.10 (32003844)|HEAP_ALLOCATE|[84]|Bytes:77
17:37:34.10 (32015115)|ENTERING_MANAGED_PKG|
17:37:34.10 (32022188)|USER_DEBUG|[84]|DEBUG|Checking: FLS on [gameize__Gameize__c.gameize__dataHistory__c] for [Querying]
17:37:34.10 (32056502)|STATEMENT_EXECUTE|[87]
17:37:34.10 (32063526)|STATEMENT_EXECUTE|[88]
17:37:34.10 (32075158)|HEAP_ALLOCATE|[80]|Bytes:5
17:37:34.10 (32085410)|VARIABLE_ASSIGNMENT|[80]|fieldName|null
17:37:34.10 (32091508)|HEAP_ALLOCATE|[58]|Bytes:5
17:37:34.10 (32097122)|VARIABLE_ASSIGNMENT|[58]|sObjectName|null
17:37:34.10 (32106691)|METHOD_EXIT|[29]|01p41000000CNQM|gameize.ETLC_SecuredDB.validate(gameize.ETLC_SecuredDB.Operation, Map<String,Set<String>>)
17:37:34.10 (32115159)|METHOD_EXIT|[27]|01p41000000CNQM|gameize.ETLC_SecuredDB.validateQuery(List<SObject>)
17:37:34.10 (32117659)|STATEMENT_EXECUTE|[29]
17:37:34.10 (32133995)|HEAP_ALLOCATE|[29]|Bytes:16
17:37:34.10 (32144199)|METHOD_ENTRY|[29]||System.JSON.serialize(Object)
17:37:34.10 (32294850)|METHOD_EXIT|[29]||System.JSON.serialize(Object)
17:37:34.10 (32307237)|VARIABLE_ASSIGNMENT|[29]|returnData|"{\"attributes\":{\"type (1596 more) ..."
17:37:34.10 (32368945)|VARIABLE_ASSIGNMENT|[EXTERNAL]|this|{"debug":false,"input":"{\"mode\":\"fetchUserDa (4 more) ...","operation":"GameizeController"}|0x23f2030e
17:37:34.10 (32379474)|STATEMENT_EXECUTE|[30]
17:37:34.10 (32386164)|STATEMENT_EXECUTE|[33]
17:37:34.10 (32394336)|METHOD_EXIT|[9]|01p41000000CQtU|gameize.GameizeController.fetchUserData(Id)
17:37:34.10 (32419600)|VARIABLE_ASSIGNMENT|[EXTERNAL]|this|{"debug":false,"input":"{\"mode\":\"fetchUserDa (4 more) ...","operation":"GameizeController"}|0x23f2030e
17:37:34.10 (32425638)|VARIABLE_ASSIGNMENT|[EXTERNAL]|value|"{\"attributes\":{\"type (1596 more) ..."
17:37:34.10 (32436794)|VARIABLE_ASSIGNMENT|[12]|this.output|"{\"attributes\":{\"type (1596 more) ..."|0x23f2030e
17:37:34.10 (32441237)|STATEMENT_EXECUTE|[10]
17:37:34.10 (32476145)|VARIABLE_ASSIGNMENT|[EXTERNAL]|this|{"debug":false,"input":"{\"mode\":\"fetchUserDa (4 more) ...","operation":"GameizeController","output":"{\"attributes\":{\"type (1596 more) ..."}|0x23f2030e
17:37:34.10 (32501147)|VARIABLE_ASSIGNMENT|[EXTERNAL]|this|{"debug":false,"input":"{\"mode\":\"fetchUserDa (4 more) ...","operation":"GameizeController","output":"{\"attributes\":{\"type (1596 more) ..."}|0x23f2030e
17:37:34.10 (32507288)|VARIABLE_ASSIGNMENT|[EXTERNAL]|value|true
17:37:34.10 (32510521)|HEAP_ALLOCATE|[15]|Bytes:5
17:37:34.10 (32515664)|VARIABLE_ASSIGNMENT|[15]|this.outputFlag|true|0x23f2030e
17:37:34.10 (32524690)|METHOD_EXIT|[8]|01p41000000CQtU|gameize.GameizeController.process(gameize.ETLC_ApexBridge_Data)
17:37:34.10 (32527865)|STATEMENT_EXECUTE|[23]
17:37:34.10 (32537659)|METHOD_ENTRY|[23]|01p41000000CNQH|gameize.ETLC_ApexBridge_Data.toJSON()
17:37:34.10 (32541216)|VARIABLE_SCOPE_BEGIN|[57]|this|gameize.ETLC_ApexBridge_Data|true|false
17:37:34.10 (32560211)|VARIABLE_ASSIGNMENT|[57]|this|{"debug":false,"input":"{\"mode\":\"fetchUserDa (4 more) ...","operation":"GameizeController","output":"{\"attributes\":{\"type (1596 more) ...","outputFlag":true}|0x23f2030e
17:37:34.10 (32564350)|STATEMENT_EXECUTE|[57]
17:37:34.10 (32565651)|STATEMENT_EXECUTE|[58]
17:37:34.10 (32572136)|METHOD_ENTRY|[58]||System.JSON.serialize(Object)
17:37:34.10 (32654777)|STATEMENT_EXECUTE|[22]
17:37:34.10 (32657751)|STATEMENT_EXECUTE|[23]
17:37:34.10 (32664950)|HEAP_ALLOCATE|[23]|Bytes:5
17:37:34.10 (32671736)|VARIABLE_ASSIGNMENT|[23]|this.isSuccess|true|0x23f2030e
17:37:34.10 (32673827)|STATEMENT_EXECUTE|[24]
17:37:34.10 (32703410)|STATEMENT_EXECUTE|[31]
17:37:34.10 (32705414)|STATEMENT_EXECUTE|[32]
17:37:34.10 (32712118)|HEAP_ALLOCATE|[32]|Bytes:4
17:37:34.10 (32738194)|VARIABLE_ASSIGNMENT|[32]|this.messages|{"s":1,"v":{}}|0x23f2030e
17:37:34.10 (32741074)|STATEMENT_EXECUTE|[33]
17:37:34.10 (32928740)|METHOD_EXIT|[58]||System.JSON.serialize(Object)
17:37:34.10 (32934018)|METHOD_EXIT|[23]|01p41000000CNQH|gameize.ETLC_ApexBridge_Data.toJSON()
17:37:34.10 (32945340)|SYSTEM_MODE_EXIT|false
17:37:34.32 (32990667)|CUMULATIVE_LIMIT_USAGE
17:37:34.32 (32990667)|LIMIT_USAGE_FOR_NS|(default)|
  Number of SOQL queries: 0 out of 100
  Number of query rows: 0 out of 50000
  Number of SOSL queries: 0 out of 20
  Number of DML statements: 0 out of 150
  Number of DML rows: 0 out of 10000
  Maximum CPU time: 0 out of 10000
  Maximum heap size: 0 out of 6000000
  Number of callouts: 0 out of 100
  Number of Email Invocations: 0 out of 10
  Number of future calls: 0 out of 50
  Number of queueable jobs added to the queue: 0 out of 50
  Number of Mobile Apex push calls: 0 out of 10

17:37:34.32 (32990667)|LIMIT_USAGE_FOR_NS|gameize|
  Number of SOQL queries: 2 out of 100
  Number of query rows: 2 out of 50000
  Number of SOSL queries: 0 out of 20
  Number of DML statements: 0 out of 150
  Number of DML rows: 0 out of 10000
  Maximum CPU time: 0 out of 10000
  Maximum heap size: 0 out of 6000000
  Number of callouts: 0 out of 100
  Number of Email Invocations: 0 out of 10
  Number of future calls: 0 out of 50
  Number of queueable jobs added to the queue: 0 out of 50
  Number of Mobile Apex push calls: 0 out of 10

17:37:34.32 (32990667)|CUMULATIVE_LIMIT_USAGE_END

17:37:34.10 (33067152)|CODE_UNIT_FINISHED|ETLC_ApexBridge_Controller.execute
