37.0 APEX_CODE,FINEST;APEX_PROFILING,INFO;CALLOUT,INFO;DB,INFO;SYSTEM,DEBUG;VALIDATION,INFO;VISUALFORCE,INFO;WORKFLOW,INFO
17:48:57.0 (483294)|USER_INFO|[EXTERNAL]|00541000000Hq4o|gameize@jr.te|Eastern Standard Time|GMT-04:00
17:48:57.0 (975660)|HEAP_ALLOCATE|[72]|Bytes:3
17:48:57.0 (1079047)|HEAP_ALLOCATE|[77]|Bytes:152
17:48:57.0 (1105308)|HEAP_ALLOCATE|[342]|Bytes:408
17:48:57.0 (1127855)|HEAP_ALLOCATE|[355]|Bytes:408
17:48:57.0 (1148673)|HEAP_ALLOCATE|[467]|Bytes:48
17:48:57.2 (2477699)|USER_INFO|[EXTERNAL]|00541000000Hq4o|gameize@jr.te|Eastern Standard Time|GMT-04:00
17:48:57.2 (2712927)|STATEMENT_EXECUTE|[1]
17:48:57.2 (2738298)|METHOD_EXIT|[1]|ETLC_ApexBridge_Controller
17:48:57.2 (2744769)|HEAP_ALLOCATE|[EXTERNAL]|Bytes:86
17:48:57.2 (2770747)|SYSTEM_MODE_ENTER|false
17:48:57.2 (2785028)|VARIABLE_SCOPE_BEGIN|[3]|dataJson|String|false|false
17:48:57.2 (2948921)|VARIABLE_ASSIGNMENT|[3]|dataJson|"{\"operation\":\"Gameiz (66 more) ..."
17:48:57.2 (2970220)|STATEMENT_EXECUTE|[3]
17:48:57.2 (2973226)|STATEMENT_EXECUTE|[4]
17:48:57.2 (6405783)|VARIABLE_SCOPE_BEGIN|[4]|data|gameize.ETLC_ApexBridge_Data|true|false
17:48:57.2 (6424278)|VARIABLE_ASSIGNMENT|[4]|data|null|
17:48:57.2 (6429594)|STATEMENT_EXECUTE|[5]
17:48:57.2 (6431956)|STATEMENT_EXECUTE|[5]
17:48:57.2 (6433833)|STATEMENT_EXECUTE|[6]
17:48:57.2 (6454593)|HEAP_ALLOCATE|[6]|Bytes:11
17:48:57.2 (6461547)|HEAP_ALLOCATE|[6]|Bytes:248
17:48:57.2 (6464384)|HEAP_ALLOCATE|[6]|Bytes:39
17:48:57.2 (6511566)|METHOD_ENTRY|[2]|01p41000000CNQH|ETLC_ApexBridge_Data.ETLC_ApexBridge_Data()
17:48:57.2 (6516484)|STATEMENT_EXECUTE|[2]
17:48:57.2 (6522744)|STATEMENT_EXECUTE|[2]
17:48:57.2 (6531493)|METHOD_EXIT|[2]|ETLC_ApexBridge_Data
17:48:57.2 (6565137)|METHOD_ENTRY|[6]|01p41000000CNQH|gameize.ETLC_ApexBridge_Data.fromJSON(String)
17:48:57.2 (6592613)|VARIABLE_SCOPE_BEGIN|[60]|strJson|String|false|false
17:48:57.2 (6604421)|VARIABLE_ASSIGNMENT|[60]|strJson|"{\"operation\":\"Gameiz (66 more) ..."
17:48:57.2 (6608864)|STATEMENT_EXECUTE|[60]
17:48:57.2 (6610172)|STATEMENT_EXECUTE|[61]
17:48:57.2 (6630256)|HEAP_ALLOCATE|[61]|Bytes:28
17:48:57.2 (6670111)|HEAP_ALLOCATE|[50]|Bytes:5
17:48:57.2 (6708649)|HEAP_ALLOCATE|[56]|Bytes:5
17:48:57.2 (6722760)|HEAP_ALLOCATE|[64]|Bytes:7
17:48:57.2 (6862423)|HEAP_ALLOCATE|[61]|Bytes:24
17:48:57.2 (6886784)|SYSTEM_METHOD_ENTRY|[1]|Type.Type()
17:48:57.2 (6893007)|STATEMENT_EXECUTE|[1]
17:48:57.2 (6912298)|SYSTEM_METHOD_EXIT|[1]|Type
17:48:57.2 (6923905)|HEAP_ALLOCATE|[61]|Bytes:8
17:48:57.2 (6961847)|HEAP_ALLOCATE|[61]|Bytes:8
17:48:57.2 (6970330)|VARIABLE_SCOPE_BEGIN|[4]|this|System.Type|true|false
17:48:57.2 (7044168)|VARIABLE_ASSIGNMENT|[4]|this|{}|0xf7bd3f7
17:48:57.2 (7052595)|VARIABLE_SCOPE_BEGIN|[4]|apextype|java:common.apex.runtime.ApexObjectType|true|false
17:48:57.2 (7252623)|VARIABLE_ASSIGNMENT|[4]|apextype|"gameize.ETLC_ApexBridge_Data"|0x32a60840
17:48:57.2 (7333810)|HEAP_ALLOCATE|[61]|Bytes:8
17:48:57.2 (7380535)|HEAP_ALLOCATE|[61]|Bytes:24
17:48:57.2 (7396325)|SYSTEM_METHOD_ENTRY|[1]|JSON.JSON()
17:48:57.2 (7399828)|STATEMENT_EXECUTE|[1]
17:48:57.2 (7409363)|SYSTEM_METHOD_EXIT|[1]|JSON
17:48:57.2 (7422663)|METHOD_ENTRY|[61]||System.JSON.deserializeStrict(String, System.Type)
17:48:57.2 (8376673)|METHOD_EXIT|[61]||System.JSON.deserializeStrict(String, System.Type)
17:48:57.2 (8388163)|METHOD_EXIT|[6]|01p41000000CNQH|gameize.ETLC_ApexBridge_Data.fromJSON(String)
17:48:57.2 (8446689)|VARIABLE_ASSIGNMENT|[6]|data|{"debug":false,"input":"{\"mode\":\"fetchGameDa (4 more) ...","operation":"GameizeController"}|0x2fa80831
17:48:57.2 (8451757)|STATEMENT_EXECUTE|[7]
17:48:57.2 (8510058)|VARIABLE_ASSIGNMENT|[EXTERNAL]|this|{"debug":false,"input":"{\"mode\":\"fetchGameDa (4 more) ...","operation":"GameizeController"}|0x2fa80831
17:48:57.2 (8530163)|METHOD_ENTRY|[7]||System.Type.forName(String)
17:48:57.2 (10794397)|METHOD_EXIT|[7]||System.Type.forName(String)
17:48:57.2 (10806906)|METHOD_ENTRY|[7]||System.Type.newInstance()
17:48:57.2 (12224317)|STATEMENT_EXECUTE|[1]
17:48:57.2 (12237463)|HEAP_ALLOCATE|[33]|Bytes:5
17:48:57.2 (12254709)|METHOD_EXIT|[1]|GameizeController
17:48:57.2 (12270805)|HEAP_ALLOCATE|[33]|Bytes:4
17:48:57.2 (12279889)|VARIABLE_SCOPE_BEGIN|[1]|this|gameize.GameizeController|true|false
17:48:57.2 (12298930)|VARIABLE_ASSIGNMENT|[1]|this|{}|0x624b036d
17:48:57.2 (12307184)|HEAP_ALLOCATE|[33]|Bytes:5
17:48:57.2 (12315397)|HEAP_ALLOCATE|[33]|Bytes:11
17:48:57.2 (12338533)|METHOD_ENTRY|[1]|01p41000000CNQC|ETLC_ApexBridge_Abstract.ETLC_ApexBridge_Abstract()
17:48:57.2 (12342648)|STATEMENT_EXECUTE|[1]
17:48:57.2 (12348657)|STATEMENT_EXECUTE|[1]
17:48:57.2 (12356231)|METHOD_EXIT|[1]|ETLC_ApexBridge_Abstract
17:48:57.2 (12364510)|CONSTRUCTOR_ENTRY|[EXTERNAL]|01p41000000CNQC|<init>()
17:48:57.2 (12381860)|VARIABLE_SCOPE_BEGIN|[1]|this|gameize.ETLC_ApexBridge_Abstract|true|false
17:48:57.2 (12397471)|VARIABLE_ASSIGNMENT|[1]|this|{}|0x624b036d
17:48:57.2 (12411981)|STATEMENT_EXECUTE|[1]
17:48:57.2 (12416363)|CONSTRUCTOR_EXIT|[EXTERNAL]|01p41000000CNQC|<init>()
17:48:57.2 (12421388)|STATEMENT_EXECUTE|[1]
17:48:57.2 (12426092)|HEAP_ALLOCATE|[33]|Bytes:5
17:48:57.2 (12442245)|METHOD_EXIT|[7]||System.Type.newInstance()
17:48:57.2 (12449937)|VARIABLE_SCOPE_BEGIN|[7]|executor|gameize.ETLC_ApexBridge_Abstract|true|false
17:48:57.2 (12463265)|VARIABLE_ASSIGNMENT|[7]|executor|{}|0x624b036d
17:48:57.2 (12466014)|STATEMENT_EXECUTE|[8]
17:48:57.2 (12517258)|METHOD_ENTRY|[8]|01p41000000CQtU|gameize.GameizeController.process(gameize.ETLC_ApexBridge_Data)
17:48:57.2 (12543021)|VARIABLE_SCOPE_BEGIN|[3]|this|gameize.GameizeController|true|false
17:48:57.2 (12557916)|VARIABLE_ASSIGNMENT|[3]|this|{}|0x624b036d
17:48:57.2 (12562063)|VARIABLE_SCOPE_BEGIN|[3]|data|gameize.ETLC_ApexBridge_Data|true|false
17:48:57.2 (12586181)|VARIABLE_ASSIGNMENT|[3]|data|{"debug":false,"input":"{\"mode\":\"fetchGameDa (4 more) ...","operation":"GameizeController"}|0x2fa80831
17:48:57.2 (12595106)|HEAP_ALLOCATE|[4]|Bytes:5
17:48:57.2 (12599509)|STATEMENT_EXECUTE|[3]
17:48:57.2 (12600761)|STATEMENT_EXECUTE|[4]
17:48:57.2 (12642143)|VARIABLE_ASSIGNMENT|[4]|GameizeController.apexBridgedata|{"debug":false,"input":"{\"mode\":\"fetchGameDa (4 more) ...","operation":"GameizeController"}|0x2fa80831
17:48:57.2 (12712898)|VARIABLE_ASSIGNMENT|[EXTERNAL]|this|{"debug":false,"input":"{\"mode\":\"fetchGameDa (4 more) ...","operation":"GameizeController"}|0x2fa80831
17:48:57.2 (12730367)|STATEMENT_EXECUTE|[5]
17:48:57.2 (12737023)|STATEMENT_EXECUTE|[7]
17:48:57.2 (12741788)|HEAP_ALLOCATE|[7]|Bytes:4
17:48:57.2 (12762765)|METHOD_ENTRY|[7]|01p41000000CNQH|gameize.ETLC_ApexBridge_Data.getInputValue(String)
17:48:57.2 (12785143)|VARIABLE_SCOPE_BEGIN|[52]|this|gameize.ETLC_ApexBridge_Data|true|false
17:48:57.2 (12810503)|VARIABLE_ASSIGNMENT|[52]|this|{"debug":false,"input":"{\"mode\":\"fetchGameDa (4 more) ...","operation":"GameizeController"}|0x2fa80831
17:48:57.2 (12816141)|VARIABLE_SCOPE_BEGIN|[52]|key|String|false|false
17:48:57.2 (12820368)|VARIABLE_ASSIGNMENT|[52]|key|"mode"
17:48:57.2 (12824286)|STATEMENT_EXECUTE|[52]
17:48:57.2 (12825516)|STATEMENT_EXECUTE|[53]
17:48:57.2 (12874020)|VARIABLE_ASSIGNMENT|[EXTERNAL]|this|{"debug":false,"input":"{\"mode\":\"fetchGameDa (4 more) ...","operation":"GameizeController"}|0x2fa80831
17:48:57.2 (12891646)|METHOD_ENTRY|[53]||System.JSON.deserializeUntyped(String)
17:48:57.2 (13175055)|METHOD_EXIT|[53]||System.JSON.deserializeUntyped(String)
17:48:57.2 (13184395)|VARIABLE_SCOPE_BEGIN|[53]|inputMap|Map<String,ANY>|true|false
17:48:57.2 (13222642)|VARIABLE_ASSIGNMENT|[53]|inputMap|{"s":1,"v":{"mode":"fetchGameData"}}|0x34fb3030
17:48:57.2 (13226503)|STATEMENT_EXECUTE|[54]
17:48:57.2 (13251409)|ENTERING_MANAGED_PKG|
17:48:57.2 (13283298)|METHOD_EXIT|[7]|01p41000000CNQH|gameize.ETLC_ApexBridge_Data.getInputValue(String)
17:48:57.2 (13290768)|VARIABLE_SCOPE_BEGIN|[7]|mode|String|false|false
17:48:57.2 (13298293)|VARIABLE_ASSIGNMENT|[7]|mode|"fetchGameData"
17:48:57.2 (13302397)|HEAP_ALLOCATE|[8]|Bytes:13
17:48:57.2 (13335149)|HEAP_ALLOCATE|[11]|Bytes:12
17:48:57.2 (13343833)|HEAP_ALLOCATE|[13]|Bytes:13
17:48:57.2 (13353713)|STATEMENT_EXECUTE|[13]
17:48:57.2 (13355182)|STATEMENT_EXECUTE|[14]
17:48:57.2 (13370206)|METHOD_ENTRY|[14]|01p41000000CQtU|gameize.GameizeController.fetchGameData()
17:48:57.2 (13387952)|VARIABLE_SCOPE_BEGIN|[82]|this|gameize.GameizeController|true|false
17:48:57.2 (13402514)|VARIABLE_ASSIGNMENT|[82]|this|{}|0x624b036d
17:48:57.2 (13410686)|HEAP_ALLOCATE|[83]|Bytes:5
17:48:57.2 (13414600)|STATEMENT_EXECUTE|[82]
17:48:57.2 (13415882)|STATEMENT_EXECUTE|[83]
17:48:57.2 (13424099)|VARIABLE_SCOPE_BEGIN|[83]|returnData|String|false|false
17:48:57.2 (13429948)|VARIABLE_ASSIGNMENT|[83]|returnData|null
17:48:57.2 (13431870)|STATEMENT_EXECUTE|[84]
17:48:57.2 (13432900)|STATEMENT_EXECUTE|[84]
17:48:57.2 (13433862)|STATEMENT_EXECUTE|[85]
17:48:57.2 (13438379)|HEAP_ALLOCATE|[85]|Bytes:63
17:48:57.2 (13446241)|HEAP_ALLOCATE|[85]|Bytes:4
17:48:57.2 (13763158)|SOQL_EXECUTE_BEGIN|[85]|Aggregations:0|SELECT Body FROM StaticResource WHERE Name = 'Gameize_GameList'
17:48:57.2 (18756056)|SOQL_EXECUTE_END|[85]|Rows:1
17:48:57.2 (18798404)|HEAP_ALLOCATE|[85]|Bytes:8
17:48:57.2 (18821468)|HEAP_ALLOCATE|[85]|Bytes:536
17:48:57.2 (18940533)|HEAP_ALLOCATE|[85]|Bytes:8
17:48:57.2 (18959253)|VARIABLE_SCOPE_BEGIN|[85]|records|List<StaticResource>|true|false
17:48:57.2 (19008911)|VARIABLE_ASSIGNMENT|[85]|records|{"s":1,"v":[{"s":2,"v":{"Body":BLOB(491 bytes),"Id":"081410000000JmSAAU"}}]}|0x70e8b489
17:48:57.2 (19129921)|ENTERING_MANAGED_PKG|
17:48:57.2 (19171092)|STATEMENT_EXECUTE|[86]
17:48:57.2 (19175583)|STATEMENT_EXECUTE|[88]
17:48:57.2 (19227300)|HEAP_ALLOCATE|[88]|Bytes:12
17:48:57.2 (19315315)|ENTERING_MANAGED_PKG|
17:48:57.2 (19416251)|HEAP_ALLOCATE|[88]|Bytes:491
17:48:57.2 (19450391)|VARIABLE_ASSIGNMENT|[88]|returnData|"[{\"id\": 1, \"name\": \" (471 more) ..."
17:48:57.2 (19456760)|STATEMENT_EXECUTE|[89]
17:48:57.2 (19469359)|HEAP_ALLOCATE|[89]|Bytes:12
17:48:57.2 (19490342)|HEAP_ALLOCATE|[89]|Bytes:503
17:48:57.2 (19525435)|ENTERING_MANAGED_PKG|
17:48:57.2 (19567747)|USER_DEBUG|[89]|DEBUG|returnData::[{"id": 1, "name": "Age Counter", "auraid": "agecounter", "cmpname": "AgeCounter", "desc": "Count how long you've lived, in days+hours+minutes."},{"id": 2, "name": "Hangman", "auraid": "hangman", "cmpname": "Hangman", "desc": "Games are a good way to keep your visitors- and yourself- occupied on your site. Here's where this script comes in. It's the great JavaScript reincarnation of the classic Hang Man game. Play against the computer. The vocabulary to be used is configurable. Cool!"}]
17:48:57.2 (19658295)|VARIABLE_ASSIGNMENT|[EXTERNAL]|this|{"debug":false,"input":"{\"mode\":\"fetchGameDa (4 more) ...","operation":"GameizeController"}|0x2fa80831
17:48:57.2 (19676896)|STATEMENT_EXECUTE|[90]
17:48:57.2 (19688457)|STATEMENT_EXECUTE|[93]
17:48:57.2 (19705818)|METHOD_EXIT|[14]|01p41000000CQtU|gameize.GameizeController.fetchGameData()
17:48:57.2 (19785265)|VARIABLE_ASSIGNMENT|[EXTERNAL]|this|{"debug":false,"input":"{\"mode\":\"fetchGameDa (4 more) ...","operation":"GameizeController"}|0x2fa80831
17:48:57.2 (19803927)|VARIABLE_ASSIGNMENT|[EXTERNAL]|value|"[{\"id\": 1, \"name\": \" (471 more) ..."
17:48:57.2 (19827025)|VARIABLE_ASSIGNMENT|[12]|this.output|"[{\"id\": 1, \"name\": \" (471 more) ..."|0x2fa80831
17:48:57.2 (19840856)|STATEMENT_EXECUTE|[15]
17:48:57.2 (19924858)|VARIABLE_ASSIGNMENT|[EXTERNAL]|this|{"debug":false,"input":"{\"mode\":\"fetchGameDa (4 more) ...","operation":"GameizeController","output":"[{\"id\": 1, \"name\": \" (471 more) ..."}|0x2fa80831
17:48:57.2 (20009112)|VARIABLE_ASSIGNMENT|[EXTERNAL]|this|{"debug":false,"input":"{\"mode\":\"fetchGameDa (4 more) ...","operation":"GameizeController","output":"[{\"id\": 1, \"name\": \" (471 more) ..."}|0x2fa80831
17:48:57.2 (20027870)|VARIABLE_ASSIGNMENT|[EXTERNAL]|value|true
17:48:57.2 (20037202)|HEAP_ALLOCATE|[15]|Bytes:5
17:48:57.2 (20051420)|VARIABLE_ASSIGNMENT|[15]|this.outputFlag|true|0x2fa80831
17:48:57.2 (20072293)|METHOD_EXIT|[8]|01p41000000CQtU|gameize.GameizeController.process(gameize.ETLC_ApexBridge_Data)
17:48:57.2 (20079286)|STATEMENT_EXECUTE|[23]
17:48:57.2 (20106069)|METHOD_ENTRY|[23]|01p41000000CNQH|gameize.ETLC_ApexBridge_Data.toJSON()
17:48:57.2 (20133402)|VARIABLE_SCOPE_BEGIN|[57]|this|gameize.ETLC_ApexBridge_Data|true|false
17:48:57.2 (20177501)|VARIABLE_ASSIGNMENT|[57]|this|{"debug":false,"input":"{\"mode\":\"fetchGameDa (4 more) ...","operation":"GameizeController","output":"[{\"id\": 1, \"name\": \" (471 more) ...","outputFlag":true}|0x2fa80831
17:48:57.2 (20186407)|STATEMENT_EXECUTE|[57]
17:48:57.2 (20188916)|STATEMENT_EXECUTE|[58]
17:48:57.2 (20211059)|METHOD_ENTRY|[58]||System.JSON.serialize(Object)
17:48:57.2 (20357749)|STATEMENT_EXECUTE|[22]
17:48:57.2 (20362853)|STATEMENT_EXECUTE|[23]
17:48:57.2 (20373011)|HEAP_ALLOCATE|[23]|Bytes:5
17:48:57.2 (20382335)|VARIABLE_ASSIGNMENT|[23]|this.isSuccess|true|0x2fa80831
17:48:57.2 (20385240)|STATEMENT_EXECUTE|[24]
17:48:57.2 (20437484)|STATEMENT_EXECUTE|[31]
17:48:57.2 (20444330)|STATEMENT_EXECUTE|[32]
17:48:57.2 (20457832)|HEAP_ALLOCATE|[32]|Bytes:4
17:48:57.2 (20539972)|VARIABLE_ASSIGNMENT|[32]|this.messages|{"s":1,"v":{}}|0x2fa80831
17:48:57.2 (20546156)|STATEMENT_EXECUTE|[33]
17:48:57.2 (21092120)|METHOD_EXIT|[58]||System.JSON.serialize(Object)
17:48:57.2 (21104725)|METHOD_EXIT|[23]|01p41000000CNQH|gameize.ETLC_ApexBridge_Data.toJSON()
17:48:57.2 (21122602)|SYSTEM_MODE_EXIT|false
17:48:57.21 (21189546)|CUMULATIVE_LIMIT_USAGE
17:48:57.21 (21189546)|LIMIT_USAGE_FOR_NS|(default)|
  Number of SOQL queries: 0 out of 100
  Number of query rows: 0 out of 50000
  Number of SOSL queries: 0 out of 20
  Number of DML statements: 0 out of 150
  Number of DML rows: 0 out of 10000
  Maximum CPU time: 0 out of 10000
  Maximum heap size: 0 out of 6000000
  Number of callouts: 0 out of 100
  Number of Email Invocations: 0 out of 10
  Number of future calls: 0 out of 50
  Number of queueable jobs added to the queue: 0 out of 50
  Number of Mobile Apex push calls: 0 out of 10

17:48:57.21 (21189546)|LIMIT_USAGE_FOR_NS|gameize|
  Number of SOQL queries: 1 out of 100
  Number of query rows: 1 out of 50000
  Number of SOSL queries: 0 out of 20
  Number of DML statements: 0 out of 150
  Number of DML rows: 0 out of 10000
  Maximum CPU time: 0 out of 10000
  Maximum heap size: 0 out of 6000000
  Number of callouts: 0 out of 100
  Number of Email Invocations: 0 out of 10
  Number of future calls: 0 out of 50
  Number of queueable jobs added to the queue: 0 out of 50
  Number of Mobile Apex push calls: 0 out of 10

17:48:57.21 (21189546)|CUMULATIVE_LIMIT_USAGE_END

17:48:57.2 (21296735)|CODE_UNIT_FINISHED|ETLC_ApexBridge_Controller.execute
17:48:57.0 (21719174)|HEAP_ALLOCATE|[EXTERNAL]|Bytes:86
17:48:57.0 (21746281)|HEAP_ALLOCATE|[EXTERNAL]|Bytes:86
17:48:57.24 (24028324)|USER_INFO|[EXTERNAL]|00541000000Hq4o|gameize@jr.te|Eastern Standard Time|GMT-04:00
17:48:57.24 (24131209)|STATEMENT_EXECUTE|[3]
17:48:57.24 (24135572)|STATEMENT_EXECUTE|[4]
17:48:57.24 (24149812)|VARIABLE_SCOPE_BEGIN|[4]|data|gameize.ETLC_ApexBridge_Data|true|false
17:48:57.24 (24185189)|VARIABLE_ASSIGNMENT|[4]|data|null|
17:48:57.24 (24190643)|STATEMENT_EXECUTE|[5]
17:48:57.24 (24192831)|STATEMENT_EXECUTE|[5]
17:48:57.24 (24194643)|STATEMENT_EXECUTE|[6]
17:48:57.24 (24212199)|METHOD_ENTRY|[6]|01p41000000CNQH|gameize.ETLC_ApexBridge_Data.fromJSON(String)
17:48:57.24 (24220643)|VARIABLE_SCOPE_BEGIN|[60]|strJson|String|false|false
17:48:57.24 (24235214)|VARIABLE_ASSIGNMENT|[60]|strJson|"{\"operation\":\"Gameiz (66 more) ..."
17:48:57.24 (24242064)|STATEMENT_EXECUTE|[60]
17:48:57.24 (24244278)|STATEMENT_EXECUTE|[61]
17:48:57.24 (24310068)|HEAP_ALLOCATE|[61]|Bytes:8
17:48:57.24 (24320300)|HEAP_ALLOCATE|[61]|Bytes:8
17:48:57.24 (24326571)|VARIABLE_SCOPE_BEGIN|[4]|this|System.Type|true|false
17:48:57.24 (24365500)|VARIABLE_ASSIGNMENT|[4]|this|{}|0x7c93a183
17:48:57.24 (24372352)|VARIABLE_SCOPE_BEGIN|[4]|apextype|java:common.apex.runtime.ApexObjectType|true|false
17:48:57.24 (24556109)|VARIABLE_ASSIGNMENT|[4]|apextype|"gameize.ETLC_ApexBridge_Data"|0x32a60840
17:48:57.24 (24604616)|HEAP_ALLOCATE|[61]|Bytes:8
17:48:57.24 (24621030)|METHOD_ENTRY|[61]||System.JSON.deserializeStrict(String, System.Type)
17:48:57.24 (25204387)|METHOD_EXIT|[61]||System.JSON.deserializeStrict(String, System.Type)
17:48:57.24 (25221695)|METHOD_EXIT|[6]|01p41000000CNQH|gameize.ETLC_ApexBridge_Data.fromJSON(String)
17:48:57.24 (25267716)|VARIABLE_ASSIGNMENT|[6]|data|{"debug":false,"input":"{\"mode\":\"fetchUserDa (4 more) ...","operation":"GameizeController"}|0xddf4fa4
17:48:57.24 (25274836)|STATEMENT_EXECUTE|[7]
17:48:57.24 (25321526)|VARIABLE_ASSIGNMENT|[EXTERNAL]|this|{"debug":false,"input":"{\"mode\":\"fetchUserDa (4 more) ...","operation":"GameizeController"}|0xddf4fa4
17:48:57.24 (25335933)|METHOD_ENTRY|[7]||System.Type.forName(String)
17:48:57.24 (25458287)|METHOD_EXIT|[7]||System.Type.forName(String)
17:48:57.24 (25469112)|METHOD_ENTRY|[7]||System.Type.newInstance()
17:48:57.24 (25544362)|HEAP_ALLOCATE|[33]|Bytes:5
17:48:57.24 (25555782)|CONSTRUCTOR_ENTRY|[EXTERNAL]|01p41000000CNQC|<init>()
17:48:57.24 (25562962)|VARIABLE_SCOPE_BEGIN|[1]|this|gameize.ETLC_ApexBridge_Abstract|true|false
17:48:57.24 (25582911)|VARIABLE_ASSIGNMENT|[1]|this|{}|0x55a547a
17:48:57.24 (25600940)|STATEMENT_EXECUTE|[1]
17:48:57.24 (25607168)|CONSTRUCTOR_EXIT|[EXTERNAL]|01p41000000CNQC|<init>()
17:48:57.24 (25614139)|STATEMENT_EXECUTE|[1]
17:48:57.24 (25620138)|HEAP_ALLOCATE|[33]|Bytes:5
17:48:57.24 (25642761)|METHOD_EXIT|[7]||System.Type.newInstance()
17:48:57.24 (25652067)|VARIABLE_SCOPE_BEGIN|[7]|executor|gameize.ETLC_ApexBridge_Abstract|true|false
17:48:57.24 (25672323)|VARIABLE_ASSIGNMENT|[7]|executor|{}|0x55a547a
17:48:57.24 (25677154)|STATEMENT_EXECUTE|[8]
17:48:57.24 (25696429)|METHOD_ENTRY|[8]|01p41000000CQtU|gameize.GameizeController.process(gameize.ETLC_ApexBridge_Data)
17:48:57.24 (25703960)|VARIABLE_SCOPE_BEGIN|[3]|this|gameize.GameizeController|true|false
17:48:57.24 (25723235)|VARIABLE_ASSIGNMENT|[3]|this|{}|0x55a547a
17:48:57.24 (25727766)|VARIABLE_SCOPE_BEGIN|[3]|data|gameize.ETLC_ApexBridge_Data|true|false
17:48:57.24 (25765635)|VARIABLE_ASSIGNMENT|[3]|data|{"debug":false,"input":"{\"mode\":\"fetchUserDa (4 more) ...","operation":"GameizeController"}|0xddf4fa4
17:48:57.24 (25779180)|HEAP_ALLOCATE|[4]|Bytes:5
17:48:57.24 (25785415)|STATEMENT_EXECUTE|[3]
17:48:57.24 (25787592)|STATEMENT_EXECUTE|[4]
17:48:57.24 (25846744)|VARIABLE_ASSIGNMENT|[4]|GameizeController.apexBridgedata|{"debug":false,"input":"{\"mode\":\"fetchUserDa (4 more) ...","operation":"GameizeController"}|0xddf4fa4
17:48:57.24 (25895474)|VARIABLE_ASSIGNMENT|[EXTERNAL]|this|{"debug":false,"input":"{\"mode\":\"fetchUserDa (4 more) ...","operation":"GameizeController"}|0xddf4fa4
17:48:57.24 (25912531)|STATEMENT_EXECUTE|[5]
17:48:57.24 (25921740)|STATEMENT_EXECUTE|[7]
17:48:57.24 (25935422)|METHOD_ENTRY|[7]|01p41000000CNQH|gameize.ETLC_ApexBridge_Data.getInputValue(String)
17:48:57.24 (25942521)|VARIABLE_SCOPE_BEGIN|[52]|this|gameize.ETLC_ApexBridge_Data|true|false
17:48:57.24 (25979646)|VARIABLE_ASSIGNMENT|[52]|this|{"debug":false,"input":"{\"mode\":\"fetchUserDa (4 more) ...","operation":"GameizeController"}|0xddf4fa4
17:48:57.24 (25986275)|VARIABLE_SCOPE_BEGIN|[52]|key|String|false|false
17:48:57.24 (25993798)|VARIABLE_ASSIGNMENT|[52]|key|"mode"
17:48:57.24 (26000139)|STATEMENT_EXECUTE|[52]
17:48:57.24 (26003496)|STATEMENT_EXECUTE|[53]
17:48:57.24 (26053460)|VARIABLE_ASSIGNMENT|[EXTERNAL]|this|{"debug":false,"input":"{\"mode\":\"fetchUserDa (4 more) ...","operation":"GameizeController"}|0xddf4fa4
17:48:57.24 (26072471)|METHOD_ENTRY|[53]||System.JSON.deserializeUntyped(String)
17:48:57.24 (26276055)|METHOD_EXIT|[53]||System.JSON.deserializeUntyped(String)
17:48:57.24 (26288385)|VARIABLE_SCOPE_BEGIN|[53]|inputMap|Map<String,ANY>|true|false
17:48:57.24 (26317973)|VARIABLE_ASSIGNMENT|[53]|inputMap|{"s":1,"v":{"mode":"fetchUserData"}}|0x50181c41
17:48:57.24 (26324073)|STATEMENT_EXECUTE|[54]
17:48:57.24 (26354557)|ENTERING_MANAGED_PKG|
17:48:57.24 (26376642)|METHOD_EXIT|[7]|01p41000000CNQH|gameize.ETLC_ApexBridge_Data.getInputValue(String)
17:48:57.24 (26386481)|VARIABLE_SCOPE_BEGIN|[7]|mode|String|false|false
17:48:57.24 (26398643)|VARIABLE_ASSIGNMENT|[7]|mode|"fetchUserData"
17:48:57.24 (26431677)|STATEMENT_EXECUTE|[8]
17:48:57.24 (26434894)|STATEMENT_EXECUTE|[9]
17:48:57.24 (26503697)|HEAP_ALLOCATE|[9]|Bytes:85
17:48:57.24 (26535421)|SYSTEM_METHOD_ENTRY|[1]|UserInfo.UserInfo()
17:48:57.24 (26542815)|STATEMENT_EXECUTE|[1]
17:48:57.24 (26563832)|SYSTEM_METHOD_EXIT|[1]|UserInfo
17:48:57.24 (26582870)|METHOD_ENTRY|[9]||System.UserInfo.getUserId()
17:48:57.24 (26632695)|METHOD_EXIT|[9]||System.UserInfo.getUserId()
17:48:57.24 (26653791)|HEAP_ALLOCATE|[9]|Bytes:4
17:48:57.24 (26679497)|METHOD_ENTRY|[9]|01p41000000CQtU|gameize.GameizeController.fetchUserData(Id)
17:48:57.24 (26692010)|VARIABLE_SCOPE_BEGIN|[21]|this|gameize.GameizeController|true|false
17:48:57.24 (27020024)|VARIABLE_ASSIGNMENT|[21]|this|{}|0x55a547a
17:48:57.24 (27030934)|VARIABLE_SCOPE_BEGIN|[21]|userId|Id|false|false
17:48:57.24 (27112197)|VARIABLE_ASSIGNMENT|[21]|userId|"00541000000Hq4oAAC"
17:48:57.24 (27126534)|HEAP_ALLOCATE|[22]|Bytes:5
17:48:57.24 (27133593)|STATEMENT_EXECUTE|[21]
17:48:57.24 (27136138)|STATEMENT_EXECUTE|[22]
17:48:57.24 (27150281)|VARIABLE_SCOPE_BEGIN|[22]|returnData|String|false|false
17:48:57.24 (27160686)|VARIABLE_ASSIGNMENT|[22]|returnData|null
17:48:57.24 (27164542)|STATEMENT_EXECUTE|[23]
17:48:57.24 (27166619)|STATEMENT_EXECUTE|[23]
17:48:57.24 (27168192)|STATEMENT_EXECUTE|[24]
17:48:57.24 (27178016)|HEAP_ALLOCATE|[24]|Bytes:109
17:48:57.24 (27187868)|HEAP_ALLOCATE|[24]|Bytes:4
17:48:57.24 (27198293)|HEAP_ALLOCATE|[24]|Bytes:7
17:48:57.24 (29099796)|SOQL_EXECUTE_BEGIN|[24]|Aggregations:0|SELECT ID, gameize__dataFavorite__c, gameize__dataHistory__c FROM Gameize__c WHERE User__c = :tmpVar1 LIMIT 1
17:48:57.24 (34433471)|SOQL_EXECUTE_END|[24]|Rows:1
17:48:57.24 (34468638)|HEAP_ALLOCATE|[24]|Bytes:8
17:48:57.24 (34480676)|HEAP_ALLOCATE|[24]|Bytes:1347
17:48:57.24 (34581167)|HEAP_ALLOCATE|[24]|Bytes:8
17:48:57.24 (34598079)|VARIABLE_SCOPE_BEGIN|[24]|records|List<gameize__Gameize__c>|true|false
17:48:57.24 (34640670)|VARIABLE_ASSIGNMENT|[24]|records|{"s":1,"v":[{"s":2,"v":{"Id":"a0041000000j7nTAAQ","gameize__dataFavorit (4 more) ...":"[{\"name\":\"Hangman\",\" (27 more) ...","gameize__dataHistory (3 more) ...":"[{\"name\":\"Hangman\",\" (1192 more) ..."}}]}|0x5900e157
17:48:57.24 (34730869)|ENTERING_MANAGED_PKG|
17:48:57.24 (34765353)|STATEMENT_EXECUTE|[25]
17:48:57.24 (34767676)|STATEMENT_EXECUTE|[27]
17:48:57.24 (38239957)|HEAP_ALLOCATE|[27]|Bytes:9
17:48:57.24 (38247975)|HEAP_ALLOCATE|[27]|Bytes:29
17:48:57.24 (38250789)|HEAP_ALLOCATE|[27]|Bytes:21
17:48:57.24 (38287908)|METHOD_ENTRY|[7]|01p41000000CNQM|ETLC_SecuredDB.ETLC_SecuredDB()
17:48:57.24 (38293807)|STATEMENT_EXECUTE|[7]
17:48:57.24 (38302708)|STATEMENT_EXECUTE|[7]
17:48:57.24 (38312169)|HEAP_ALLOCATE|[27]|Bytes:5
17:48:57.24 (38328584)|METHOD_EXIT|[7]|ETLC_SecuredDB
17:48:57.24 (38366881)|METHOD_ENTRY|[27]|01p41000000CNQM|gameize.ETLC_SecuredDB.validateQuery(List<SObject>)
17:48:57.24 (38399445)|VARIABLE_SCOPE_BEGIN|[28]|dbRecords|List<SObject>|true|false
17:48:57.24 (38425367)|VARIABLE_ASSIGNMENT|[28]|dbRecords|{"s":1,"v":[{"s":2,"v":{"Id":"a0041000000j7nTAAQ","gameize__dataFavorit (4 more) ...":"[{\"name\":\"Hangman\",\" (27 more) ...","gameize__dataHistory (3 more) ...":"[{\"name\":\"Hangman\",\" (1192 more) ..."}}]}|0x5900e157
17:48:57.24 (38436218)|HEAP_ALLOCATE|[29]|Bytes:5
17:48:57.24 (38440932)|STATEMENT_EXECUTE|[28]
17:48:57.24 (38442240)|STATEMENT_EXECUTE|[29]
17:48:57.24 (38681220)|HEAP_ALLOCATE|[29]|Bytes:12
17:48:57.24 (38688228)|HEAP_ALLOCATE|[29]|Bytes:8
17:48:57.24 (38756022)|HEAP_ALLOCATE|[29]|Bytes:12
17:48:57.24 (38760666)|HEAP_ALLOCATE|[29]|Bytes:9
17:48:57.24 (38773992)|HEAP_ALLOCATE|[29]|Bytes:12
17:48:57.24 (38776916)|HEAP_ALLOCATE|[29]|Bytes:8
17:48:57.24 (38787287)|HEAP_ALLOCATE|[29]|Bytes:12
17:48:57.24 (38790228)|HEAP_ALLOCATE|[29]|Bytes:8
17:48:57.24 (38804865)|HEAP_ALLOCATE|[29]|Bytes:12
17:48:57.24 (38807695)|HEAP_ALLOCATE|[29]|Bytes:9
17:48:57.24 (38842079)|METHOD_ENTRY|[29]|01p41000000CNQM|gameize.ETLC_SecuredDB.findFields(List<SObject>)
17:48:57.24 (38905461)|VARIABLE_SCOPE_BEGIN|[108]|dbRecords|List<SObject>|true|false
17:48:57.24 (38929285)|VARIABLE_ASSIGNMENT|[108]|dbRecords|{"s":1,"v":[{"s":2,"v":{"Id":"a0041000000j7nTAAQ","gameize__dataFavorit (4 more) ...":"[{\"name\":\"Hangman\",\" (27 more) ...","gameize__dataHistory (3 more) ...":"[{\"name\":\"Hangman\",\" (1192 more) ..."}}]}|0x5900e157
17:48:57.24 (38938929)|HEAP_ALLOCATE|[109]|Bytes:5
17:48:57.24 (38943351)|STATEMENT_EXECUTE|[108]
17:48:57.24 (38944672)|STATEMENT_EXECUTE|[109]
17:48:57.24 (38955432)|VARIABLE_SCOPE_BEGIN|[109]|strJSON|String|false|false
17:48:57.24 (38962345)|VARIABLE_ASSIGNMENT|[109]|strJSON|null
17:48:57.24 (38964328)|STATEMENT_EXECUTE|[110]
17:48:57.24 (38969529)|VARIABLE_SCOPE_BEGIN|[110]|mapFields|Map<String,Set<String>>|true|false
17:48:57.24 (38973777)|VARIABLE_ASSIGNMENT|[110]|mapFields|null|
17:48:57.24 (38975595)|STATEMENT_EXECUTE|[112]
17:48:57.24 (38987542)|METHOD_ENTRY|[112]||System.JSON.serialize(Object)
17:48:57.24 (39466364)|METHOD_EXIT|[112]||System.JSON.serialize(Object)
17:48:57.24 (39481727)|VARIABLE_ASSIGNMENT|[112]|strJSON|"[{\"attributes\":{\"typ (1598 more) ..."
17:48:57.24 (39485508)|STATEMENT_EXECUTE|[113]
17:48:57.24 (39494203)|HEAP_ALLOCATE|[113]|Bytes:5
17:48:57.24 (39507996)|HEAP_ALLOCATE|[113]|Bytes:1623
17:48:57.24 (39528566)|ENTERING_MANAGED_PKG|
17:48:57.24 (39562260)|USER_DEBUG|[113]|DEBUG|JSON:[{"attributes":{"type":"gameize__Gameize__c","url":"/services/data/v37.0/sobjects/gameize__Gameize__c/a0041000000j7nTAAQ"},"Id":"a0041000000j7nTAAQ","gameize__dataFavorite__c":"[{\"name\":\"Hangman\",\"cmpname\":\"Hangman\",\"id\":2}]","gameize__dataHistory__c":"[{\"name\":\"Hangman\",\"cmpname\":\"Hangman\",\"datePlayed\":\"Mon Aug 08 2016 15:45:16 GMT-0400 (Eastern Daylight Time)\",\"id\":2},{\"name\":\"Hangman\",\"cmpname\":\"Hangman\",\"datePlayed\":\"Mon Aug 08 2016 15:45:23 GMT-0400 (Eastern Daylight Time)\",\"id\":2},{\"name\":\"Age Counter\",\"cmpname\":\"AgeCounter\",\"datePlayed\":\"Mon Aug 08 2016 15:45:26 GMT-0400 (Eastern Daylight Time)\",\"id\":1},{\"name\":\"Hangman\",\"cmpname\":\"Hangman\",\"datePlayed\":\"Mon Aug 08 2016 15:45:31 GMT-0400 (Eastern Daylight Time)\",\"id\":2},{\"name\":\"Age Counter\",\"cmpname\":\"AgeCounter\",\"datePlayed\":\"Mon Aug 08 2016 15:48:19 GMT-0400 (Eastern Daylight Time)\",\"id\":1},{\"name\":\"Hangman\",\"cmpname\":\"Hangman\",\"datePlayed\":\"Mon Aug 08 2016 15:48:22 GMT-0400 (Eastern Daylight Time)\",\"id\":2},{\"name\":\"Hangman\",\"cmpname\":\"Hangman\",\"datePlayed\":\"Mon Aug 08 2016 15:48:28 GMT-0400 (Eastern Daylight Time)\",\"id\":2},{\"name\":\"Hangman\",\"cmpname\":\"Hangman\",\"datePlayed\":\"Mon Aug 08 2016 15:48:31 GMT-0400 (Eastern Daylight Time)\",\"id\":2},{\"name\":\"Age Counter\",\"cmpname\":\"AgeCounter\",\"datePlayed\":\"Mon Aug 08 2016 15:48:34 GMT-0400 (Eastern Daylight Time)\",\"id\":1},{\"name\":\"Hangman\",\"cmpname\":\"Hangman\",\"datePlayed\":\"Mon Aug 08 2016 15:48:42 GMT-0400 (Eastern Daylight Time)\",\"id\":2}]"}]
17:48:57.24 (39581820)|STATEMENT_EXECUTE|[114]
17:48:57.24 (39593767)|HEAP_ALLOCATE|[114]|Bytes:4
17:48:57.24 (39623267)|VARIABLE_ASSIGNMENT|[114]|mapFields|{"s":1,"v":{}}|0x5884461f
17:48:57.24 (39626847)|STATEMENT_EXECUTE|[115]
17:48:57.24 (39638236)|METHOD_ENTRY|[115]||System.JSON.deserializeUntyped(String)
17:48:57.24 (40313975)|METHOD_EXIT|[115]||System.JSON.deserializeUntyped(String)
17:48:57.24 (40324226)|VARIABLE_SCOPE_BEGIN|[115]|records|List<ANY>|true|false
17:48:57.24 (40353426)|HEAP_ALLOCATE|[EXTERNAL]|Bytes:8
17:48:57.24 (40385975)|VARIABLE_ASSIGNMENT|[115]|records|{"s":1,"v":[{"s":2,"v":{"attributes":{"s":3,"v":{"type":"gameize__Gameize__c","url":"/services/data/v37.0 (48 more) ..."}},"Id":"a0041000000j7nTAAQ","gameize__dataFavorit (4 more) ...":"[{\"name\":\"Hangman\",\" (27 more) ...","gameize__dataHistory (3 more) ...":"[{\"name\":\"Hangman\",\" (1192 more) ..."}}]}|0x74cdff9f
17:48:57.24 (40407431)|ENTERING_MANAGED_PKG|
17:48:57.24 (40440059)|HEAP_ALLOCATE|[116]|Bytes:5
17:48:57.24 (40464763)|HEAP_ALLOCATE|[116]|Bytes:20
17:48:57.24 (40482519)|VARIABLE_SCOPE_BEGIN|[116]|record|Object|false|false
17:48:57.24 (40527852)|VARIABLE_ASSIGNMENT|[116]|record|{"s":1,"v":{"attributes":{"s":2,"v":{"type":"gameize__Gameize__c","url":"/services/data/v37.0 (48 more) ..."}},"Id":"a0041000000j7nTAAQ","gameize__dataFavorit (4 more) ...":"[{\"name\":\"Hangman\",\" (27 more) ...","gameize__dataHistory (3 more) ...":"[{\"name\":\"Hangman\",\" (1192 more) ..."}}
17:48:57.24 (40535670)|STATEMENT_EXECUTE|[116]
17:48:57.24 (40537718)|STATEMENT_EXECUTE|[117]
17:48:57.24 (40569432)|METHOD_ENTRY|[117]|01p41000000CNQM|gameize.ETLC_SecuredDB.findFieldsRecursive(Map<String,Set<String>>, Map<String,ANY>)
17:48:57.24 (40602271)|VARIABLE_SCOPE_BEGIN|[124]|mapFields|Map<String,Set<String>>|true|false
17:48:57.24 (40622053)|VARIABLE_ASSIGNMENT|[124]|mapFields|{"s":1,"v":{}}|0x5884461f
17:48:57.24 (40629617)|VARIABLE_SCOPE_BEGIN|[124]|record|Map<String,ANY>|true|false
17:48:57.24 (40663114)|VARIABLE_ASSIGNMENT|[124]|record|{"s":1,"v":{"attributes":{"s":2,"v":{"type":"gameize__Gameize__c","url":"/services/data/v37.0 (48 more) ..."}},"Id":"a0041000000j7nTAAQ","gameize__dataFavorit (4 more) ...":"[{\"name\":\"Hangman\",\" (27 more) ...","gameize__dataHistory (3 more) ...":"[{\"name\":\"Hangman\",\" (1192 more) ..."}}|0x1d92a0c4
17:48:57.24 (40676533)|HEAP_ALLOCATE|[125]|Bytes:5
17:48:57.24 (40683047)|STATEMENT_EXECUTE|[124]
17:48:57.24 (40685394)|STATEMENT_EXECUTE|[125]
17:48:57.24 (40696456)|HEAP_ALLOCATE|[125]|Bytes:10
17:48:57.24 (40704546)|VARIABLE_SCOPE_BEGIN|[125]|strAttributes|String|false|false
17:48:57.24 (40715004)|VARIABLE_ASSIGNMENT|[125]|strAttributes|"attributes"
17:48:57.24 (40718896)|STATEMENT_EXECUTE|[126]
17:48:57.24 (40727270)|HEAP_ALLOCATE|[126]|Bytes:7
17:48:57.24 (40733946)|VARIABLE_SCOPE_BEGIN|[126]|strRecord|String|false|false
17:48:57.24 (40742551)|VARIABLE_ASSIGNMENT|[126]|strRecord|"records"
17:48:57.24 (40763168)|ENTERING_MANAGED_PKG|
17:48:57.24 (40804757)|STATEMENT_EXECUTE|[127]
17:48:57.24 (40807997)|STATEMENT_EXECUTE|[128]
17:48:57.24 (40830614)|ENTERING_MANAGED_PKG|
17:48:57.24 (40876106)|VARIABLE_SCOPE_BEGIN|[128]|attributes|Map<String,ANY>|true|false
17:48:57.24 (40903340)|VARIABLE_ASSIGNMENT|[128]|attributes|{"s":1,"v":{"type":"gameize__Gameize__c","url":"/services/data/v37.0 (48 more) ..."}}|0x7df5fee2
17:48:57.24 (40909747)|STATEMENT_EXECUTE|[129]
17:48:57.24 (40921019)|HEAP_ALLOCATE|[129]|Bytes:4
17:48:57.24 (40940819)|ENTERING_MANAGED_PKG|
17:48:57.24 (40981738)|VARIABLE_SCOPE_BEGIN|[129]|objectName|String|false|false
17:48:57.24 (40994648)|VARIABLE_ASSIGNMENT|[129]|objectName|"gameize__Gameize__c"
17:48:57.24 (41008346)|HEAP_ALLOCATE|[130]|Bytes:4
17:48:57.24 (41035129)|ENTERING_MANAGED_PKG|
17:48:57.24 (41078258)|ENTERING_MANAGED_PKG|
17:48:57.24 (41115718)|HEAP_ALLOCATE|[130]|Bytes:79
17:48:57.24 (41134187)|ENTERING_MANAGED_PKG|
17:48:57.24 (41140805)|HEAP_ALLOCATE|[130]|Bytes:16
17:48:57.24 (41150033)|ENTERING_MANAGED_PKG|
17:48:57.24 (41168393)|HEAP_ALLOCATE|[130]|Bytes:5
17:48:57.24 (41183909)|VARIABLE_SCOPE_BEGIN|[130]|fieldName|String|false|false
17:48:57.24 (41192095)|VARIABLE_ASSIGNMENT|[130]|fieldName|"attributes"
17:48:57.24 (41195405)|STATEMENT_EXECUTE|[130]
17:48:57.24 (41196659)|STATEMENT_EXECUTE|[131]
17:48:57.24 (41217409)|ENTERING_MANAGED_PKG|
17:48:57.24 (41249907)|VARIABLE_SCOPE_BEGIN|[131]|field|Object|false|false
17:48:57.24 (41271063)|VARIABLE_ASSIGNMENT|[131]|field|{"s":1,"v":{"type":"gameize__Gameize__c","url":"/services/data/v37.0 (48 more) ..."}}
17:48:57.24 (41298438)|STATEMENT_EXECUTE|[132]
17:48:57.24 (41314748)|HEAP_ALLOCATE|[130]|Bytes:5
17:48:57.24 (41327873)|VARIABLE_SCOPE_BEGIN|[130]|fieldName|String|false|false
17:48:57.24 (41335106)|VARIABLE_ASSIGNMENT|[130]|fieldName|"Id"
17:48:57.24 (41337936)|STATEMENT_EXECUTE|[130]
17:48:57.24 (41339066)|STATEMENT_EXECUTE|[131]
17:48:57.24 (41353177)|ENTERING_MANAGED_PKG|
17:48:57.24 (41369211)|VARIABLE_SCOPE_BEGIN|[131]|field|Object|false|false
17:48:57.24 (41379785)|VARIABLE_ASSIGNMENT|[131]|field|"a0041000000j7nTAAQ"
17:48:57.24 (41391953)|HEAP_ALLOCATE|[134]|Bytes:68
17:48:57.24 (41415944)|STATEMENT_EXECUTE|[136]
17:48:57.24 (41417636)|STATEMENT_EXECUTE|[137]
17:48:57.24 (41428201)|HEAP_ALLOCATE|[137]|Bytes:4
17:48:57.24 (41444710)|ENTERING_MANAGED_PKG|
17:48:57.24 (41466813)|VARIABLE_SCOPE_BEGIN|[137]|fieldNames|Set<String>|true|false
17:48:57.24 (41485422)|VARIABLE_ASSIGNMENT|[137]|fieldNames|{"s":1,"v":[]}|0x1c11cd82
17:48:57.24 (41500525)|ENTERING_MANAGED_PKG|
17:48:57.24 (41526748)|STATEMENT_EXECUTE|[138]
17:48:57.24 (41533497)|STATEMENT_EXECUTE|[139]
17:48:57.24 (41548095)|ENTERING_MANAGED_PKG|
17:48:57.24 (41574424)|HEAP_ALLOCATE|[EXTERNAL]|Bytes:4
17:48:57.24 (41583901)|STATEMENT_EXECUTE|[140]
17:48:57.24 (41599841)|ENTERING_MANAGED_PKG|
17:48:57.24 (41620718)|HEAP_ALLOCATE|[EXTERNAL]|Bytes:-4
17:48:57.24 (41634946)|HEAP_ALLOCATE|[130]|Bytes:5
17:48:57.24 (41647868)|VARIABLE_SCOPE_BEGIN|[130]|fieldName|String|false|false
17:48:57.24 (41657187)|VARIABLE_ASSIGNMENT|[130]|fieldName|"gameize__dataFavorit (4 more) ..."
17:48:57.24 (41660616)|STATEMENT_EXECUTE|[130]
17:48:57.24 (41661776)|STATEMENT_EXECUTE|[131]
17:48:57.24 (41676775)|ENTERING_MANAGED_PKG|
17:48:57.24 (41689557)|VARIABLE_SCOPE_BEGIN|[131]|field|Object|false|false
17:48:57.24 (41699973)|VARIABLE_ASSIGNMENT|[131]|field|"[{\"name\":\"Hangman\",\" (27 more) ..."
17:48:57.24 (41717928)|STATEMENT_EXECUTE|[136]
17:48:57.24 (41719754)|STATEMENT_EXECUTE|[137]
17:48:57.24 (41727741)|HEAP_ALLOCATE|[137]|Bytes:4
17:48:57.24 (41738488)|ENTERING_MANAGED_PKG|
17:48:57.24 (41744580)|VARIABLE_SCOPE_BEGIN|[137]|fieldNames|Set<String>|true|false
17:48:57.24 (41759514)|VARIABLE_ASSIGNMENT|[137]|fieldNames|{"s":1,"v":[]}|0x148dca44
17:48:57.24 (41769299)|ENTERING_MANAGED_PKG|
17:48:57.24 (41778960)|STATEMENT_EXECUTE|[138]
17:48:57.24 (41791114)|ENTERING_MANAGED_PKG|
17:48:57.24 (41808586)|VARIABLE_ASSIGNMENT|[138]|fieldNames|{"s":1,"v":["Id"]}|0x1c11cd82
17:48:57.24 (41812432)|STATEMENT_EXECUTE|[139]
17:48:57.24 (41823721)|ENTERING_MANAGED_PKG|
17:48:57.24 (41830566)|HEAP_ALLOCATE|[EXTERNAL]|Bytes:4
17:48:57.24 (41837793)|STATEMENT_EXECUTE|[140]
17:48:57.24 (41847644)|ENTERING_MANAGED_PKG|
17:48:57.24 (41864186)|HEAP_ALLOCATE|[130]|Bytes:5
17:48:57.24 (41876440)|VARIABLE_SCOPE_BEGIN|[130]|fieldName|String|false|false
17:48:57.24 (41885116)|VARIABLE_ASSIGNMENT|[130]|fieldName|"gameize__dataHistory (3 more) ..."
17:48:57.24 (41888402)|STATEMENT_EXECUTE|[130]
17:48:57.24 (41889555)|STATEMENT_EXECUTE|[131]
17:48:57.24 (41902049)|ENTERING_MANAGED_PKG|
17:48:57.24 (41914767)|VARIABLE_SCOPE_BEGIN|[131]|field|Object|false|false
17:48:57.24 (41924930)|VARIABLE_ASSIGNMENT|[131]|field|"[{\"name\":\"Hangman\",\" (1192 more) ..."
17:48:57.24 (41942714)|STATEMENT_EXECUTE|[136]
17:48:57.24 (41944272)|STATEMENT_EXECUTE|[137]
17:48:57.24 (41951999)|HEAP_ALLOCATE|[137]|Bytes:4
17:48:57.24 (41962564)|ENTERING_MANAGED_PKG|
17:48:57.24 (41968638)|VARIABLE_SCOPE_BEGIN|[137]|fieldNames|Set<String>|true|false
17:48:57.24 (41982888)|VARIABLE_ASSIGNMENT|[137]|fieldNames|{"s":1,"v":[]}|0x46dd34d9
17:48:57.24 (41992296)|ENTERING_MANAGED_PKG|
17:48:57.24 (42001780)|STATEMENT_EXECUTE|[138]
17:48:57.24 (42013063)|ENTERING_MANAGED_PKG|
17:48:57.24 (42031625)|VARIABLE_ASSIGNMENT|[138]|fieldNames|{"s":1,"v":["Id","gameize__dataFavorit (4 more) ..."]}|0x1c11cd82
17:48:57.24 (42035986)|STATEMENT_EXECUTE|[139]
17:48:57.24 (42054374)|ENTERING_MANAGED_PKG|
17:48:57.24 (42064946)|HEAP_ALLOCATE|[EXTERNAL]|Bytes:4
17:48:57.24 (42077406)|STATEMENT_EXECUTE|[140]
17:48:57.24 (42095131)|ENTERING_MANAGED_PKG|
17:48:57.24 (42113620)|HEAP_ALLOCATE|[130]|Bytes:5
17:48:57.24 (42129059)|VARIABLE_ASSIGNMENT|[130]|fieldName|null
17:48:57.24 (42143340)|METHOD_EXIT|[117]|01p41000000CNQM|gameize.ETLC_SecuredDB.findFieldsRecursive(Map<String,Set<String>>, Map<String,ANY>)
17:48:57.24 (42160681)|HEAP_ALLOCATE|[116]|Bytes:5
17:48:57.24 (42184463)|VARIABLE_ASSIGNMENT|[116]|record|null
17:48:57.24 (42191437)|HEAP_ALLOCATE|[119]|Bytes:4
17:48:57.24 (42202156)|ENTERING_MANAGED_PKG|
17:48:57.24 (42230864)|ENTERING_MANAGED_PKG|
17:48:57.24 (42241118)|HEAP_ALLOCATE|[119]|Bytes:27
17:48:57.24 (42253597)|ENTERING_MANAGED_PKG|
17:48:57.24 (42257285)|HEAP_ALLOCATE|[119]|Bytes:4
17:48:57.24 (42265909)|ENTERING_MANAGED_PKG|
17:48:57.24 (42278866)|HEAP_ALLOCATE|[119]|Bytes:5
17:48:57.24 (42292123)|VARIABLE_SCOPE_BEGIN|[119]|objectName|String|false|false
17:48:57.24 (42300249)|VARIABLE_ASSIGNMENT|[119]|objectName|"gameize__Gameize__c"
17:48:57.24 (42303590)|STATEMENT_EXECUTE|[119]
17:48:57.24 (42304736)|STATEMENT_EXECUTE|[120]
17:48:57.24 (42312798)|HEAP_ALLOCATE|[120]|Bytes:2
17:48:57.24 (42324767)|ENTERING_MANAGED_PKG|
17:48:57.24 (42371163)|ENTERING_MANAGED_PKG|
17:48:57.24 (42387277)|HEAP_ALLOCATE|[120]|Bytes:55
17:48:57.24 (42404663)|HEAP_ALLOCATE|[120]|Bytes:76
17:48:57.24 (42416283)|ENTERING_MANAGED_PKG|
17:48:57.24 (42427142)|USER_DEBUG|[120]|DEBUG|gameize__Gameize__c: {Id, gameize__dataFavorite__c, gameize__dataHistory__c}
17:48:57.24 (42441390)|HEAP_ALLOCATE|[119]|Bytes:5
17:48:57.24 (42453696)|VARIABLE_ASSIGNMENT|[119]|objectName|null
17:48:57.24 (42457353)|STATEMENT_EXECUTE|[122]
17:48:57.24 (42469636)|METHOD_EXIT|[29]|01p41000000CNQM|gameize.ETLC_SecuredDB.findFields(List<SObject>)
17:48:57.24 (42486155)|METHOD_ENTRY|[29]|01p41000000CNQM|gameize.ETLC_SecuredDB.validate(gameize.ETLC_SecuredDB.Operation, Map<String,Set<String>>)
17:48:57.24 (42494003)|VARIABLE_SCOPE_BEGIN|[55]|op|gameize.ETLC_SecuredDB.Operation|true|false
17:48:57.24 (42511212)|VARIABLE_ASSIGNMENT|[55]|op|"Querying"|0xc8ef87f
17:48:57.24 (42515555)|VARIABLE_SCOPE_BEGIN|[55]|mapFieldNames|Map<String,Set<String>>|true|false
17:48:57.24 (42534734)|VARIABLE_ASSIGNMENT|[55]|mapFieldNames|{"s":1,"v":{"gameize__Gameize__c":{"s":2,"v":["Id","gameize__dataFavorit (4 more) ...","gameize__dataHistory (3 more) ..."]}}}|0x5884461f
17:48:57.24 (42543560)|HEAP_ALLOCATE|[56]|Bytes:5
17:48:57.24 (42547683)|STATEMENT_EXECUTE|[55]
17:48:57.24 (42548945)|STATEMENT_EXECUTE|[56]
17:48:57.24 (42557165)|VARIABLE_SCOPE_BEGIN|[56]|securityMessage|String|false|false
17:48:57.24 (42562508)|VARIABLE_ASSIGNMENT|[56]|securityMessage|null
17:48:57.24 (42564448)|STATEMENT_EXECUTE|[57]
17:48:57.24 (42589591)|ENTERING_MANAGED_PKG|
17:48:57.24 (58385188)|HEAP_ALLOCATE|[57]|Bytes:1256
17:48:57.24 (58422580)|VARIABLE_SCOPE_BEGIN|[57]|mapObjects|Map<String,Schema.SObjectType>|true|false
17:48:57.24 (58678825)|VARIABLE_ASSIGNMENT|[57]|mapObjects|"{acceptedeventrelation=AcceptedEventRelation, account=Account, accountcontactrole=AccountContactRole, accounthistory=AccountHistory, accountpartner=AccountPartner, accountshare=AccountShare, actionlinkgrouptemplate=ActionLinkGroupTemplate, actionlinktemplate=ActionLinkTemplate, activityhistory=ActivityHistory, additionalnumber=AdditionalNumber, ...}"|0x76abdc40
17:48:57.24 (58700752)|HEAP_ALLOCATE|[58]|Bytes:4
17:48:57.24 (58726000)|ENTERING_MANAGED_PKG|
17:48:57.24 (58774791)|ENTERING_MANAGED_PKG|
17:48:57.24 (58792790)|HEAP_ALLOCATE|[58]|Bytes:27
17:48:57.24 (58810432)|ENTERING_MANAGED_PKG|
17:48:57.24 (58818589)|HEAP_ALLOCATE|[58]|Bytes:4
17:48:57.24 (58828120)|ENTERING_MANAGED_PKG|
17:48:57.24 (58855246)|HEAP_ALLOCATE|[58]|Bytes:5
17:48:57.24 (58879966)|VARIABLE_SCOPE_BEGIN|[58]|sObjectName|String|false|false
17:48:57.24 (58890987)|VARIABLE_ASSIGNMENT|[58]|sObjectName|"gameize__Gameize__c"
17:48:57.24 (58898049)|STATEMENT_EXECUTE|[58]
17:48:57.24 (58899931)|STATEMENT_EXECUTE|[59]
17:48:57.24 (58919169)|HEAP_ALLOCATE|[59]|Bytes:9
17:48:57.24 (58923252)|HEAP_ALLOCATE|[59]|Bytes:7
17:48:57.24 (58947480)|ENTERING_MANAGED_PKG|
17:48:57.24 (58996136)|HEAP_ALLOCATE|[59]|Bytes:8
17:48:57.24 (59008007)|HEAP_ALLOCATE|[59]|Bytes:1
17:48:57.24 (59029578)|HEAP_ALLOCATE|[59]|Bytes:44
17:48:57.24 (59040662)|VARIABLE_ASSIGNMENT|[59]|securityMessage|"CRUD on [gameize__Ga (24 more) ..."
17:48:57.24 (59044769)|STATEMENT_EXECUTE|[60]
17:48:57.24 (59052611)|HEAP_ALLOCATE|[60]|Bytes:10
17:48:57.24 (59060542)|HEAP_ALLOCATE|[60]|Bytes:54
17:48:57.24 (59081507)|ENTERING_MANAGED_PKG|
17:48:57.24 (59114694)|USER_DEBUG|[60]|DEBUG|Checking: CRUD on [gameize__Gameize__c] for [Querying]
17:48:57.24 (59123757)|STATEMENT_EXECUTE|[61]
17:48:57.24 (59143414)|ENTERING_MANAGED_PKG|
17:48:57.24 (59476576)|HEAP_ALLOCATE|[61]|Bytes:4
17:48:57.24 (59517360)|VARIABLE_SCOPE_BEGIN|[61]|drSObj|Schema.DescribeSObjectResult|true|false
17:48:57.24 (59596428)|VARIABLE_ASSIGNMENT|[61]|drSObj|"common.api.soap.wsdl.DescribeSObjectResult@53f8aaa0"|0x4dd54bd8
17:48:57.24 (59758615)|STATEMENT_EXECUTE|[64]
17:48:57.24 (59786860)|STATEMENT_EXECUTE|[65]
17:48:57.24 (59845816)|STATEMENT_EXECUTE|[77]
17:48:57.24 (59848523)|STATEMENT_EXECUTE|[79]
17:48:57.24 (60114018)|HEAP_ALLOCATE|[79]|Bytes:60
17:48:57.24 (60126231)|VARIABLE_SCOPE_BEGIN|[79]|mapFields|Map<String,Schema.SObjectField>|true|false
17:48:57.24 (60285726)|VARIABLE_ASSIGNMENT|[79]|mapFields|"{createdbyid=CreatedById, createddate=CreatedDate, gameize__datafavorite__c=gameize__dataFavorite__c, gameize__datahistory__c=gameize__dataHistory__c, gameize__user__c=gameize__User__c, id=Id, isdeleted=IsDeleted, lastmodifiedbyid=LastModifiedById, lastmodifieddate=LastModifiedDate, lastreferenceddate=LastReferencedDate, ...}"|0x36631f1d
17:48:57.24 (60296536)|HEAP_ALLOCATE|[80]|Bytes:4
17:48:57.24 (60308733)|ENTERING_MANAGED_PKG|
17:48:57.24 (60333774)|ENTERING_MANAGED_PKG|
17:48:57.24 (60351199)|ENTERING_MANAGED_PKG|
17:48:57.24 (60356451)|HEAP_ALLOCATE|[80]|Bytes:12
17:48:57.24 (60365496)|ENTERING_MANAGED_PKG|
17:48:57.24 (60379001)|HEAP_ALLOCATE|[80]|Bytes:5
17:48:57.24 (60392976)|VARIABLE_SCOPE_BEGIN|[80]|fieldName|String|false|false
17:48:57.24 (60401530)|VARIABLE_ASSIGNMENT|[80]|fieldName|"Id"
17:48:57.24 (60405061)|STATEMENT_EXECUTE|[80]
17:48:57.24 (60406413)|STATEMENT_EXECUTE|[81]
17:48:57.24 (60424531)|ENTERING_MANAGED_PKG|
17:48:57.24 (60996902)|HEAP_ALLOCATE|[81]|Bytes:8
17:48:57.24 (61029441)|VARIABLE_SCOPE_BEGIN|[81]|drField|Schema.DescribeFieldResult|true|false
17:48:57.24 (61100411)|VARIABLE_ASSIGNMENT|[81]|drField|"common.api.soap.wsdl.Field@502e2561"|0x74aa68ac
17:48:57.24 (61126136)|STATEMENT_EXECUTE|[99]
17:48:57.24 (61128047)|STATEMENT_EXECUTE|[100]
17:48:57.24 (61137544)|HEAP_ALLOCATE|[100]|Bytes:22
17:48:57.24 (61141497)|HEAP_ALLOCATE|[100]|Bytes:1
17:48:57.24 (61161251)|ENTERING_MANAGED_PKG|
17:48:57.24 (61188211)|HEAP_ALLOCATE|[100]|Bytes:8
17:48:57.24 (61218419)|HEAP_ALLOCATE|[100]|Bytes:59
17:48:57.24 (61223127)|HEAP_ALLOCATE|[100]|Bytes:35
17:48:57.24 (61227501)|HEAP_ALLOCATE|[100]|Bytes:94
17:48:57.24 (61241443)|ENTERING_MANAGED_PKG|
17:48:57.24 (61251546)|USER_DEBUG|[100]|DEBUG|Bypass Check: FLS on [gameize__Gameize__c.Id] for [Querying] since it's not isPermissionable()
17:48:57.24 (61267319)|HEAP_ALLOCATE|[80]|Bytes:5
17:48:57.24 (61280647)|VARIABLE_SCOPE_BEGIN|[80]|fieldName|String|false|false
17:48:57.24 (61290776)|VARIABLE_ASSIGNMENT|[80]|fieldName|"gameize__dataFavorit (4 more) ..."
17:48:57.24 (61294585)|STATEMENT_EXECUTE|[80]
17:48:57.24 (61295902)|STATEMENT_EXECUTE|[81]
17:48:57.24 (61310965)|ENTERING_MANAGED_PKG|
17:48:57.24 (61912371)|HEAP_ALLOCATE|[81]|Bytes:8
17:48:57.24 (61924299)|VARIABLE_SCOPE_BEGIN|[81]|drField|Schema.DescribeFieldResult|true|false
17:48:57.24 (61988064)|VARIABLE_ASSIGNMENT|[81]|drField|"common.api.soap.wsdl.Field@4069d587"|0x4cb421ca
17:48:57.24 (62002278)|STATEMENT_EXECUTE|[82]
17:48:57.24 (62004785)|STATEMENT_EXECUTE|[83]
17:48:57.24 (62014132)|HEAP_ALLOCATE|[83]|Bytes:8
17:48:57.24 (62035557)|ENTERING_MANAGED_PKG|
17:48:57.24 (62062295)|HEAP_ALLOCATE|[83]|Bytes:8
17:48:57.24 (62078214)|HEAP_ALLOCATE|[83]|Bytes:67
17:48:57.24 (62083612)|HEAP_ALLOCATE|[83]|Bytes:68
17:48:57.24 (62093895)|VARIABLE_ASSIGNMENT|[83]|securityMessage|"FLS on [gameize__Gam (48 more) ..."
17:48:57.24 (62097585)|STATEMENT_EXECUTE|[84]
17:48:57.24 (62107834)|HEAP_ALLOCATE|[84]|Bytes:78
17:48:57.24 (62122763)|ENTERING_MANAGED_PKG|
17:48:57.24 (62142919)|USER_DEBUG|[84]|DEBUG|Checking: FLS on [gameize__Gameize__c.gameize__dataFavorite__c] for [Querying]
17:48:57.24 (62240353)|STATEMENT_EXECUTE|[87]
17:48:57.24 (62258215)|STATEMENT_EXECUTE|[88]
17:48:57.24 (62275286)|HEAP_ALLOCATE|[80]|Bytes:5
17:48:57.24 (62289112)|VARIABLE_SCOPE_BEGIN|[80]|fieldName|String|false|false
17:48:57.24 (62298811)|VARIABLE_ASSIGNMENT|[80]|fieldName|"gameize__dataHistory (3 more) ..."
17:48:57.24 (62302068)|STATEMENT_EXECUTE|[80]
17:48:57.24 (62303220)|STATEMENT_EXECUTE|[81]
17:48:57.24 (62318015)|ENTERING_MANAGED_PKG|
17:48:57.24 (62459051)|HEAP_ALLOCATE|[81]|Bytes:8
17:48:57.24 (62470432)|VARIABLE_SCOPE_BEGIN|[81]|drField|Schema.DescribeFieldResult|true|false
17:48:57.24 (62533294)|VARIABLE_ASSIGNMENT|[81]|drField|"common.api.soap.wsdl.Field@7bebdd7"|0x6cdbe0e9
17:48:57.24 (62547312)|STATEMENT_EXECUTE|[82]
17:48:57.24 (62548941)|STATEMENT_EXECUTE|[83]
17:48:57.24 (62572553)|ENTERING_MANAGED_PKG|
17:48:57.24 (62581930)|HEAP_ALLOCATE|[83]|Bytes:8
17:48:57.24 (62594932)|HEAP_ALLOCATE|[83]|Bytes:66
17:48:57.24 (62599785)|HEAP_ALLOCATE|[83]|Bytes:67
17:48:57.24 (62609773)|VARIABLE_ASSIGNMENT|[83]|securityMessage|"FLS on [gameize__Gam (47 more) ..."
17:48:57.24 (62613125)|STATEMENT_EXECUTE|[84]
17:48:57.24 (62621566)|HEAP_ALLOCATE|[84]|Bytes:77
17:48:57.24 (62632577)|ENTERING_MANAGED_PKG|
17:48:57.24 (62642287)|USER_DEBUG|[84]|DEBUG|Checking: FLS on [gameize__Gameize__c.gameize__dataHistory__c] for [Querying]
17:48:57.24 (62682740)|STATEMENT_EXECUTE|[87]
17:48:57.24 (62692453)|STATEMENT_EXECUTE|[88]
17:48:57.24 (62707158)|HEAP_ALLOCATE|[80]|Bytes:5
17:48:57.24 (62721438)|VARIABLE_ASSIGNMENT|[80]|fieldName|null
17:48:57.24 (62737545)|HEAP_ALLOCATE|[58]|Bytes:5
17:48:57.24 (62746980)|VARIABLE_ASSIGNMENT|[58]|sObjectName|null
17:48:57.24 (62763086)|METHOD_EXIT|[29]|01p41000000CNQM|gameize.ETLC_SecuredDB.validate(gameize.ETLC_SecuredDB.Operation, Map<String,Set<String>>)
17:48:57.24 (62773874)|METHOD_EXIT|[27]|01p41000000CNQM|gameize.ETLC_SecuredDB.validateQuery(List<SObject>)
17:48:57.24 (62777427)|STATEMENT_EXECUTE|[29]
17:48:57.24 (62799675)|HEAP_ALLOCATE|[29]|Bytes:16
17:48:57.24 (62815801)|METHOD_ENTRY|[29]||System.JSON.serialize(Object)
17:48:57.24 (63012858)|METHOD_EXIT|[29]||System.JSON.serialize(Object)
17:48:57.24 (63028085)|VARIABLE_ASSIGNMENT|[29]|returnData|"{\"attributes\":{\"type (1596 more) ..."
17:48:57.24 (63096347)|VARIABLE_ASSIGNMENT|[EXTERNAL]|this|{"debug":false,"input":"{\"mode\":\"fetchUserDa (4 more) ...","operation":"GameizeController"}|0xddf4fa4
17:48:57.24 (63110177)|STATEMENT_EXECUTE|[30]
17:48:57.24 (63117711)|STATEMENT_EXECUTE|[33]
17:48:57.24 (63127098)|METHOD_EXIT|[9]|01p41000000CQtU|gameize.GameizeController.fetchUserData(Id)
17:48:57.24 (63158128)|VARIABLE_ASSIGNMENT|[EXTERNAL]|this|{"debug":false,"input":"{\"mode\":\"fetchUserDa (4 more) ...","operation":"GameizeController"}|0xddf4fa4
17:48:57.24 (63165503)|VARIABLE_ASSIGNMENT|[EXTERNAL]|value|"{\"attributes\":{\"type (1596 more) ..."
17:48:57.24 (63178738)|VARIABLE_ASSIGNMENT|[12]|this.output|"{\"attributes\":{\"type (1596 more) ..."|0xddf4fa4
17:48:57.24 (63185583)|STATEMENT_EXECUTE|[10]
17:48:57.24 (63233013)|VARIABLE_ASSIGNMENT|[EXTERNAL]|this|{"debug":false,"input":"{\"mode\":\"fetchUserDa (4 more) ...","operation":"GameizeController","output":"{\"attributes\":{\"type (1596 more) ..."}|0xddf4fa4
17:48:57.24 (63268440)|VARIABLE_ASSIGNMENT|[EXTERNAL]|this|{"debug":false,"input":"{\"mode\":\"fetchUserDa (4 more) ...","operation":"GameizeController","output":"{\"attributes\":{\"type (1596 more) ..."}|0xddf4fa4
17:48:57.24 (63275141)|VARIABLE_ASSIGNMENT|[EXTERNAL]|value|true
17:48:57.24 (63279526)|HEAP_ALLOCATE|[15]|Bytes:5
17:48:57.24 (63286522)|VARIABLE_ASSIGNMENT|[15]|this.outputFlag|true|0xddf4fa4
17:48:57.24 (63299141)|METHOD_EXIT|[8]|01p41000000CQtU|gameize.GameizeController.process(gameize.ETLC_ApexBridge_Data)
17:48:57.24 (63303834)|STATEMENT_EXECUTE|[23]
17:48:57.24 (63316499)|METHOD_ENTRY|[23]|01p41000000CNQH|gameize.ETLC_ApexBridge_Data.toJSON()
17:48:57.24 (63320542)|VARIABLE_SCOPE_BEGIN|[57]|this|gameize.ETLC_ApexBridge_Data|true|false
17:48:57.24 (63345053)|VARIABLE_ASSIGNMENT|[57]|this|{"debug":false,"input":"{\"mode\":\"fetchUserDa (4 more) ...","operation":"GameizeController","output":"{\"attributes\":{\"type (1596 more) ...","outputFlag":true}|0xddf4fa4
17:48:57.24 (63350187)|STATEMENT_EXECUTE|[57]
17:48:57.24 (63351272)|STATEMENT_EXECUTE|[58]
17:48:57.24 (63360342)|METHOD_ENTRY|[58]||System.JSON.serialize(Object)
17:48:57.24 (63450700)|STATEMENT_EXECUTE|[22]
17:48:57.24 (63454376)|STATEMENT_EXECUTE|[23]
17:48:57.24 (63463646)|HEAP_ALLOCATE|[23]|Bytes:5
17:48:57.24 (63472496)|VARIABLE_ASSIGNMENT|[23]|this.isSuccess|true|0xddf4fa4
17:48:57.24 (63475084)|STATEMENT_EXECUTE|[24]
17:48:57.24 (63504599)|STATEMENT_EXECUTE|[31]
17:48:57.24 (63507534)|STATEMENT_EXECUTE|[32]
17:48:57.24 (63517030)|HEAP_ALLOCATE|[32]|Bytes:4
17:48:57.24 (63546819)|VARIABLE_ASSIGNMENT|[32]|this.messages|{"s":1,"v":{}}|0xddf4fa4
17:48:57.24 (63550526)|STATEMENT_EXECUTE|[33]
17:48:57.24 (63757934)|METHOD_EXIT|[58]||System.JSON.serialize(Object)
17:48:57.24 (63764384)|METHOD_EXIT|[23]|01p41000000CNQH|gameize.ETLC_ApexBridge_Data.toJSON()
17:48:57.24 (63776339)|SYSTEM_MODE_EXIT|false
17:48:57.63 (63826831)|CUMULATIVE_LIMIT_USAGE
17:48:57.63 (63826831)|LIMIT_USAGE_FOR_NS|(default)|
  Number of SOQL queries: 0 out of 100
  Number of query rows: 0 out of 50000
  Number of SOSL queries: 0 out of 20
  Number of DML statements: 0 out of 150
  Number of DML rows: 0 out of 10000
  Maximum CPU time: 0 out of 10000
  Maximum heap size: 0 out of 6000000
  Number of callouts: 0 out of 100
  Number of Email Invocations: 0 out of 10
  Number of future calls: 0 out of 50
  Number of queueable jobs added to the queue: 0 out of 50
  Number of Mobile Apex push calls: 0 out of 10

17:48:57.63 (63826831)|LIMIT_USAGE_FOR_NS|gameize|
  Number of SOQL queries: 2 out of 100
  Number of query rows: 2 out of 50000
  Number of SOSL queries: 0 out of 20
  Number of DML statements: 0 out of 150
  Number of DML rows: 0 out of 10000
  Maximum CPU time: 0 out of 10000
  Maximum heap size: 0 out of 6000000
  Number of callouts: 0 out of 100
  Number of Email Invocations: 0 out of 10
  Number of future calls: 0 out of 50
  Number of queueable jobs added to the queue: 0 out of 50
  Number of Mobile Apex push calls: 0 out of 10

17:48:57.63 (63826831)|CUMULATIVE_LIMIT_USAGE_END

17:48:57.24 (63889362)|CODE_UNIT_FINISHED|ETLC_ApexBridge_Controller.execute
