37.0 APEX_CODE,FINEST;APEX_PROFILING,INFO;CALLOUT,INFO;DB,INFO;SYSTEM,DEBUG;VALIDATION,INFO;VISUALFORCE,INFO;WORKFLOW,INFO
17:53:58.0 (155710)|USER_INFO|[EXTERNAL]|00541000000Hq4o|gameize@jr.te|Eastern Standard Time|GMT-04:00
17:53:58.0 (566980)|HEAP_ALLOCATE|[72]|Bytes:3
17:53:58.0 (637050)|HEAP_ALLOCATE|[77]|Bytes:152
17:53:58.0 (657577)|HEAP_ALLOCATE|[342]|Bytes:408
17:53:58.0 (678926)|HEAP_ALLOCATE|[355]|Bytes:408
17:53:58.0 (697879)|HEAP_ALLOCATE|[467]|Bytes:48
17:53:58.1 (1850145)|USER_INFO|[EXTERNAL]|00541000000Hq4o|gameize@jr.te|Eastern Standard Time|GMT-04:00
17:53:58.1 (2047651)|STATEMENT_EXECUTE|[1]
17:53:58.1 (2072525)|METHOD_EXIT|[1]|ETLC_ApexBridge_Controller
17:53:58.1 (2078195)|HEAP_ALLOCATE|[EXTERNAL]|Bytes:214
17:53:58.1 (2112859)|SYSTEM_MODE_ENTER|false
17:53:58.1 (2201512)|VARIABLE_SCOPE_BEGIN|[3]|dataJson|String|false|false
17:53:58.1 (2280068)|VARIABLE_ASSIGNMENT|[3]|dataJson|"{\"operation\":\"Gameiz (194 more) ..."
17:53:58.1 (2292167)|STATEMENT_EXECUTE|[3]
17:53:58.1 (2293920)|STATEMENT_EXECUTE|[4]
17:53:58.1 (2427654)|VARIABLE_SCOPE_BEGIN|[4]|data|gameize.ETLC_ApexBridge_Data|true|false
17:53:58.1 (2440364)|VARIABLE_ASSIGNMENT|[4]|data|null|
17:53:58.1 (2443290)|STATEMENT_EXECUTE|[5]
17:53:58.1 (2444614)|STATEMENT_EXECUTE|[5]
17:53:58.1 (2445765)|STATEMENT_EXECUTE|[6]
17:53:58.1 (2463071)|HEAP_ALLOCATE|[6]|Bytes:11
17:53:58.1 (2469823)|HEAP_ALLOCATE|[6]|Bytes:248
17:53:58.1 (2473318)|HEAP_ALLOCATE|[6]|Bytes:39
17:53:58.1 (2503702)|METHOD_ENTRY|[2]|01p41000000CNQH|ETLC_ApexBridge_Data.ETLC_ApexBridge_Data()
17:53:58.1 (2506923)|STATEMENT_EXECUTE|[2]
17:53:58.1 (2510187)|STATEMENT_EXECUTE|[2]
17:53:58.1 (2516638)|METHOD_EXIT|[2]|ETLC_ApexBridge_Data
17:53:58.1 (2529747)|METHOD_ENTRY|[6]|01p41000000CNQH|gameize.ETLC_ApexBridge_Data.fromJSON(String)
17:53:58.1 (2544971)|VARIABLE_SCOPE_BEGIN|[60]|strJson|String|false|false
17:53:58.1 (2555450)|VARIABLE_ASSIGNMENT|[60]|strJson|"{\"operation\":\"Gameiz (194 more) ..."
17:53:58.1 (2560203)|STATEMENT_EXECUTE|[60]
17:53:58.1 (2561694)|STATEMENT_EXECUTE|[61]
17:53:58.1 (2570669)|HEAP_ALLOCATE|[61]|Bytes:28
17:53:58.1 (2590818)|HEAP_ALLOCATE|[50]|Bytes:5
17:53:58.1 (2609140)|HEAP_ALLOCATE|[56]|Bytes:5
17:53:58.1 (2617644)|HEAP_ALLOCATE|[64]|Bytes:7
17:53:58.1 (2715266)|HEAP_ALLOCATE|[61]|Bytes:24
17:53:58.1 (2728562)|SYSTEM_METHOD_ENTRY|[1]|Type.Type()
17:53:58.1 (2731533)|STATEMENT_EXECUTE|[1]
17:53:58.1 (2739860)|SYSTEM_METHOD_EXIT|[1]|Type
17:53:58.1 (2745371)|HEAP_ALLOCATE|[61]|Bytes:8
17:53:58.1 (2759339)|HEAP_ALLOCATE|[61]|Bytes:8
17:53:58.1 (2764289)|VARIABLE_SCOPE_BEGIN|[4]|this|System.Type|true|false
17:53:58.1 (2796258)|VARIABLE_ASSIGNMENT|[4]|this|{}|0x11514a42
17:53:58.1 (2800146)|VARIABLE_SCOPE_BEGIN|[4]|apextype|java:common.apex.runtime.ApexObjectType|true|false
17:53:58.1 (2988530)|VARIABLE_ASSIGNMENT|[4]|apextype|"gameize.ETLC_ApexBridge_Data"|0x2cb247c5
17:53:58.1 (3064719)|HEAP_ALLOCATE|[61]|Bytes:8
17:53:58.1 (3113426)|HEAP_ALLOCATE|[61]|Bytes:24
17:53:58.1 (3126424)|SYSTEM_METHOD_ENTRY|[1]|JSON.JSON()
17:53:58.1 (3133305)|STATEMENT_EXECUTE|[1]
17:53:58.1 (3141858)|SYSTEM_METHOD_EXIT|[1]|JSON
17:53:58.1 (3154922)|METHOD_ENTRY|[61]||System.JSON.deserializeStrict(String, System.Type)
17:53:58.1 (3449334)|METHOD_EXIT|[61]||System.JSON.deserializeStrict(String, System.Type)
17:53:58.1 (3458686)|METHOD_EXIT|[6]|01p41000000CNQH|gameize.ETLC_ApexBridge_Data.fromJSON(String)
17:53:58.1 (3491623)|VARIABLE_ASSIGNMENT|[6]|data|{"debug":true,"input":"{\"mode\":\"saveUserDat (105 more) ...","operation":"GameizeController"}|0x60e79888
17:53:58.1 (3496732)|STATEMENT_EXECUTE|[7]
17:53:58.1 (3550647)|VARIABLE_ASSIGNMENT|[EXTERNAL]|this|{"debug":true,"input":"{\"mode\":\"saveUserDat (105 more) ...","operation":"GameizeController"}|0x60e79888
17:53:58.1 (3567701)|METHOD_ENTRY|[7]||System.Type.forName(String)
17:53:58.1 (3814104)|METHOD_EXIT|[7]||System.Type.forName(String)
17:53:58.1 (3824245)|METHOD_ENTRY|[7]||System.Type.newInstance()
17:53:58.1 (3977592)|STATEMENT_EXECUTE|[1]
17:53:58.1 (3988235)|HEAP_ALLOCATE|[33]|Bytes:5
17:53:58.1 (4002063)|METHOD_EXIT|[1]|GameizeController
17:53:58.1 (4008213)|HEAP_ALLOCATE|[33]|Bytes:4
17:53:58.1 (4012747)|VARIABLE_SCOPE_BEGIN|[1]|this|gameize.GameizeController|true|false
17:53:58.1 (4030156)|VARIABLE_ASSIGNMENT|[1]|this|{}|0xc907618
17:53:58.1 (4038211)|HEAP_ALLOCATE|[33]|Bytes:5
17:53:58.1 (4046865)|HEAP_ALLOCATE|[33]|Bytes:11
17:53:58.1 (4058160)|METHOD_ENTRY|[1]|01p41000000CNQC|ETLC_ApexBridge_Abstract.ETLC_ApexBridge_Abstract()
17:53:58.1 (4061064)|STATEMENT_EXECUTE|[1]
17:53:58.1 (4064143)|STATEMENT_EXECUTE|[1]
17:53:58.1 (4069761)|METHOD_EXIT|[1]|ETLC_ApexBridge_Abstract
17:53:58.1 (4079455)|CONSTRUCTOR_ENTRY|[EXTERNAL]|01p41000000CNQC|<init>()
17:53:58.1 (4086300)|VARIABLE_SCOPE_BEGIN|[1]|this|gameize.ETLC_ApexBridge_Abstract|true|false
17:53:58.1 (4100636)|VARIABLE_ASSIGNMENT|[1]|this|{}|0xc907618
17:53:58.1 (4113234)|STATEMENT_EXECUTE|[1]
17:53:58.1 (4121957)|CONSTRUCTOR_EXIT|[EXTERNAL]|01p41000000CNQC|<init>()
17:53:58.1 (4127651)|STATEMENT_EXECUTE|[1]
17:53:58.1 (4136949)|HEAP_ALLOCATE|[33]|Bytes:5
17:53:58.1 (4154296)|METHOD_EXIT|[7]||System.Type.newInstance()
17:53:58.1 (4161774)|VARIABLE_SCOPE_BEGIN|[7]|executor|gameize.ETLC_ApexBridge_Abstract|true|false
17:53:58.1 (4175781)|VARIABLE_ASSIGNMENT|[7]|executor|{}|0xc907618
17:53:58.1 (4178570)|STATEMENT_EXECUTE|[8]
17:53:58.1 (4201667)|METHOD_ENTRY|[8]|01p41000000CQtU|gameize.GameizeController.process(gameize.ETLC_ApexBridge_Data)
17:53:58.1 (4216171)|VARIABLE_SCOPE_BEGIN|[3]|this|gameize.GameizeController|true|false
17:53:58.1 (4230511)|VARIABLE_ASSIGNMENT|[3]|this|{}|0xc907618
17:53:58.1 (4233070)|VARIABLE_SCOPE_BEGIN|[3]|data|gameize.ETLC_ApexBridge_Data|true|false
17:53:58.1 (4256013)|VARIABLE_ASSIGNMENT|[3]|data|{"debug":true,"input":"{\"mode\":\"saveUserDat (105 more) ...","operation":"GameizeController"}|0x60e79888
17:53:58.1 (4265099)|HEAP_ALLOCATE|[4]|Bytes:5
17:53:58.1 (4269230)|STATEMENT_EXECUTE|[3]
17:53:58.1 (4270513)|STATEMENT_EXECUTE|[4]
17:53:58.1 (4311224)|VARIABLE_ASSIGNMENT|[4]|GameizeController.apexBridgedata|{"debug":true,"input":"{\"mode\":\"saveUserDat (105 more) ...","operation":"GameizeController"}|0x60e79888
17:53:58.1 (4356012)|VARIABLE_ASSIGNMENT|[EXTERNAL]|this|{"debug":true,"input":"{\"mode\":\"saveUserDat (105 more) ...","operation":"GameizeController"}|0x60e79888
17:53:58.1 (4369963)|STATEMENT_EXECUTE|[5]
17:53:58.1 (4397720)|ENTERING_MANAGED_PKG|
17:53:58.1 (4453852)|USER_DEBUG|[5]|DEBUG|ETLC_ApexBridge_Data:[debug=true, input={"mode":"saveUserData","fieldName":"dataFavorite__c","fieldData":"[{\"name\":\"Hangman\",\"cmpname\":\"Hangman\",\"id\":2}]"}, isSuccess=null, messages=null, operation=GameizeController, output=null, outputFlag=null, records=null]
17:53:58.1 (4467379)|STATEMENT_EXECUTE|[7]
17:53:58.1 (4477289)|HEAP_ALLOCATE|[7]|Bytes:4
17:53:58.1 (4491885)|METHOD_ENTRY|[7]|01p41000000CNQH|gameize.ETLC_ApexBridge_Data.getInputValue(String)
17:53:58.1 (4505307)|VARIABLE_SCOPE_BEGIN|[52]|this|gameize.ETLC_ApexBridge_Data|true|false
17:53:58.1 (4532813)|VARIABLE_ASSIGNMENT|[52]|this|{"debug":true,"input":"{\"mode\":\"saveUserDat (105 more) ...","operation":"GameizeController"}|0x60e79888
17:53:58.1 (4536549)|VARIABLE_SCOPE_BEGIN|[52]|key|String|false|false
17:53:58.1 (4540043)|VARIABLE_ASSIGNMENT|[52]|key|"mode"
17:53:58.1 (4544208)|STATEMENT_EXECUTE|[52]
17:53:58.1 (4545664)|STATEMENT_EXECUTE|[53]
17:53:58.1 (4595670)|VARIABLE_ASSIGNMENT|[EXTERNAL]|this|{"debug":true,"input":"{\"mode\":\"saveUserDat (105 more) ...","operation":"GameizeController"}|0x60e79888
17:53:58.1 (4614138)|METHOD_ENTRY|[53]||System.JSON.deserializeUntyped(String)
17:53:58.1 (4971584)|METHOD_EXIT|[53]||System.JSON.deserializeUntyped(String)
17:53:58.1 (4980655)|VARIABLE_SCOPE_BEGIN|[53]|inputMap|Map<String,ANY>|true|false
17:53:58.1 (5016022)|VARIABLE_ASSIGNMENT|[53]|inputMap|{"s":1,"v":{"mode":"saveUserData","fieldName":"dataFavorite__c","fieldData":"[{\"name\":\"Hangman\",\" (27 more) ..."}}|0x1291a1bb
17:53:58.1 (5021829)|STATEMENT_EXECUTE|[54]
17:53:58.1 (5048156)|ENTERING_MANAGED_PKG|
17:53:58.1 (5093860)|METHOD_EXIT|[7]|01p41000000CNQH|gameize.ETLC_ApexBridge_Data.getInputValue(String)
17:53:58.1 (5100799)|VARIABLE_SCOPE_BEGIN|[7]|mode|String|false|false
17:53:58.1 (5109508)|VARIABLE_ASSIGNMENT|[7]|mode|"saveUserData"
17:53:58.1 (5113748)|HEAP_ALLOCATE|[8]|Bytes:13
17:53:58.1 (5139059)|HEAP_ALLOCATE|[11]|Bytes:12
17:53:58.1 (5154197)|STATEMENT_EXECUTE|[11]
17:53:58.1 (5155853)|STATEMENT_EXECUTE|[12]
17:53:58.1 (5204394)|HEAP_ALLOCATE|[12]|Bytes:85
17:53:58.1 (5218501)|SYSTEM_METHOD_ENTRY|[1]|UserInfo.UserInfo()
17:53:58.1 (5221103)|STATEMENT_EXECUTE|[1]
17:53:58.1 (5229426)|SYSTEM_METHOD_EXIT|[1]|UserInfo
17:53:58.1 (5240178)|METHOD_ENTRY|[12]||System.UserInfo.getUserId()
17:53:58.1 (5272642)|METHOD_EXIT|[12]||System.UserInfo.getUserId()
17:53:58.1 (5286235)|HEAP_ALLOCATE|[12]|Bytes:4
17:53:58.1 (5297972)|METHOD_ENTRY|[12]||System.UserInfo.getUserName()
17:53:58.1 (5325486)|METHOD_EXIT|[12]||System.UserInfo.getUserName()
17:53:58.1 (5330459)|HEAP_ALLOCATE|[12]|Bytes:9
17:53:58.1 (5342682)|METHOD_ENTRY|[12]|01p41000000CNQH|gameize.ETLC_ApexBridge_Data.getInputValue(String)
17:53:58.1 (5347277)|VARIABLE_SCOPE_BEGIN|[52]|this|gameize.ETLC_ApexBridge_Data|true|false
17:53:58.1 (5376004)|VARIABLE_ASSIGNMENT|[52]|this|{"debug":true,"input":"{\"mode\":\"saveUserDat (105 more) ...","operation":"GameizeController"}|0x60e79888
17:53:58.1 (5379904)|VARIABLE_SCOPE_BEGIN|[52]|key|String|false|false
17:53:58.1 (5383463)|VARIABLE_ASSIGNMENT|[52]|key|"fieldName"
17:53:58.1 (5387512)|STATEMENT_EXECUTE|[52]
17:53:58.1 (5388910)|STATEMENT_EXECUTE|[53]
17:53:58.1 (5421849)|VARIABLE_ASSIGNMENT|[EXTERNAL]|this|{"debug":true,"input":"{\"mode\":\"saveUserDat (105 more) ...","operation":"GameizeController"}|0x60e79888
17:53:58.1 (5434020)|METHOD_ENTRY|[53]||System.JSON.deserializeUntyped(String)
17:53:58.1 (5637789)|METHOD_EXIT|[53]||System.JSON.deserializeUntyped(String)
17:53:58.1 (5646272)|VARIABLE_SCOPE_BEGIN|[53]|inputMap|Map<String,ANY>|true|false
17:53:58.1 (5674536)|VARIABLE_ASSIGNMENT|[53]|inputMap|{"s":1,"v":{"mode":"saveUserData","fieldName":"dataFavorite__c","fieldData":"[{\"name\":\"Hangman\",\" (27 more) ..."}}|0x4eee58b9
17:53:58.1 (5679488)|STATEMENT_EXECUTE|[54]
17:53:58.1 (5698777)|ENTERING_MANAGED_PKG|
17:53:58.1 (5710348)|METHOD_EXIT|[12]|01p41000000CNQH|gameize.ETLC_ApexBridge_Data.getInputValue(String)
17:53:58.1 (5716100)|HEAP_ALLOCATE|[12]|Bytes:9
17:53:58.1 (5726040)|METHOD_ENTRY|[12]|01p41000000CNQH|gameize.ETLC_ApexBridge_Data.getInputValue(String)
17:53:58.1 (5729978)|VARIABLE_SCOPE_BEGIN|[52]|this|gameize.ETLC_ApexBridge_Data|true|false
17:53:58.1 (5756801)|VARIABLE_ASSIGNMENT|[52]|this|{"debug":true,"input":"{\"mode\":\"saveUserDat (105 more) ...","operation":"GameizeController"}|0x60e79888
17:53:58.1 (5760223)|VARIABLE_SCOPE_BEGIN|[52]|key|String|false|false
17:53:58.1 (5763661)|VARIABLE_ASSIGNMENT|[52]|key|"fieldData"
17:53:58.1 (5767663)|STATEMENT_EXECUTE|[52]
17:53:58.1 (5768896)|STATEMENT_EXECUTE|[53]
17:53:58.1 (5801072)|VARIABLE_ASSIGNMENT|[EXTERNAL]|this|{"debug":true,"input":"{\"mode\":\"saveUserDat (105 more) ...","operation":"GameizeController"}|0x60e79888
17:53:58.1 (5812926)|METHOD_ENTRY|[53]||System.JSON.deserializeUntyped(String)
17:53:58.1 (6008608)|METHOD_EXIT|[53]||System.JSON.deserializeUntyped(String)
17:53:58.1 (6017898)|VARIABLE_SCOPE_BEGIN|[53]|inputMap|Map<String,ANY>|true|false
17:53:58.1 (6045810)|VARIABLE_ASSIGNMENT|[53]|inputMap|{"s":1,"v":{"mode":"saveUserData","fieldName":"dataFavorite__c","fieldData":"[{\"name\":\"Hangman\",\" (27 more) ..."}}|0x742f319
17:53:58.1 (6050856)|STATEMENT_EXECUTE|[54]
17:53:58.1 (6069865)|ENTERING_MANAGED_PKG|
17:53:58.1 (6081050)|METHOD_EXIT|[12]|01p41000000CNQH|gameize.ETLC_ApexBridge_Data.getInputValue(String)
17:53:58.1 (6102750)|METHOD_ENTRY|[12]|01p41000000CQtU|gameize.GameizeController.saveUserData(Id, String, String, String)
17:53:58.1 (6112306)|VARIABLE_SCOPE_BEGIN|[38]|this|gameize.GameizeController|true|false
17:53:58.1 (6127160)|VARIABLE_ASSIGNMENT|[38]|this|{}|0xc907618
17:53:58.1 (6138374)|VARIABLE_SCOPE_BEGIN|[38]|userId|Id|false|false
17:53:58.1 (6196661)|VARIABLE_ASSIGNMENT|[38]|userId|"00541000000Hq4oAAC"
17:53:58.1 (6204284)|VARIABLE_SCOPE_BEGIN|[38]|userName|String|false|false
17:53:58.1 (6210467)|VARIABLE_ASSIGNMENT|[38]|userName|"gameize@jr.te"
17:53:58.1 (6213617)|VARIABLE_SCOPE_BEGIN|[38]|fieldName|String|false|false
17:53:58.1 (6218038)|VARIABLE_ASSIGNMENT|[38]|fieldName|"dataFavorite__c"
17:53:58.1 (6220675)|VARIABLE_SCOPE_BEGIN|[38]|fieldData|String|false|false
17:53:58.1 (6226477)|VARIABLE_ASSIGNMENT|[38]|fieldData|"[{\"name\":\"Hangman\",\" (27 more) ..."
17:53:58.1 (6235281)|HEAP_ALLOCATE|[39]|Bytes:5
17:53:58.1 (6239899)|STATEMENT_EXECUTE|[38]
17:53:58.1 (6241318)|STATEMENT_EXECUTE|[39]
17:53:58.1 (6250444)|VARIABLE_SCOPE_BEGIN|[39]|returnFlag|Boolean|false|false
17:53:58.1 (6254317)|HEAP_ALLOCATE|[39]|Bytes:5
17:53:58.1 (6259363)|VARIABLE_ASSIGNMENT|[39]|returnFlag|false
17:53:58.1 (6261176)|STATEMENT_EXECUTE|[40]
17:53:58.1 (6262287)|STATEMENT_EXECUTE|[40]
17:53:58.1 (6263385)|STATEMENT_EXECUTE|[41]
17:53:58.1 (6308643)|HEAP_ALLOCATE|[41]|Bytes:4
17:53:58.1 (6331029)|ENTERING_MANAGED_PKG|
17:53:58.1 (6352835)|HEAP_ALLOCATE|[41]|Bytes:4
17:53:58.1 (6364237)|HEAP_ALLOCATE|[41]|Bytes:24
17:53:58.1 (6369078)|HEAP_ALLOCATE|[41]|Bytes:23
17:53:58.1 (6375101)|VARIABLE_SCOPE_BEGIN|[41]|fields|List<String>|true|false
17:53:58.1 (6410004)|HEAP_ALLOCATE|[EXTERNAL]|Bytes:16
17:53:58.1 (6431799)|VARIABLE_ASSIGNMENT|[41]|fields|{"s":1,"v":["Name","gameize__dataFavorit (4 more) ...","gameize__dataHistory (3 more) ..."]}|0x7bacae9b
17:53:58.1 (6436510)|STATEMENT_EXECUTE|[45]
17:53:58.1 (6446027)|HEAP_ALLOCATE|[45]|Bytes:19
17:53:58.1 (6808202)|HEAP_ALLOCATE|[45]|Bytes:4
17:53:58.1 (7262206)|HEAP_ALLOCATE|[45]|Bytes:60
17:53:58.1 (7275360)|VARIABLE_SCOPE_BEGIN|[45]|m|Map<String,Schema.SObjectField>|true|false
17:53:58.1 (7459690)|VARIABLE_ASSIGNMENT|[45]|m|"{createdbyid=CreatedById, createddate=CreatedDate, gameize__datafavorite__c=gameize__dataFavorite__c, gameize__datahistory__c=gameize__dataHistory__c, gameize__user__c=gameize__User__c, id=Id, isdeleted=IsDeleted, lastmodifiedbyid=LastModifiedById, lastmodifieddate=LastModifiedDate, lastreferenceddate=LastReferencedDate, ...}"|0x7a861a32
17:53:58.1 (7482909)|ENTERING_MANAGED_PKG|
17:53:58.1 (7557060)|HEAP_ALLOCATE|[46]|Bytes:5
17:53:58.1 (7586603)|HEAP_ALLOCATE|[46]|Bytes:4
17:53:58.1 (7595000)|VARIABLE_SCOPE_BEGIN|[46]|fieldToCheck|String|false|false
17:53:58.1 (7603634)|VARIABLE_ASSIGNMENT|[46]|fieldToCheck|"Name"
17:53:58.1 (7606987)|STATEMENT_EXECUTE|[46]
17:53:58.1 (7623075)|ENTERING_MANAGED_PKG|
17:53:58.1 (7941725)|HEAP_ALLOCATE|[52]|Bytes:8
17:53:58.1 (7981530)|ENTERING_MANAGED_PKG|
17:53:58.1 (8044216)|HEAP_ALLOCATE|[53]|Bytes:8
17:53:58.1 (8077821)|ENTERING_MANAGED_PKG|
17:53:58.1 (8140572)|HEAP_ALLOCATE|[54]|Bytes:8
17:53:58.1 (8163129)|STATEMENT_EXECUTE|[52]
17:53:58.1 (8182216)|HEAP_ALLOCATE|[46]|Bytes:5
17:53:58.1 (8192090)|HEAP_ALLOCATE|[46]|Bytes:24
17:53:58.1 (8199320)|VARIABLE_SCOPE_BEGIN|[46]|fieldToCheck|String|false|false
17:53:58.1 (8209621)|VARIABLE_ASSIGNMENT|[46]|fieldToCheck|"gameize__dataFavorit (4 more) ..."
17:53:58.1 (8212790)|STATEMENT_EXECUTE|[46]
17:53:58.1 (8223053)|ENTERING_MANAGED_PKG|
17:53:58.1 (8477063)|HEAP_ALLOCATE|[52]|Bytes:8
17:53:58.1 (8504800)|ENTERING_MANAGED_PKG|
17:53:58.1 (8541317)|HEAP_ALLOCATE|[53]|Bytes:8
17:53:58.1 (8563013)|ENTERING_MANAGED_PKG|
17:53:58.1 (8594830)|HEAP_ALLOCATE|[54]|Bytes:8
17:53:58.1 (8609566)|STATEMENT_EXECUTE|[52]
17:53:58.1 (8627802)|HEAP_ALLOCATE|[46]|Bytes:5
17:53:58.1 (8637499)|HEAP_ALLOCATE|[46]|Bytes:23
17:53:58.1 (8644607)|VARIABLE_SCOPE_BEGIN|[46]|fieldToCheck|String|false|false
17:53:58.1 (8654592)|VARIABLE_ASSIGNMENT|[46]|fieldToCheck|"gameize__dataHistory (3 more) ..."
17:53:58.1 (8657636)|STATEMENT_EXECUTE|[46]
17:53:58.1 (8667787)|ENTERING_MANAGED_PKG|
17:53:58.1 (8807326)|HEAP_ALLOCATE|[52]|Bytes:8
17:53:58.1 (8833386)|ENTERING_MANAGED_PKG|
17:53:58.1 (8868315)|HEAP_ALLOCATE|[53]|Bytes:8
17:53:58.1 (8889366)|ENTERING_MANAGED_PKG|
17:53:58.1 (8921171)|HEAP_ALLOCATE|[54]|Bytes:8
17:53:58.1 (8935355)|STATEMENT_EXECUTE|[52]
17:53:58.1 (8955653)|HEAP_ALLOCATE|[46]|Bytes:5
17:53:58.1 (8969639)|VARIABLE_ASSIGNMENT|[46]|fieldToCheck|null
17:53:58.1 (8973369)|STATEMENT_EXECUTE|[59]
17:53:58.1 (9017956)|HEAP_ALLOCATE|[59]|Bytes:4
17:53:58.1 (9122391)|VARIABLE_SCOPE_BEGIN|[59]|g|gameize__Gameize__c|true|false
17:53:58.1 (9143538)|VARIABLE_ASSIGNMENT|[59]|g|{}|0x2fd12273
17:53:58.1 (9147285)|STATEMENT_EXECUTE|[60]
17:53:58.1 (9216015)|VARIABLE_ASSIGNMENT|[60]|this.Name|"gameize@jr.te"|0x2fd12273
17:53:58.1 (9220509)|STATEMENT_EXECUTE|[61]
17:53:58.1 (9278291)|VARIABLE_ASSIGNMENT|[61]|this.gameize__User__c|"00541000000Hq4oAAC"|0x2fd12273
17:53:58.1 (9285625)|HEAP_ALLOCATE|[62]|Bytes:15
17:53:58.1 (9304789)|STATEMENT_EXECUTE|[62]
17:53:58.1 (9306886)|STATEMENT_EXECUTE|[63]
17:53:58.1 (9368639)|VARIABLE_ASSIGNMENT|[63]|this.gameize__dataFavorite__c|"[{\"name\":\"Hangman\",\" (27 more) ..."|0x2fd12273
17:53:58.1 (9374204)|STATEMENT_EXECUTE|[69]
17:53:58.1 (9383759)|HEAP_ALLOCATE|[69]|Bytes:58
17:53:58.1 (9390755)|HEAP_ALLOCATE|[69]|Bytes:4
17:53:58.1 (9398831)|HEAP_ALLOCATE|[69]|Bytes:7
17:53:58.1 (9609139)|SOQL_EXECUTE_BEGIN|[69]|Aggregations:0|SELECT ID FROM Gameize__c WHERE User__c = :tmpVar1 LIMIT 1
17:53:58.1 (12663599)|SOQL_EXECUTE_END|[69]|Rows:1
17:53:58.1 (12689524)|HEAP_ALLOCATE|[69]|Bytes:8
17:53:58.1 (12701691)|HEAP_ALLOCATE|[69]|Bytes:33
17:53:58.1 (12748168)|HEAP_ALLOCATE|[69]|Bytes:8
17:53:58.1 (12760354)|VARIABLE_SCOPE_BEGIN|[69]|records|List<gameize__Gameize__c>|true|false
17:53:58.1 (12788996)|VARIABLE_ASSIGNMENT|[69]|records|{"s":1,"v":[{"s":2,"v":{"Id":"a0041000000j7nTAAQ"}}]}|0x51069b65
17:53:58.1 (12857417)|ENTERING_MANAGED_PKG|
17:53:58.1 (12882100)|STATEMENT_EXECUTE|[70]
17:53:58.1 (12884322)|STATEMENT_EXECUTE|[71]
17:53:58.1 (12917099)|HEAP_ALLOCATE|[71]|Bytes:8
17:53:58.1 (12969496)|VARIABLE_ASSIGNMENT|[71]|this.Id|"a0041000000j7nTAAQ"|0x2fd12273
17:53:58.1 (12974751)|STATEMENT_EXECUTE|[73]
17:53:58.1 (13013858)|HEAP_ALLOCATE|[73]|Bytes:8
17:53:58.1 (13035575)|DML_BEGIN|[73]|Op:Upsert|Type:gameize__Gameize__c|Rows:1
17:53:58.1 (13058120)|HEAP_ALLOCATE|[EXTERNAL]|Bytes:8
17:53:58.1 (34634009)|DML_END|[73]
17:53:58.1 (34722154)|VARIABLE_ASSIGNMENT|[EXTERNAL]|this|{"debug":true,"input":"{\"mode\":\"saveUserDat (105 more) ...","operation":"GameizeController"}|0x60e79888
17:53:58.1 (34736746)|STATEMENT_EXECUTE|[74]
17:53:58.1 (34738887)|STATEMENT_EXECUTE|[74]
17:53:58.1 (34750982)|HEAP_ALLOCATE|[74]|Bytes:31
17:53:58.1 (34779525)|ENTERING_MANAGED_PKG|
17:53:58.1 (34833602)|HEAP_ALLOCATE|[74]|Bytes:174
17:53:58.1 (34855783)|HEAP_ALLOCATE|[74]|Bytes:205
17:53:58.1 (34871322)|ENTERING_MANAGED_PKG|
17:53:58.1 (34885596)|USER_DEBUG|[74]|DEBUG|GameizeController:saveData:g:: gameize__Gameize__c:{Name=gameize@jr.te, gameize__User__c=00541000000Hq4oAAC, gameize__dataFavorite__c=[{"name":"Hangman","cmpname":"Hangman","id":2}], Id=a0041000000j7nTAAQ}
17:53:58.1 (34894885)|STATEMENT_EXECUTE|[75]
17:53:58.1 (34906191)|HEAP_ALLOCATE|[75]|Bytes:5
17:53:58.1 (34915567)|VARIABLE_ASSIGNMENT|[75]|returnFlag|true
17:53:58.1 (34918804)|STATEMENT_EXECUTE|[77]
17:53:58.1 (34924639)|HEAP_ALLOCATE|[77]|Bytes:5
17:53:58.1 (34937868)|METHOD_EXIT|[12]|01p41000000CQtU|gameize.GameizeController.saveUserData(Id, String, String, String)
17:53:58.1 (34984187)|VARIABLE_ASSIGNMENT|[EXTERNAL]|this|{"debug":true,"input":"{\"mode\":\"saveUserDat (105 more) ...","operation":"GameizeController"}|0x60e79888
17:53:58.1 (34992546)|VARIABLE_ASSIGNMENT|[EXTERNAL]|value|true
17:53:58.1 (34997818)|HEAP_ALLOCATE|[15]|Bytes:5
17:53:58.1 (35008318)|VARIABLE_ASSIGNMENT|[15]|this.outputFlag|true|0x60e79888
17:53:58.1 (35023619)|METHOD_EXIT|[8]|01p41000000CQtU|gameize.GameizeController.process(gameize.ETLC_ApexBridge_Data)
17:53:58.1 (35028117)|STATEMENT_EXECUTE|[23]
17:53:58.1 (35046757)|METHOD_ENTRY|[23]|01p41000000CNQH|gameize.ETLC_ApexBridge_Data.toJSON()
17:53:58.1 (35061285)|VARIABLE_SCOPE_BEGIN|[57]|this|gameize.ETLC_ApexBridge_Data|true|false
17:53:58.1 (35089474)|VARIABLE_ASSIGNMENT|[57]|this|{"debug":true,"input":"{\"mode\":\"saveUserDat (105 more) ...","operation":"GameizeController","outputFlag":true}|0x60e79888
17:53:58.1 (35095220)|STATEMENT_EXECUTE|[57]
17:53:58.1 (35096716)|STATEMENT_EXECUTE|[58]
17:53:58.1 (35114161)|METHOD_ENTRY|[58]||System.JSON.serialize(Object)
17:53:58.1 (35242452)|STATEMENT_EXECUTE|[22]
17:53:58.1 (35246232)|STATEMENT_EXECUTE|[23]
17:53:58.1 (35256943)|HEAP_ALLOCATE|[23]|Bytes:5
17:53:58.1 (35266612)|VARIABLE_ASSIGNMENT|[23]|this.isSuccess|true|0x60e79888
17:53:58.1 (35269402)|STATEMENT_EXECUTE|[24]
17:53:58.1 (35305303)|STATEMENT_EXECUTE|[31]
17:53:58.1 (35308472)|STATEMENT_EXECUTE|[32]
17:53:58.1 (35427125)|HEAP_ALLOCATE|[32]|Bytes:4
17:53:58.1 (35495701)|VARIABLE_ASSIGNMENT|[32]|this.messages|{"s":1,"v":{}}|0x60e79888
17:53:58.1 (35500556)|STATEMENT_EXECUTE|[33]
17:53:58.1 (35844377)|METHOD_EXIT|[58]||System.JSON.serialize(Object)
17:53:58.1 (35851416)|METHOD_EXIT|[23]|01p41000000CNQH|gameize.ETLC_ApexBridge_Data.toJSON()
17:53:58.1 (35863586)|SYSTEM_MODE_EXIT|false
17:53:58.38 (38222577)|CUMULATIVE_LIMIT_USAGE
17:53:58.38 (38222577)|LIMIT_USAGE_FOR_NS|(default)|
  Number of SOQL queries: 0 out of 100
  Number of query rows: 0 out of 50000
  Number of SOSL queries: 0 out of 20
  Number of DML statements: 0 out of 150
  Number of DML rows: 0 out of 10000
  Maximum CPU time: 0 out of 10000
  Maximum heap size: 0 out of 6000000
  Number of callouts: 0 out of 100
  Number of Email Invocations: 0 out of 10
  Number of future calls: 0 out of 50
  Number of queueable jobs added to the queue: 0 out of 50
  Number of Mobile Apex push calls: 0 out of 10

17:53:58.38 (38222577)|LIMIT_USAGE_FOR_NS|gameize|
  Number of SOQL queries: 1 out of 100
  Number of query rows: 1 out of 50000
  Number of SOSL queries: 0 out of 20
  Number of DML statements: 1 out of 150
  Number of DML rows: 1 out of 10000
  Maximum CPU time: 0 out of 10000
  Maximum heap size: 0 out of 6000000
  Number of callouts: 0 out of 100
  Number of Email Invocations: 0 out of 10
  Number of future calls: 0 out of 50
  Number of queueable jobs added to the queue: 0 out of 50
  Number of Mobile Apex push calls: 0 out of 10

17:53:58.38 (38222577)|CUMULATIVE_LIMIT_USAGE_END

17:53:58.1 (38289701)|CODE_UNIT_FINISHED|ETLC_ApexBridge_Controller.execute
