37.0 APEX_CODE,FINEST;APEX_PROFILING,INFO;CALLOUT,INFO;DB,INFO;SYSTEM,DEBUG;VALIDATION,INFO;VISUALFORCE,INFO;WORKFLOW,INFO
17:54:03.0 (107627)|USER_INFO|[EXTERNAL]|00541000000Hq4o|gameize@jr.te|Eastern Standard Time|GMT-04:00
17:54:03.0 (521078)|HEAP_ALLOCATE|[72]|Bytes:3
17:54:03.0 (579851)|HEAP_ALLOCATE|[77]|Bytes:152
17:54:03.0 (593875)|HEAP_ALLOCATE|[342]|Bytes:408
17:54:03.0 (608046)|HEAP_ALLOCATE|[355]|Bytes:408
17:54:03.0 (620366)|HEAP_ALLOCATE|[467]|Bytes:48
17:54:03.1 (1849641)|USER_INFO|[EXTERNAL]|00541000000Hq4o|gameize@jr.te|Eastern Standard Time|GMT-04:00
17:54:03.1 (2036982)|STATEMENT_EXECUTE|[1]
17:54:03.1 (2057301)|METHOD_EXIT|[1]|ETLC_ApexBridge_Controller
17:54:03.1 (2063325)|HEAP_ALLOCATE|[EXTERNAL]|Bytes:1768
17:54:03.1 (2084491)|SYSTEM_MODE_ENTER|false
17:54:03.1 (2180687)|VARIABLE_SCOPE_BEGIN|[3]|dataJson|String|false|false
17:54:03.1 (2249865)|VARIABLE_ASSIGNMENT|[3]|dataJson|"{\"operation\":\"Gameiz (1748 more) ..."
17:54:03.1 (2261905)|STATEMENT_EXECUTE|[3]
17:54:03.1 (2263485)|STATEMENT_EXECUTE|[4]
17:54:03.1 (2378894)|VARIABLE_SCOPE_BEGIN|[4]|data|gameize.ETLC_ApexBridge_Data|true|false
17:54:03.1 (2389968)|VARIABLE_ASSIGNMENT|[4]|data|null|
17:54:03.1 (2392345)|STATEMENT_EXECUTE|[5]
17:54:03.1 (2393430)|STATEMENT_EXECUTE|[5]
17:54:03.1 (2394500)|STATEMENT_EXECUTE|[6]
17:54:03.1 (2410281)|HEAP_ALLOCATE|[6]|Bytes:11
17:54:03.1 (2416673)|HEAP_ALLOCATE|[6]|Bytes:248
17:54:03.1 (2419444)|HEAP_ALLOCATE|[6]|Bytes:39
17:54:03.1 (2446069)|METHOD_ENTRY|[2]|01p41000000CNQH|ETLC_ApexBridge_Data.ETLC_ApexBridge_Data()
17:54:03.1 (2448838)|STATEMENT_EXECUTE|[2]
17:54:03.1 (2451325)|STATEMENT_EXECUTE|[2]
17:54:03.1 (2456025)|METHOD_EXIT|[2]|ETLC_ApexBridge_Data
17:54:03.1 (2468242)|METHOD_ENTRY|[6]|01p41000000CNQH|gameize.ETLC_ApexBridge_Data.fromJSON(String)
17:54:03.1 (2483531)|VARIABLE_SCOPE_BEGIN|[60]|strJson|String|false|false
17:54:03.1 (2491651)|VARIABLE_ASSIGNMENT|[60]|strJson|"{\"operation\":\"Gameiz (1748 more) ..."
17:54:03.1 (2495206)|STATEMENT_EXECUTE|[60]
17:54:03.1 (2496688)|STATEMENT_EXECUTE|[61]
17:54:03.1 (2503377)|HEAP_ALLOCATE|[61]|Bytes:28
17:54:03.1 (2520678)|HEAP_ALLOCATE|[50]|Bytes:5
17:54:03.1 (2538720)|HEAP_ALLOCATE|[56]|Bytes:5
17:54:03.1 (2544884)|HEAP_ALLOCATE|[64]|Bytes:7
17:54:03.1 (2626737)|HEAP_ALLOCATE|[61]|Bytes:24
17:54:03.1 (2638511)|SYSTEM_METHOD_ENTRY|[1]|Type.Type()
17:54:03.1 (2641233)|STATEMENT_EXECUTE|[1]
17:54:03.1 (2647276)|SYSTEM_METHOD_EXIT|[1]|Type
17:54:03.1 (2651655)|HEAP_ALLOCATE|[61]|Bytes:8
17:54:03.1 (2671411)|HEAP_ALLOCATE|[61]|Bytes:8
17:54:03.1 (2678123)|VARIABLE_SCOPE_BEGIN|[4]|this|System.Type|true|false
17:54:03.1 (2704350)|VARIABLE_ASSIGNMENT|[4]|this|{}|0x25083787
17:54:03.1 (2708978)|VARIABLE_SCOPE_BEGIN|[4]|apextype|java:common.apex.runtime.ApexObjectType|true|false
17:54:03.1 (2827211)|VARIABLE_ASSIGNMENT|[4]|apextype|"gameize.ETLC_ApexBridge_Data"|0x1e3929de
17:54:03.1 (2894654)|HEAP_ALLOCATE|[61]|Bytes:8
17:54:03.1 (2935028)|HEAP_ALLOCATE|[61]|Bytes:24
17:54:03.1 (2949852)|SYSTEM_METHOD_ENTRY|[1]|JSON.JSON()
17:54:03.1 (2952136)|STATEMENT_EXECUTE|[1]
17:54:03.1 (2957753)|SYSTEM_METHOD_EXIT|[1]|JSON
17:54:03.1 (2969298)|METHOD_ENTRY|[61]||System.JSON.deserializeStrict(String, System.Type)
17:54:03.1 (3254950)|METHOD_EXIT|[61]||System.JSON.deserializeStrict(String, System.Type)
17:54:03.1 (3265231)|METHOD_EXIT|[6]|01p41000000CNQH|gameize.ETLC_ApexBridge_Data.fromJSON(String)
17:54:03.1 (3297274)|VARIABLE_ASSIGNMENT|[6]|data|{"debug":true,"input":"{\"mode\":\"saveUserDat (1399 more) ...","operation":"GameizeController"}|0x7e1e3888
17:54:03.1 (3301189)|STATEMENT_EXECUTE|[7]
17:54:03.1 (3345796)|VARIABLE_ASSIGNMENT|[EXTERNAL]|this|{"debug":true,"input":"{\"mode\":\"saveUserDat (1399 more) ...","operation":"GameizeController"}|0x7e1e3888
17:54:03.1 (3360089)|METHOD_ENTRY|[7]||System.Type.forName(String)
17:54:03.1 (3585160)|METHOD_EXIT|[7]||System.Type.forName(String)
17:54:03.1 (3595491)|METHOD_ENTRY|[7]||System.Type.newInstance()
17:54:03.1 (3722680)|STATEMENT_EXECUTE|[1]
17:54:03.1 (3732005)|HEAP_ALLOCATE|[33]|Bytes:5
17:54:03.1 (3742584)|METHOD_EXIT|[1]|GameizeController
17:54:03.1 (3747478)|HEAP_ALLOCATE|[33]|Bytes:4
17:54:03.1 (3754318)|VARIABLE_SCOPE_BEGIN|[1]|this|gameize.GameizeController|true|false
17:54:03.1 (3770187)|VARIABLE_ASSIGNMENT|[1]|this|{}|0x5f91ae51
17:54:03.1 (3776158)|HEAP_ALLOCATE|[33]|Bytes:5
17:54:03.1 (3783290)|HEAP_ALLOCATE|[33]|Bytes:11
17:54:03.1 (3791715)|METHOD_ENTRY|[1]|01p41000000CNQC|ETLC_ApexBridge_Abstract.ETLC_ApexBridge_Abstract()
17:54:03.1 (3793982)|STATEMENT_EXECUTE|[1]
17:54:03.1 (3796383)|STATEMENT_EXECUTE|[1]
17:54:03.1 (3800170)|METHOD_EXIT|[1]|ETLC_ApexBridge_Abstract
17:54:03.1 (3808827)|CONSTRUCTOR_ENTRY|[EXTERNAL]|01p41000000CNQC|<init>()
17:54:03.1 (3814422)|VARIABLE_SCOPE_BEGIN|[1]|this|gameize.ETLC_ApexBridge_Abstract|true|false
17:54:03.1 (3824312)|VARIABLE_ASSIGNMENT|[1]|this|{}|0x5f91ae51
17:54:03.1 (3833697)|STATEMENT_EXECUTE|[1]
17:54:03.1 (3840144)|CONSTRUCTOR_EXIT|[EXTERNAL]|01p41000000CNQC|<init>()
17:54:03.1 (3844809)|STATEMENT_EXECUTE|[1]
17:54:03.1 (3848205)|HEAP_ALLOCATE|[33]|Bytes:5
17:54:03.1 (3861628)|METHOD_EXIT|[7]||System.Type.newInstance()
17:54:03.1 (3871105)|VARIABLE_SCOPE_BEGIN|[7]|executor|gameize.ETLC_ApexBridge_Abstract|true|false
17:54:03.1 (3881838)|VARIABLE_ASSIGNMENT|[7]|executor|{}|0x5f91ae51
17:54:03.1 (3883753)|STATEMENT_EXECUTE|[8]
17:54:03.1 (3902295)|METHOD_ENTRY|[8]|01p41000000CQtU|gameize.GameizeController.process(gameize.ETLC_ApexBridge_Data)
17:54:03.1 (3913734)|VARIABLE_SCOPE_BEGIN|[3]|this|gameize.GameizeController|true|false
17:54:03.1 (3922477)|VARIABLE_ASSIGNMENT|[3]|this|{}|0x5f91ae51
17:54:03.1 (3924304)|VARIABLE_SCOPE_BEGIN|[3]|data|gameize.ETLC_ApexBridge_Data|true|false
17:54:03.1 (3950259)|VARIABLE_ASSIGNMENT|[3]|data|{"debug":true,"input":"{\"mode\":\"saveUserDat (1399 more) ...","operation":"GameizeController"}|0x7e1e3888
17:54:03.1 (3959075)|HEAP_ALLOCATE|[4]|Bytes:5
17:54:03.1 (3962409)|STATEMENT_EXECUTE|[3]
17:54:03.1 (3963587)|STATEMENT_EXECUTE|[4]
17:54:03.1 (3991077)|VARIABLE_ASSIGNMENT|[4]|GameizeController.apexBridgedata|{"debug":true,"input":"{\"mode\":\"saveUserDat (1399 more) ...","operation":"GameizeController"}|0x7e1e3888
17:54:03.1 (4022237)|VARIABLE_ASSIGNMENT|[EXTERNAL]|this|{"debug":true,"input":"{\"mode\":\"saveUserDat (1399 more) ...","operation":"GameizeController"}|0x7e1e3888
17:54:03.1 (4033732)|STATEMENT_EXECUTE|[5]
17:54:03.1 (4055692)|ENTERING_MANAGED_PKG|
17:54:03.1 (4095352)|USER_DEBUG|[5]|DEBUG|ETLC_ApexBridge_Data:[debug=true, input={"mode":"saveUserData","fieldName":"dataHistory__c","fieldData":"[{\"name\":\"Hangman\",\"cmpname\":\"Hangman\",\"datePlayed\":\"Mon Aug 08 2016 15:48:22 GMT-0400 (Eastern Daylight Time)\",\"id\":2},{\"name\":\"Hangman\",\"cmpname\":\"Hangman\",\"datePlayed\":\"Mon Aug 08 2016 15:48:28 GMT-0400 (Eastern Daylight Time)\",\"id\":2},{\"name\":\"Hangman\",\"cmpname\":\"Hangman\",\"datePlayed\":\"Mon Aug 08 2016 15:48:31 GMT-0400 (Eastern Daylight Time)\",\"id\":2},{\"name\":\"Age Counter\",\"cmpname\":\"AgeCounter\",\"datePlayed\":\"Mon Aug 08 2016 15:48:34 GMT-0400 (Eastern Daylight Time)\",\"id\":1},{\"name\":\"Hangman\",\"cmpname\":\"Hangman\",\"datePlayed\":\"Mon Aug 08 2016 15:48:42 GMT-0400 (Eastern Daylight Time)\",\"id\":2},{\"name\":\"Hangman\",\"cmpname\":\"Hangman\",\"datePlayed\":\"Mon Aug 08 2016 17:49:22 GMT-0400 (Eastern Daylight Time)\",\"id\":2},{\"name\":\"Hangman\",\"cmpname\":\"Hangman\",\"datePlayed\":\"Mon Aug 08 2016 17:53:11 GMT-0400 (Eastern Daylight Time)\",\"id\":2},{\"name\":\"Age Counter\",\"cmpname\":\"AgeCounter\",\"datePlayed\":\"Mon Aug 08 2016 17:53:47 GMT-0400 (Eastern Daylight Time)\",\"id\":1},{\"name\":\"Age Counter\",\"cmpname\":\"AgeCounter\",\"datePlayed\":\"Mon Aug 08 2016 17:53:59 GMT-0400 (Eastern Daylight Time)\",\"id\":1},{\"name\":\"Hangman\",\"cmpname\":\"Hangman\",\"datePlayed\":\"Mon Aug 08 2016 17:54:05 GMT-0400 (Eastern Daylight Time)\",\"id\":2}]"}, isSuccess=null, messages=null, operation=GameizeController, output=null, outputFlag=null, records=null]
17:54:03.1 (4109038)|STATEMENT_EXECUTE|[7]
17:54:03.1 (4115947)|HEAP_ALLOCATE|[7]|Bytes:4
17:54:03.1 (4126936)|METHOD_ENTRY|[7]|01p41000000CNQH|gameize.ETLC_ApexBridge_Data.getInputValue(String)
17:54:03.1 (4136913)|VARIABLE_SCOPE_BEGIN|[52]|this|gameize.ETLC_ApexBridge_Data|true|false
17:54:03.1 (4157894)|VARIABLE_ASSIGNMENT|[52]|this|{"debug":true,"input":"{\"mode\":\"saveUserDat (1399 more) ...","operation":"GameizeController"}|0x7e1e3888
17:54:03.1 (4161017)|VARIABLE_SCOPE_BEGIN|[52]|key|String|false|false
17:54:03.1 (4164068)|VARIABLE_ASSIGNMENT|[52]|key|"mode"
17:54:03.1 (4167533)|STATEMENT_EXECUTE|[52]
17:54:03.1 (4168850)|STATEMENT_EXECUTE|[53]
17:54:03.1 (4198907)|VARIABLE_ASSIGNMENT|[EXTERNAL]|this|{"debug":true,"input":"{\"mode\":\"saveUserDat (1399 more) ...","operation":"GameizeController"}|0x7e1e3888
17:54:03.1 (4210386)|METHOD_ENTRY|[53]||System.JSON.deserializeUntyped(String)
17:54:03.1 (4505271)|METHOD_EXIT|[53]||System.JSON.deserializeUntyped(String)
17:54:03.1 (4517191)|VARIABLE_SCOPE_BEGIN|[53]|inputMap|Map<String,ANY>|true|false
17:54:03.1 (4546286)|VARIABLE_ASSIGNMENT|[53]|inputMap|{"s":1,"v":{"mode":"saveUserData","fieldName":"dataHistory__c","fieldData":"[{\"name\":\"Hangman\",\" (1192 more) ..."}}|0x9ff2c69
17:54:03.1 (4549934)|STATEMENT_EXECUTE|[54]
17:54:03.1 (4571102)|ENTERING_MANAGED_PKG|
17:54:03.1 (4595501)|METHOD_EXIT|[7]|01p41000000CNQH|gameize.ETLC_ApexBridge_Data.getInputValue(String)
17:54:03.1 (4603585)|VARIABLE_SCOPE_BEGIN|[7]|mode|String|false|false
17:54:03.1 (4609802)|VARIABLE_ASSIGNMENT|[7]|mode|"saveUserData"
17:54:03.1 (4614079)|HEAP_ALLOCATE|[8]|Bytes:13
17:54:03.1 (4632173)|HEAP_ALLOCATE|[11]|Bytes:12
17:54:03.1 (4640638)|STATEMENT_EXECUTE|[11]
17:54:03.1 (4642190)|STATEMENT_EXECUTE|[12]
17:54:03.1 (4687317)|HEAP_ALLOCATE|[12]|Bytes:85
17:54:03.1 (4699571)|SYSTEM_METHOD_ENTRY|[1]|UserInfo.UserInfo()
17:54:03.1 (4702115)|STATEMENT_EXECUTE|[1]
17:54:03.1 (4708658)|SYSTEM_METHOD_EXIT|[1]|UserInfo
17:54:03.1 (4717673)|METHOD_ENTRY|[12]||System.UserInfo.getUserId()
17:54:03.1 (4746004)|METHOD_EXIT|[12]||System.UserInfo.getUserId()
17:54:03.1 (4757549)|HEAP_ALLOCATE|[12]|Bytes:4
17:54:03.1 (4763719)|METHOD_ENTRY|[12]||System.UserInfo.getUserName()
17:54:03.1 (4785165)|METHOD_EXIT|[12]||System.UserInfo.getUserName()
17:54:03.1 (4788327)|HEAP_ALLOCATE|[12]|Bytes:9
17:54:03.1 (4796162)|METHOD_ENTRY|[12]|01p41000000CNQH|gameize.ETLC_ApexBridge_Data.getInputValue(String)
17:54:03.1 (4799140)|VARIABLE_SCOPE_BEGIN|[52]|this|gameize.ETLC_ApexBridge_Data|true|false
17:54:03.1 (4826625)|VARIABLE_ASSIGNMENT|[52]|this|{"debug":true,"input":"{\"mode\":\"saveUserDat (1399 more) ...","operation":"GameizeController"}|0x7e1e3888
17:54:03.1 (4829393)|VARIABLE_SCOPE_BEGIN|[52]|key|String|false|false
17:54:03.1 (4832779)|VARIABLE_ASSIGNMENT|[52]|key|"fieldName"
17:54:03.1 (4836340)|STATEMENT_EXECUTE|[52]
17:54:03.1 (4837579)|STATEMENT_EXECUTE|[53]
17:54:03.1 (4861836)|VARIABLE_ASSIGNMENT|[EXTERNAL]|this|{"debug":true,"input":"{\"mode\":\"saveUserDat (1399 more) ...","operation":"GameizeController"}|0x7e1e3888
17:54:03.1 (4870490)|METHOD_ENTRY|[53]||System.JSON.deserializeUntyped(String)
17:54:03.1 (5047932)|METHOD_EXIT|[53]||System.JSON.deserializeUntyped(String)
17:54:03.1 (5060139)|VARIABLE_SCOPE_BEGIN|[53]|inputMap|Map<String,ANY>|true|false
17:54:03.1 (5082515)|VARIABLE_ASSIGNMENT|[53]|inputMap|{"s":1,"v":{"mode":"saveUserData","fieldName":"dataHistory__c","fieldData":"[{\"name\":\"Hangman\",\" (1192 more) ..."}}|0x62a9fa6
17:54:03.1 (5086427)|STATEMENT_EXECUTE|[54]
17:54:03.1 (5103124)|ENTERING_MANAGED_PKG|
17:54:03.1 (5112438)|METHOD_EXIT|[12]|01p41000000CNQH|gameize.ETLC_ApexBridge_Data.getInputValue(String)
17:54:03.1 (5117166)|HEAP_ALLOCATE|[12]|Bytes:9
17:54:03.1 (5125097)|METHOD_ENTRY|[12]|01p41000000CNQH|gameize.ETLC_ApexBridge_Data.getInputValue(String)
17:54:03.1 (5127905)|VARIABLE_SCOPE_BEGIN|[52]|this|gameize.ETLC_ApexBridge_Data|true|false
17:54:03.1 (5151956)|VARIABLE_ASSIGNMENT|[52]|this|{"debug":true,"input":"{\"mode\":\"saveUserDat (1399 more) ...","operation":"GameizeController"}|0x7e1e3888
17:54:03.1 (5154727)|VARIABLE_SCOPE_BEGIN|[52]|key|String|false|false
17:54:03.1 (5157801)|VARIABLE_ASSIGNMENT|[52]|key|"fieldData"
17:54:03.1 (5160991)|STATEMENT_EXECUTE|[52]
17:54:03.1 (5162268)|STATEMENT_EXECUTE|[53]
17:54:03.1 (5184686)|VARIABLE_ASSIGNMENT|[EXTERNAL]|this|{"debug":true,"input":"{\"mode\":\"saveUserDat (1399 more) ...","operation":"GameizeController"}|0x7e1e3888
17:54:03.1 (5192841)|METHOD_ENTRY|[53]||System.JSON.deserializeUntyped(String)
17:54:03.1 (5350934)|METHOD_EXIT|[53]||System.JSON.deserializeUntyped(String)
17:54:03.1 (5361389)|VARIABLE_SCOPE_BEGIN|[53]|inputMap|Map<String,ANY>|true|false
17:54:03.1 (5382256)|VARIABLE_ASSIGNMENT|[53]|inputMap|{"s":1,"v":{"mode":"saveUserData","fieldName":"dataHistory__c","fieldData":"[{\"name\":\"Hangman\",\" (1192 more) ..."}}|0x45778769
17:54:03.1 (5386116)|STATEMENT_EXECUTE|[54]
17:54:03.1 (5401537)|ENTERING_MANAGED_PKG|
17:54:03.1 (5410284)|METHOD_EXIT|[12]|01p41000000CNQH|gameize.ETLC_ApexBridge_Data.getInputValue(String)
17:54:03.1 (5427374)|METHOD_ENTRY|[12]|01p41000000CQtU|gameize.GameizeController.saveUserData(Id, String, String, String)
17:54:03.1 (5433838)|VARIABLE_SCOPE_BEGIN|[38]|this|gameize.GameizeController|true|false
17:54:03.1 (5446102)|VARIABLE_ASSIGNMENT|[38]|this|{}|0x5f91ae51
17:54:03.1 (5449495)|VARIABLE_SCOPE_BEGIN|[38]|userId|Id|false|false
17:54:03.1 (5505935)|VARIABLE_ASSIGNMENT|[38]|userId|"00541000000Hq4oAAC"
17:54:03.1 (5510989)|VARIABLE_SCOPE_BEGIN|[38]|userName|String|false|false
17:54:03.1 (5515886)|VARIABLE_ASSIGNMENT|[38]|userName|"gameize@jr.te"
17:54:03.1 (5517991)|VARIABLE_SCOPE_BEGIN|[38]|fieldName|String|false|false
17:54:03.1 (5521095)|VARIABLE_ASSIGNMENT|[38]|fieldName|"dataHistory__c"
17:54:03.1 (5523120)|VARIABLE_SCOPE_BEGIN|[38]|fieldData|String|false|false
17:54:03.1 (5527615)|VARIABLE_ASSIGNMENT|[38]|fieldData|"[{\"name\":\"Hangman\",\" (1192 more) ..."
17:54:03.1 (5536408)|HEAP_ALLOCATE|[39]|Bytes:5
17:54:03.1 (5540696)|STATEMENT_EXECUTE|[38]
17:54:03.1 (5541978)|STATEMENT_EXECUTE|[39]
17:54:03.1 (5552956)|VARIABLE_SCOPE_BEGIN|[39]|returnFlag|Boolean|false|false
17:54:03.1 (5556220)|HEAP_ALLOCATE|[39]|Bytes:5
17:54:03.1 (5560184)|VARIABLE_ASSIGNMENT|[39]|returnFlag|false
17:54:03.1 (5561798)|STATEMENT_EXECUTE|[40]
17:54:03.1 (5562922)|STATEMENT_EXECUTE|[40]
17:54:03.1 (5563957)|STATEMENT_EXECUTE|[41]
17:54:03.1 (5601991)|HEAP_ALLOCATE|[41]|Bytes:4
17:54:03.1 (5622297)|ENTERING_MANAGED_PKG|
17:54:03.1 (5641373)|HEAP_ALLOCATE|[41]|Bytes:4
17:54:03.1 (5649872)|HEAP_ALLOCATE|[41]|Bytes:24
17:54:03.1 (5653333)|HEAP_ALLOCATE|[41]|Bytes:23
17:54:03.1 (5660110)|VARIABLE_SCOPE_BEGIN|[41]|fields|List<String>|true|false
17:54:03.1 (5689587)|HEAP_ALLOCATE|[EXTERNAL]|Bytes:16
17:54:03.1 (5706915)|VARIABLE_ASSIGNMENT|[41]|fields|{"s":1,"v":["Name","gameize__dataFavorit (4 more) ...","gameize__dataHistory (3 more) ..."]}|0x10eeaaf0
17:54:03.1 (5710942)|STATEMENT_EXECUTE|[45]
17:54:03.1 (5718000)|HEAP_ALLOCATE|[45]|Bytes:19
17:54:03.1 (6007937)|HEAP_ALLOCATE|[45]|Bytes:4
17:54:03.1 (6352231)|HEAP_ALLOCATE|[45]|Bytes:60
17:54:03.1 (6366249)|VARIABLE_SCOPE_BEGIN|[45]|m|Map<String,Schema.SObjectField>|true|false
17:54:03.1 (6517511)|VARIABLE_ASSIGNMENT|[45]|m|"{createdbyid=CreatedById, createddate=CreatedDate, gameize__datafavorite__c=gameize__dataFavorite__c, gameize__datahistory__c=gameize__dataHistory__c, gameize__user__c=gameize__User__c, id=Id, isdeleted=IsDeleted, lastmodifiedbyid=LastModifiedById, lastmodifieddate=LastModifiedDate, lastreferenceddate=LastReferencedDate, ...}"|0x70b76f6f
17:54:03.1 (6537407)|ENTERING_MANAGED_PKG|
17:54:03.1 (6602434)|HEAP_ALLOCATE|[46]|Bytes:5
17:54:03.1 (6633820)|HEAP_ALLOCATE|[46]|Bytes:4
17:54:03.1 (6645090)|VARIABLE_SCOPE_BEGIN|[46]|fieldToCheck|String|false|false
17:54:03.1 (6653033)|VARIABLE_ASSIGNMENT|[46]|fieldToCheck|"Name"
17:54:03.1 (6656517)|STATEMENT_EXECUTE|[46]
17:54:03.1 (6670062)|ENTERING_MANAGED_PKG|
17:54:03.1 (6886951)|HEAP_ALLOCATE|[52]|Bytes:8
17:54:03.1 (6920618)|ENTERING_MANAGED_PKG|
17:54:03.1 (6976653)|HEAP_ALLOCATE|[53]|Bytes:8
17:54:03.1 (6997709)|ENTERING_MANAGED_PKG|
17:54:03.1 (7035846)|HEAP_ALLOCATE|[54]|Bytes:8
17:54:03.1 (7049390)|STATEMENT_EXECUTE|[52]
17:54:03.1 (7065018)|HEAP_ALLOCATE|[46]|Bytes:5
17:54:03.1 (7072434)|HEAP_ALLOCATE|[46]|Bytes:24
17:54:03.1 (7082569)|VARIABLE_SCOPE_BEGIN|[46]|fieldToCheck|String|false|false
17:54:03.1 (7092099)|VARIABLE_ASSIGNMENT|[46]|fieldToCheck|"gameize__dataFavorit (4 more) ..."
17:54:03.1 (7095079)|STATEMENT_EXECUTE|[46]
17:54:03.1 (7102906)|ENTERING_MANAGED_PKG|
17:54:03.1 (7301735)|HEAP_ALLOCATE|[52]|Bytes:8
17:54:03.1 (7324195)|ENTERING_MANAGED_PKG|
17:54:03.1 (7349216)|HEAP_ALLOCATE|[53]|Bytes:8
17:54:03.1 (7361294)|ENTERING_MANAGED_PKG|
17:54:03.1 (7378567)|HEAP_ALLOCATE|[54]|Bytes:8
17:54:03.1 (7386188)|STATEMENT_EXECUTE|[52]
17:54:03.1 (7400247)|HEAP_ALLOCATE|[46]|Bytes:5
17:54:03.1 (7407355)|HEAP_ALLOCATE|[46]|Bytes:23
17:54:03.1 (7416965)|VARIABLE_SCOPE_BEGIN|[46]|fieldToCheck|String|false|false
17:54:03.1 (7425977)|VARIABLE_ASSIGNMENT|[46]|fieldToCheck|"gameize__dataHistory (3 more) ..."
17:54:03.1 (7428641)|STATEMENT_EXECUTE|[46]
17:54:03.1 (7436051)|ENTERING_MANAGED_PKG|
17:54:03.1 (7546139)|HEAP_ALLOCATE|[52]|Bytes:8
17:54:03.1 (7565341)|ENTERING_MANAGED_PKG|
17:54:03.1 (7587345)|HEAP_ALLOCATE|[53]|Bytes:8
17:54:03.1 (7598252)|ENTERING_MANAGED_PKG|
17:54:03.1 (7617940)|HEAP_ALLOCATE|[54]|Bytes:8
17:54:03.1 (7625770)|STATEMENT_EXECUTE|[52]
17:54:03.1 (7639246)|HEAP_ALLOCATE|[46]|Bytes:5
17:54:03.1 (7650624)|VARIABLE_ASSIGNMENT|[46]|fieldToCheck|null
17:54:03.1 (7653620)|STATEMENT_EXECUTE|[59]
17:54:03.1 (7694530)|HEAP_ALLOCATE|[59]|Bytes:4
17:54:03.1 (7799851)|VARIABLE_SCOPE_BEGIN|[59]|g|gameize__Gameize__c|true|false
17:54:03.1 (7814346)|VARIABLE_ASSIGNMENT|[59]|g|{}|0x3c464504
17:54:03.1 (7817548)|STATEMENT_EXECUTE|[60]
17:54:03.1 (7882383)|VARIABLE_ASSIGNMENT|[60]|this.Name|"gameize@jr.te"|0x3c464504
17:54:03.1 (7886507)|STATEMENT_EXECUTE|[61]
17:54:03.1 (7932726)|VARIABLE_ASSIGNMENT|[61]|this.gameize__User__c|"00541000000Hq4oAAC"|0x3c464504
17:54:03.1 (7949161)|HEAP_ALLOCATE|[62]|Bytes:15
17:54:03.1 (7964653)|HEAP_ALLOCATE|[64]|Bytes:14
17:54:03.1 (7973147)|STATEMENT_EXECUTE|[64]
17:54:03.1 (7974493)|STATEMENT_EXECUTE|[65]
17:54:03.1 (8023199)|VARIABLE_ASSIGNMENT|[65]|this.gameize__dataHistory__c|"[{\"name\":\"Hangman\",\" (1192 more) ..."|0x3c464504
17:54:03.1 (8027786)|STATEMENT_EXECUTE|[69]
17:54:03.1 (8034483)|HEAP_ALLOCATE|[69]|Bytes:58
17:54:03.1 (8041172)|HEAP_ALLOCATE|[69]|Bytes:4
17:54:03.1 (8049310)|HEAP_ALLOCATE|[69]|Bytes:7
17:54:03.1 (8285495)|SOQL_EXECUTE_BEGIN|[69]|Aggregations:0|SELECT ID FROM Gameize__c WHERE User__c = :tmpVar1 LIMIT 1
17:54:03.1 (11409744)|SOQL_EXECUTE_END|[69]|Rows:1
17:54:03.1 (11435646)|HEAP_ALLOCATE|[69]|Bytes:8
17:54:03.1 (11451063)|HEAP_ALLOCATE|[69]|Bytes:33
17:54:03.1 (11500360)|HEAP_ALLOCATE|[69]|Bytes:8
17:54:03.1 (11515228)|VARIABLE_SCOPE_BEGIN|[69]|records|List<gameize__Gameize__c>|true|false
17:54:03.1 (11541920)|VARIABLE_ASSIGNMENT|[69]|records|{"s":1,"v":[{"s":2,"v":{"Id":"a0041000000j7nTAAQ"}}]}|0x7e222f1
17:54:03.1 (11610482)|ENTERING_MANAGED_PKG|
17:54:03.1 (11633784)|STATEMENT_EXECUTE|[70]
17:54:03.1 (11635799)|STATEMENT_EXECUTE|[71]
17:54:03.1 (11665384)|HEAP_ALLOCATE|[71]|Bytes:8
17:54:03.1 (11715170)|VARIABLE_ASSIGNMENT|[71]|this.Id|"a0041000000j7nTAAQ"|0x3c464504
17:54:03.1 (11719772)|STATEMENT_EXECUTE|[73]
17:54:03.1 (11754706)|HEAP_ALLOCATE|[73]|Bytes:8
17:54:03.1 (11773418)|DML_BEGIN|[73]|Op:Upsert|Type:gameize__Gameize__c|Rows:1
17:54:03.1 (11795140)|HEAP_ALLOCATE|[EXTERNAL]|Bytes:8
17:54:03.1 (41843628)|DML_END|[73]
17:54:03.1 (41954522)|VARIABLE_ASSIGNMENT|[EXTERNAL]|this|{"debug":true,"input":"{\"mode\":\"saveUserDat (1399 more) ...","operation":"GameizeController"}|0x7e1e3888
17:54:03.1 (41970625)|STATEMENT_EXECUTE|[74]
17:54:03.1 (41972582)|STATEMENT_EXECUTE|[74]
17:54:03.1 (41985450)|HEAP_ALLOCATE|[74]|Bytes:31
17:54:03.1 (42017134)|ENTERING_MANAGED_PKG|
17:54:03.1 (42069665)|HEAP_ALLOCATE|[74]|Bytes:1338
17:54:03.1 (42087446)|HEAP_ALLOCATE|[74]|Bytes:1369
17:54:03.1 (42102928)|ENTERING_MANAGED_PKG|
17:54:03.1 (42117713)|USER_DEBUG|[74]|DEBUG|GameizeController:saveData:g:: gameize__Gameize__c:{Name=gameize@jr.te, gameize__User__c=00541000000Hq4oAAC, gameize__dataHistory__c=[{"name":"Hangman","cmpname":"Hangman","datePlayed":"Mon Aug 08 2016 15:48:22 GMT-0400 (Eastern Daylight Time)","id":2},{"name":"Hangman","cmpname":"Hangman","datePlayed":"Mon Aug 08 2016 15:48:28 GMT-0400 (Eastern Daylight Time)","id":2},{"name":"Hangman","cmpname":"Hangman","datePlayed":"Mon Aug 08 2016 15:48:31 GMT-0400 (Eastern Daylight Time)","id":2},{"name":"Age Counter","cmpname":"AgeCounter","datePlayed":"Mon Aug 08 2016 15:48:34 GMT-0400 (Eastern Daylight Time)","id":1},{"name":"Hangman","cmpname":"Hangman","datePlayed":"Mon Aug 08 2016 15:48:42 GMT-0400 (Eastern Daylight Time)","id":2},{"name":"Hangman","cmpname":"Hangman","datePlayed":"Mon Aug 08 2016 17:49:22 GMT-0400 (Eastern Daylight Time)","id":2},{"name":"Hangman","cmpname":"Hangman","datePlayed":"Mon Aug 08 2016 17:53:11 GMT-0400 (Eastern Daylight Time)","id":2},{"name":"Age Counter","cmpname":"AgeCounter","datePlayed":"Mon Aug 08 2016 17:53:47 GMT-0400 (Eastern Daylight Time)","id":1},{"name":"Age Counter","cmpname":"AgeCounter","datePlayed":"Mon Aug 08 2016 17:53:59 GMT-0400 (Eastern Daylight Time)","id":1},{"name":"Hangman","cmpname":"Hangman","datePlayed":"Mon Aug 08 2016 17:54:05 GMT-0400 (Eastern Daylight Time)","id":2}], Id=a0041000000j7nTAAQ}
17:54:03.1 (42131027)|STATEMENT_EXECUTE|[75]
17:54:03.1 (42141664)|HEAP_ALLOCATE|[75]|Bytes:5
17:54:03.1 (42149487)|VARIABLE_ASSIGNMENT|[75]|returnFlag|true
17:54:03.1 (42152494)|STATEMENT_EXECUTE|[77]
17:54:03.1 (42156178)|HEAP_ALLOCATE|[77]|Bytes:5
17:54:03.1 (42167564)|METHOD_EXIT|[12]|01p41000000CQtU|gameize.GameizeController.saveUserData(Id, String, String, String)
17:54:03.1 (42204528)|VARIABLE_ASSIGNMENT|[EXTERNAL]|this|{"debug":true,"input":"{\"mode\":\"saveUserDat (1399 more) ...","operation":"GameizeController"}|0x7e1e3888
17:54:03.1 (42210874)|VARIABLE_ASSIGNMENT|[EXTERNAL]|value|true
17:54:03.1 (42218553)|HEAP_ALLOCATE|[15]|Bytes:5
17:54:03.1 (42227731)|VARIABLE_ASSIGNMENT|[15]|this.outputFlag|true|0x7e1e3888
17:54:03.1 (42239705)|METHOD_EXIT|[8]|01p41000000CQtU|gameize.GameizeController.process(gameize.ETLC_ApexBridge_Data)
17:54:03.1 (42243546)|STATEMENT_EXECUTE|[23]
17:54:03.1 (42269159)|METHOD_ENTRY|[23]|01p41000000CNQH|gameize.ETLC_ApexBridge_Data.toJSON()
17:54:03.1 (42282487)|VARIABLE_SCOPE_BEGIN|[57]|this|gameize.ETLC_ApexBridge_Data|true|false
17:54:03.1 (42305845)|VARIABLE_ASSIGNMENT|[57]|this|{"debug":true,"input":"{\"mode\":\"saveUserDat (1399 more) ...","operation":"GameizeController","outputFlag":true}|0x7e1e3888
17:54:03.1 (42310793)|STATEMENT_EXECUTE|[57]
17:54:03.1 (42312107)|STATEMENT_EXECUTE|[58]
17:54:03.1 (42336028)|METHOD_ENTRY|[58]||System.JSON.serialize(Object)
17:54:03.1 (42460278)|STATEMENT_EXECUTE|[22]
17:54:03.1 (42463965)|STATEMENT_EXECUTE|[23]
17:54:03.1 (42471400)|HEAP_ALLOCATE|[23]|Bytes:5
17:54:03.1 (42478722)|VARIABLE_ASSIGNMENT|[23]|this.isSuccess|true|0x7e1e3888
17:54:03.1 (42481004)|STATEMENT_EXECUTE|[24]
17:54:03.1 (42509510)|STATEMENT_EXECUTE|[31]
17:54:03.1 (42511728)|STATEMENT_EXECUTE|[32]
17:54:03.1 (42642047)|HEAP_ALLOCATE|[32]|Bytes:4
17:54:03.1 (42719342)|VARIABLE_ASSIGNMENT|[32]|this.messages|{"s":1,"v":{}}|0x7e1e3888
17:54:03.1 (42723814)|STATEMENT_EXECUTE|[33]
17:54:03.1 (43104964)|METHOD_EXIT|[58]||System.JSON.serialize(Object)
17:54:03.1 (43112717)|METHOD_EXIT|[23]|01p41000000CNQH|gameize.ETLC_ApexBridge_Data.toJSON()
17:54:03.1 (43121467)|SYSTEM_MODE_EXIT|false
17:54:03.45 (45491479)|CUMULATIVE_LIMIT_USAGE
17:54:03.45 (45491479)|LIMIT_USAGE_FOR_NS|(default)|
  Number of SOQL queries: 0 out of 100
  Number of query rows: 0 out of 50000
  Number of SOSL queries: 0 out of 20
  Number of DML statements: 0 out of 150
  Number of DML rows: 0 out of 10000
  Maximum CPU time: 0 out of 10000
  Maximum heap size: 0 out of 6000000
  Number of callouts: 0 out of 100
  Number of Email Invocations: 0 out of 10
  Number of future calls: 0 out of 50
  Number of queueable jobs added to the queue: 0 out of 50
  Number of Mobile Apex push calls: 0 out of 10

17:54:03.45 (45491479)|LIMIT_USAGE_FOR_NS|gameize|
  Number of SOQL queries: 1 out of 100
  Number of query rows: 1 out of 50000
  Number of SOSL queries: 0 out of 20
  Number of DML statements: 1 out of 150
  Number of DML rows: 1 out of 10000
  Maximum CPU time: 0 out of 10000
  Maximum heap size: 0 out of 6000000
  Number of callouts: 0 out of 100
  Number of Email Invocations: 0 out of 10
  Number of future calls: 0 out of 50
  Number of queueable jobs added to the queue: 0 out of 50
  Number of Mobile Apex push calls: 0 out of 10

17:54:03.45 (45491479)|CUMULATIVE_LIMIT_USAGE_END

17:54:03.1 (45577085)|CODE_UNIT_FINISHED|ETLC_ApexBridge_Controller.execute
